[0.045s] Invoking command in '/home/aditya/Vishwakarma_awards/build/akabot_gazebo': CMAKE_PREFIX_PATH=${CMAKE_PREFIX_PATH}:/home/aditya/Vishwakarma_awards/install/arm_vla_pkg:/opt/ros/humble /usr/bin/cmake /home/aditya/Vishwakarma_awards/src/akabot_gazebo -DCMAKE_INSTALL_PREFIX=/home/aditya/Vishwakarma_awards/install/akabot_gazebo
[0.184s] -- The C compiler identification is GNU 11.4.0
[0.336s] -- The CXX compiler identification is GNU 11.4.0
[0.358s] -- Detecting C compiler ABI info
[0.544s] -- Detecting C compiler ABI info - done
[0.569s] -- Check for working C compiler: /usr/bin/cc - skipped
[0.570s] -- Detecting C compile features
[0.571s] -- Detecting C compile features - done
[0.582s] -- Detecting CXX compiler ABI info
[0.805s] -- Detecting CXX compiler ABI info - done
[0.834s] -- Check for working CXX compiler: /usr/bin/c++ - skipped
[0.835s] -- Detecting CXX compile features
[0.836s] -- Detecting CXX compile features - done
[0.843s] -- Found ament_cmake: 1.3.12 (/opt/ros/humble/share/ament_cmake/cmake)
[1.321s] -- Found Python3: /usr/bin/python3 (found version "3.10.12") found components: Interpreter 
[1.612s] -- Found urdf: 2.6.1 (/opt/ros/humble/share/urdf/cmake)
[1.956s] -- Configuring done
[1.965s] -- Generating done
[1.970s] -- Build files have been written to: /home/aditya/Vishwakarma_awards/build/akabot_gazebo
[2.033s] Invoked command in '/home/aditya/Vishwakarma_awards/build/akabot_gazebo' returned '0': CMAKE_PREFIX_PATH=${CMAKE_PREFIX_PATH}:/home/aditya/Vishwakarma_awards/install/arm_vla_pkg:/opt/ros/humble /usr/bin/cmake /home/aditya/Vishwakarma_awards/src/akabot_gazebo -DCMAKE_INSTALL_PREFIX=/home/aditya/Vishwakarma_awards/install/akabot_gazebo
[2.036s] Invoking command in '/home/aditya/Vishwakarma_awards/build/akabot_gazebo': CMAKE_PREFIX_PATH=${CMAKE_PREFIX_PATH}:/home/aditya/Vishwakarma_awards/install/arm_vla_pkg:/opt/ros/humble /usr/bin/cmake --build /home/aditya/Vishwakarma_awards/build/akabot_gazebo -- -j28 -l28
[2.131s] Invoked command in '/home/aditya/Vishwakarma_awards/build/akabot_gazebo' returned '0': CMAKE_PREFIX_PATH=${CMAKE_PREFIX_PATH}:/home/aditya/Vishwakarma_awards/install/arm_vla_pkg:/opt/ros/humble /usr/bin/cmake --build /home/aditya/Vishwakarma_awards/build/akabot_gazebo -- -j28 -l28
[2.135s] Invoking command in '/home/aditya/Vishwakarma_awards/build/akabot_gazebo': CMAKE_PREFIX_PATH=${CMAKE_PREFIX_PATH}:/home/aditya/Vishwakarma_awards/install/arm_vla_pkg:/opt/ros/humble /usr/bin/cmake --install /home/aditya/Vishwakarma_awards/build/akabot_gazebo
[2.157s] -- Install configuration: ""
[2.157s] -- Installing: /home/aditya/Vishwakarma_awards/install/akabot_gazebo/share/akabot_gazebo/config
[2.157s] -- Installing: /home/aditya/Vishwakarma_awards/install/akabot_gazebo/share/akabot_gazebo/config/akabot_bridge.yaml
[2.158s] -- Installing: /home/aditya/Vishwakarma_awards/install/akabot_gazebo/share/akabot_gazebo/launch
[2.158s] -- Installing: /home/aditya/Vishwakarma_awards/install/akabot_gazebo/share/akabot_gazebo/launch/gz_launch.py
[2.158s] -- Installing: /home/aditya/Vishwakarma_awards/install/akabot_gazebo/share/akabot_gazebo/worlds
[2.159s] -- Installing: /home/aditya/Vishwakarma_awards/install/akabot_gazebo/share/akabot_gazebo/worlds/pick_and_place.world
[2.159s] -- Installing: /home/aditya/Vishwakarma_awards/install/akabot_gazebo/share/ament_index/resource_index/package_run_dependencies/akabot_gazebo
[2.160s] -- Installing: /home/aditya/Vishwakarma_awards/install/akabot_gazebo/share/ament_index/resource_index/parent_prefix_path/akabot_gazebo
[2.160s] -- Installing: /home/aditya/Vishwakarma_awards/install/akabot_gazebo/share/akabot_gazebo/environment/ament_prefix_path.sh
[2.161s] -- Installing: /home/aditya/Vishwakarma_awards/install/akabot_gazebo/share/akabot_gazebo/environment/ament_prefix_path.dsv
[2.161s] -- Installing: /home/aditya/Vishwakarma_awards/install/akabot_gazebo/share/akabot_gazebo/environment/path.sh
[2.161s] -- Installing: /home/aditya/Vishwakarma_awards/install/akabot_gazebo/share/akabot_gazebo/environment/path.dsv
[2.162s] -- Installing: /home/aditya/Vishwakarma_awards/install/akabot_gazebo/share/akabot_gazebo/local_setup.bash
[2.162s] -- Installing: /home/aditya/Vishwakarma_awards/install/akabot_gazebo/share/akabot_gazebo/local_setup.sh
[2.164s] -- Installing: /home/aditya/Vishwakarma_awards/install/akabot_gazebo/share/akabot_gazebo/local_setup.zsh
[2.165s] -- Installing: /home/aditya/Vishwakarma_awards/install/akabot_gazebo/share/akabot_gazebo/local_setup.dsv
[2.165s] -- Installing: /home/aditya/Vishwakarma_awards/install/akabot_gazebo/share/akabot_gazebo/package.dsv
[2.166s] -- Installing: /home/aditya/Vishwakarma_awards/install/akabot_gazebo/share/ament_index/resource_index/packages/akabot_gazebo
[2.166s] -- Installing: /home/aditya/Vishwakarma_awards/install/akabot_gazebo/share/akabot_gazebo/cmake/akabot_gazeboConfig.cmake
[2.167s] -- Installing: /home/aditya/Vishwakarma_awards/install/akabot_gazebo/share/akabot_gazebo/cmake/akabot_gazeboConfig-version.cmake
[2.168s] -- Installing: /home/aditya/Vishwakarma_awards/install/akabot_gazebo/share/akabot_gazebo/package.xml
[2.173s] Invoked command in '/home/aditya/Vishwakarma_awards/build/akabot_gazebo' returned '0': CMAKE_PREFIX_PATH=${CMAKE_PREFIX_PATH}:/home/aditya/Vishwakarma_awards/install/arm_vla_pkg:/opt/ros/humble /usr/bin/cmake --install /home/aditya/Vishwakarma_awards/build/akabot_gazebo
