[0.128s] DEBUG:colcon:Command line arguments: ['/usr/bin/colcon', 'list', '-p', '--base-paths', '/home/aditya/Vishwakarma_awards']
[0.128s] DEBUG:colcon:Parsed command line arguments: Namespace(log_base=None, log_level=None, verb_name='list', build_base='build', ignore_user_meta=False, metas=['./colcon.meta'], base_paths=['/home/aditya/Vishwakarma_awards'], packages_ignore=None, packages_ignore_regex=None, paths=None, packages_up_to=None, packages_up_to_regex=None, packages_above=None, packages_above_and_dependencies=None, packages_above_depth=None, packages_select_by_dep=None, packages_skip_by_dep=None, packages_skip_up_to=None, packages_select_build_failed=False, packages_skip_build_finished=False, packages_select_test_failures=False, packages_skip_test_passed=False, packages_select=None, packages_skip=None, packages_select_regex=None, packages_skip_regex=None, packages_start=None, packages_end=None, allow_overriding=[], topological_order=False, names_only=False, paths_only=True, topological_graph=False, topological_graph_dot=False, topological_graph_density=False, topological_graph_legend=False, topological_graph_dot_cluster=False, topological_graph_dot_include_skipped=False, mixin_files=None, mixin=None, verb_parser=<colcon_mixin.mixin.mixin_argument.MixinArgumentDecorator object at 0x73946af5eef0>, verb_extension=<colcon_package_information.verb.list.ListVerb object at 0x73946af5dc00>, main=<bound method ListVerb.main of <colcon_package_information.verb.list.ListVerb object at 0x73946af5dc00>>, mixin_verb=('list',))
[0.330s] Level 1:colcon.colcon_core.package_discovery:discover_packages(colcon_meta) check parameters
[0.330s] Level 1:colcon.colcon_core.package_discovery:discover_packages(recursive) check parameters
[0.330s] Level 1:colcon.colcon_core.package_discovery:discover_packages(ignore) check parameters
[0.330s] Level 1:colcon.colcon_core.package_discovery:discover_packages(path) check parameters
[0.330s] Level 1:colcon.colcon_core.package_discovery:discover_packages(recursive) discover
[0.330s] INFO:colcon.colcon_core.package_discovery:Crawling recursively for packages in '/home/aditya/Vishwakarma_awards'
[0.330s] Level 1:colcon.colcon_core.package_identification:_identify(/home/aditya/Vishwakarma_awards) by extensions ['ignore', 'ignore_ament_install']
[0.330s] Level 1:colcon.colcon_core.package_identification:_identify(/home/aditya/Vishwakarma_awards) by extension 'ignore'
[0.330s] Level 1:colcon.colcon_core.package_identification:_identify(/home/aditya/Vishwakarma_awards) by extension 'ignore_ament_install'
[0.331s] Level 1:colcon.colcon_core.package_identification:_identify(/home/aditya/Vishwakarma_awards) by extensions ['colcon_pkg']
[0.331s] Level 1:colcon.colcon_core.package_identification:_identify(/home/aditya/Vishwakarma_awards) by extension 'colcon_pkg'
[0.331s] Level 1:colcon.colcon_core.package_identification:_identify(/home/aditya/Vishwakarma_awards) by extensions ['colcon_meta']
[0.331s] Level 1:colcon.colcon_core.package_identification:_identify(/home/aditya/Vishwakarma_awards) by extension 'colcon_meta'
[0.331s] Level 1:colcon.colcon_core.package_identification:_identify(/home/aditya/Vishwakarma_awards) by extensions ['ros']
[0.331s] Level 1:colcon.colcon_core.package_identification:_identify(/home/aditya/Vishwakarma_awards) by extension 'ros'
[0.346s] Level 1:colcon.colcon_core.package_identification:_identify(/home/aditya/Vishwakarma_awards) by extensions ['cmake', 'python']
[0.346s] Level 1:colcon.colcon_core.package_identification:_identify(/home/aditya/Vishwakarma_awards) by extension 'cmake'
[0.346s] Level 1:colcon.colcon_core.package_identification:_identify(/home/aditya/Vishwakarma_awards) by extension 'python'
[0.346s] Level 1:colcon.colcon_core.package_identification:_identify(/home/aditya/Vishwakarma_awards) by extensions ['python_setup_py']
[0.346s] Level 1:colcon.colcon_core.package_identification:_identify(/home/aditya/Vishwakarma_awards) by extension 'python_setup_py'
[0.346s] Level 1:colcon.colcon_core.package_identification:_identify(/home/aditya/Vishwakarma_awards/build) by extensions ['ignore', 'ignore_ament_install']
[0.346s] Level 1:colcon.colcon_core.package_identification:_identify(/home/aditya/Vishwakarma_awards/build) by extension 'ignore'
[0.346s] Level 1:colcon.colcon_core.package_identification:_identify(/home/aditya/Vishwakarma_awards/build) ignored
[0.347s] Level 1:colcon.colcon_core.package_identification:_identify(/home/aditya/Vishwakarma_awards/install) by extensions ['ignore', 'ignore_ament_install']
[0.347s] Level 1:colcon.colcon_core.package_identification:_identify(/home/aditya/Vishwakarma_awards/install) by extension 'ignore'
[0.347s] Level 1:colcon.colcon_core.package_identification:_identify(/home/aditya/Vishwakarma_awards/install) ignored
[0.347s] Level 1:colcon.colcon_core.package_identification:_identify(/home/aditya/Vishwakarma_awards/log) by extensions ['ignore', 'ignore_ament_install']
[0.347s] Level 1:colcon.colcon_core.package_identification:_identify(/home/aditya/Vishwakarma_awards/log) by extension 'ignore'
[0.347s] Level 1:colcon.colcon_core.package_identification:_identify(/home/aditya/Vishwakarma_awards/log) ignored
[0.347s] Level 1:colcon.colcon_core.package_identification:_identify(/home/aditya/Vishwakarma_awards/modelfiles) by extensions ['ignore', 'ignore_ament_install']
[0.347s] Level 1:colcon.colcon_core.package_identification:_identify(/home/aditya/Vishwakarma_awards/modelfiles) by extension 'ignore'
[0.347s] Level 1:colcon.colcon_core.package_identification:_identify(/home/aditya/Vishwakarma_awards/modelfiles) by extension 'ignore_ament_install'
[0.347s] Level 1:colcon.colcon_core.package_identification:_identify(/home/aditya/Vishwakarma_awards/modelfiles) by extensions ['colcon_pkg']
[0.347s] Level 1:colcon.colcon_core.package_identification:_identify(/home/aditya/Vishwakarma_awards/modelfiles) by extension 'colcon_pkg'
[0.348s] Level 1:colcon.colcon_core.package_identification:_identify(/home/aditya/Vishwakarma_awards/modelfiles) by extensions ['colcon_meta']
[0.348s] Level 1:colcon.colcon_core.package_identification:_identify(/home/aditya/Vishwakarma_awards/modelfiles) by extension 'colcon_meta'
[0.348s] Level 1:colcon.colcon_core.package_identification:_identify(/home/aditya/Vishwakarma_awards/modelfiles) by extensions ['ros']
[0.348s] Level 1:colcon.colcon_core.package_identification:_identify(/home/aditya/Vishwakarma_awards/modelfiles) by extension 'ros'
[0.348s] Level 1:colcon.colcon_core.package_identification:_identify(/home/aditya/Vishwakarma_awards/modelfiles) by extensions ['cmake', 'python']
[0.348s] Level 1:colcon.colcon_core.package_identification:_identify(/home/aditya/Vishwakarma_awards/modelfiles) by extension 'cmake'
[0.348s] Level 1:colcon.colcon_core.package_identification:_identify(/home/aditya/Vishwakarma_awards/modelfiles) by extension 'python'
[0.348s] Level 1:colcon.colcon_core.package_identification:_identify(/home/aditya/Vishwakarma_awards/modelfiles) by extensions ['python_setup_py']
[0.348s] Level 1:colcon.colcon_core.package_identification:_identify(/home/aditya/Vishwakarma_awards/modelfiles) by extension 'python_setup_py'
[0.348s] Level 1:colcon.colcon_core.package_identification:_identify(/home/aditya/Vishwakarma_awards/src) by extensions ['ignore', 'ignore_ament_install']
[0.348s] Level 1:colcon.colcon_core.package_identification:_identify(/home/aditya/Vishwakarma_awards/src) by extension 'ignore'
[0.348s] Level 1:colcon.colcon_core.package_identification:_identify(/home/aditya/Vishwakarma_awards/src) by extension 'ignore_ament_install'
[0.348s] Level 1:colcon.colcon_core.package_identification:_identify(/home/aditya/Vishwakarma_awards/src) by extensions ['colcon_pkg']
[0.348s] Level 1:colcon.colcon_core.package_identification:_identify(/home/aditya/Vishwakarma_awards/src) by extension 'colcon_pkg'
[0.348s] Level 1:colcon.colcon_core.package_identification:_identify(/home/aditya/Vishwakarma_awards/src) by extensions ['colcon_meta']
[0.348s] Level 1:colcon.colcon_core.package_identification:_identify(/home/aditya/Vishwakarma_awards/src) by extension 'colcon_meta'
[0.348s] Level 1:colcon.colcon_core.package_identification:_identify(/home/aditya/Vishwakarma_awards/src) by extensions ['ros']
[0.348s] Level 1:colcon.colcon_core.package_identification:_identify(/home/aditya/Vishwakarma_awards/src) by extension 'ros'
[0.349s] Level 1:colcon.colcon_core.package_identification:_identify(/home/aditya/Vishwakarma_awards/src) by extensions ['cmake', 'python']
[0.349s] Level 1:colcon.colcon_core.package_identification:_identify(/home/aditya/Vishwakarma_awards/src) by extension 'cmake'
[0.349s] Level 1:colcon.colcon_core.package_identification:_identify(/home/aditya/Vishwakarma_awards/src) by extension 'python'
[0.349s] Level 1:colcon.colcon_core.package_identification:_identify(/home/aditya/Vishwakarma_awards/src) by extensions ['python_setup_py']
[0.349s] Level 1:colcon.colcon_core.package_identification:_identify(/home/aditya/Vishwakarma_awards/src) by extension 'python_setup_py'
[0.349s] Level 1:colcon.colcon_core.package_identification:_identify(/home/aditya/Vishwakarma_awards/src/akabot_bringup) by extensions ['ignore', 'ignore_ament_install']
[0.349s] Level 1:colcon.colcon_core.package_identification:_identify(/home/aditya/Vishwakarma_awards/src/akabot_bringup) by extension 'ignore'
[0.349s] Level 1:colcon.colcon_core.package_identification:_identify(/home/aditya/Vishwakarma_awards/src/akabot_bringup) by extension 'ignore_ament_install'
[0.349s] Level 1:colcon.colcon_core.package_identification:_identify(/home/aditya/Vishwakarma_awards/src/akabot_bringup) by extensions ['colcon_pkg']
[0.349s] Level 1:colcon.colcon_core.package_identification:_identify(/home/aditya/Vishwakarma_awards/src/akabot_bringup) by extension 'colcon_pkg'
[0.349s] Level 1:colcon.colcon_core.package_identification:_identify(/home/aditya/Vishwakarma_awards/src/akabot_bringup) by extensions ['colcon_meta']
[0.349s] Level 1:colcon.colcon_core.package_identification:_identify(/home/aditya/Vishwakarma_awards/src/akabot_bringup) by extension 'colcon_meta'
[0.349s] Level 1:colcon.colcon_core.package_identification:_identify(/home/aditya/Vishwakarma_awards/src/akabot_bringup) by extensions ['ros']
[0.349s] Level 1:colcon.colcon_core.package_identification:_identify(/home/aditya/Vishwakarma_awards/src/akabot_bringup) by extension 'ros'
[0.352s] DEBUG:colcon.colcon_core.package_identification:Package '/home/aditya/Vishwakarma_awards/src/akabot_bringup' with type 'ros.ament_cmake' and name 'akabot_bringup'
[0.352s] Level 1:colcon.colcon_core.package_identification:_identify(/home/aditya/Vishwakarma_awards/src/akabot_control) by extensions ['ignore', 'ignore_ament_install']
[0.352s] Level 1:colcon.colcon_core.package_identification:_identify(/home/aditya/Vishwakarma_awards/src/akabot_control) by extension 'ignore'
[0.352s] Level 1:colcon.colcon_core.package_identification:_identify(/home/aditya/Vishwakarma_awards/src/akabot_control) by extension 'ignore_ament_install'
[0.353s] Level 1:colcon.colcon_core.package_identification:_identify(/home/aditya/Vishwakarma_awards/src/akabot_control) by extensions ['colcon_pkg']
[0.353s] Level 1:colcon.colcon_core.package_identification:_identify(/home/aditya/Vishwakarma_awards/src/akabot_control) by extension 'colcon_pkg'
[0.353s] Level 1:colcon.colcon_core.package_identification:_identify(/home/aditya/Vishwakarma_awards/src/akabot_control) by extensions ['colcon_meta']
[0.353s] Level 1:colcon.colcon_core.package_identification:_identify(/home/aditya/Vishwakarma_awards/src/akabot_control) by extension 'colcon_meta'
[0.353s] Level 1:colcon.colcon_core.package_identification:_identify(/home/aditya/Vishwakarma_awards/src/akabot_control) by extensions ['ros']
[0.353s] Level 1:colcon.colcon_core.package_identification:_identify(/home/aditya/Vishwakarma_awards/src/akabot_control) by extension 'ros'
[0.354s] DEBUG:colcon.colcon_core.package_identification:Package '/home/aditya/Vishwakarma_awards/src/akabot_control' with type 'ros.ament_python' and name 'akabot_control'
[0.354s] Level 1:colcon.colcon_core.package_identification:_identify(/home/aditya/Vishwakarma_awards/src/akabot_description) by extensions ['ignore', 'ignore_ament_install']
[0.354s] Level 1:colcon.colcon_core.package_identification:_identify(/home/aditya/Vishwakarma_awards/src/akabot_description) by extension 'ignore'
[0.355s] Level 1:colcon.colcon_core.package_identification:_identify(/home/aditya/Vishwakarma_awards/src/akabot_description) by extension 'ignore_ament_install'
[0.355s] Level 1:colcon.colcon_core.package_identification:_identify(/home/aditya/Vishwakarma_awards/src/akabot_description) by extensions ['colcon_pkg']
[0.355s] Level 1:colcon.colcon_core.package_identification:_identify(/home/aditya/Vishwakarma_awards/src/akabot_description) by extension 'colcon_pkg'
[0.355s] Level 1:colcon.colcon_core.package_identification:_identify(/home/aditya/Vishwakarma_awards/src/akabot_description) by extensions ['colcon_meta']
[0.355s] Level 1:colcon.colcon_core.package_identification:_identify(/home/aditya/Vishwakarma_awards/src/akabot_description) by extension 'colcon_meta'
[0.355s] Level 1:colcon.colcon_core.package_identification:_identify(/home/aditya/Vishwakarma_awards/src/akabot_description) by extensions ['ros']
[0.355s] Level 1:colcon.colcon_core.package_identification:_identify(/home/aditya/Vishwakarma_awards/src/akabot_description) by extension 'ros'
[0.356s] DEBUG:colcon.colcon_core.package_identification:Package '/home/aditya/Vishwakarma_awards/src/akabot_description' with type 'ros.ament_cmake' and name 'akabot_description'
[0.356s] Level 1:colcon.colcon_core.package_identification:_identify(/home/aditya/Vishwakarma_awards/src/akabot_gazebo) by extensions ['ignore', 'ignore_ament_install']
[0.356s] Level 1:colcon.colcon_core.package_identification:_identify(/home/aditya/Vishwakarma_awards/src/akabot_gazebo) by extension 'ignore'
[0.356s] Level 1:colcon.colcon_core.package_identification:_identify(/home/aditya/Vishwakarma_awards/src/akabot_gazebo) by extension 'ignore_ament_install'
[0.356s] Level 1:colcon.colcon_core.package_identification:_identify(/home/aditya/Vishwakarma_awards/src/akabot_gazebo) by extensions ['colcon_pkg']
[0.356s] Level 1:colcon.colcon_core.package_identification:_identify(/home/aditya/Vishwakarma_awards/src/akabot_gazebo) by extension 'colcon_pkg'
[0.356s] Level 1:colcon.colcon_core.package_identification:_identify(/home/aditya/Vishwakarma_awards/src/akabot_gazebo) by extensions ['colcon_meta']
[0.356s] Level 1:colcon.colcon_core.package_identification:_identify(/home/aditya/Vishwakarma_awards/src/akabot_gazebo) by extension 'colcon_meta'
[0.356s] Level 1:colcon.colcon_core.package_identification:_identify(/home/aditya/Vishwakarma_awards/src/akabot_gazebo) by extensions ['ros']
[0.356s] Level 1:colcon.colcon_core.package_identification:_identify(/home/aditya/Vishwakarma_awards/src/akabot_gazebo) by extension 'ros'
[0.357s] DEBUG:colcon.colcon_core.package_identification:Package '/home/aditya/Vishwakarma_awards/src/akabot_gazebo' with type 'ros.ament_cmake' and name 'akabot_gazebo'
[0.357s] Level 1:colcon.colcon_core.package_identification:_identify(/home/aditya/Vishwakarma_awards/src/akabot_moveit_config) by extensions ['ignore', 'ignore_ament_install']
[0.358s] Level 1:colcon.colcon_core.package_identification:_identify(/home/aditya/Vishwakarma_awards/src/akabot_moveit_config) by extension 'ignore'
[0.358s] Level 1:colcon.colcon_core.package_identification:_identify(/home/aditya/Vishwakarma_awards/src/akabot_moveit_config) by extension 'ignore_ament_install'
[0.358s] Level 1:colcon.colcon_core.package_identification:_identify(/home/aditya/Vishwakarma_awards/src/akabot_moveit_config) by extensions ['colcon_pkg']
[0.358s] Level 1:colcon.colcon_core.package_identification:_identify(/home/aditya/Vishwakarma_awards/src/akabot_moveit_config) by extension 'colcon_pkg'
[0.358s] Level 1:colcon.colcon_core.package_identification:_identify(/home/aditya/Vishwakarma_awards/src/akabot_moveit_config) by extensions ['colcon_meta']
[0.358s] Level 1:colcon.colcon_core.package_identification:_identify(/home/aditya/Vishwakarma_awards/src/akabot_moveit_config) by extension 'colcon_meta'
[0.358s] Level 1:colcon.colcon_core.package_identification:_identify(/home/aditya/Vishwakarma_awards/src/akabot_moveit_config) by extensions ['ros']
[0.358s] Level 1:colcon.colcon_core.package_identification:_identify(/home/aditya/Vishwakarma_awards/src/akabot_moveit_config) by extension 'ros'
[0.359s] DEBUG:colcon.colcon_core.package_identification:Package '/home/aditya/Vishwakarma_awards/src/akabot_moveit_config' with type 'ros.ament_cmake' and name 'akabot_moveit_config'
[0.359s] Level 1:colcon.colcon_core.package_identification:_identify(/home/aditya/Vishwakarma_awards/src/arm_vla_pkg) by extensions ['ignore', 'ignore_ament_install']
[0.359s] Level 1:colcon.colcon_core.package_identification:_identify(/home/aditya/Vishwakarma_awards/src/arm_vla_pkg) by extension 'ignore'
[0.359s] Level 1:colcon.colcon_core.package_identification:_identify(/home/aditya/Vishwakarma_awards/src/arm_vla_pkg) by extension 'ignore_ament_install'
[0.359s] Level 1:colcon.colcon_core.package_identification:_identify(/home/aditya/Vishwakarma_awards/src/arm_vla_pkg) by extensions ['colcon_pkg']
[0.359s] Level 1:colcon.colcon_core.package_identification:_identify(/home/aditya/Vishwakarma_awards/src/arm_vla_pkg) by extension 'colcon_pkg'
[0.359s] Level 1:colcon.colcon_core.package_identification:_identify(/home/aditya/Vishwakarma_awards/src/arm_vla_pkg) by extensions ['colcon_meta']
[0.359s] Level 1:colcon.colcon_core.package_identification:_identify(/home/aditya/Vishwakarma_awards/src/arm_vla_pkg) by extension 'colcon_meta'
[0.360s] Level 1:colcon.colcon_core.package_identification:_identify(/home/aditya/Vishwakarma_awards/src/arm_vla_pkg) by extensions ['ros']
[0.360s] Level 1:colcon.colcon_core.package_identification:_identify(/home/aditya/Vishwakarma_awards/src/arm_vla_pkg) by extension 'ros'
[0.360s] DEBUG:colcon.colcon_core.package_identification:Package '/home/aditya/Vishwakarma_awards/src/arm_vla_pkg' with type 'ros.ament_python' and name 'arm_vla_pkg'
[0.360s] Level 1:colcon.colcon_core.package_discovery:discover_packages(recursive) using defaults
