[0.857s] Invoking command in '/home/harshit/arm_vla_ws/src/akabot_control': CMAKE_PREFIX_PATH=/home/harshit/arm_vla_ws/install/akabot_moveit_config:/home/harshit/arm_vla_ws/install/akabot_description:/home/harshit/arm_vla_ws/install/akabot_gazebo:/home/harshit/arm_vla_ws/install/akabot_bringup:/home/harshit/colcon_ws/install/ur_simulation_gz:/home/harshit/colcon_ws/install/ur_description:/home/harshit/colcon_ws/install/ur5_control:/home/harshit/colcon_ws/install/linkattacher_msgs:/home/harshit/colcon_ws/install/eyantra_warehouse:/home/harshit/colcon_ws/install/ebot_description PYTHONPATH=/home/harshit/arm_vla_ws/build/akabot_control/prefix_override:/usr/lib/python3/dist-packages/colcon_core/task/python/colcon_distutils_commands:/home/harshit/arm_vla_ws/install/akabot_control/lib/python3.10/site-packages:${PYTHONPATH} /usr/bin/python3 -W ignore:setup.py install is deprecated -W ignore:easy_install command is deprecated setup.py egg_info --egg-base ../../build/akabot_control build --build-base /home/harshit/arm_vla_ws/build/akabot_control/build install --record /home/harshit/arm_vla_ws/build/akabot_control/install.log --single-version-externally-managed install_data
[1.135s] running egg_info
[1.136s] creating ../../build/akabot_control/akabot_control.egg-info
[1.136s] writing ../../build/akabot_control/akabot_control.egg-info/PKG-INFO
[1.136s] writing dependency_links to ../../build/akabot_control/akabot_control.egg-info/dependency_links.txt
[1.137s] writing entry points to ../../build/akabot_control/akabot_control.egg-info/entry_points.txt
[1.137s] writing requirements to ../../build/akabot_control/akabot_control.egg-info/requires.txt
[1.137s] writing top-level names to ../../build/akabot_control/akabot_control.egg-info/top_level.txt
[1.137s] writing manifest file '../../build/akabot_control/akabot_control.egg-info/SOURCES.txt'
[1.138s] reading manifest file '../../build/akabot_control/akabot_control.egg-info/SOURCES.txt'
[1.139s] writing manifest file '../../build/akabot_control/akabot_control.egg-info/SOURCES.txt'
[1.140s] running build
[1.140s] running build_py
[1.140s] creating /home/harshit/arm_vla_ws/build/akabot_control/build
[1.140s] creating /home/harshit/arm_vla_ws/build/akabot_control/build/lib
[1.140s] creating /home/harshit/arm_vla_ws/build/akabot_control/build/lib/akabot_control
[1.140s] copying akabot_control/__init__.py -> /home/harshit/arm_vla_ws/build/akabot_control/build/lib/akabot_control
[1.140s] copying akabot_control/akabot_controller.py -> /home/harshit/arm_vla_ws/build/akabot_control/build/lib/akabot_control
[1.140s] copying akabot_control/test_ee_camera.py -> /home/harshit/arm_vla_ws/build/akabot_control/build/lib/akabot_control
[1.140s] copying akabot_control/interactive_control.py -> /home/harshit/arm_vla_ws/build/akabot_control/build/lib/akabot_control
[1.141s] copying akabot_control/vision_pick_place.py -> /home/harshit/arm_vla_ws/build/akabot_control/build/lib/akabot_control
[1.141s] copying akabot_control/scanning_vision_pick_place.py -> /home/harshit/arm_vla_ws/build/akabot_control/build/lib/akabot_control
[1.141s] running install
[1.141s] running install_lib
[1.142s] creating /home/harshit/arm_vla_ws/install/akabot_control/lib/python3.10/site-packages/akabot_control
[1.142s] copying /home/harshit/arm_vla_ws/build/akabot_control/build/lib/akabot_control/__init__.py -> /home/harshit/arm_vla_ws/install/akabot_control/lib/python3.10/site-packages/akabot_control
[1.142s] copying /home/harshit/arm_vla_ws/build/akabot_control/build/lib/akabot_control/akabot_controller.py -> /home/harshit/arm_vla_ws/install/akabot_control/lib/python3.10/site-packages/akabot_control
[1.142s] copying /home/harshit/arm_vla_ws/build/akabot_control/build/lib/akabot_control/test_ee_camera.py -> /home/harshit/arm_vla_ws/install/akabot_control/lib/python3.10/site-packages/akabot_control
[1.142s] copying /home/harshit/arm_vla_ws/build/akabot_control/build/lib/akabot_control/interactive_control.py -> /home/harshit/arm_vla_ws/install/akabot_control/lib/python3.10/site-packages/akabot_control
[1.142s] copying /home/harshit/arm_vla_ws/build/akabot_control/build/lib/akabot_control/vision_pick_place.py -> /home/harshit/arm_vla_ws/install/akabot_control/lib/python3.10/site-packages/akabot_control
[1.142s] copying /home/harshit/arm_vla_ws/build/akabot_control/build/lib/akabot_control/scanning_vision_pick_place.py -> /home/harshit/arm_vla_ws/install/akabot_control/lib/python3.10/site-packages/akabot_control
[1.143s] byte-compiling /home/harshit/arm_vla_ws/install/akabot_control/lib/python3.10/site-packages/akabot_control/__init__.py to __init__.cpython-310.pyc
[1.143s] byte-compiling /home/harshit/arm_vla_ws/install/akabot_control/lib/python3.10/site-packages/akabot_control/akabot_controller.py to akabot_controller.cpython-310.pyc
[1.145s] byte-compiling /home/harshit/arm_vla_ws/install/akabot_control/lib/python3.10/site-packages/akabot_control/test_ee_camera.py to test_ee_camera.cpython-310.pyc
[1.146s] byte-compiling /home/harshit/arm_vla_ws/install/akabot_control/lib/python3.10/site-packages/akabot_control/interactive_control.py to interactive_control.cpython-310.pyc
[1.147s] byte-compiling /home/harshit/arm_vla_ws/install/akabot_control/lib/python3.10/site-packages/akabot_control/vision_pick_place.py to vision_pick_place.cpython-310.pyc
[1.149s] byte-compiling /home/harshit/arm_vla_ws/install/akabot_control/lib/python3.10/site-packages/akabot_control/scanning_vision_pick_place.py to scanning_vision_pick_place.cpython-310.pyc
[1.152s] running install_data
[1.152s] creating /home/harshit/arm_vla_ws/install/akabot_control/share/ament_index
[1.152s] creating /home/harshit/arm_vla_ws/install/akabot_control/share/ament_index/resource_index
[1.152s] creating /home/harshit/arm_vla_ws/install/akabot_control/share/ament_index/resource_index/packages
[1.152s] copying resource/akabot_control -> /home/harshit/arm_vla_ws/install/akabot_control/share/ament_index/resource_index/packages
[1.152s] copying package.xml -> /home/harshit/arm_vla_ws/install/akabot_control/share/akabot_control
[1.152s] creating /home/harshit/arm_vla_ws/install/akabot_control/share/akabot_control/launch
[1.152s] copying launch/vision_pick_place.launch.py -> /home/harshit/arm_vla_ws/install/akabot_control/share/akabot_control/launch
[1.153s] copying launch/control.launch.py -> /home/harshit/arm_vla_ws/install/akabot_control/share/akabot_control/launch
[1.153s] copying launch/dual_camera.launch.py -> /home/harshit/arm_vla_ws/install/akabot_control/share/akabot_control/launch
[1.153s] copying launch/scanning_vision_pick_place.launch.py -> /home/harshit/arm_vla_ws/install/akabot_control/share/akabot_control/launch
[1.153s] copying launch/gazebo_control.launch.py -> /home/harshit/arm_vla_ws/install/akabot_control/share/akabot_control/launch
[1.153s] copying launch/test_camera.launch.py -> /home/harshit/arm_vla_ws/install/akabot_control/share/akabot_control/launch
[1.153s] copying launch/demo.launch.py -> /home/harshit/arm_vla_ws/install/akabot_control/share/akabot_control/launch
[1.153s] creating /home/harshit/arm_vla_ws/install/akabot_control/share/akabot_control/config
[1.153s] copying config/controller_params.yaml -> /home/harshit/arm_vla_ws/install/akabot_control/share/akabot_control/config
[1.153s] creating /home/harshit/arm_vla_ws/install/akabot_control/share/akabot_control/scripts
[1.153s] copying scripts/test_poses.py -> /home/harshit/arm_vla_ws/install/akabot_control/share/akabot_control/scripts
[1.153s] running install_egg_info
[1.155s] Copying ../../build/akabot_control/akabot_control.egg-info to /home/harshit/arm_vla_ws/install/akabot_control/lib/python3.10/site-packages/akabot_control-1.0.0-py3.10.egg-info
[1.156s] running install_scripts
[1.178s] Installing akabot_controller script to /home/harshit/arm_vla_ws/install/akabot_control/lib/akabot_control
[1.178s] Installing interactive_control script to /home/harshit/arm_vla_ws/install/akabot_control/lib/akabot_control
[1.179s] Installing scanning_vision_pick_place script to /home/harshit/arm_vla_ws/install/akabot_control/lib/akabot_control
[1.179s] Installing test_ee_camera script to /home/harshit/arm_vla_ws/install/akabot_control/lib/akabot_control
[1.179s] Installing vision_pick_place script to /home/harshit/arm_vla_ws/install/akabot_control/lib/akabot_control
[1.179s] writing list of installed files to '/home/harshit/arm_vla_ws/build/akabot_control/install.log'
[1.207s] Invoked command in '/home/harshit/arm_vla_ws/src/akabot_control' returned '0': CMAKE_PREFIX_PATH=/home/harshit/arm_vla_ws/install/akabot_moveit_config:/home/harshit/arm_vla_ws/install/akabot_description:/home/harshit/arm_vla_ws/install/akabot_gazebo:/home/harshit/arm_vla_ws/install/akabot_bringup:/home/harshit/colcon_ws/install/ur_simulation_gz:/home/harshit/colcon_ws/install/ur_description:/home/harshit/colcon_ws/install/ur5_control:/home/harshit/colcon_ws/install/linkattacher_msgs:/home/harshit/colcon_ws/install/eyantra_warehouse:/home/harshit/colcon_ws/install/ebot_description PYTHONPATH=/home/harshit/arm_vla_ws/build/akabot_control/prefix_override:/usr/lib/python3/dist-packages/colcon_core/task/python/colcon_distutils_commands:/home/harshit/arm_vla_ws/install/akabot_control/lib/python3.10/site-packages:${PYTHONPATH} /usr/bin/python3 -W ignore:setup.py install is deprecated -W ignore:easy_install command is deprecated setup.py egg_info --egg-base ../../build/akabot_control build --build-base /home/harshit/arm_vla_ws/build/akabot_control/build install --record /home/harshit/arm_vla_ws/build/akabot_control/install.log --single-version-externally-managed install_data
