[0.317s] Invoking command in '/home/harshit/arm_vla_ws/build/cobot_description': CMAKE_PREFIX_PATH=${CMAKE_PREFIX_PATH}:/home/harshit/arm_vla_ws/install/arm_vla_pkg:/home/harshit/colcon_ws/install/eyantra_solution:/opt/ros/humble /usr/bin/cmake --build /home/harshit/arm_vla_ws/build/cobot_description -- -j8 -l8
[0.366s] Invoked command in '/home/harshit/arm_vla_ws/build/cobot_description' returned '0': CMAKE_PREFIX_PATH=${CMAKE_PREFIX_PATH}:/home/harshit/arm_vla_ws/install/arm_vla_pkg:/home/harshit/colcon_ws/install/eyantra_solution:/opt/ros/humble /usr/bin/cmake --build /home/harshit/arm_vla_ws/build/cobot_description -- -j8 -l8
[0.380s] Invoking command in '/home/harshit/arm_vla_ws/build/cobot_description': CMAKE_PREFIX_PATH=${CMAKE_PREFIX_PATH}:/home/harshit/arm_vla_ws/install/arm_vla_pkg:/home/harshit/colcon_ws/install/eyantra_solution:/opt/ros/humble /usr/bin/cmake --install /home/harshit/arm_vla_ws/build/cobot_description
[0.388s] -- Install configuration: ""
[0.389s] -- Up-to-date: /home/harshit/arm_vla_ws/install/cobot_description/share/cobot_description/config
[0.389s] -- Up-to-date: /home/harshit/arm_vla_ws/install/cobot_description/share/cobot_description/config/initial_positions.yaml
[0.389s] -- Up-to-date: /home/harshit/arm_vla_ws/install/cobot_description/share/cobot_description/launch
[0.389s] -- Up-to-date: /home/harshit/arm_vla_ws/install/cobot_description/share/cobot_description/launch/description_launch.py
[0.389s] -- Up-to-date: /home/harshit/arm_vla_ws/install/cobot_description/share/cobot_description/launch/robot_state_publisher_launch.py
[0.389s] -- Up-to-date: /home/harshit/arm_vla_ws/install/cobot_description/share/cobot_description/meshes
[0.389s] -- Up-to-date: /home/harshit/arm_vla_ws/install/cobot_description/share/cobot_description/meshes/lower_arm.stl
[0.390s] -- Up-to-date: /home/harshit/arm_vla_ws/install/cobot_description/share/cobot_description/meshes/wrist.stl
[0.390s] -- Up-to-date: /home/harshit/arm_vla_ws/install/cobot_description/share/cobot_description/meshes/left_claw.stl
[0.390s] -- Up-to-date: /home/harshit/arm_vla_ws/install/cobot_description/share/cobot_description/meshes/claw_base.stl
[0.390s] -- Up-to-date: /home/harshit/arm_vla_ws/install/cobot_description/share/cobot_description/meshes/right_claw.stl
[0.390s] -- Up-to-date: /home/harshit/arm_vla_ws/install/cobot_description/share/cobot_description/meshes/base_cylinder.stl
[0.390s] -- Up-to-date: /home/harshit/arm_vla_ws/install/cobot_description/share/cobot_description/meshes/upper_arm.stl
[0.390s] -- Up-to-date: /home/harshit/arm_vla_ws/install/cobot_description/share/cobot_description/meshes/top_plate.stl
[0.391s] -- Up-to-date: /home/harshit/arm_vla_ws/install/cobot_description/share/cobot_description/meshes/d415.dae
[0.391s] -- Up-to-date: /home/harshit/arm_vla_ws/install/cobot_description/share/cobot_description/urdf
[0.391s] -- Up-to-date: /home/harshit/arm_vla_ws/install/cobot_description/share/cobot_description/urdf/cobot.urdf.xacro
[0.391s] -- Up-to-date: /home/harshit/arm_vla_ws/install/cobot_description/share/cobot_description/urdf/real_cobot.urdf.xacro
[0.391s] -- Up-to-date: /home/harshit/arm_vla_ws/install/cobot_description/share/cobot_description/urdf/cobot_gz.urdf.xacro
[0.391s] -- Up-to-date: /home/harshit/arm_vla_ws/install/cobot_description/share/cobot_description/urdf/depth_camera.xacro
[0.391s] -- Up-to-date: /home/harshit/arm_vla_ws/install/cobot_description/share/cobot_description/urdf/cobot_core.xacro
[0.391s] -- Up-to-date: /home/harshit/arm_vla_ws/install/cobot_description/share/cobot_description/urdf/cobot.ros2_control.xacro
[0.391s] -- Up-to-date: /home/harshit/arm_vla_ws/install/cobot_description/share/cobot_description/urdf/inertial_macros.xacro
[0.391s] -- Up-to-date: /home/harshit/arm_vla_ws/install/cobot_description/share/cobot_description/rviz
[0.392s] -- Up-to-date: /home/harshit/arm_vla_ws/install/cobot_description/share/cobot_description/rviz/description.rviz
[0.392s] -- Up-to-date: /home/harshit/arm_vla_ws/install/cobot_description/share/ament_index/resource_index/package_run_dependencies/cobot_description
[0.392s] -- Up-to-date: /home/harshit/arm_vla_ws/install/cobot_description/share/ament_index/resource_index/parent_prefix_path/cobot_description
[0.392s] -- Up-to-date: /home/harshit/arm_vla_ws/install/cobot_description/share/cobot_description/environment/ament_prefix_path.sh
[0.392s] -- Up-to-date: /home/harshit/arm_vla_ws/install/cobot_description/share/cobot_description/environment/ament_prefix_path.dsv
[0.392s] -- Up-to-date: /home/harshit/arm_vla_ws/install/cobot_description/share/cobot_description/environment/path.sh
[0.393s] -- Up-to-date: /home/harshit/arm_vla_ws/install/cobot_description/share/cobot_description/environment/path.dsv
[0.393s] -- Up-to-date: /home/harshit/arm_vla_ws/install/cobot_description/share/cobot_description/local_setup.bash
[0.393s] -- Up-to-date: /home/harshit/arm_vla_ws/install/cobot_description/share/cobot_description/local_setup.sh
[0.394s] -- Up-to-date: /home/harshit/arm_vla_ws/install/cobot_description/share/cobot_description/local_setup.zsh
[0.394s] -- Up-to-date: /home/harshit/arm_vla_ws/install/cobot_description/share/cobot_description/local_setup.dsv
[0.394s] -- Installing: /home/harshit/arm_vla_ws/install/cobot_description/share/cobot_description/package.dsv
[0.394s] -- Up-to-date: /home/harshit/arm_vla_ws/install/cobot_description/share/ament_index/resource_index/packages/cobot_description
[0.395s] -- Up-to-date: /home/harshit/arm_vla_ws/install/cobot_description/share/cobot_description/cmake/cobot_descriptionConfig.cmake
[0.395s] -- Up-to-date: /home/harshit/arm_vla_ws/install/cobot_description/share/cobot_description/cmake/cobot_descriptionConfig-version.cmake
[0.395s] -- Up-to-date: /home/harshit/arm_vla_ws/install/cobot_description/share/cobot_description/package.xml
[0.395s] Invoked command in '/home/harshit/arm_vla_ws/build/cobot_description' returned '0': CMAKE_PREFIX_PATH=${CMAKE_PREFIX_PATH}:/home/harshit/arm_vla_ws/install/arm_vla_pkg:/home/harshit/colcon_ws/install/eyantra_solution:/opt/ros/humble /usr/bin/cmake --install /home/harshit/arm_vla_ws/build/cobot_description
