running egg_info
creating ../../build/akabot_control/akabot_control.egg-info
writing ../../build/akabot_control/akabot_control.egg-info/PKG-INFO
writing dependency_links to ../../build/akabot_control/akabot_control.egg-info/dependency_links.txt
writing entry points to ../../build/akabot_control/akabot_control.egg-info/entry_points.txt
writing requirements to ../../build/akabot_control/akabot_control.egg-info/requires.txt
writing top-level names to ../../build/akabot_control/akabot_control.egg-info/top_level.txt
writing manifest file '../../build/akabot_control/akabot_control.egg-info/SOURCES.txt'
reading manifest file '../../build/akabot_control/akabot_control.egg-info/SOURCES.txt'
writing manifest file '../../build/akabot_control/akabot_control.egg-info/SOURCES.txt'
running build
running build_py
creating /home/aditya/Vishwakarma_awards/build/akabot_control/build
creating /home/aditya/Vishwakarma_awards/build/akabot_control/build/lib
creating /home/aditya/Vishwakarma_awards/build/akabot_control/build/lib/akabot_control
copying akabot_control/interactive_control.py -> /home/aditya/Vishwakarma_awards/build/akabot_control/build/lib/akabot_control
copying akabot_control/akabot_controller.py -> /home/aditya/Vishwakarma_awards/build/akabot_control/build/lib/akabot_control
copying akabot_control/__init__.py -> /home/aditya/Vishwakarma_awards/build/akabot_control/build/lib/akabot_control
running install
running install_lib
creating /home/aditya/Vishwakarma_awards/install/akabot_control/lib/python3.10/site-packages/akabot_control
copying /home/aditya/Vishwakarma_awards/build/akabot_control/build/lib/akabot_control/interactive_control.py -> /home/aditya/Vishwakarma_awards/install/akabot_control/lib/python3.10/site-packages/akabot_control
copying /home/aditya/Vishwakarma_awards/build/akabot_control/build/lib/akabot_control/akabot_controller.py -> /home/aditya/Vishwakarma_awards/install/akabot_control/lib/python3.10/site-packages/akabot_control
copying /home/aditya/Vishwakarma_awards/build/akabot_control/build/lib/akabot_control/__init__.py -> /home/aditya/Vishwakarma_awards/install/akabot_control/lib/python3.10/site-packages/akabot_control
byte-compiling /home/aditya/Vishwakarma_awards/install/akabot_control/lib/python3.10/site-packages/akabot_control/interactive_control.py to interactive_control.cpython-310.pyc
byte-compiling /home/aditya/Vishwakarma_awards/install/akabot_control/lib/python3.10/site-packages/akabot_control/akabot_controller.py to akabot_controller.cpython-310.pyc
byte-compiling /home/aditya/Vishwakarma_awards/install/akabot_control/lib/python3.10/site-packages/akabot_control/__init__.py to __init__.cpython-310.pyc
running install_data
creating /home/aditya/Vishwakarma_awards/install/akabot_control/share/ament_index
creating /home/aditya/Vishwakarma_awards/install/akabot_control/share/ament_index/resource_index
creating /home/aditya/Vishwakarma_awards/install/akabot_control/share/ament_index/resource_index/packages
copying resource/akabot_control -> /home/aditya/Vishwakarma_awards/install/akabot_control/share/ament_index/resource_index/packages
copying package.xml -> /home/aditya/Vishwakarma_awards/install/akabot_control/share/akabot_control
creating /home/aditya/Vishwakarma_awards/install/akabot_control/share/akabot_control/launch
copying launch/control.launch.py -> /home/aditya/Vishwakarma_awards/install/akabot_control/share/akabot_control/launch
copying launch/demo.launch.py -> /home/aditya/Vishwakarma_awards/install/akabot_control/share/akabot_control/launch
copying launch/gazebo_control.launch.py -> /home/aditya/Vishwakarma_awards/install/akabot_control/share/akabot_control/launch
creating /home/aditya/Vishwakarma_awards/install/akabot_control/share/akabot_control/config
copying config/controller_params.yaml -> /home/aditya/Vishwakarma_awards/install/akabot_control/share/akabot_control/config
creating /home/aditya/Vishwakarma_awards/install/akabot_control/share/akabot_control/scripts
copying scripts/test_poses.py -> /home/aditya/Vishwakarma_awards/install/akabot_control/share/akabot_control/scripts
running install_egg_info
Copying ../../build/akabot_control/akabot_control.egg-info to /home/aditya/Vishwakarma_awards/install/akabot_control/lib/python3.10/site-packages/akabot_control-1.0.0-py3.10.egg-info
running install_scripts
Installing akabot_controller script to /home/aditya/Vishwakarma_awards/install/akabot_control/lib/akabot_control
Installing interactive_control script to /home/aditya/Vishwakarma_awards/install/akabot_control/lib/akabot_control
writing list of installed files to '/home/aditya/Vishwakarma_awards/build/akabot_control/install.log'
