/home/aditya/Vishwakarma_awards/install/arm_vla_pkg/lib/python3.10/site-packages/arm_vla_pkg/__init__.py
/home/aditya/Vishwakarma_awards/install/arm_vla_pkg/lib/python3.10/site-packages/arm_vla_pkg/nodes/speech_node.py
/home/aditya/Vishwakarma_awards/install/arm_vla_pkg/lib/python3.10/site-packages/arm_vla_pkg/nodes/brain_node.py
/home/aditya/Vishwakarma_awards/install/arm_vla_pkg/lib/python3.10/site-packages/arm_vla_pkg/nodes/action_node.py
/home/aditya/Vishwakarma_awards/install/arm_vla_pkg/lib/python3.10/site-packages/arm_vla_pkg/nodes/vision_node.py
/home/aditya/Vishwakarma_awards/install/arm_vla_pkg/lib/python3.10/site-packages/arm_vla_pkg/nodes/__init__.py
/home/aditya/Vishwakarma_awards/install/arm_vla_pkg/lib/python3.10/site-packages/arm_vla_pkg/__pycache__/__init__.cpython-310.pyc
/home/aditya/Vishwakarma_awards/install/arm_vla_pkg/lib/python3.10/site-packages/arm_vla_pkg/nodes/__pycache__/speech_node.cpython-310.pyc
/home/aditya/Vishwakarma_awards/install/arm_vla_pkg/lib/python3.10/site-packages/arm_vla_pkg/nodes/__pycache__/brain_node.cpython-310.pyc
/home/aditya/Vishwakarma_awards/install/arm_vla_pkg/lib/python3.10/site-packages/arm_vla_pkg/nodes/__pycache__/action_node.cpython-310.pyc
/home/aditya/Vishwakarma_awards/install/arm_vla_pkg/lib/python3.10/site-packages/arm_vla_pkg/nodes/__pycache__/vision_node.cpython-310.pyc
/home/aditya/Vishwakarma_awards/install/arm_vla_pkg/lib/python3.10/site-packages/arm_vla_pkg/nodes/__pycache__/__init__.cpython-310.pyc
/home/aditya/Vishwakarma_awards/install/arm_vla_pkg/share/ament_index/resource_index/packages/arm_vla_pkg
/home/aditya/Vishwakarma_awards/install/arm_vla_pkg/share/arm_vla_pkg/package.xml
/home/aditya/Vishwakarma_awards/install/arm_vla_pkg/share/arm_vla_pkg/launch/vla_main.launch.py
/home/aditya/Vishwakarma_awards/install/arm_vla_pkg/lib/python3.10/site-packages/arm_vla_pkg-0.0.0-py3.10.egg-info/PKG-INFO
/home/aditya/Vishwakarma_awards/install/arm_vla_pkg/lib/python3.10/site-packages/arm_vla_pkg-0.0.0-py3.10.egg-info/zip-safe
/home/aditya/Vishwakarma_awards/install/arm_vla_pkg/lib/python3.10/site-packages/arm_vla_pkg-0.0.0-py3.10.egg-info/dependency_links.txt
/home/aditya/Vishwakarma_awards/install/arm_vla_pkg/lib/python3.10/site-packages/arm_vla_pkg-0.0.0-py3.10.egg-info/SOURCES.txt
/home/aditya/Vishwakarma_awards/install/arm_vla_pkg/lib/python3.10/site-packages/arm_vla_pkg-0.0.0-py3.10.egg-info/requires.txt
/home/aditya/Vishwakarma_awards/install/arm_vla_pkg/lib/python3.10/site-packages/arm_vla_pkg-0.0.0-py3.10.egg-info/top_level.txt
/home/aditya/Vishwakarma_awards/install/arm_vla_pkg/lib/python3.10/site-packages/arm_vla_pkg-0.0.0-py3.10.egg-info/entry_points.txt
/home/aditya/Vishwakarma_awards/install/arm_vla_pkg/lib/arm_vla_pkg/action_node
/home/aditya/Vishwakarma_awards/install/arm_vla_pkg/lib/arm_vla_pkg/brain_node
/home/aditya/Vishwakarma_awards/install/arm_vla_pkg/lib/arm_vla_pkg/speech_node
/home/aditya/Vishwakarma_awards/install/arm_vla_pkg/lib/arm_vla_pkg/vision_node
