[0.026s] Invoking command in '/home/harshit/arm_vla_ws/build/akabot_gazebo': CMAKE_PREFIX_PATH=${CMAKE_PREFIX_PATH}:/home/harshit/arm_vla_ws/install/arm_vla_pkg:/home/harshit/arm_vla_ws/install/akabot_control:/home/harshit/colcon_ws/install/eyantra_solution:/opt/ros/humble /usr/bin/cmake /home/harshit/arm_vla_ws/src/akabot_gazebo -DCMAKE_INSTALL_PREFIX=/home/harshit/arm_vla_ws/install/akabot_gazebo
[0.094s] -- The C compiler identification is GNU 11.4.0
[0.169s] -- The CXX compiler identification is GNU 11.4.0
[0.179s] -- Detecting C compiler ABI info
[0.277s] -- Detecting C compiler ABI info - done
[0.291s] -- Check for working C compiler: /usr/bin/cc - skipped
[0.291s] -- Detecting C compile features
[0.292s] -- Detecting C compile features - done
[0.297s] -- Detecting CXX compiler ABI info
[0.423s] -- Detecting CXX compiler ABI info - done
[0.435s] -- Check for working CXX compiler: /usr/bin/c++ - skipped
[0.435s] -- Detecting CXX compile features
[0.436s] -- Detecting CXX compile features - done
[0.442s] -- Found ament_cmake: 1.3.12 (/opt/ros/humble/share/ament_cmake/cmake)
[0.663s] -- Found Python3: /usr/bin/python3 (found version "3.10.12") found components: Interpreter 
[0.806s] -- Found urdf: 2.6.1 (/opt/ros/humble/share/urdf/cmake)
[1.016s] -- Configuring done
[1.020s] -- Generating done
[1.024s] -- Build files have been written to: /home/harshit/arm_vla_ws/build/akabot_gazebo
[1.038s] Invoked command in '/home/harshit/arm_vla_ws/build/akabot_gazebo' returned '0': CMAKE_PREFIX_PATH=${CMAKE_PREFIX_PATH}:/home/harshit/arm_vla_ws/install/arm_vla_pkg:/home/harshit/arm_vla_ws/install/akabot_control:/home/harshit/colcon_ws/install/eyantra_solution:/opt/ros/humble /usr/bin/cmake /home/harshit/arm_vla_ws/src/akabot_gazebo -DCMAKE_INSTALL_PREFIX=/home/harshit/arm_vla_ws/install/akabot_gazebo
[1.039s] Invoking command in '/home/harshit/arm_vla_ws/build/akabot_gazebo': CMAKE_PREFIX_PATH=${CMAKE_PREFIX_PATH}:/home/harshit/arm_vla_ws/install/arm_vla_pkg:/home/harshit/arm_vla_ws/install/akabot_control:/home/harshit/colcon_ws/install/eyantra_solution:/opt/ros/humble /usr/bin/cmake --build /home/harshit/arm_vla_ws/build/akabot_gazebo -- -j8 -l8
[1.105s] Invoked command in '/home/harshit/arm_vla_ws/build/akabot_gazebo' returned '0': CMAKE_PREFIX_PATH=${CMAKE_PREFIX_PATH}:/home/harshit/arm_vla_ws/install/arm_vla_pkg:/home/harshit/arm_vla_ws/install/akabot_control:/home/harshit/colcon_ws/install/eyantra_solution:/opt/ros/humble /usr/bin/cmake --build /home/harshit/arm_vla_ws/build/akabot_gazebo -- -j8 -l8
[1.106s] Invoking command in '/home/harshit/arm_vla_ws/build/akabot_gazebo': CMAKE_PREFIX_PATH=${CMAKE_PREFIX_PATH}:/home/harshit/arm_vla_ws/install/arm_vla_pkg:/home/harshit/arm_vla_ws/install/akabot_control:/home/harshit/colcon_ws/install/eyantra_solution:/opt/ros/humble /usr/bin/cmake --install /home/harshit/arm_vla_ws/build/akabot_gazebo
[1.117s] -- Install configuration: ""
[1.117s] -- Installing: /home/harshit/arm_vla_ws/install/akabot_gazebo/share/akabot_gazebo/config
[1.117s] -- Installing: /home/harshit/arm_vla_ws/install/akabot_gazebo/share/akabot_gazebo/config/akabot_bridge.yaml
[1.117s] -- Installing: /home/harshit/arm_vla_ws/install/akabot_gazebo/share/akabot_gazebo/launch
[1.117s] -- Installing: /home/harshit/arm_vla_ws/install/akabot_gazebo/share/akabot_gazebo/launch/gz_launch.py
[1.118s] -- Installing: /home/harshit/arm_vla_ws/install/akabot_gazebo/share/akabot_gazebo/worlds
[1.118s] -- Installing: /home/harshit/arm_vla_ws/install/akabot_gazebo/share/akabot_gazebo/worlds/pick_and_place_balls.world
[1.118s] -- Installing: /home/harshit/arm_vla_ws/install/akabot_gazebo/share/akabot_gazebo/worlds/pick_and_place.world
[1.118s] -- Installing: /home/harshit/arm_vla_ws/install/akabot_gazebo/share/akabot_gazebo/worlds/test.world
[1.118s] -- Installing: /home/harshit/arm_vla_ws/install/akabot_gazebo/share/ament_index/resource_index/package_run_dependencies/akabot_gazebo
[1.118s] -- Installing: /home/harshit/arm_vla_ws/install/akabot_gazebo/share/ament_index/resource_index/parent_prefix_path/akabot_gazebo
[1.119s] -- Installing: /home/harshit/arm_vla_ws/install/akabot_gazebo/share/akabot_gazebo/environment/ament_prefix_path.sh
[1.119s] -- Installing: /home/harshit/arm_vla_ws/install/akabot_gazebo/share/akabot_gazebo/environment/ament_prefix_path.dsv
[1.119s] -- Installing: /home/harshit/arm_vla_ws/install/akabot_gazebo/share/akabot_gazebo/environment/path.sh
[1.119s] -- Installing: /home/harshit/arm_vla_ws/install/akabot_gazebo/share/akabot_gazebo/environment/path.dsv
[1.120s] -- Installing: /home/harshit/arm_vla_ws/install/akabot_gazebo/share/akabot_gazebo/local_setup.bash
[1.120s] -- Installing: /home/harshit/arm_vla_ws/install/akabot_gazebo/share/akabot_gazebo/local_setup.sh
[1.120s] -- Installing: /home/harshit/arm_vla_ws/install/akabot_gazebo/share/akabot_gazebo/local_setup.zsh
[1.120s] -- Installing: /home/harshit/arm_vla_ws/install/akabot_gazebo/share/akabot_gazebo/local_setup.dsv
[1.121s] -- Installing: /home/harshit/arm_vla_ws/install/akabot_gazebo/share/akabot_gazebo/package.dsv
[1.121s] -- Installing: /home/harshit/arm_vla_ws/install/akabot_gazebo/share/ament_index/resource_index/packages/akabot_gazebo
[1.121s] -- Installing: /home/harshit/arm_vla_ws/install/akabot_gazebo/share/akabot_gazebo/cmake/akabot_gazeboConfig.cmake
[1.121s] -- Installing: /home/harshit/arm_vla_ws/install/akabot_gazebo/share/akabot_gazebo/cmake/akabot_gazeboConfig-version.cmake
[1.122s] -- Installing: /home/harshit/arm_vla_ws/install/akabot_gazebo/share/akabot_gazebo/package.xml
[1.147s] Invoked command in '/home/harshit/arm_vla_ws/build/akabot_gazebo' returned '0': CMAKE_PREFIX_PATH=${CMAKE_PREFIX_PATH}:/home/harshit/arm_vla_ws/install/arm_vla_pkg:/home/harshit/arm_vla_ws/install/akabot_control:/home/harshit/colcon_ws/install/eyantra_solution:/opt/ros/humble /usr/bin/cmake --install /home/harshit/arm_vla_ws/build/akabot_gazebo
