[0.027s] Invoking command in '/home/aditya/Vishwakarma_awards/build/akabot_bringup': CMAKE_PREFIX_PATH=${CMAKE_PREFIX_PATH}:/home/aditya/Vishwakarma_awards/install/arm_vla_pkg:/home/aditya/Vishwakarma_awards/install/akabot_control:/opt/ros/humble /usr/bin/cmake --build /home/aditya/Vishwakarma_awards/build/akabot_bringup -- -j28 -l28
[0.392s] Invoked command in '/home/aditya/Vishwakarma_awards/build/akabot_bringup' returned '0': CMAKE_PREFIX_PATH=${CMAKE_PREFIX_PATH}:/home/aditya/Vishwakarma_awards/install/arm_vla_pkg:/home/aditya/Vishwakarma_awards/install/akabot_control:/opt/ros/humble /usr/bin/cmake --build /home/aditya/Vishwakarma_awards/build/akabot_bringup -- -j28 -l28
[0.413s] Invoking command in '/home/aditya/Vishwakarma_awards/build/akabot_bringup': CMAKE_PREFIX_PATH=${CMAKE_PREFIX_PATH}:/home/aditya/Vishwakarma_awards/install/arm_vla_pkg:/home/aditya/Vishwakarma_awards/install/akabot_control:/opt/ros/humble /usr/bin/cmake --install /home/aditya/Vishwakarma_awards/build/akabot_bringup
[0.434s] -- Install configuration: ""
[0.434s] -- Up-to-date: /home/aditya/Vishwakarma_awards/install/akabot_bringup/share/akabot_bringup/config
[0.434s] -- Up-to-date: /home/aditya/Vishwakarma_awards/install/akabot_bringup/share/akabot_bringup/config/ros2_controllers.yaml
[0.435s] -- Up-to-date: /home/aditya/Vishwakarma_awards/install/akabot_bringup/share/ament_index/resource_index/package_run_dependencies/akabot_bringup
[0.435s] -- Up-to-date: /home/aditya/Vishwakarma_awards/install/akabot_bringup/share/ament_index/resource_index/parent_prefix_path/akabot_bringup
[0.435s] -- Up-to-date: /home/aditya/Vishwakarma_awards/install/akabot_bringup/share/akabot_bringup/environment/ament_prefix_path.sh
[0.436s] -- Up-to-date: /home/aditya/Vishwakarma_awards/install/akabot_bringup/share/akabot_bringup/environment/ament_prefix_path.dsv
[0.437s] -- Up-to-date: /home/aditya/Vishwakarma_awards/install/akabot_bringup/share/akabot_bringup/environment/path.sh
[0.438s] -- Up-to-date: /home/aditya/Vishwakarma_awards/install/akabot_bringup/share/akabot_bringup/environment/path.dsv
[0.438s] -- Up-to-date: /home/aditya/Vishwakarma_awards/install/akabot_bringup/share/akabot_bringup/local_setup.bash
[0.438s] -- Up-to-date: /home/aditya/Vishwakarma_awards/install/akabot_bringup/share/akabot_bringup/local_setup.sh
[0.439s] -- Up-to-date: /home/aditya/Vishwakarma_awards/install/akabot_bringup/share/akabot_bringup/local_setup.zsh
[0.439s] -- Up-to-date: /home/aditya/Vishwakarma_awards/install/akabot_bringup/share/akabot_bringup/local_setup.dsv
[0.439s] -- Installing: /home/aditya/Vishwakarma_awards/install/akabot_bringup/share/akabot_bringup/package.dsv
[0.439s] -- Up-to-date: /home/aditya/Vishwakarma_awards/install/akabot_bringup/share/ament_index/resource_index/packages/akabot_bringup
[0.439s] -- Up-to-date: /home/aditya/Vishwakarma_awards/install/akabot_bringup/share/akabot_bringup/cmake/akabot_bringupConfig.cmake
[0.440s] -- Up-to-date: /home/aditya/Vishwakarma_awards/install/akabot_bringup/share/akabot_bringup/cmake/akabot_bringupConfig-version.cmake
[0.440s] -- Up-to-date: /home/aditya/Vishwakarma_awards/install/akabot_bringup/share/akabot_bringup/package.xml
[0.447s] Invoked command in '/home/aditya/Vishwakarma_awards/build/akabot_bringup' returned '0': CMAKE_PREFIX_PATH=${CMAKE_PREFIX_PATH}:/home/aditya/Vishwakarma_awards/install/arm_vla_pkg:/home/aditya/Vishwakarma_awards/install/akabot_control:/opt/ros/humble /usr/bin/cmake --install /home/aditya/Vishwakarma_awards/build/akabot_bringup
