running egg_info
creating ../../build/arm_vla_pkg/arm_vla_pkg.egg-info
writing ../../build/arm_vla_pkg/arm_vla_pkg.egg-info/PKG-INFO
writing dependency_links to ../../build/arm_vla_pkg/arm_vla_pkg.egg-info/dependency_links.txt
writing entry points to ../../build/arm_vla_pkg/arm_vla_pkg.egg-info/entry_points.txt
writing requirements to ../../build/arm_vla_pkg/arm_vla_pkg.egg-info/requires.txt
writing top-level names to ../../build/arm_vla_pkg/arm_vla_pkg.egg-info/top_level.txt
writing manifest file '../../build/arm_vla_pkg/arm_vla_pkg.egg-info/SOURCES.txt'
reading manifest file '../../build/arm_vla_pkg/arm_vla_pkg.egg-info/SOURCES.txt'
writing manifest file '../../build/arm_vla_pkg/arm_vla_pkg.egg-info/SOURCES.txt'
running build
running build_py
creating /home/harshit/arm_vla_ws/build/arm_vla_pkg/build
creating /home/harshit/arm_vla_ws/build/arm_vla_pkg/build/lib
creating /home/harshit/arm_vla_ws/build/arm_vla_pkg/build/lib/arm_vla_pkg
copying arm_vla_pkg/__init__.py -> /home/harshit/arm_vla_ws/build/arm_vla_pkg/build/lib/arm_vla_pkg
creating /home/harshit/arm_vla_ws/build/arm_vla_pkg/build/lib/arm_vla_pkg/nodes
copying arm_vla_pkg/nodes/brain_node.py -> /home/harshit/arm_vla_ws/build/arm_vla_pkg/build/lib/arm_vla_pkg/nodes
copying arm_vla_pkg/nodes/speech_node.py -> /home/harshit/arm_vla_ws/build/arm_vla_pkg/build/lib/arm_vla_pkg/nodes
copying arm_vla_pkg/nodes/__init__.py -> /home/harshit/arm_vla_ws/build/arm_vla_pkg/build/lib/arm_vla_pkg/nodes
copying arm_vla_pkg/nodes/action_node.py -> /home/harshit/arm_vla_ws/build/arm_vla_pkg/build/lib/arm_vla_pkg/nodes
copying arm_vla_pkg/nodes/vision_node.py -> /home/harshit/arm_vla_ws/build/arm_vla_pkg/build/lib/arm_vla_pkg/nodes
running install
running install_lib
creating /home/harshit/arm_vla_ws/install/arm_vla_pkg/lib/python3.10/site-packages/arm_vla_pkg
copying /home/harshit/arm_vla_ws/build/arm_vla_pkg/build/lib/arm_vla_pkg/__init__.py -> /home/harshit/arm_vla_ws/install/arm_vla_pkg/lib/python3.10/site-packages/arm_vla_pkg
creating /home/harshit/arm_vla_ws/install/arm_vla_pkg/lib/python3.10/site-packages/arm_vla_pkg/nodes
copying /home/harshit/arm_vla_ws/build/arm_vla_pkg/build/lib/arm_vla_pkg/nodes/brain_node.py -> /home/harshit/arm_vla_ws/install/arm_vla_pkg/lib/python3.10/site-packages/arm_vla_pkg/nodes
copying /home/harshit/arm_vla_ws/build/arm_vla_pkg/build/lib/arm_vla_pkg/nodes/speech_node.py -> /home/harshit/arm_vla_ws/install/arm_vla_pkg/lib/python3.10/site-packages/arm_vla_pkg/nodes
copying /home/harshit/arm_vla_ws/build/arm_vla_pkg/build/lib/arm_vla_pkg/nodes/__init__.py -> /home/harshit/arm_vla_ws/install/arm_vla_pkg/lib/python3.10/site-packages/arm_vla_pkg/nodes
copying /home/harshit/arm_vla_ws/build/arm_vla_pkg/build/lib/arm_vla_pkg/nodes/action_node.py -> /home/harshit/arm_vla_ws/install/arm_vla_pkg/lib/python3.10/site-packages/arm_vla_pkg/nodes
copying /home/harshit/arm_vla_ws/build/arm_vla_pkg/build/lib/arm_vla_pkg/nodes/vision_node.py -> /home/harshit/arm_vla_ws/install/arm_vla_pkg/lib/python3.10/site-packages/arm_vla_pkg/nodes
byte-compiling /home/harshit/arm_vla_ws/install/arm_vla_pkg/lib/python3.10/site-packages/arm_vla_pkg/__init__.py to __init__.cpython-310.pyc
byte-compiling /home/harshit/arm_vla_ws/install/arm_vla_pkg/lib/python3.10/site-packages/arm_vla_pkg/nodes/brain_node.py to brain_node.cpython-310.pyc
byte-compiling /home/harshit/arm_vla_ws/install/arm_vla_pkg/lib/python3.10/site-packages/arm_vla_pkg/nodes/speech_node.py to speech_node.cpython-310.pyc
byte-compiling /home/harshit/arm_vla_ws/install/arm_vla_pkg/lib/python3.10/site-packages/arm_vla_pkg/nodes/__init__.py to __init__.cpython-310.pyc
byte-compiling /home/harshit/arm_vla_ws/install/arm_vla_pkg/lib/python3.10/site-packages/arm_vla_pkg/nodes/action_node.py to action_node.cpython-310.pyc
byte-compiling /home/harshit/arm_vla_ws/install/arm_vla_pkg/lib/python3.10/site-packages/arm_vla_pkg/nodes/vision_node.py to vision_node.cpython-310.pyc
running install_data
creating /home/harshit/arm_vla_ws/install/arm_vla_pkg/share/ament_index
creating /home/harshit/arm_vla_ws/install/arm_vla_pkg/share/ament_index/resource_index
creating /home/harshit/arm_vla_ws/install/arm_vla_pkg/share/ament_index/resource_index/packages
copying resource/arm_vla_pkg -> /home/harshit/arm_vla_ws/install/arm_vla_pkg/share/ament_index/resource_index/packages
copying package.xml -> /home/harshit/arm_vla_ws/install/arm_vla_pkg/share/arm_vla_pkg
creating /home/harshit/arm_vla_ws/install/arm_vla_pkg/share/arm_vla_pkg/launch
copying launch/vla_main.launch.py -> /home/harshit/arm_vla_ws/install/arm_vla_pkg/share/arm_vla_pkg/launch
running install_egg_info
Copying ../../build/arm_vla_pkg/arm_vla_pkg.egg-info to /home/harshit/arm_vla_ws/install/arm_vla_pkg/lib/python3.10/site-packages/arm_vla_pkg-0.0.0-py3.10.egg-info
running install_scripts
Installing action_node script to /home/harshit/arm_vla_ws/install/arm_vla_pkg/lib/arm_vla_pkg
Installing brain_node script to /home/harshit/arm_vla_ws/install/arm_vla_pkg/lib/arm_vla_pkg
Installing speech_node script to /home/harshit/arm_vla_ws/install/arm_vla_pkg/lib/arm_vla_pkg
Installing vision_node script to /home/harshit/arm_vla_ws/install/arm_vla_pkg/lib/arm_vla_pkg
writing list of installed files to '/home/harshit/arm_vla_ws/build/arm_vla_pkg/install.log'
