[0.779s] Invoking command in '/home/aditya/Vishwakarma_awards/src/arm_vla_pkg': PYTHONPATH=/home/aditya/Vishwakarma_awards/build/arm_vla_pkg/prefix_override:/usr/lib/python3/dist-packages/colcon_core/task/python/colcon_distutils_commands:/home/aditya/Vishwakarma_awards/install/arm_vla_pkg/lib/python3.10/site-packages:${PYTHONPATH} /usr/bin/python3 -W ignore:setup.py install is deprecated -W ignore:easy_install command is deprecated setup.py egg_info --egg-base ../../build/arm_vla_pkg build --build-base /home/aditya/Vishwakarma_awards/build/arm_vla_pkg/build install --record /home/aditya/Vishwakarma_awards/build/arm_vla_pkg/install.log --single-version-externally-managed install_data
[1.071s] running egg_info
[1.072s] creating ../../build/arm_vla_pkg/arm_vla_pkg.egg-info
[1.072s] writing ../../build/arm_vla_pkg/arm_vla_pkg.egg-info/PKG-INFO
[1.072s] writing dependency_links to ../../build/arm_vla_pkg/arm_vla_pkg.egg-info/dependency_links.txt
[1.073s] writing entry points to ../../build/arm_vla_pkg/arm_vla_pkg.egg-info/entry_points.txt
[1.073s] writing requirements to ../../build/arm_vla_pkg/arm_vla_pkg.egg-info/requires.txt
[1.073s] writing top-level names to ../../build/arm_vla_pkg/arm_vla_pkg.egg-info/top_level.txt
[1.073s] writing manifest file '../../build/arm_vla_pkg/arm_vla_pkg.egg-info/SOURCES.txt'
[1.075s] reading manifest file '../../build/arm_vla_pkg/arm_vla_pkg.egg-info/SOURCES.txt'
[1.076s] writing manifest file '../../build/arm_vla_pkg/arm_vla_pkg.egg-info/SOURCES.txt'
[1.076s] running build
[1.076s] running build_py
[1.076s] creating /home/aditya/Vishwakarma_awards/build/arm_vla_pkg/build
[1.076s] creating /home/aditya/Vishwakarma_awards/build/arm_vla_pkg/build/lib
[1.076s] creating /home/aditya/Vishwakarma_awards/build/arm_vla_pkg/build/lib/arm_vla_pkg
[1.076s] copying arm_vla_pkg/__init__.py -> /home/aditya/Vishwakarma_awards/build/arm_vla_pkg/build/lib/arm_vla_pkg
[1.076s] creating /home/aditya/Vishwakarma_awards/build/arm_vla_pkg/build/lib/arm_vla_pkg/nodes
[1.076s] copying arm_vla_pkg/nodes/speech_node.py -> /home/aditya/Vishwakarma_awards/build/arm_vla_pkg/build/lib/arm_vla_pkg/nodes
[1.077s] copying arm_vla_pkg/nodes/brain_node.py -> /home/aditya/Vishwakarma_awards/build/arm_vla_pkg/build/lib/arm_vla_pkg/nodes
[1.077s] copying arm_vla_pkg/nodes/action_node.py -> /home/aditya/Vishwakarma_awards/build/arm_vla_pkg/build/lib/arm_vla_pkg/nodes
[1.077s] copying arm_vla_pkg/nodes/vision_node.py -> /home/aditya/Vishwakarma_awards/build/arm_vla_pkg/build/lib/arm_vla_pkg/nodes
[1.077s] copying arm_vla_pkg/nodes/__init__.py -> /home/aditya/Vishwakarma_awards/build/arm_vla_pkg/build/lib/arm_vla_pkg/nodes
[1.077s] running install
[1.077s] running install_lib
[1.079s] creating /home/aditya/Vishwakarma_awards/install/arm_vla_pkg/lib/python3.10/site-packages/arm_vla_pkg
[1.079s] creating /home/aditya/Vishwakarma_awards/install/arm_vla_pkg/lib/python3.10/site-packages/arm_vla_pkg/nodes
[1.080s] copying /home/aditya/Vishwakarma_awards/build/arm_vla_pkg/build/lib/arm_vla_pkg/nodes/speech_node.py -> /home/aditya/Vishwakarma_awards/install/arm_vla_pkg/lib/python3.10/site-packages/arm_vla_pkg/nodes
[1.080s] copying /home/aditya/Vishwakarma_awards/build/arm_vla_pkg/build/lib/arm_vla_pkg/nodes/brain_node.py -> /home/aditya/Vishwakarma_awards/install/arm_vla_pkg/lib/python3.10/site-packages/arm_vla_pkg/nodes
[1.080s] copying /home/aditya/Vishwakarma_awards/build/arm_vla_pkg/build/lib/arm_vla_pkg/nodes/action_node.py -> /home/aditya/Vishwakarma_awards/install/arm_vla_pkg/lib/python3.10/site-packages/arm_vla_pkg/nodes
[1.080s] copying /home/aditya/Vishwakarma_awards/build/arm_vla_pkg/build/lib/arm_vla_pkg/nodes/vision_node.py -> /home/aditya/Vishwakarma_awards/install/arm_vla_pkg/lib/python3.10/site-packages/arm_vla_pkg/nodes
[1.080s] copying /home/aditya/Vishwakarma_awards/build/arm_vla_pkg/build/lib/arm_vla_pkg/nodes/__init__.py -> /home/aditya/Vishwakarma_awards/install/arm_vla_pkg/lib/python3.10/site-packages/arm_vla_pkg/nodes
[1.080s] copying /home/aditya/Vishwakarma_awards/build/arm_vla_pkg/build/lib/arm_vla_pkg/__init__.py -> /home/aditya/Vishwakarma_awards/install/arm_vla_pkg/lib/python3.10/site-packages/arm_vla_pkg
[1.080s] byte-compiling /home/aditya/Vishwakarma_awards/install/arm_vla_pkg/lib/python3.10/site-packages/arm_vla_pkg/nodes/speech_node.py to speech_node.cpython-310.pyc
[1.081s] byte-compiling /home/aditya/Vishwakarma_awards/install/arm_vla_pkg/lib/python3.10/site-packages/arm_vla_pkg/nodes/brain_node.py to brain_node.cpython-310.pyc
[1.082s] byte-compiling /home/aditya/Vishwakarma_awards/install/arm_vla_pkg/lib/python3.10/site-packages/arm_vla_pkg/nodes/action_node.py to action_node.cpython-310.pyc
[1.083s] byte-compiling /home/aditya/Vishwakarma_awards/install/arm_vla_pkg/lib/python3.10/site-packages/arm_vla_pkg/nodes/vision_node.py to vision_node.cpython-310.pyc
[1.084s] byte-compiling /home/aditya/Vishwakarma_awards/install/arm_vla_pkg/lib/python3.10/site-packages/arm_vla_pkg/nodes/__init__.py to __init__.cpython-310.pyc
[1.084s] byte-compiling /home/aditya/Vishwakarma_awards/install/arm_vla_pkg/lib/python3.10/site-packages/arm_vla_pkg/__init__.py to __init__.cpython-310.pyc
[1.084s] running install_data
[1.084s] creating /home/aditya/Vishwakarma_awards/install/arm_vla_pkg/share/ament_index
[1.085s] creating /home/aditya/Vishwakarma_awards/install/arm_vla_pkg/share/ament_index/resource_index
[1.085s] creating /home/aditya/Vishwakarma_awards/install/arm_vla_pkg/share/ament_index/resource_index/packages
[1.085s] copying resource/arm_vla_pkg -> /home/aditya/Vishwakarma_awards/install/arm_vla_pkg/share/ament_index/resource_index/packages
[1.085s] copying package.xml -> /home/aditya/Vishwakarma_awards/install/arm_vla_pkg/share/arm_vla_pkg
[1.085s] creating /home/aditya/Vishwakarma_awards/install/arm_vla_pkg/share/arm_vla_pkg/launch
[1.085s] copying launch/vla_main.launch.py -> /home/aditya/Vishwakarma_awards/install/arm_vla_pkg/share/arm_vla_pkg/launch
[1.085s] running install_egg_info
[1.087s] Copying ../../build/arm_vla_pkg/arm_vla_pkg.egg-info to /home/aditya/Vishwakarma_awards/install/arm_vla_pkg/lib/python3.10/site-packages/arm_vla_pkg-0.0.0-py3.10.egg-info
[1.088s] running install_scripts
[1.114s] Installing action_node script to /home/aditya/Vishwakarma_awards/install/arm_vla_pkg/lib/arm_vla_pkg
[1.115s] Installing brain_node script to /home/aditya/Vishwakarma_awards/install/arm_vla_pkg/lib/arm_vla_pkg
[1.115s] Installing speech_node script to /home/aditya/Vishwakarma_awards/install/arm_vla_pkg/lib/arm_vla_pkg
[1.115s] Installing vision_node script to /home/aditya/Vishwakarma_awards/install/arm_vla_pkg/lib/arm_vla_pkg
[1.115s] writing list of installed files to '/home/aditya/Vishwakarma_awards/build/arm_vla_pkg/install.log'
[1.146s] Invoked command in '/home/aditya/Vishwakarma_awards/src/arm_vla_pkg' returned '0': PYTHONPATH=/home/aditya/Vishwakarma_awards/build/arm_vla_pkg/prefix_override:/usr/lib/python3/dist-packages/colcon_core/task/python/colcon_distutils_commands:/home/aditya/Vishwakarma_awards/install/arm_vla_pkg/lib/python3.10/site-packages:${PYTHONPATH} /usr/bin/python3 -W ignore:setup.py install is deprecated -W ignore:easy_install command is deprecated setup.py egg_info --egg-base ../../build/arm_vla_pkg build --build-base /home/aditya/Vishwakarma_awards/build/arm_vla_pkg/build install --record /home/aditya/Vishwakarma_awards/build/arm_vla_pkg/install.log --single-version-externally-managed install_data
