[0.170s] DEBUG:colcon:Command line arguments: ['/usr/bin/colcon', 'build']
[0.171s] DEBUG:colcon:Parsed command line arguments: Namespace(log_base=None, log_level=None, verb_name='build', build_base='build', install_base='install', merge_install=False, symlink_install=False, test_result_base=None, continue_on_error=False, executor='parallel', parallel_workers=28, event_handlers=None, ignore_user_meta=False, metas=['./colcon.meta'], base_paths=['.'], packages_ignore=None, packages_ignore_regex=None, paths=None, packages_up_to=None, packages_up_to_regex=None, packages_above=None, packages_above_and_dependencies=None, packages_above_depth=None, packages_select_by_dep=None, packages_skip_by_dep=None, packages_skip_up_to=None, packages_select_build_failed=False, packages_skip_build_finished=False, packages_select_test_failures=False, packages_skip_test_passed=False, packages_select=None, packages_skip=None, packages_select_regex=None, packages_skip_regex=None, packages_start=None, packages_end=None, allow_overriding=[], cmake_args=None, cmake_target=None, cmake_target_skip_unavailable=False, cmake_clean_cache=False, cmake_clean_first=False, cmake_force_configure=False, ament_cmake_args=None, catkin_cmake_args=None, catkin_skip_building_tests=False, mixin_files=None, mixin=None, verb_parser=<colcon_mixin.mixin.mixin_argument.MixinArgumentDecorator object at 0x72279d459de0>, verb_extension=<colcon_core.verb.build.BuildVerb object at 0x72279d4597e0>, main=<bound method BuildVerb.main of <colcon_core.verb.build.BuildVerb object at 0x72279d4597e0>>, mixin_verb=('build',))
[0.347s] Level 1:colcon.colcon_core.package_discovery:discover_packages(colcon_meta) check parameters
[0.347s] Level 1:colcon.colcon_core.package_discovery:discover_packages(recursive) check parameters
[0.347s] Level 1:colcon.colcon_core.package_discovery:discover_packages(ignore) check parameters
[0.347s] Level 1:colcon.colcon_core.package_discovery:discover_packages(path) check parameters
[0.347s] Level 1:colcon.colcon_core.package_discovery:discover_packages(colcon_meta) discover
[0.348s] Level 1:colcon.colcon_core.package_discovery:discover_packages(recursive) discover
[0.348s] INFO:colcon.colcon_core.package_discovery:Crawling recursively for packages in '/home/aditya/Vishwakarma_awards'
[0.348s] Level 1:colcon.colcon_core.package_identification:_identify(.) by extensions ['ignore', 'ignore_ament_install']
[0.348s] Level 1:colcon.colcon_core.package_identification:_identify(.) by extension 'ignore'
[0.348s] Level 1:colcon.colcon_core.package_identification:_identify(.) by extension 'ignore_ament_install'
[0.348s] Level 1:colcon.colcon_core.package_identification:_identify(.) by extensions ['colcon_pkg']
[0.348s] Level 1:colcon.colcon_core.package_identification:_identify(.) by extension 'colcon_pkg'
[0.348s] Level 1:colcon.colcon_core.package_identification:_identify(.) by extensions ['colcon_meta']
[0.348s] Level 1:colcon.colcon_core.package_identification:_identify(.) by extension 'colcon_meta'
[0.348s] Level 1:colcon.colcon_core.package_identification:_identify(.) by extensions ['ros']
[0.348s] Level 1:colcon.colcon_core.package_identification:_identify(.) by extension 'ros'
[0.361s] Level 1:colcon.colcon_core.package_identification:_identify(.) by extensions ['cmake', 'python']
[0.361s] Level 1:colcon.colcon_core.package_identification:_identify(.) by extension 'cmake'
[0.361s] Level 1:colcon.colcon_core.package_identification:_identify(.) by extension 'python'
[0.361s] Level 1:colcon.colcon_core.package_identification:_identify(.) by extensions ['python_setup_py']
[0.361s] Level 1:colcon.colcon_core.package_identification:_identify(.) by extension 'python_setup_py'
[0.361s] Level 1:colcon.colcon_core.package_identification:_identify(build) by extensions ['ignore', 'ignore_ament_install']
[0.361s] Level 1:colcon.colcon_core.package_identification:_identify(build) by extension 'ignore'
[0.361s] Level 1:colcon.colcon_core.package_identification:_identify(build) ignored
[0.362s] Level 1:colcon.colcon_core.package_identification:_identify(install) by extensions ['ignore', 'ignore_ament_install']
[0.362s] Level 1:colcon.colcon_core.package_identification:_identify(install) by extension 'ignore'
[0.362s] Level 1:colcon.colcon_core.package_identification:_identify(install) ignored
[0.362s] Level 1:colcon.colcon_core.package_identification:_identify(log) by extensions ['ignore', 'ignore_ament_install']
[0.362s] Level 1:colcon.colcon_core.package_identification:_identify(log) by extension 'ignore'
[0.362s] Level 1:colcon.colcon_core.package_identification:_identify(log) ignored
[0.362s] Level 1:colcon.colcon_core.package_identification:_identify(modelfiles) by extensions ['ignore', 'ignore_ament_install']
[0.362s] Level 1:colcon.colcon_core.package_identification:_identify(modelfiles) by extension 'ignore'
[0.362s] Level 1:colcon.colcon_core.package_identification:_identify(modelfiles) by extension 'ignore_ament_install'
[0.362s] Level 1:colcon.colcon_core.package_identification:_identify(modelfiles) by extensions ['colcon_pkg']
[0.362s] Level 1:colcon.colcon_core.package_identification:_identify(modelfiles) by extension 'colcon_pkg'
[0.362s] Level 1:colcon.colcon_core.package_identification:_identify(modelfiles) by extensions ['colcon_meta']
[0.362s] Level 1:colcon.colcon_core.package_identification:_identify(modelfiles) by extension 'colcon_meta'
[0.362s] Level 1:colcon.colcon_core.package_identification:_identify(modelfiles) by extensions ['ros']
[0.362s] Level 1:colcon.colcon_core.package_identification:_identify(modelfiles) by extension 'ros'
[0.362s] Level 1:colcon.colcon_core.package_identification:_identify(modelfiles) by extensions ['cmake', 'python']
[0.362s] Level 1:colcon.colcon_core.package_identification:_identify(modelfiles) by extension 'cmake'
[0.363s] Level 1:colcon.colcon_core.package_identification:_identify(modelfiles) by extension 'python'
[0.363s] Level 1:colcon.colcon_core.package_identification:_identify(modelfiles) by extensions ['python_setup_py']
[0.363s] Level 1:colcon.colcon_core.package_identification:_identify(modelfiles) by extension 'python_setup_py'
[0.363s] Level 1:colcon.colcon_core.package_identification:_identify(src) by extensions ['ignore', 'ignore_ament_install']
[0.363s] Level 1:colcon.colcon_core.package_identification:_identify(src) by extension 'ignore'
[0.363s] Level 1:colcon.colcon_core.package_identification:_identify(src) by extension 'ignore_ament_install'
[0.363s] Level 1:colcon.colcon_core.package_identification:_identify(src) by extensions ['colcon_pkg']
[0.363s] Level 1:colcon.colcon_core.package_identification:_identify(src) by extension 'colcon_pkg'
[0.363s] Level 1:colcon.colcon_core.package_identification:_identify(src) by extensions ['colcon_meta']
[0.363s] Level 1:colcon.colcon_core.package_identification:_identify(src) by extension 'colcon_meta'
[0.363s] Level 1:colcon.colcon_core.package_identification:_identify(src) by extensions ['ros']
[0.363s] Level 1:colcon.colcon_core.package_identification:_identify(src) by extension 'ros'
[0.363s] Level 1:colcon.colcon_core.package_identification:_identify(src) by extensions ['cmake', 'python']
[0.363s] Level 1:colcon.colcon_core.package_identification:_identify(src) by extension 'cmake'
[0.363s] Level 1:colcon.colcon_core.package_identification:_identify(src) by extension 'python'
[0.363s] Level 1:colcon.colcon_core.package_identification:_identify(src) by extensions ['python_setup_py']
[0.363s] Level 1:colcon.colcon_core.package_identification:_identify(src) by extension 'python_setup_py'
[0.363s] Level 1:colcon.colcon_core.package_identification:_identify(src/akabot_bringup) by extensions ['ignore', 'ignore_ament_install']
[0.363s] Level 1:colcon.colcon_core.package_identification:_identify(src/akabot_bringup) by extension 'ignore'
[0.363s] Level 1:colcon.colcon_core.package_identification:_identify(src/akabot_bringup) by extension 'ignore_ament_install'
[0.364s] Level 1:colcon.colcon_core.package_identification:_identify(src/akabot_bringup) by extensions ['colcon_pkg']
[0.364s] Level 1:colcon.colcon_core.package_identification:_identify(src/akabot_bringup) by extension 'colcon_pkg'
[0.364s] Level 1:colcon.colcon_core.package_identification:_identify(src/akabot_bringup) by extensions ['colcon_meta']
[0.364s] Level 1:colcon.colcon_core.package_identification:_identify(src/akabot_bringup) by extension 'colcon_meta'
[0.364s] Level 1:colcon.colcon_core.package_identification:_identify(src/akabot_bringup) by extensions ['ros']
[0.364s] Level 1:colcon.colcon_core.package_identification:_identify(src/akabot_bringup) by extension 'ros'
[0.366s] DEBUG:colcon.colcon_core.package_identification:Package 'src/akabot_bringup' with type 'ros.ament_cmake' and name 'akabot_bringup'
[0.366s] Level 1:colcon.colcon_core.package_identification:_identify(src/akabot_control) by extensions ['ignore', 'ignore_ament_install']
[0.367s] Level 1:colcon.colcon_core.package_identification:_identify(src/akabot_control) by extension 'ignore'
[0.367s] Level 1:colcon.colcon_core.package_identification:_identify(src/akabot_control) by extension 'ignore_ament_install'
[0.367s] Level 1:colcon.colcon_core.package_identification:_identify(src/akabot_control) by extensions ['colcon_pkg']
[0.367s] Level 1:colcon.colcon_core.package_identification:_identify(src/akabot_control) by extension 'colcon_pkg'
[0.367s] Level 1:colcon.colcon_core.package_identification:_identify(src/akabot_control) by extensions ['colcon_meta']
[0.367s] Level 1:colcon.colcon_core.package_identification:_identify(src/akabot_control) by extension 'colcon_meta'
[0.367s] Level 1:colcon.colcon_core.package_identification:_identify(src/akabot_control) by extensions ['ros']
[0.367s] Level 1:colcon.colcon_core.package_identification:_identify(src/akabot_control) by extension 'ros'
[0.369s] DEBUG:colcon.colcon_core.package_identification:Package 'src/akabot_control' with type 'ros.ament_python' and name 'akabot_control'
[0.369s] Level 1:colcon.colcon_core.package_identification:_identify(src/akabot_description) by extensions ['ignore', 'ignore_ament_install']
[0.369s] Level 1:colcon.colcon_core.package_identification:_identify(src/akabot_description) by extension 'ignore'
[0.369s] Level 1:colcon.colcon_core.package_identification:_identify(src/akabot_description) by extension 'ignore_ament_install'
[0.369s] Level 1:colcon.colcon_core.package_identification:_identify(src/akabot_description) by extensions ['colcon_pkg']
[0.369s] Level 1:colcon.colcon_core.package_identification:_identify(src/akabot_description) by extension 'colcon_pkg'
[0.369s] Level 1:colcon.colcon_core.package_identification:_identify(src/akabot_description) by extensions ['colcon_meta']
[0.369s] Level 1:colcon.colcon_core.package_identification:_identify(src/akabot_description) by extension 'colcon_meta'
[0.369s] Level 1:colcon.colcon_core.package_identification:_identify(src/akabot_description) by extensions ['ros']
[0.369s] Level 1:colcon.colcon_core.package_identification:_identify(src/akabot_description) by extension 'ros'
[0.370s] DEBUG:colcon.colcon_core.package_identification:Package 'src/akabot_description' with type 'ros.ament_cmake' and name 'akabot_description'
[0.370s] Level 1:colcon.colcon_core.package_identification:_identify(src/akabot_gazebo) by extensions ['ignore', 'ignore_ament_install']
[0.370s] Level 1:colcon.colcon_core.package_identification:_identify(src/akabot_gazebo) by extension 'ignore'
[0.370s] Level 1:colcon.colcon_core.package_identification:_identify(src/akabot_gazebo) by extension 'ignore_ament_install'
[0.370s] Level 1:colcon.colcon_core.package_identification:_identify(src/akabot_gazebo) by extensions ['colcon_pkg']
[0.370s] Level 1:colcon.colcon_core.package_identification:_identify(src/akabot_gazebo) by extension 'colcon_pkg'
[0.370s] Level 1:colcon.colcon_core.package_identification:_identify(src/akabot_gazebo) by extensions ['colcon_meta']
[0.370s] Level 1:colcon.colcon_core.package_identification:_identify(src/akabot_gazebo) by extension 'colcon_meta'
[0.370s] Level 1:colcon.colcon_core.package_identification:_identify(src/akabot_gazebo) by extensions ['ros']
[0.370s] Level 1:colcon.colcon_core.package_identification:_identify(src/akabot_gazebo) by extension 'ros'
[0.371s] DEBUG:colcon.colcon_core.package_identification:Package 'src/akabot_gazebo' with type 'ros.ament_cmake' and name 'akabot_gazebo'
[0.371s] Level 1:colcon.colcon_core.package_identification:_identify(src/akabot_moveit_config) by extensions ['ignore', 'ignore_ament_install']
[0.371s] Level 1:colcon.colcon_core.package_identification:_identify(src/akabot_moveit_config) by extension 'ignore'
[0.371s] Level 1:colcon.colcon_core.package_identification:_identify(src/akabot_moveit_config) by extension 'ignore_ament_install'
[0.372s] Level 1:colcon.colcon_core.package_identification:_identify(src/akabot_moveit_config) by extensions ['colcon_pkg']
[0.372s] Level 1:colcon.colcon_core.package_identification:_identify(src/akabot_moveit_config) by extension 'colcon_pkg'
[0.372s] Level 1:colcon.colcon_core.package_identification:_identify(src/akabot_moveit_config) by extensions ['colcon_meta']
[0.372s] Level 1:colcon.colcon_core.package_identification:_identify(src/akabot_moveit_config) by extension 'colcon_meta'
[0.372s] Level 1:colcon.colcon_core.package_identification:_identify(src/akabot_moveit_config) by extensions ['ros']
[0.372s] Level 1:colcon.colcon_core.package_identification:_identify(src/akabot_moveit_config) by extension 'ros'
[0.373s] DEBUG:colcon.colcon_core.package_identification:Package 'src/akabot_moveit_config' with type 'ros.ament_cmake' and name 'akabot_moveit_config'
[0.373s] Level 1:colcon.colcon_core.package_identification:_identify(src/arm_vla_pkg) by extensions ['ignore', 'ignore_ament_install']
[0.373s] Level 1:colcon.colcon_core.package_identification:_identify(src/arm_vla_pkg) by extension 'ignore'
[0.373s] Level 1:colcon.colcon_core.package_identification:_identify(src/arm_vla_pkg) by extension 'ignore_ament_install'
[0.373s] Level 1:colcon.colcon_core.package_identification:_identify(src/arm_vla_pkg) by extensions ['colcon_pkg']
[0.373s] Level 1:colcon.colcon_core.package_identification:_identify(src/arm_vla_pkg) by extension 'colcon_pkg'
[0.373s] Level 1:colcon.colcon_core.package_identification:_identify(src/arm_vla_pkg) by extensions ['colcon_meta']
[0.373s] Level 1:colcon.colcon_core.package_identification:_identify(src/arm_vla_pkg) by extension 'colcon_meta'
[0.373s] Level 1:colcon.colcon_core.package_identification:_identify(src/arm_vla_pkg) by extensions ['ros']
[0.373s] Level 1:colcon.colcon_core.package_identification:_identify(src/arm_vla_pkg) by extension 'ros'
[0.374s] DEBUG:colcon.colcon_core.package_identification:Package 'src/arm_vla_pkg' with type 'ros.ament_python' and name 'arm_vla_pkg'
[0.374s] Level 1:colcon.colcon_core.package_discovery:discover_packages(recursive) using defaults
[0.374s] Level 1:colcon.colcon_core.package_discovery:discover_packages(ignore) discover
[0.374s] Level 1:colcon.colcon_core.package_discovery:discover_packages(ignore) using defaults
[0.374s] Level 1:colcon.colcon_core.package_discovery:discover_packages(path) discover
[0.374s] Level 1:colcon.colcon_core.package_discovery:discover_packages(path) using defaults
[0.420s] Level 1:colcon.colcon_core.package_discovery:discover_packages(prefix_path) check parameters
[0.420s] Level 1:colcon.colcon_core.package_discovery:discover_packages(prefix_path) discover
[0.428s] DEBUG:colcon.colcon_installed_package_information.package_discovery:Found 375 installed packages in /opt/ros/humble
[0.431s] Level 1:colcon.colcon_core.package_discovery:discover_packages(prefix_path) using defaults
[0.484s] Level 5:colcon.colcon_core.verb:set package 'akabot_bringup' build argument 'cmake_args' from command line to 'None'
[0.484s] Level 5:colcon.colcon_core.verb:set package 'akabot_bringup' build argument 'cmake_target' from command line to 'None'
[0.484s] Level 5:colcon.colcon_core.verb:set package 'akabot_bringup' build argument 'cmake_target_skip_unavailable' from command line to 'False'
[0.484s] Level 5:colcon.colcon_core.verb:set package 'akabot_bringup' build argument 'cmake_clean_cache' from command line to 'False'
[0.484s] Level 5:colcon.colcon_core.verb:set package 'akabot_bringup' build argument 'cmake_clean_first' from command line to 'False'
[0.484s] Level 5:colcon.colcon_core.verb:set package 'akabot_bringup' build argument 'cmake_force_configure' from command line to 'False'
[0.484s] Level 5:colcon.colcon_core.verb:set package 'akabot_bringup' build argument 'ament_cmake_args' from command line to 'None'
[0.484s] Level 5:colcon.colcon_core.verb:set package 'akabot_bringup' build argument 'catkin_cmake_args' from command line to 'None'
[0.484s] Level 5:colcon.colcon_core.verb:set package 'akabot_bringup' build argument 'catkin_skip_building_tests' from command line to 'False'
[0.484s] DEBUG:colcon.colcon_core.verb:Building package 'akabot_bringup' with the following arguments: {'ament_cmake_args': None, 'build_base': '/home/aditya/Vishwakarma_awards/build/akabot_bringup', 'catkin_cmake_args': None, 'catkin_skip_building_tests': False, 'cmake_args': None, 'cmake_clean_cache': False, 'cmake_clean_first': False, 'cmake_force_configure': False, 'cmake_target': None, 'cmake_target_skip_unavailable': False, 'install_base': '/home/aditya/Vishwakarma_awards/install/akabot_bringup', 'merge_install': False, 'path': '/home/aditya/Vishwakarma_awards/src/akabot_bringup', 'symlink_install': False, 'test_result_base': None}
[0.485s] Level 5:colcon.colcon_core.verb:set package 'akabot_description' build argument 'cmake_args' from command line to 'None'
[0.485s] Level 5:colcon.colcon_core.verb:set package 'akabot_description' build argument 'cmake_target' from command line to 'None'
[0.485s] Level 5:colcon.colcon_core.verb:set package 'akabot_description' build argument 'cmake_target_skip_unavailable' from command line to 'False'
[0.485s] Level 5:colcon.colcon_core.verb:set package 'akabot_description' build argument 'cmake_clean_cache' from command line to 'False'
[0.485s] Level 5:colcon.colcon_core.verb:set package 'akabot_description' build argument 'cmake_clean_first' from command line to 'False'
[0.485s] Level 5:colcon.colcon_core.verb:set package 'akabot_description' build argument 'cmake_force_configure' from command line to 'False'
[0.485s] Level 5:colcon.colcon_core.verb:set package 'akabot_description' build argument 'ament_cmake_args' from command line to 'None'
[0.485s] Level 5:colcon.colcon_core.verb:set package 'akabot_description' build argument 'catkin_cmake_args' from command line to 'None'
[0.485s] Level 5:colcon.colcon_core.verb:set package 'akabot_description' build argument 'catkin_skip_building_tests' from command line to 'False'
[0.485s] DEBUG:colcon.colcon_core.verb:Building package 'akabot_description' with the following arguments: {'ament_cmake_args': None, 'build_base': '/home/aditya/Vishwakarma_awards/build/akabot_description', 'catkin_cmake_args': None, 'catkin_skip_building_tests': False, 'cmake_args': None, 'cmake_clean_cache': False, 'cmake_clean_first': False, 'cmake_force_configure': False, 'cmake_target': None, 'cmake_target_skip_unavailable': False, 'install_base': '/home/aditya/Vishwakarma_awards/install/akabot_description', 'merge_install': False, 'path': '/home/aditya/Vishwakarma_awards/src/akabot_description', 'symlink_install': False, 'test_result_base': None}
[0.485s] Level 5:colcon.colcon_core.verb:set package 'akabot_gazebo' build argument 'cmake_args' from command line to 'None'
[0.485s] Level 5:colcon.colcon_core.verb:set package 'akabot_gazebo' build argument 'cmake_target' from command line to 'None'
[0.485s] Level 5:colcon.colcon_core.verb:set package 'akabot_gazebo' build argument 'cmake_target_skip_unavailable' from command line to 'False'
[0.485s] Level 5:colcon.colcon_core.verb:set package 'akabot_gazebo' build argument 'cmake_clean_cache' from command line to 'False'
[0.485s] Level 5:colcon.colcon_core.verb:set package 'akabot_gazebo' build argument 'cmake_clean_first' from command line to 'False'
[0.486s] Level 5:colcon.colcon_core.verb:set package 'akabot_gazebo' build argument 'cmake_force_configure' from command line to 'False'
[0.486s] Level 5:colcon.colcon_core.verb:set package 'akabot_gazebo' build argument 'ament_cmake_args' from command line to 'None'
[0.486s] Level 5:colcon.colcon_core.verb:set package 'akabot_gazebo' build argument 'catkin_cmake_args' from command line to 'None'
[0.486s] Level 5:colcon.colcon_core.verb:set package 'akabot_gazebo' build argument 'catkin_skip_building_tests' from command line to 'False'
[0.486s] DEBUG:colcon.colcon_core.verb:Building package 'akabot_gazebo' with the following arguments: {'ament_cmake_args': None, 'build_base': '/home/aditya/Vishwakarma_awards/build/akabot_gazebo', 'catkin_cmake_args': None, 'catkin_skip_building_tests': False, 'cmake_args': None, 'cmake_clean_cache': False, 'cmake_clean_first': False, 'cmake_force_configure': False, 'cmake_target': None, 'cmake_target_skip_unavailable': False, 'install_base': '/home/aditya/Vishwakarma_awards/install/akabot_gazebo', 'merge_install': False, 'path': '/home/aditya/Vishwakarma_awards/src/akabot_gazebo', 'symlink_install': False, 'test_result_base': None}
[0.486s] Level 5:colcon.colcon_core.verb:set package 'arm_vla_pkg' build argument 'cmake_args' from command line to 'None'
[0.486s] Level 5:colcon.colcon_core.verb:set package 'arm_vla_pkg' build argument 'cmake_target' from command line to 'None'
[0.486s] Level 5:colcon.colcon_core.verb:set package 'arm_vla_pkg' build argument 'cmake_target_skip_unavailable' from command line to 'False'
[0.486s] Level 5:colcon.colcon_core.verb:set package 'arm_vla_pkg' build argument 'cmake_clean_cache' from command line to 'False'
[0.486s] Level 5:colcon.colcon_core.verb:set package 'arm_vla_pkg' build argument 'cmake_clean_first' from command line to 'False'
[0.486s] Level 5:colcon.colcon_core.verb:set package 'arm_vla_pkg' build argument 'cmake_force_configure' from command line to 'False'
[0.486s] Level 5:colcon.colcon_core.verb:set package 'arm_vla_pkg' build argument 'ament_cmake_args' from command line to 'None'
[0.486s] Level 5:colcon.colcon_core.verb:set package 'arm_vla_pkg' build argument 'catkin_cmake_args' from command line to 'None'
[0.486s] Level 5:colcon.colcon_core.verb:set package 'arm_vla_pkg' build argument 'catkin_skip_building_tests' from command line to 'False'
[0.486s] DEBUG:colcon.colcon_core.verb:Building package 'arm_vla_pkg' with the following arguments: {'ament_cmake_args': None, 'build_base': '/home/aditya/Vishwakarma_awards/build/arm_vla_pkg', 'catkin_cmake_args': None, 'catkin_skip_building_tests': False, 'cmake_args': None, 'cmake_clean_cache': False, 'cmake_clean_first': False, 'cmake_force_configure': False, 'cmake_target': None, 'cmake_target_skip_unavailable': False, 'install_base': '/home/aditya/Vishwakarma_awards/install/arm_vla_pkg', 'merge_install': False, 'path': '/home/aditya/Vishwakarma_awards/src/arm_vla_pkg', 'symlink_install': False, 'test_result_base': None}
[0.487s] Level 5:colcon.colcon_core.verb:set package 'akabot_moveit_config' build argument 'cmake_args' from command line to 'None'
[0.487s] Level 5:colcon.colcon_core.verb:set package 'akabot_moveit_config' build argument 'cmake_target' from command line to 'None'
[0.487s] Level 5:colcon.colcon_core.verb:set package 'akabot_moveit_config' build argument 'cmake_target_skip_unavailable' from command line to 'False'
[0.487s] Level 5:colcon.colcon_core.verb:set package 'akabot_moveit_config' build argument 'cmake_clean_cache' from command line to 'False'
[0.487s] Level 5:colcon.colcon_core.verb:set package 'akabot_moveit_config' build argument 'cmake_clean_first' from command line to 'False'
[0.487s] Level 5:colcon.colcon_core.verb:set package 'akabot_moveit_config' build argument 'cmake_force_configure' from command line to 'False'
[0.487s] Level 5:colcon.colcon_core.verb:set package 'akabot_moveit_config' build argument 'ament_cmake_args' from command line to 'None'
[0.487s] Level 5:colcon.colcon_core.verb:set package 'akabot_moveit_config' build argument 'catkin_cmake_args' from command line to 'None'
[0.487s] Level 5:colcon.colcon_core.verb:set package 'akabot_moveit_config' build argument 'catkin_skip_building_tests' from command line to 'False'
[0.487s] DEBUG:colcon.colcon_core.verb:Building package 'akabot_moveit_config' with the following arguments: {'ament_cmake_args': None, 'build_base': '/home/aditya/Vishwakarma_awards/build/akabot_moveit_config', 'catkin_cmake_args': None, 'catkin_skip_building_tests': False, 'cmake_args': None, 'cmake_clean_cache': False, 'cmake_clean_first': False, 'cmake_force_configure': False, 'cmake_target': None, 'cmake_target_skip_unavailable': False, 'install_base': '/home/aditya/Vishwakarma_awards/install/akabot_moveit_config', 'merge_install': False, 'path': '/home/aditya/Vishwakarma_awards/src/akabot_moveit_config', 'symlink_install': False, 'test_result_base': None}
[0.487s] Level 5:colcon.colcon_core.verb:set package 'akabot_control' build argument 'cmake_args' from command line to 'None'
[0.487s] Level 5:colcon.colcon_core.verb:set package 'akabot_control' build argument 'cmake_target' from command line to 'None'
[0.487s] Level 5:colcon.colcon_core.verb:set package 'akabot_control' build argument 'cmake_target_skip_unavailable' from command line to 'False'
[0.487s] Level 5:colcon.colcon_core.verb:set package 'akabot_control' build argument 'cmake_clean_cache' from command line to 'False'
[0.487s] Level 5:colcon.colcon_core.verb:set package 'akabot_control' build argument 'cmake_clean_first' from command line to 'False'
[0.487s] Level 5:colcon.colcon_core.verb:set package 'akabot_control' build argument 'cmake_force_configure' from command line to 'False'
[0.487s] Level 5:colcon.colcon_core.verb:set package 'akabot_control' build argument 'ament_cmake_args' from command line to 'None'
[0.487s] Level 5:colcon.colcon_core.verb:set package 'akabot_control' build argument 'catkin_cmake_args' from command line to 'None'
[0.487s] Level 5:colcon.colcon_core.verb:set package 'akabot_control' build argument 'catkin_skip_building_tests' from command line to 'False'
[0.487s] DEBUG:colcon.colcon_core.verb:Building package 'akabot_control' with the following arguments: {'ament_cmake_args': None, 'build_base': '/home/aditya/Vishwakarma_awards/build/akabot_control', 'catkin_cmake_args': None, 'catkin_skip_building_tests': False, 'cmake_args': None, 'cmake_clean_cache': False, 'cmake_clean_first': False, 'cmake_force_configure': False, 'cmake_target': None, 'cmake_target_skip_unavailable': False, 'install_base': '/home/aditya/Vishwakarma_awards/install/akabot_control', 'merge_install': False, 'path': '/home/aditya/Vishwakarma_awards/src/akabot_control', 'symlink_install': False, 'test_result_base': None}
[0.488s] INFO:colcon.colcon_core.executor:Executing jobs using 'parallel' executor
[0.489s] DEBUG:colcon.colcon_parallel_executor.executor.parallel:run_until_complete
[0.489s] INFO:colcon.colcon_ros.task.ament_cmake.build:Building ROS package in '/home/aditya/Vishwakarma_awards/src/akabot_description' with build type 'ament_cmake'
[0.489s] INFO:colcon.colcon_cmake.task.cmake.build:Building CMake package in '/home/aditya/Vishwakarma_awards/src/akabot_description'
[0.493s] INFO:colcon.colcon_core.plugin_system:Skipping extension 'colcon_core.shell.bat': Not used on non-Windows systems
[0.493s] INFO:colcon.colcon_core.shell:Skip shell extension 'powershell' for command environment: Not usable outside of PowerShell
[0.493s] DEBUG:colcon.colcon_core.shell:Skip shell extension 'dsv' for command environment
[0.498s] INFO:colcon.colcon_ros.task.ament_cmake.build:Building ROS package in '/home/aditya/Vishwakarma_awards/src/akabot_bringup' with build type 'ament_cmake'
[0.499s] INFO:colcon.colcon_cmake.task.cmake.build:Building CMake package in '/home/aditya/Vishwakarma_awards/src/akabot_bringup'
[0.499s] INFO:colcon.colcon_core.shell:Skip shell extension 'powershell' for command environment: Not usable outside of PowerShell
[0.499s] DEBUG:colcon.colcon_core.shell:Skip shell extension 'dsv' for command environment
[0.503s] INFO:colcon.colcon_ros.task.ament_cmake.build:Building ROS package in '/home/aditya/Vishwakarma_awards/src/akabot_gazebo' with build type 'ament_cmake'
[0.503s] INFO:colcon.colcon_cmake.task.cmake.build:Building CMake package in '/home/aditya/Vishwakarma_awards/src/akabot_gazebo'
[0.504s] INFO:colcon.colcon_core.shell:Skip shell extension 'powershell' for command environment: Not usable outside of PowerShell
[0.504s] DEBUG:colcon.colcon_core.shell:Skip shell extension 'dsv' for command environment
[0.508s] INFO:colcon.colcon_ros.task.ament_python.build:Building ROS package in '/home/aditya/Vishwakarma_awards/src/arm_vla_pkg' with build type 'ament_python'
[0.508s] Level 1:colcon.colcon_core.shell:create_environment_hook('arm_vla_pkg', 'ament_prefix_path')
[0.509s] INFO:colcon.colcon_core.shell:Creating environment hook '/home/aditya/Vishwakarma_awards/install/arm_vla_pkg/share/arm_vla_pkg/hook/ament_prefix_path.ps1'
[0.510s] INFO:colcon.colcon_core.shell:Creating environment descriptor '/home/aditya/Vishwakarma_awards/install/arm_vla_pkg/share/arm_vla_pkg/hook/ament_prefix_path.dsv'
[0.511s] INFO:colcon.colcon_core.shell:Creating environment hook '/home/aditya/Vishwakarma_awards/install/arm_vla_pkg/share/arm_vla_pkg/hook/ament_prefix_path.sh'
[0.512s] INFO:colcon.colcon_core.shell:Skip shell extension 'powershell' for command environment: Not usable outside of PowerShell
[0.512s] DEBUG:colcon.colcon_core.shell:Skip shell extension 'dsv' for command environment
[0.521s] DEBUG:colcon.colcon_core.event_handler.log_command:Invoking command in '/home/aditya/Vishwakarma_awards/build/akabot_description': CMAKE_PREFIX_PATH=/opt/ros/humble /usr/bin/cmake --build /home/aditya/Vishwakarma_awards/build/akabot_description -- -j28 -l28
[0.526s] DEBUG:colcon.colcon_core.event_handler.log_command:Invoking command in '/home/aditya/Vishwakarma_awards/build/akabot_bringup': CMAKE_PREFIX_PATH=/opt/ros/humble /usr/bin/cmake --build /home/aditya/Vishwakarma_awards/build/akabot_bringup -- -j28 -l28
[0.528s] DEBUG:colcon.colcon_core.event_handler.log_command:Invoking command in '/home/aditya/Vishwakarma_awards/build/akabot_gazebo': CMAKE_PREFIX_PATH=/opt/ros/humble /usr/bin/cmake --build /home/aditya/Vishwakarma_awards/build/akabot_gazebo -- -j28 -l28
[0.868s] INFO:colcon.colcon_core.task.python.build:Building Python package in '/home/aditya/Vishwakarma_awards/src/arm_vla_pkg'
[0.868s] INFO:colcon.colcon_core.shell:Skip shell extension 'powershell' for command environment: Not usable outside of PowerShell
[0.868s] DEBUG:colcon.colcon_core.shell:Skip shell extension 'dsv' for command environment
[0.875s] DEBUG:colcon.colcon_core.event_handler.log_command:Invoked command in '/home/aditya/Vishwakarma_awards/build/akabot_gazebo' returned '0': CMAKE_PREFIX_PATH=/opt/ros/humble /usr/bin/cmake --build /home/aditya/Vishwakarma_awards/build/akabot_gazebo -- -j28 -l28
[0.886s] DEBUG:colcon.colcon_core.event_handler.log_command:Invoking command in '/home/aditya/Vishwakarma_awards/build/akabot_gazebo': CMAKE_PREFIX_PATH=/opt/ros/humble /usr/bin/cmake --install /home/aditya/Vishwakarma_awards/build/akabot_gazebo
[0.886s] DEBUG:colcon.colcon_core.event_handler.log_command:Invoked command in '/home/aditya/Vishwakarma_awards/build/akabot_bringup' returned '0': CMAKE_PREFIX_PATH=/opt/ros/humble /usr/bin/cmake --build /home/aditya/Vishwakarma_awards/build/akabot_bringup -- -j28 -l28
[0.888s] DEBUG:colcon.colcon_core.event_handler.log_command:Invoking command in '/home/aditya/Vishwakarma_awards/build/akabot_bringup': CMAKE_PREFIX_PATH=/opt/ros/humble /usr/bin/cmake --install /home/aditya/Vishwakarma_awards/build/akabot_bringup
[0.888s] DEBUG:colcon.colcon_core.event_handler.log_command:Invoked command in '/home/aditya/Vishwakarma_awards/build/akabot_description' returned '0': CMAKE_PREFIX_PATH=/opt/ros/humble /usr/bin/cmake --build /home/aditya/Vishwakarma_awards/build/akabot_description -- -j28 -l28
[0.890s] DEBUG:colcon.colcon_core.event_handler.log_command:Invoking command in '/home/aditya/Vishwakarma_awards/build/akabot_description': CMAKE_PREFIX_PATH=/opt/ros/humble /usr/bin/cmake --install /home/aditya/Vishwakarma_awards/build/akabot_description
[0.902s] Level 1:colcon.colcon_core.environment:create_environment_scripts_only(akabot_gazebo)
[0.908s] DEBUG:colcon.colcon_core.event_handler.log_command:Invoked command in '/home/aditya/Vishwakarma_awards/build/akabot_gazebo' returned '0': CMAKE_PREFIX_PATH=/opt/ros/humble /usr/bin/cmake --install /home/aditya/Vishwakarma_awards/build/akabot_gazebo
[0.913s] Level 1:colcon.colcon_core.environment:checking '/home/aditya/Vishwakarma_awards/install/akabot_gazebo' for CMake module files
[0.914s] Level 1:colcon.colcon_core.environment:checking '/home/aditya/Vishwakarma_awards/install/akabot_gazebo' for CMake config files
[0.915s] Level 1:colcon.colcon_core.shell:create_environment_hook('akabot_gazebo', 'cmake_prefix_path')
[0.915s] INFO:colcon.colcon_core.shell:Creating environment hook '/home/aditya/Vishwakarma_awards/install/akabot_gazebo/share/akabot_gazebo/hook/cmake_prefix_path.ps1'
[0.916s] INFO:colcon.colcon_core.shell:Creating environment descriptor '/home/aditya/Vishwakarma_awards/install/akabot_gazebo/share/akabot_gazebo/hook/cmake_prefix_path.dsv'
[0.917s] INFO:colcon.colcon_core.shell:Creating environment hook '/home/aditya/Vishwakarma_awards/install/akabot_gazebo/share/akabot_gazebo/hook/cmake_prefix_path.sh'
[0.918s] Level 1:colcon.colcon_core.environment:checking '/home/aditya/Vishwakarma_awards/install/akabot_gazebo/bin'
[0.918s] Level 1:colcon.colcon_core.environment:checking '/home/aditya/Vishwakarma_awards/install/akabot_gazebo/lib/pkgconfig/akabot_gazebo.pc'
[0.918s] Level 1:colcon.colcon_core.environment:checking '/home/aditya/Vishwakarma_awards/install/akabot_gazebo/lib/python3.10/site-packages'
[0.919s] Level 1:colcon.colcon_core.environment:checking '/home/aditya/Vishwakarma_awards/install/akabot_gazebo/bin'
[0.920s] INFO:colcon.colcon_core.shell:Creating package script '/home/aditya/Vishwakarma_awards/install/akabot_gazebo/share/akabot_gazebo/package.ps1'
[0.921s] INFO:colcon.colcon_core.shell:Creating package descriptor '/home/aditya/Vishwakarma_awards/install/akabot_gazebo/share/akabot_gazebo/package.dsv'
[0.922s] INFO:colcon.colcon_core.shell:Creating package script '/home/aditya/Vishwakarma_awards/install/akabot_gazebo/share/akabot_gazebo/package.sh'
[0.924s] INFO:colcon.colcon_core.shell:Creating package script '/home/aditya/Vishwakarma_awards/install/akabot_gazebo/share/akabot_gazebo/package.bash'
[0.926s] INFO:colcon.colcon_core.shell:Creating package script '/home/aditya/Vishwakarma_awards/install/akabot_gazebo/share/akabot_gazebo/package.zsh'
[0.928s] Level 1:colcon.colcon_core.environment:create_file_with_runtime_dependencies(/home/aditya/Vishwakarma_awards/install/akabot_gazebo/share/colcon-core/packages/akabot_gazebo)
[0.928s] Level 1:colcon.colcon_core.environment:create_environment_scripts_only(akabot_gazebo)
[0.929s] Level 1:colcon.colcon_core.environment:checking '/home/aditya/Vishwakarma_awards/install/akabot_gazebo' for CMake module files
[0.929s] Level 1:colcon.colcon_core.environment:checking '/home/aditya/Vishwakarma_awards/install/akabot_gazebo' for CMake config files
[0.930s] Level 1:colcon.colcon_core.shell:create_environment_hook('akabot_gazebo', 'cmake_prefix_path')
[0.930s] INFO:colcon.colcon_core.shell:Creating environment hook '/home/aditya/Vishwakarma_awards/install/akabot_gazebo/share/akabot_gazebo/hook/cmake_prefix_path.ps1'
[0.931s] INFO:colcon.colcon_core.shell:Creating environment descriptor '/home/aditya/Vishwakarma_awards/install/akabot_gazebo/share/akabot_gazebo/hook/cmake_prefix_path.dsv'
[0.931s] INFO:colcon.colcon_core.shell:Creating environment hook '/home/aditya/Vishwakarma_awards/install/akabot_gazebo/share/akabot_gazebo/hook/cmake_prefix_path.sh'
[0.932s] Level 1:colcon.colcon_core.environment:checking '/home/aditya/Vishwakarma_awards/install/akabot_gazebo/bin'
[0.932s] Level 1:colcon.colcon_core.environment:checking '/home/aditya/Vishwakarma_awards/install/akabot_gazebo/lib/pkgconfig/akabot_gazebo.pc'
[0.932s] Level 1:colcon.colcon_core.environment:checking '/home/aditya/Vishwakarma_awards/install/akabot_gazebo/lib/python3.10/site-packages'
[0.933s] Level 1:colcon.colcon_core.environment:checking '/home/aditya/Vishwakarma_awards/install/akabot_gazebo/bin'
[0.933s] INFO:colcon.colcon_core.shell:Creating package script '/home/aditya/Vishwakarma_awards/install/akabot_gazebo/share/akabot_gazebo/package.ps1'
[0.934s] INFO:colcon.colcon_core.shell:Creating package descriptor '/home/aditya/Vishwakarma_awards/install/akabot_gazebo/share/akabot_gazebo/package.dsv'
[0.934s] INFO:colcon.colcon_core.shell:Creating package script '/home/aditya/Vishwakarma_awards/install/akabot_gazebo/share/akabot_gazebo/package.sh'
[0.935s] INFO:colcon.colcon_core.shell:Creating package script '/home/aditya/Vishwakarma_awards/install/akabot_gazebo/share/akabot_gazebo/package.bash'
[0.935s] INFO:colcon.colcon_core.shell:Creating package script '/home/aditya/Vishwakarma_awards/install/akabot_gazebo/share/akabot_gazebo/package.zsh'
[0.936s] Level 1:colcon.colcon_core.environment:create_file_with_runtime_dependencies(/home/aditya/Vishwakarma_awards/install/akabot_gazebo/share/colcon-core/packages/akabot_gazebo)
[0.937s] Level 1:colcon.colcon_core.environment:create_environment_scripts_only(akabot_bringup)
[0.937s] Level 1:colcon.colcon_core.environment:checking '/home/aditya/Vishwakarma_awards/install/akabot_bringup' for CMake module files
[0.939s] DEBUG:colcon.colcon_core.event_handler.log_command:Invoked command in '/home/aditya/Vishwakarma_awards/build/akabot_bringup' returned '0': CMAKE_PREFIX_PATH=/opt/ros/humble /usr/bin/cmake --install /home/aditya/Vishwakarma_awards/build/akabot_bringup
[0.939s] Level 1:colcon.colcon_core.environment:checking '/home/aditya/Vishwakarma_awards/install/akabot_bringup' for CMake config files
[0.940s] Level 1:colcon.colcon_core.shell:create_environment_hook('akabot_bringup', 'cmake_prefix_path')
[0.940s] INFO:colcon.colcon_core.shell:Creating environment hook '/home/aditya/Vishwakarma_awards/install/akabot_bringup/share/akabot_bringup/hook/cmake_prefix_path.ps1'
[0.941s] INFO:colcon.colcon_core.shell:Creating environment descriptor '/home/aditya/Vishwakarma_awards/install/akabot_bringup/share/akabot_bringup/hook/cmake_prefix_path.dsv'
[0.941s] INFO:colcon.colcon_core.shell:Creating environment hook '/home/aditya/Vishwakarma_awards/install/akabot_bringup/share/akabot_bringup/hook/cmake_prefix_path.sh'
[0.941s] Level 1:colcon.colcon_core.environment:checking '/home/aditya/Vishwakarma_awards/install/akabot_bringup/bin'
[0.942s] Level 1:colcon.colcon_core.environment:checking '/home/aditya/Vishwakarma_awards/install/akabot_bringup/lib/pkgconfig/akabot_bringup.pc'
[0.942s] Level 1:colcon.colcon_core.environment:checking '/home/aditya/Vishwakarma_awards/install/akabot_bringup/lib/python3.10/site-packages'
[0.942s] Level 1:colcon.colcon_core.environment:checking '/home/aditya/Vishwakarma_awards/install/akabot_bringup/bin'
[0.943s] INFO:colcon.colcon_core.shell:Creating package script '/home/aditya/Vishwakarma_awards/install/akabot_bringup/share/akabot_bringup/package.ps1'
[0.943s] INFO:colcon.colcon_core.shell:Creating package descriptor '/home/aditya/Vishwakarma_awards/install/akabot_bringup/share/akabot_bringup/package.dsv'
[0.944s] INFO:colcon.colcon_core.shell:Creating package script '/home/aditya/Vishwakarma_awards/install/akabot_bringup/share/akabot_bringup/package.sh'
[0.944s] INFO:colcon.colcon_core.shell:Creating package script '/home/aditya/Vishwakarma_awards/install/akabot_bringup/share/akabot_bringup/package.bash'
[0.944s] INFO:colcon.colcon_core.shell:Creating package script '/home/aditya/Vishwakarma_awards/install/akabot_bringup/share/akabot_bringup/package.zsh'
[0.945s] Level 1:colcon.colcon_core.environment:create_file_with_runtime_dependencies(/home/aditya/Vishwakarma_awards/install/akabot_bringup/share/colcon-core/packages/akabot_bringup)
[0.945s] Level 1:colcon.colcon_core.environment:create_environment_scripts_only(akabot_bringup)
[0.945s] Level 1:colcon.colcon_core.environment:checking '/home/aditya/Vishwakarma_awards/install/akabot_bringup' for CMake module files
[0.946s] Level 1:colcon.colcon_core.environment:checking '/home/aditya/Vishwakarma_awards/install/akabot_bringup' for CMake config files
[0.946s] Level 1:colcon.colcon_core.shell:create_environment_hook('akabot_bringup', 'cmake_prefix_path')
[0.946s] INFO:colcon.colcon_core.shell:Creating environment hook '/home/aditya/Vishwakarma_awards/install/akabot_bringup/share/akabot_bringup/hook/cmake_prefix_path.ps1'
[0.947s] INFO:colcon.colcon_core.shell:Creating environment descriptor '/home/aditya/Vishwakarma_awards/install/akabot_bringup/share/akabot_bringup/hook/cmake_prefix_path.dsv'
[0.947s] INFO:colcon.colcon_core.shell:Creating environment hook '/home/aditya/Vishwakarma_awards/install/akabot_bringup/share/akabot_bringup/hook/cmake_prefix_path.sh'
[0.948s] Level 1:colcon.colcon_core.environment:checking '/home/aditya/Vishwakarma_awards/install/akabot_bringup/bin'
[0.948s] Level 1:colcon.colcon_core.environment:checking '/home/aditya/Vishwakarma_awards/install/akabot_bringup/lib/pkgconfig/akabot_bringup.pc'
[0.948s] Level 1:colcon.colcon_core.environment:checking '/home/aditya/Vishwakarma_awards/install/akabot_bringup/lib/python3.10/site-packages'
[0.948s] Level 1:colcon.colcon_core.environment:checking '/home/aditya/Vishwakarma_awards/install/akabot_bringup/bin'
[0.949s] INFO:colcon.colcon_core.shell:Creating package script '/home/aditya/Vishwakarma_awards/install/akabot_bringup/share/akabot_bringup/package.ps1'
[0.949s] INFO:colcon.colcon_core.shell:Creating package descriptor '/home/aditya/Vishwakarma_awards/install/akabot_bringup/share/akabot_bringup/package.dsv'
[0.950s] INFO:colcon.colcon_core.shell:Creating package script '/home/aditya/Vishwakarma_awards/install/akabot_bringup/share/akabot_bringup/package.sh'
[0.950s] INFO:colcon.colcon_core.shell:Creating package script '/home/aditya/Vishwakarma_awards/install/akabot_bringup/share/akabot_bringup/package.bash'
[0.951s] INFO:colcon.colcon_core.shell:Creating package script '/home/aditya/Vishwakarma_awards/install/akabot_bringup/share/akabot_bringup/package.zsh'
[0.951s] Level 1:colcon.colcon_core.environment:create_file_with_runtime_dependencies(/home/aditya/Vishwakarma_awards/install/akabot_bringup/share/colcon-core/packages/akabot_bringup)
[0.951s] Level 1:colcon.colcon_core.environment:create_environment_scripts_only(akabot_description)
[0.952s] Level 1:colcon.colcon_core.environment:checking '/home/aditya/Vishwakarma_awards/install/akabot_description' for CMake module files
[0.953s] Level 1:colcon.colcon_core.environment:checking '/home/aditya/Vishwakarma_awards/install/akabot_description' for CMake config files
[0.953s] DEBUG:colcon.colcon_core.event_handler.log_command:Invoked command in '/home/aditya/Vishwakarma_awards/build/akabot_description' returned '0': CMAKE_PREFIX_PATH=/opt/ros/humble /usr/bin/cmake --install /home/aditya/Vishwakarma_awards/build/akabot_description
[0.954s] Level 1:colcon.colcon_core.shell:create_environment_hook('akabot_description', 'cmake_prefix_path')
[0.954s] INFO:colcon.colcon_core.shell:Creating environment hook '/home/aditya/Vishwakarma_awards/install/akabot_description/share/akabot_description/hook/cmake_prefix_path.ps1'
[0.954s] INFO:colcon.colcon_core.shell:Creating environment descriptor '/home/aditya/Vishwakarma_awards/install/akabot_description/share/akabot_description/hook/cmake_prefix_path.dsv'
[0.955s] INFO:colcon.colcon_core.shell:Creating environment hook '/home/aditya/Vishwakarma_awards/install/akabot_description/share/akabot_description/hook/cmake_prefix_path.sh'
[0.955s] Level 1:colcon.colcon_core.environment:checking '/home/aditya/Vishwakarma_awards/install/akabot_description/bin'
[0.955s] Level 1:colcon.colcon_core.environment:checking '/home/aditya/Vishwakarma_awards/install/akabot_description/lib/pkgconfig/akabot_description.pc'
[0.956s] Level 1:colcon.colcon_core.environment:checking '/home/aditya/Vishwakarma_awards/install/akabot_description/lib/python3.10/site-packages'
[0.956s] Level 1:colcon.colcon_core.environment:checking '/home/aditya/Vishwakarma_awards/install/akabot_description/bin'
[0.957s] INFO:colcon.colcon_core.shell:Creating package script '/home/aditya/Vishwakarma_awards/install/akabot_description/share/akabot_description/package.ps1'
[0.958s] INFO:colcon.colcon_core.shell:Creating package descriptor '/home/aditya/Vishwakarma_awards/install/akabot_description/share/akabot_description/package.dsv'
[0.958s] INFO:colcon.colcon_core.shell:Creating package script '/home/aditya/Vishwakarma_awards/install/akabot_description/share/akabot_description/package.sh'
[0.959s] INFO:colcon.colcon_core.shell:Creating package script '/home/aditya/Vishwakarma_awards/install/akabot_description/share/akabot_description/package.bash'
[0.959s] INFO:colcon.colcon_core.shell:Creating package script '/home/aditya/Vishwakarma_awards/install/akabot_description/share/akabot_description/package.zsh'
[0.959s] Level 1:colcon.colcon_core.environment:create_file_with_runtime_dependencies(/home/aditya/Vishwakarma_awards/install/akabot_description/share/colcon-core/packages/akabot_description)
[0.960s] Level 1:colcon.colcon_core.environment:create_environment_scripts_only(akabot_description)
[0.960s] Level 1:colcon.colcon_core.environment:checking '/home/aditya/Vishwakarma_awards/install/akabot_description' for CMake module files
[0.961s] Level 1:colcon.colcon_core.environment:checking '/home/aditya/Vishwakarma_awards/install/akabot_description' for CMake config files
[0.961s] Level 1:colcon.colcon_core.shell:create_environment_hook('akabot_description', 'cmake_prefix_path')
[0.962s] INFO:colcon.colcon_core.shell:Creating environment hook '/home/aditya/Vishwakarma_awards/install/akabot_description/share/akabot_description/hook/cmake_prefix_path.ps1'
[0.962s] INFO:colcon.colcon_core.shell:Creating environment descriptor '/home/aditya/Vishwakarma_awards/install/akabot_description/share/akabot_description/hook/cmake_prefix_path.dsv'
[0.963s] INFO:colcon.colcon_core.shell:Creating environment hook '/home/aditya/Vishwakarma_awards/install/akabot_description/share/akabot_description/hook/cmake_prefix_path.sh'
[0.963s] Level 1:colcon.colcon_core.environment:checking '/home/aditya/Vishwakarma_awards/install/akabot_description/bin'
[0.963s] Level 1:colcon.colcon_core.environment:checking '/home/aditya/Vishwakarma_awards/install/akabot_description/lib/pkgconfig/akabot_description.pc'
[0.964s] Level 1:colcon.colcon_core.environment:checking '/home/aditya/Vishwakarma_awards/install/akabot_description/lib/python3.10/site-packages'
[0.964s] Level 1:colcon.colcon_core.environment:checking '/home/aditya/Vishwakarma_awards/install/akabot_description/bin'
[0.965s] INFO:colcon.colcon_core.shell:Creating package script '/home/aditya/Vishwakarma_awards/install/akabot_description/share/akabot_description/package.ps1'
[0.965s] INFO:colcon.colcon_core.shell:Creating package descriptor '/home/aditya/Vishwakarma_awards/install/akabot_description/share/akabot_description/package.dsv'
[0.966s] INFO:colcon.colcon_core.shell:Creating package script '/home/aditya/Vishwakarma_awards/install/akabot_description/share/akabot_description/package.sh'
[0.966s] INFO:colcon.colcon_core.shell:Creating package script '/home/aditya/Vishwakarma_awards/install/akabot_description/share/akabot_description/package.bash'
[0.967s] INFO:colcon.colcon_core.shell:Creating package script '/home/aditya/Vishwakarma_awards/install/akabot_description/share/akabot_description/package.zsh'
[0.967s] Level 1:colcon.colcon_core.environment:create_file_with_runtime_dependencies(/home/aditya/Vishwakarma_awards/install/akabot_description/share/colcon-core/packages/akabot_description)
[0.968s] INFO:colcon.colcon_ros.task.ament_cmake.build:Building ROS package in '/home/aditya/Vishwakarma_awards/src/akabot_moveit_config' with build type 'ament_cmake'
[0.968s] INFO:colcon.colcon_cmake.task.cmake.build:Building CMake package in '/home/aditya/Vishwakarma_awards/src/akabot_moveit_config'
[0.968s] INFO:colcon.colcon_core.shell:Skip shell extension 'powershell' for command environment: Not usable outside of PowerShell
[0.968s] DEBUG:colcon.colcon_core.shell:Skip shell extension 'dsv' for command environment
[0.981s] DEBUG:colcon.colcon_core.event_handler.log_command:Invoking command in '/home/aditya/Vishwakarma_awards/build/akabot_moveit_config': AMENT_PREFIX_PATH=/home/aditya/Vishwakarma_awards/install/akabot_description:${AMENT_PREFIX_PATH} CMAKE_PREFIX_PATH=/home/aditya/Vishwakarma_awards/install/akabot_description:/opt/ros/humble /usr/bin/cmake --build /home/aditya/Vishwakarma_awards/build/akabot_moveit_config -- -j28 -l28
[1.031s] DEBUG:colcon.colcon_core.event_handler.log_command:Invoked command in '/home/aditya/Vishwakarma_awards/build/akabot_moveit_config' returned '0': AMENT_PREFIX_PATH=/home/aditya/Vishwakarma_awards/install/akabot_description:${AMENT_PREFIX_PATH} CMAKE_PREFIX_PATH=/home/aditya/Vishwakarma_awards/install/akabot_description:/opt/ros/humble /usr/bin/cmake --build /home/aditya/Vishwakarma_awards/build/akabot_moveit_config -- -j28 -l28
[1.034s] DEBUG:colcon.colcon_core.event_handler.log_command:Invoking command in '/home/aditya/Vishwakarma_awards/build/akabot_moveit_config': AMENT_PREFIX_PATH=/home/aditya/Vishwakarma_awards/install/akabot_description:${AMENT_PREFIX_PATH} CMAKE_PREFIX_PATH=/home/aditya/Vishwakarma_awards/install/akabot_description:/opt/ros/humble /usr/bin/cmake --install /home/aditya/Vishwakarma_awards/build/akabot_moveit_config
[1.048s] Level 1:colcon.colcon_core.environment:create_environment_scripts_only(akabot_moveit_config)
[1.048s] DEBUG:colcon.colcon_core.event_handler.log_command:Invoked command in '/home/aditya/Vishwakarma_awards/build/akabot_moveit_config' returned '0': AMENT_PREFIX_PATH=/home/aditya/Vishwakarma_awards/install/akabot_description:${AMENT_PREFIX_PATH} CMAKE_PREFIX_PATH=/home/aditya/Vishwakarma_awards/install/akabot_description:/opt/ros/humble /usr/bin/cmake --install /home/aditya/Vishwakarma_awards/build/akabot_moveit_config
[1.049s] Level 1:colcon.colcon_core.environment:checking '/home/aditya/Vishwakarma_awards/install/akabot_moveit_config' for CMake module files
[1.050s] Level 1:colcon.colcon_core.environment:checking '/home/aditya/Vishwakarma_awards/install/akabot_moveit_config' for CMake config files
[1.050s] Level 1:colcon.colcon_core.shell:create_environment_hook('akabot_moveit_config', 'cmake_prefix_path')
[1.051s] INFO:colcon.colcon_core.shell:Creating environment hook '/home/aditya/Vishwakarma_awards/install/akabot_moveit_config/share/akabot_moveit_config/hook/cmake_prefix_path.ps1'
[1.051s] INFO:colcon.colcon_core.shell:Creating environment descriptor '/home/aditya/Vishwakarma_awards/install/akabot_moveit_config/share/akabot_moveit_config/hook/cmake_prefix_path.dsv'
[1.052s] INFO:colcon.colcon_core.shell:Creating environment hook '/home/aditya/Vishwakarma_awards/install/akabot_moveit_config/share/akabot_moveit_config/hook/cmake_prefix_path.sh'
[1.053s] Level 1:colcon.colcon_core.environment:checking '/home/aditya/Vishwakarma_awards/install/akabot_moveit_config/bin'
[1.053s] Level 1:colcon.colcon_core.environment:checking '/home/aditya/Vishwakarma_awards/install/akabot_moveit_config/lib/pkgconfig/akabot_moveit_config.pc'
[1.053s] Level 1:colcon.colcon_core.environment:checking '/home/aditya/Vishwakarma_awards/install/akabot_moveit_config/lib/python3.10/site-packages'
[1.054s] Level 1:colcon.colcon_core.environment:checking '/home/aditya/Vishwakarma_awards/install/akabot_moveit_config/bin'
[1.054s] INFO:colcon.colcon_core.shell:Creating package script '/home/aditya/Vishwakarma_awards/install/akabot_moveit_config/share/akabot_moveit_config/package.ps1'
[1.055s] INFO:colcon.colcon_core.shell:Creating package descriptor '/home/aditya/Vishwakarma_awards/install/akabot_moveit_config/share/akabot_moveit_config/package.dsv'
[1.055s] INFO:colcon.colcon_core.shell:Creating package script '/home/aditya/Vishwakarma_awards/install/akabot_moveit_config/share/akabot_moveit_config/package.sh'
[1.056s] INFO:colcon.colcon_core.shell:Creating package script '/home/aditya/Vishwakarma_awards/install/akabot_moveit_config/share/akabot_moveit_config/package.bash'
[1.056s] INFO:colcon.colcon_core.shell:Creating package script '/home/aditya/Vishwakarma_awards/install/akabot_moveit_config/share/akabot_moveit_config/package.zsh'
[1.056s] Level 1:colcon.colcon_core.environment:create_file_with_runtime_dependencies(/home/aditya/Vishwakarma_awards/install/akabot_moveit_config/share/colcon-core/packages/akabot_moveit_config)
[1.057s] Level 1:colcon.colcon_core.environment:create_environment_scripts_only(akabot_moveit_config)
[1.057s] Level 1:colcon.colcon_core.environment:checking '/home/aditya/Vishwakarma_awards/install/akabot_moveit_config' for CMake module files
[1.058s] Level 1:colcon.colcon_core.environment:checking '/home/aditya/Vishwakarma_awards/install/akabot_moveit_config' for CMake config files
[1.058s] Level 1:colcon.colcon_core.shell:create_environment_hook('akabot_moveit_config', 'cmake_prefix_path')
[1.058s] INFO:colcon.colcon_core.shell:Creating environment hook '/home/aditya/Vishwakarma_awards/install/akabot_moveit_config/share/akabot_moveit_config/hook/cmake_prefix_path.ps1'
[1.059s] INFO:colcon.colcon_core.shell:Creating environment descriptor '/home/aditya/Vishwakarma_awards/install/akabot_moveit_config/share/akabot_moveit_config/hook/cmake_prefix_path.dsv'
[1.059s] INFO:colcon.colcon_core.shell:Creating environment hook '/home/aditya/Vishwakarma_awards/install/akabot_moveit_config/share/akabot_moveit_config/hook/cmake_prefix_path.sh'
[1.059s] Level 1:colcon.colcon_core.environment:checking '/home/aditya/Vishwakarma_awards/install/akabot_moveit_config/bin'
[1.060s] Level 1:colcon.colcon_core.environment:checking '/home/aditya/Vishwakarma_awards/install/akabot_moveit_config/lib/pkgconfig/akabot_moveit_config.pc'
[1.060s] Level 1:colcon.colcon_core.environment:checking '/home/aditya/Vishwakarma_awards/install/akabot_moveit_config/lib/python3.10/site-packages'
[1.060s] Level 1:colcon.colcon_core.environment:checking '/home/aditya/Vishwakarma_awards/install/akabot_moveit_config/bin'
[1.061s] INFO:colcon.colcon_core.shell:Creating package script '/home/aditya/Vishwakarma_awards/install/akabot_moveit_config/share/akabot_moveit_config/package.ps1'
[1.061s] INFO:colcon.colcon_core.shell:Creating package descriptor '/home/aditya/Vishwakarma_awards/install/akabot_moveit_config/share/akabot_moveit_config/package.dsv'
[1.062s] INFO:colcon.colcon_core.shell:Creating package script '/home/aditya/Vishwakarma_awards/install/akabot_moveit_config/share/akabot_moveit_config/package.sh'
[1.062s] INFO:colcon.colcon_core.shell:Creating package script '/home/aditya/Vishwakarma_awards/install/akabot_moveit_config/share/akabot_moveit_config/package.bash'
[1.063s] INFO:colcon.colcon_core.shell:Creating package script '/home/aditya/Vishwakarma_awards/install/akabot_moveit_config/share/akabot_moveit_config/package.zsh'
[1.063s] Level 1:colcon.colcon_core.environment:create_file_with_runtime_dependencies(/home/aditya/Vishwakarma_awards/install/akabot_moveit_config/share/colcon-core/packages/akabot_moveit_config)
[1.063s] INFO:colcon.colcon_ros.task.ament_python.build:Building ROS package in '/home/aditya/Vishwakarma_awards/src/akabot_control' with build type 'ament_python'
[1.063s] Level 1:colcon.colcon_core.shell:create_environment_hook('akabot_control', 'ament_prefix_path')
[1.064s] INFO:colcon.colcon_core.shell:Creating environment hook '/home/aditya/Vishwakarma_awards/install/akabot_control/share/akabot_control/hook/ament_prefix_path.ps1'
[1.065s] INFO:colcon.colcon_core.shell:Creating environment descriptor '/home/aditya/Vishwakarma_awards/install/akabot_control/share/akabot_control/hook/ament_prefix_path.dsv'
[1.065s] INFO:colcon.colcon_core.shell:Creating environment hook '/home/aditya/Vishwakarma_awards/install/akabot_control/share/akabot_control/hook/ament_prefix_path.sh'
[1.066s] INFO:colcon.colcon_core.shell:Skip shell extension 'powershell' for command environment: Not usable outside of PowerShell
[1.066s] DEBUG:colcon.colcon_core.shell:Skip shell extension 'dsv' for command environment
[1.430s] INFO:colcon.colcon_core.task.python.build:Building Python package in '/home/aditya/Vishwakarma_awards/src/akabot_control'
[1.431s] INFO:colcon.colcon_core.shell:Skip shell extension 'powershell' for command environment: Not usable outside of PowerShell
[1.431s] DEBUG:colcon.colcon_core.shell:Skip shell extension 'dsv' for command environment
[1.438s] DEBUG:colcon.colcon_core.event_handler.log_command:Invoking command in '/home/aditya/Vishwakarma_awards/src/arm_vla_pkg': PYTHONPATH=/home/aditya/Vishwakarma_awards/build/arm_vla_pkg/prefix_override:/usr/lib/python3/dist-packages/colcon_core/task/python/colcon_distutils_commands:/home/aditya/Vishwakarma_awards/install/arm_vla_pkg/lib/python3.10/site-packages:${PYTHONPATH} /usr/bin/python3 -W ignore:setup.py install is deprecated -W ignore:easy_install command is deprecated setup.py egg_info --egg-base ../../build/arm_vla_pkg build --build-base /home/aditya/Vishwakarma_awards/build/arm_vla_pkg/build install --record /home/aditya/Vishwakarma_awards/build/arm_vla_pkg/install.log --single-version-externally-managed install_data
[1.777s] Level 1:colcon.colcon_core.environment:checking '/home/aditya/Vishwakarma_awards/install/arm_vla_pkg' for CMake module files
[1.778s] DEBUG:colcon.colcon_core.event_handler.log_command:Invoked command in '/home/aditya/Vishwakarma_awards/src/arm_vla_pkg' returned '0': PYTHONPATH=/home/aditya/Vishwakarma_awards/build/arm_vla_pkg/prefix_override:/usr/lib/python3/dist-packages/colcon_core/task/python/colcon_distutils_commands:/home/aditya/Vishwakarma_awards/install/arm_vla_pkg/lib/python3.10/site-packages:${PYTHONPATH} /usr/bin/python3 -W ignore:setup.py install is deprecated -W ignore:easy_install command is deprecated setup.py egg_info --egg-base ../../build/arm_vla_pkg build --build-base /home/aditya/Vishwakarma_awards/build/arm_vla_pkg/build install --record /home/aditya/Vishwakarma_awards/build/arm_vla_pkg/install.log --single-version-externally-managed install_data
[1.778s] Level 1:colcon.colcon_core.environment:checking '/home/aditya/Vishwakarma_awards/install/arm_vla_pkg' for CMake config files
[1.779s] Level 1:colcon.colcon_core.environment:checking '/home/aditya/Vishwakarma_awards/install/arm_vla_pkg/lib'
[1.779s] Level 1:colcon.colcon_core.environment:checking '/home/aditya/Vishwakarma_awards/install/arm_vla_pkg/bin'
[1.779s] Level 1:colcon.colcon_core.environment:checking '/home/aditya/Vishwakarma_awards/install/arm_vla_pkg/lib/pkgconfig/arm_vla_pkg.pc'
[1.779s] Level 1:colcon.colcon_core.environment:checking '/home/aditya/Vishwakarma_awards/install/arm_vla_pkg/lib/python3.10/site-packages'
[1.779s] Level 1:colcon.colcon_core.shell:create_environment_hook('arm_vla_pkg', 'pythonpath')
[1.779s] INFO:colcon.colcon_core.shell:Creating environment hook '/home/aditya/Vishwakarma_awards/install/arm_vla_pkg/share/arm_vla_pkg/hook/pythonpath.ps1'
[1.780s] INFO:colcon.colcon_core.shell:Creating environment descriptor '/home/aditya/Vishwakarma_awards/install/arm_vla_pkg/share/arm_vla_pkg/hook/pythonpath.dsv'
[1.780s] INFO:colcon.colcon_core.shell:Creating environment hook '/home/aditya/Vishwakarma_awards/install/arm_vla_pkg/share/arm_vla_pkg/hook/pythonpath.sh'
[1.781s] Level 1:colcon.colcon_core.environment:checking '/home/aditya/Vishwakarma_awards/install/arm_vla_pkg/bin'
[1.781s] Level 1:colcon.colcon_core.environment:create_environment_scripts_only(arm_vla_pkg)
[1.782s] INFO:colcon.colcon_core.shell:Creating package script '/home/aditya/Vishwakarma_awards/install/arm_vla_pkg/share/arm_vla_pkg/package.ps1'
[1.782s] INFO:colcon.colcon_core.shell:Creating package descriptor '/home/aditya/Vishwakarma_awards/install/arm_vla_pkg/share/arm_vla_pkg/package.dsv'
[1.783s] INFO:colcon.colcon_core.shell:Creating package script '/home/aditya/Vishwakarma_awards/install/arm_vla_pkg/share/arm_vla_pkg/package.sh'
[1.783s] INFO:colcon.colcon_core.shell:Creating package script '/home/aditya/Vishwakarma_awards/install/arm_vla_pkg/share/arm_vla_pkg/package.bash'
[1.783s] INFO:colcon.colcon_core.shell:Creating package script '/home/aditya/Vishwakarma_awards/install/arm_vla_pkg/share/arm_vla_pkg/package.zsh'
[1.784s] Level 1:colcon.colcon_core.environment:create_file_with_runtime_dependencies(/home/aditya/Vishwakarma_awards/install/arm_vla_pkg/share/colcon-core/packages/arm_vla_pkg)
[1.879s] DEBUG:colcon.colcon_core.event_handler.log_command:Invoking command in '/home/aditya/Vishwakarma_awards/src/akabot_control': AMENT_PREFIX_PATH=/home/aditya/Vishwakarma_awards/install/akabot_moveit_config:/home/aditya/Vishwakarma_awards/install/akabot_description:${AMENT_PREFIX_PATH} CMAKE_PREFIX_PATH=/home/aditya/Vishwakarma_awards/install/akabot_moveit_config:/home/aditya/Vishwakarma_awards/install/akabot_description PYTHONPATH=/home/aditya/Vishwakarma_awards/build/akabot_control/prefix_override:/usr/lib/python3/dist-packages/colcon_core/task/python/colcon_distutils_commands:/home/aditya/Vishwakarma_awards/install/akabot_control/lib/python3.10/site-packages:${PYTHONPATH} /usr/bin/python3 -W ignore:setup.py install is deprecated -W ignore:easy_install command is deprecated setup.py egg_info --egg-base ../../build/akabot_control build --build-base /home/aditya/Vishwakarma_awards/build/akabot_control/build install --record /home/aditya/Vishwakarma_awards/build/akabot_control/install.log --single-version-externally-managed install_data
[2.204s] Level 1:colcon.colcon_core.environment:checking '/home/aditya/Vishwakarma_awards/install/akabot_control' for CMake module files
[2.204s] DEBUG:colcon.colcon_core.event_handler.log_command:Invoked command in '/home/aditya/Vishwakarma_awards/src/akabot_control' returned '0': AMENT_PREFIX_PATH=/home/aditya/Vishwakarma_awards/install/akabot_moveit_config:/home/aditya/Vishwakarma_awards/install/akabot_description:${AMENT_PREFIX_PATH} CMAKE_PREFIX_PATH=/home/aditya/Vishwakarma_awards/install/akabot_moveit_config:/home/aditya/Vishwakarma_awards/install/akabot_description PYTHONPATH=/home/aditya/Vishwakarma_awards/build/akabot_control/prefix_override:/usr/lib/python3/dist-packages/colcon_core/task/python/colcon_distutils_commands:/home/aditya/Vishwakarma_awards/install/akabot_control/lib/python3.10/site-packages:${PYTHONPATH} /usr/bin/python3 -W ignore:setup.py install is deprecated -W ignore:easy_install command is deprecated setup.py egg_info --egg-base ../../build/akabot_control build --build-base /home/aditya/Vishwakarma_awards/build/akabot_control/build install --record /home/aditya/Vishwakarma_awards/build/akabot_control/install.log --single-version-externally-managed install_data
[2.205s] Level 1:colcon.colcon_core.environment:checking '/home/aditya/Vishwakarma_awards/install/akabot_control' for CMake config files
[2.206s] Level 1:colcon.colcon_core.environment:checking '/home/aditya/Vishwakarma_awards/install/akabot_control/lib'
[2.206s] Level 1:colcon.colcon_core.environment:checking '/home/aditya/Vishwakarma_awards/install/akabot_control/bin'
[2.206s] Level 1:colcon.colcon_core.environment:checking '/home/aditya/Vishwakarma_awards/install/akabot_control/lib/pkgconfig/akabot_control.pc'
[2.206s] Level 1:colcon.colcon_core.environment:checking '/home/aditya/Vishwakarma_awards/install/akabot_control/lib/python3.10/site-packages'
[2.206s] Level 1:colcon.colcon_core.shell:create_environment_hook('akabot_control', 'pythonpath')
[2.206s] INFO:colcon.colcon_core.shell:Creating environment hook '/home/aditya/Vishwakarma_awards/install/akabot_control/share/akabot_control/hook/pythonpath.ps1'
[2.207s] INFO:colcon.colcon_core.shell:Creating environment descriptor '/home/aditya/Vishwakarma_awards/install/akabot_control/share/akabot_control/hook/pythonpath.dsv'
[2.208s] INFO:colcon.colcon_core.shell:Creating environment hook '/home/aditya/Vishwakarma_awards/install/akabot_control/share/akabot_control/hook/pythonpath.sh'
[2.209s] Level 1:colcon.colcon_core.environment:checking '/home/aditya/Vishwakarma_awards/install/akabot_control/bin'
[2.209s] Level 1:colcon.colcon_core.environment:create_environment_scripts_only(akabot_control)
[2.210s] INFO:colcon.colcon_core.shell:Creating package script '/home/aditya/Vishwakarma_awards/install/akabot_control/share/akabot_control/package.ps1'
[2.211s] INFO:colcon.colcon_core.shell:Creating package descriptor '/home/aditya/Vishwakarma_awards/install/akabot_control/share/akabot_control/package.dsv'
[2.211s] INFO:colcon.colcon_core.shell:Creating package script '/home/aditya/Vishwakarma_awards/install/akabot_control/share/akabot_control/package.sh'
[2.212s] INFO:colcon.colcon_core.shell:Creating package script '/home/aditya/Vishwakarma_awards/install/akabot_control/share/akabot_control/package.bash'
[2.213s] INFO:colcon.colcon_core.shell:Creating package script '/home/aditya/Vishwakarma_awards/install/akabot_control/share/akabot_control/package.zsh'
[2.213s] Level 1:colcon.colcon_core.environment:create_file_with_runtime_dependencies(/home/aditya/Vishwakarma_awards/install/akabot_control/share/colcon-core/packages/akabot_control)
[2.214s] DEBUG:colcon.colcon_parallel_executor.executor.parallel:closing loop
[2.214s] DEBUG:colcon.colcon_parallel_executor.executor.parallel:loop closed
[2.214s] DEBUG:colcon.colcon_parallel_executor.executor.parallel:run_until_complete finished with '0'
[2.214s] DEBUG:colcon.colcon_core.event_reactor:joining thread
[2.224s] INFO:colcon.colcon_core.plugin_system:Skipping extension 'colcon_notification.desktop_notification.terminal_notifier': Not used on non-Darwin systems
[2.225s] INFO:colcon.colcon_core.plugin_system:Skipping extension 'colcon_notification.desktop_notification.win32': Not used on non-Windows systems
[2.225s] INFO:colcon.colcon_notification.desktop_notification:Sending desktop notification using 'notify2'
[2.251s] DEBUG:colcon.colcon_core.event_reactor:joined thread
[2.251s] INFO:colcon.colcon_core.shell:Creating prefix script '/home/aditya/Vishwakarma_awards/install/local_setup.ps1'
[2.253s] INFO:colcon.colcon_core.shell:Creating prefix util module '/home/aditya/Vishwakarma_awards/install/_local_setup_util_ps1.py'
[2.256s] INFO:colcon.colcon_core.shell:Creating prefix chain script '/home/aditya/Vishwakarma_awards/install/setup.ps1'
[2.257s] INFO:colcon.colcon_core.shell:Creating prefix script '/home/aditya/Vishwakarma_awards/install/local_setup.sh'
[2.259s] INFO:colcon.colcon_core.shell:Creating prefix util module '/home/aditya/Vishwakarma_awards/install/_local_setup_util_sh.py'
[2.259s] INFO:colcon.colcon_core.shell:Creating prefix chain script '/home/aditya/Vishwakarma_awards/install/setup.sh'
[2.262s] INFO:colcon.colcon_core.shell:Creating prefix script '/home/aditya/Vishwakarma_awards/install/local_setup.bash'
[2.263s] INFO:colcon.colcon_core.shell:Creating prefix chain script '/home/aditya/Vishwakarma_awards/install/setup.bash'
[2.266s] INFO:colcon.colcon_core.shell:Creating prefix script '/home/aditya/Vishwakarma_awards/install/local_setup.zsh'
[2.267s] INFO:colcon.colcon_core.shell:Creating prefix chain script '/home/aditya/Vishwakarma_awards/install/setup.zsh'
