[0.011s] Invoking command in '/home/aditya/Vishwakarma_awards/build/akabot_moveit_config': AMENT_PREFIX_PATH=/home/aditya/Vishwakarma_awards/install/akabot_description:${AMENT_PREFIX_PATH} CMAKE_PREFIX_PATH=/home/aditya/Vishwakarma_awards/install/akabot_description:/opt/ros/humble /usr/bin/cmake /home/aditya/Vishwakarma_awards/src/akabot_moveit_config -DCMAKE_INSTALL_PREFIX=/home/aditya/Vishwakarma_awards/install/akabot_moveit_config
[0.080s] -- The C compiler identification is GNU 11.4.0
[0.155s] -- The CXX compiler identification is GNU 11.4.0
[0.164s] -- Detecting C compiler ABI info
[0.249s] -- Detecting C compiler ABI info - done
[0.258s] -- Check for working C compiler: /usr/bin/cc - skipped
[0.258s] -- Detecting C compile features
[0.259s] -- Detecting C compile features - done
[0.262s] -- Detecting CXX compiler ABI info
[0.364s] -- Detecting CXX compiler ABI info - done
[0.375s] -- Check for working CXX compiler: /usr/bin/c++ - skipped
[0.375s] -- Detecting CXX compile features
[0.376s] -- Detecting CXX compile features - done
[0.379s] -- Found ament_cmake: 1.3.12 (/opt/ros/humble/share/ament_cmake/cmake)
[0.552s] -- Found Python3: /usr/bin/python3 (found version "3.10.12") found components: Interpreter 
[0.709s] -- Configuring done
[0.711s] -- Generating done
[0.712s] -- Build files have been written to: /home/aditya/Vishwakarma_awards/build/akabot_moveit_config
[0.717s] Invoked command in '/home/aditya/Vishwakarma_awards/build/akabot_moveit_config' returned '0': AMENT_PREFIX_PATH=/home/aditya/Vishwakarma_awards/install/akabot_description:${AMENT_PREFIX_PATH} CMAKE_PREFIX_PATH=/home/aditya/Vishwakarma_awards/install/akabot_description:/opt/ros/humble /usr/bin/cmake /home/aditya/Vishwakarma_awards/src/akabot_moveit_config -DCMAKE_INSTALL_PREFIX=/home/aditya/Vishwakarma_awards/install/akabot_moveit_config
[0.718s] Invoking command in '/home/aditya/Vishwakarma_awards/build/akabot_moveit_config': AMENT_PREFIX_PATH=/home/aditya/Vishwakarma_awards/install/akabot_description:${AMENT_PREFIX_PATH} CMAKE_PREFIX_PATH=/home/aditya/Vishwakarma_awards/install/akabot_description:/opt/ros/humble /usr/bin/cmake --build /home/aditya/Vishwakarma_awards/build/akabot_moveit_config -- -j28 -l28
[0.761s] Invoked command in '/home/aditya/Vishwakarma_awards/build/akabot_moveit_config' returned '0': AMENT_PREFIX_PATH=/home/aditya/Vishwakarma_awards/install/akabot_description:${AMENT_PREFIX_PATH} CMAKE_PREFIX_PATH=/home/aditya/Vishwakarma_awards/install/akabot_description:/opt/ros/humble /usr/bin/cmake --build /home/aditya/Vishwakarma_awards/build/akabot_moveit_config -- -j28 -l28
[0.764s] Invoking command in '/home/aditya/Vishwakarma_awards/build/akabot_moveit_config': AMENT_PREFIX_PATH=/home/aditya/Vishwakarma_awards/install/akabot_description:${AMENT_PREFIX_PATH} CMAKE_PREFIX_PATH=/home/aditya/Vishwakarma_awards/install/akabot_description:/opt/ros/humble /usr/bin/cmake --install /home/aditya/Vishwakarma_awards/build/akabot_moveit_config
[0.771s] -- Install configuration: ""
[0.771s] -- Installing: /home/aditya/Vishwakarma_awards/install/akabot_moveit_config/share/ament_index/resource_index/package_run_dependencies/akabot_moveit_config
[0.771s] -- Installing: /home/aditya/Vishwakarma_awards/install/akabot_moveit_config/share/ament_index/resource_index/parent_prefix_path/akabot_moveit_config
[0.772s] -- Installing: /home/aditya/Vishwakarma_awards/install/akabot_moveit_config/share/akabot_moveit_config/environment/ament_prefix_path.sh
[0.772s] -- Installing: /home/aditya/Vishwakarma_awards/install/akabot_moveit_config/share/akabot_moveit_config/environment/ament_prefix_path.dsv
[0.772s] -- Installing: /home/aditya/Vishwakarma_awards/install/akabot_moveit_config/share/akabot_moveit_config/environment/path.sh
[0.772s] -- Installing: /home/aditya/Vishwakarma_awards/install/akabot_moveit_config/share/akabot_moveit_config/environment/path.dsv
[0.772s] -- Installing: /home/aditya/Vishwakarma_awards/install/akabot_moveit_config/share/akabot_moveit_config/local_setup.bash
[0.772s] -- Installing: /home/aditya/Vishwakarma_awards/install/akabot_moveit_config/share/akabot_moveit_config/local_setup.sh
[0.773s] -- Installing: /home/aditya/Vishwakarma_awards/install/akabot_moveit_config/share/akabot_moveit_config/local_setup.zsh
[0.773s] -- Installing: /home/aditya/Vishwakarma_awards/install/akabot_moveit_config/share/akabot_moveit_config/local_setup.dsv
[0.773s] -- Installing: /home/aditya/Vishwakarma_awards/install/akabot_moveit_config/share/akabot_moveit_config/package.dsv
[0.773s] -- Installing: /home/aditya/Vishwakarma_awards/install/akabot_moveit_config/share/ament_index/resource_index/packages/akabot_moveit_config
[0.773s] -- Installing: /home/aditya/Vishwakarma_awards/install/akabot_moveit_config/share/akabot_moveit_config/cmake/akabot_moveit_configConfig.cmake
[0.773s] -- Installing: /home/aditya/Vishwakarma_awards/install/akabot_moveit_config/share/akabot_moveit_config/cmake/akabot_moveit_configConfig-version.cmake
[0.773s] -- Installing: /home/aditya/Vishwakarma_awards/install/akabot_moveit_config/share/akabot_moveit_config/package.xml
[0.773s] -- Installing: /home/aditya/Vishwakarma_awards/install/akabot_moveit_config/share/akabot_moveit_config/config
[0.773s] -- Installing: /home/aditya/Vishwakarma_awards/install/akabot_moveit_config/share/akabot_moveit_config/config/akabot.srdf
[0.773s] -- Installing: /home/aditya/Vishwakarma_awards/install/akabot_moveit_config/share/akabot_moveit_config/config/joint_limits.yaml
[0.773s] -- Installing: /home/aditya/Vishwakarma_awards/install/akabot_moveit_config/share/akabot_moveit_config/config/moveit_controllers.yaml
[0.773s] -- Installing: /home/aditya/Vishwakarma_awards/install/akabot_moveit_config/share/akabot_moveit_config/config/ompl_planning.yaml
[0.773s] -- Installing: /home/aditya/Vishwakarma_awards/install/akabot_moveit_config/share/akabot_moveit_config/config/kinematics.yaml
[0.773s] -- Installing: /home/aditya/Vishwakarma_awards/install/akabot_moveit_config/share/akabot_moveit_config/launch
[0.773s] -- Installing: /home/aditya/Vishwakarma_awards/install/akabot_moveit_config/share/akabot_moveit_config/launch/moveit_rviz.launch.py
[0.773s] -- Installing: /home/aditya/Vishwakarma_awards/install/akabot_moveit_config/share/akabot_moveit_config/launch/demo.launch.py
[0.773s] -- Installing: /home/aditya/Vishwakarma_awards/install/akabot_moveit_config/share/akabot_moveit_config/rviz
[0.774s] -- Installing: /home/aditya/Vishwakarma_awards/install/akabot_moveit_config/share/akabot_moveit_config/rviz/moveit.rviz
[0.774s] -- Installing: /home/aditya/Vishwakarma_awards/install/akabot_moveit_config/share/akabot_moveit_config/srdf
[0.774s] -- Installing: /home/aditya/Vishwakarma_awards/install/akabot_moveit_config/share/akabot_moveit_config/srdf/akabot.srdf
[0.774s] -- Installing: /home/aditya/Vishwakarma_awards/install/akabot_moveit_config/share/akabot_moveit_config/urdf
[0.774s] -- Installing: /home/aditya/Vishwakarma_awards/install/akabot_moveit_config/share/akabot_moveit_config/urdf/fake_akabot.urdf.xacro
[0.774s] -- Installing: /home/aditya/Vishwakarma_awards/install/akabot_moveit_config/share/akabot_moveit_config/.setup_assistant
[0.776s] Invoked command in '/home/aditya/Vishwakarma_awards/build/akabot_moveit_config' returned '0': AMENT_PREFIX_PATH=/home/aditya/Vishwakarma_awards/install/akabot_description:${AMENT_PREFIX_PATH} CMAKE_PREFIX_PATH=/home/aditya/Vishwakarma_awards/install/akabot_description:/opt/ros/humble /usr/bin/cmake --install /home/aditya/Vishwakarma_awards/build/akabot_moveit_config
