[0.035s] Invoking command in '/home/aditya/Vishwakarma_awards/build/akabot_description': CMAKE_PREFIX_PATH=${CMAKE_PREFIX_PATH}:/home/aditya/Vishwakarma_awards/install/arm_vla_pkg:/home/aditya/Vishwakarma_awards/install/akabot_control:/opt/ros/humble /usr/bin/cmake /home/aditya/Vishwakarma_awards/src/akabot_description -DCMAKE_INSTALL_PREFIX=/home/aditya/Vishwakarma_awards/install/akabot_description
[0.119s] -- The C compiler identification is GNU 11.4.0
[0.235s] -- The CXX compiler identification is GNU 11.4.0
[0.255s] -- Detecting C compiler ABI info
[0.393s] -- Detecting C compiler ABI info - done
[0.408s] -- Check for working C compiler: /usr/bin/cc - skipped
[0.409s] -- Detecting C compile features
[0.409s] -- Detecting C compile features - done
[0.415s] -- Detecting CXX compiler ABI info
[0.550s] -- Detecting CXX compiler ABI info - done
[0.566s] -- Check for working CXX compiler: /usr/bin/c++ - skipped
[0.567s] -- Detecting CXX compile features
[0.568s] -- Detecting CXX compile features - done
[0.573s] -- Found ament_cmake: 1.3.12 (/opt/ros/humble/share/ament_cmake/cmake)
[0.938s] -- Found Python3: /usr/bin/python3 (found version "3.10.12") found components: Interpreter 
[1.191s] -- Found urdf: 2.6.1 (/opt/ros/humble/share/urdf/cmake)
[1.491s] -- Configuring done
[1.499s] -- Generating done
[1.505s] -- Build files have been written to: /home/aditya/Vishwakarma_awards/build/akabot_description
[1.521s] Invoked command in '/home/aditya/Vishwakarma_awards/build/akabot_description' returned '0': CMAKE_PREFIX_PATH=${CMAKE_PREFIX_PATH}:/home/aditya/Vishwakarma_awards/install/arm_vla_pkg:/home/aditya/Vishwakarma_awards/install/akabot_control:/opt/ros/humble /usr/bin/cmake /home/aditya/Vishwakarma_awards/src/akabot_description -DCMAKE_INSTALL_PREFIX=/home/aditya/Vishwakarma_awards/install/akabot_description
[1.526s] Invoking command in '/home/aditya/Vishwakarma_awards/build/akabot_description': CMAKE_PREFIX_PATH=${CMAKE_PREFIX_PATH}:/home/aditya/Vishwakarma_awards/install/arm_vla_pkg:/home/aditya/Vishwakarma_awards/install/akabot_control:/opt/ros/humble /usr/bin/cmake --build /home/aditya/Vishwakarma_awards/build/akabot_description -- -j28 -l28
[1.625s] Invoked command in '/home/aditya/Vishwakarma_awards/build/akabot_description' returned '0': CMAKE_PREFIX_PATH=${CMAKE_PREFIX_PATH}:/home/aditya/Vishwakarma_awards/install/arm_vla_pkg:/home/aditya/Vishwakarma_awards/install/akabot_control:/opt/ros/humble /usr/bin/cmake --build /home/aditya/Vishwakarma_awards/build/akabot_description -- -j28 -l28
[1.629s] Invoking command in '/home/aditya/Vishwakarma_awards/build/akabot_description': CMAKE_PREFIX_PATH=${CMAKE_PREFIX_PATH}:/home/aditya/Vishwakarma_awards/install/arm_vla_pkg:/home/aditya/Vishwakarma_awards/install/akabot_control:/opt/ros/humble /usr/bin/cmake --install /home/aditya/Vishwakarma_awards/build/akabot_description
[1.646s] -- Install configuration: ""
[1.646s] -- Installing: /home/aditya/Vishwakarma_awards/install/akabot_description/share/akabot_description/config
[1.646s] -- Installing: /home/aditya/Vishwakarma_awards/install/akabot_description/share/akabot_description/config/initial_positions.yaml
[1.647s] -- Installing: /home/aditya/Vishwakarma_awards/install/akabot_description/share/akabot_description/launch
[1.647s] -- Installing: /home/aditya/Vishwakarma_awards/install/akabot_description/share/akabot_description/launch/description_launch.py
[1.647s] -- Installing: /home/aditya/Vishwakarma_awards/install/akabot_description/share/akabot_description/launch/robot_state_publisher_launch.py
[1.647s] -- Installing: /home/aditya/Vishwakarma_awards/install/akabot_description/share/akabot_description/meshes
[1.648s] -- Installing: /home/aditya/Vishwakarma_awards/install/akabot_description/share/akabot_description/meshes/base_cylinder.stl
[1.648s] -- Installing: /home/aditya/Vishwakarma_awards/install/akabot_description/share/akabot_description/meshes/claw_base.stl
[1.649s] -- Installing: /home/aditya/Vishwakarma_awards/install/akabot_description/share/akabot_description/meshes/lower_arm.stl
[1.649s] -- Installing: /home/aditya/Vishwakarma_awards/install/akabot_description/share/akabot_description/meshes/d415.dae
[1.654s] -- Installing: /home/aditya/Vishwakarma_awards/install/akabot_description/share/akabot_description/meshes/right_claw.stl
[1.654s] -- Installing: /home/aditya/Vishwakarma_awards/install/akabot_description/share/akabot_description/meshes/upper_arm.stl
[1.657s] -- Installing: /home/aditya/Vishwakarma_awards/install/akabot_description/share/akabot_description/meshes/left_claw.stl
[1.657s] -- Installing: /home/aditya/Vishwakarma_awards/install/akabot_description/share/akabot_description/meshes/top_plate.stl
[1.658s] -- Installing: /home/aditya/Vishwakarma_awards/install/akabot_description/share/akabot_description/meshes/wrist.stl
[1.659s] -- Installing: /home/aditya/Vishwakarma_awards/install/akabot_description/share/akabot_description/urdf
[1.659s] -- Installing: /home/aditya/Vishwakarma_awards/install/akabot_description/share/akabot_description/urdf/akabot_core.xacro
[1.659s] -- Installing: /home/aditya/Vishwakarma_awards/install/akabot_description/share/akabot_description/urdf/akabot.urdf.xacro
[1.660s] -- Installing: /home/aditya/Vishwakarma_awards/install/akabot_description/share/akabot_description/urdf/inertial_macros.xacro
[1.660s] -- Installing: /home/aditya/Vishwakarma_awards/install/akabot_description/share/akabot_description/urdf/real_akabot.urdf.xacro
[1.661s] -- Installing: /home/aditya/Vishwakarma_awards/install/akabot_description/share/akabot_description/urdf/depth_camera.xacro
[1.661s] -- Installing: /home/aditya/Vishwakarma_awards/install/akabot_description/share/akabot_description/urdf/end_effector_camera.xacro
[1.662s] -- Installing: /home/aditya/Vishwakarma_awards/install/akabot_description/share/akabot_description/urdf/akabot_gz.urdf.xacro
[1.662s] -- Installing: /home/aditya/Vishwakarma_awards/install/akabot_description/share/akabot_description/urdf/akabot.ros2_control.xacro
[1.662s] -- Installing: /home/aditya/Vishwakarma_awards/install/akabot_description/share/akabot_description/rviz
[1.662s] -- Installing: /home/aditya/Vishwakarma_awards/install/akabot_description/share/akabot_description/rviz/description.rviz
[1.663s] -- Installing: /home/aditya/Vishwakarma_awards/install/akabot_description/share/ament_index/resource_index/package_run_dependencies/akabot_description
[1.663s] -- Installing: /home/aditya/Vishwakarma_awards/install/akabot_description/share/ament_index/resource_index/parent_prefix_path/akabot_description
[1.663s] -- Installing: /home/aditya/Vishwakarma_awards/install/akabot_description/share/akabot_description/environment/ament_prefix_path.sh
[1.663s] -- Installing: /home/aditya/Vishwakarma_awards/install/akabot_description/share/akabot_description/environment/ament_prefix_path.dsv
[1.664s] -- Installing: /home/aditya/Vishwakarma_awards/install/akabot_description/share/akabot_description/environment/path.sh
[1.664s] -- Installing: /home/aditya/Vishwakarma_awards/install/akabot_description/share/akabot_description/environment/path.dsv
[1.664s] -- Installing: /home/aditya/Vishwakarma_awards/install/akabot_description/share/akabot_description/local_setup.bash
[1.664s] -- Installing: /home/aditya/Vishwakarma_awards/install/akabot_description/share/akabot_description/local_setup.sh
[1.665s] -- Installing: /home/aditya/Vishwakarma_awards/install/akabot_description/share/akabot_description/local_setup.zsh
[1.665s] -- Installing: /home/aditya/Vishwakarma_awards/install/akabot_description/share/akabot_description/local_setup.dsv
[1.665s] -- Installing: /home/aditya/Vishwakarma_awards/install/akabot_description/share/akabot_description/package.dsv
[1.665s] -- Installing: /home/aditya/Vishwakarma_awards/install/akabot_description/share/ament_index/resource_index/packages/akabot_description
[1.666s] -- Installing: /home/aditya/Vishwakarma_awards/install/akabot_description/share/akabot_description/cmake/akabot_descriptionConfig.cmake
[1.666s] -- Installing: /home/aditya/Vishwakarma_awards/install/akabot_description/share/akabot_description/cmake/akabot_descriptionConfig-version.cmake
[1.666s] -- Installing: /home/aditya/Vishwakarma_awards/install/akabot_description/share/akabot_description/package.xml
[1.669s] Invoked command in '/home/aditya/Vishwakarma_awards/build/akabot_description' returned '0': CMAKE_PREFIX_PATH=${CMAKE_PREFIX_PATH}:/home/aditya/Vishwakarma_awards/install/arm_vla_pkg:/home/aditya/Vishwakarma_awards/install/akabot_control:/opt/ros/humble /usr/bin/cmake --install /home/aditya/Vishwakarma_awards/build/akabot_description
