[0.286s] DEBUG:colcon:Command line arguments: ['/usr/bin/colcon', 'build']
[0.287s] DEBUG:colcon:Parsed command line arguments: Namespace(log_base=None, log_level=None, verb_name='build', build_base='build', install_base='install', merge_install=False, symlink_install=False, test_result_base=None, continue_on_error=False, executor='parallel', parallel_workers=28, event_handlers=None, ignore_user_meta=False, metas=['./colcon.meta'], base_paths=['.'], packages_ignore=None, packages_ignore_regex=None, paths=None, packages_up_to=None, packages_up_to_regex=None, packages_above=None, packages_above_and_dependencies=None, packages_above_depth=None, packages_select_by_dep=None, packages_skip_by_dep=None, packages_skip_up_to=None, packages_select_build_failed=False, packages_skip_build_finished=False, packages_select_test_failures=False, packages_skip_test_passed=False, packages_select=None, packages_skip=None, packages_select_regex=None, packages_skip_regex=None, packages_start=None, packages_end=None, allow_overriding=[], cmake_args=None, cmake_target=None, cmake_target_skip_unavailable=False, cmake_clean_cache=False, cmake_clean_first=False, cmake_force_configure=False, ament_cmake_args=None, catkin_cmake_args=None, catkin_skip_building_tests=False, mixin_files=None, mixin=None, verb_parser=<colcon_mixin.mixin.mixin_argument.MixinArgumentDecorator object at 0x777dd8d5e200>, verb_extension=<colcon_core.verb.build.BuildVerb object at 0x777dd8d5dc30>, main=<bound method BuildVerb.main of <colcon_core.verb.build.BuildVerb object at 0x777dd8d5dc30>>, mixin_verb=('build',))
[0.717s] Level 1:colcon.colcon_core.package_discovery:discover_packages(colcon_meta) check parameters
[0.718s] Level 1:colcon.colcon_core.package_discovery:discover_packages(recursive) check parameters
[0.718s] Level 1:colcon.colcon_core.package_discovery:discover_packages(ignore) check parameters
[0.718s] Level 1:colcon.colcon_core.package_discovery:discover_packages(path) check parameters
[0.718s] Level 1:colcon.colcon_core.package_discovery:discover_packages(colcon_meta) discover
[0.719s] Level 1:colcon.colcon_core.package_discovery:discover_packages(recursive) discover
[0.719s] INFO:colcon.colcon_core.package_discovery:Crawling recursively for packages in '/home/aditya/Vishwakarma_awards'
[0.719s] Level 1:colcon.colcon_core.package_identification:_identify(.) by extensions ['ignore', 'ignore_ament_install']
[0.719s] Level 1:colcon.colcon_core.package_identification:_identify(.) by extension 'ignore'
[0.719s] Level 1:colcon.colcon_core.package_identification:_identify(.) by extension 'ignore_ament_install'
[0.720s] Level 1:colcon.colcon_core.package_identification:_identify(.) by extensions ['colcon_pkg']
[0.720s] Level 1:colcon.colcon_core.package_identification:_identify(.) by extension 'colcon_pkg'
[0.720s] Level 1:colcon.colcon_core.package_identification:_identify(.) by extensions ['colcon_meta']
[0.720s] Level 1:colcon.colcon_core.package_identification:_identify(.) by extension 'colcon_meta'
[0.720s] Level 1:colcon.colcon_core.package_identification:_identify(.) by extensions ['ros']
[0.720s] Level 1:colcon.colcon_core.package_identification:_identify(.) by extension 'ros'
[0.751s] Level 1:colcon.colcon_core.package_identification:_identify(.) by extensions ['cmake', 'python']
[0.752s] Level 1:colcon.colcon_core.package_identification:_identify(.) by extension 'cmake'
[0.752s] Level 1:colcon.colcon_core.package_identification:_identify(.) by extension 'python'
[0.752s] Level 1:colcon.colcon_core.package_identification:_identify(.) by extensions ['python_setup_py']
[0.752s] Level 1:colcon.colcon_core.package_identification:_identify(.) by extension 'python_setup_py'
[0.752s] Level 1:colcon.colcon_core.package_identification:_identify(build) by extensions ['ignore', 'ignore_ament_install']
[0.752s] Level 1:colcon.colcon_core.package_identification:_identify(build) by extension 'ignore'
[0.753s] Level 1:colcon.colcon_core.package_identification:_identify(build) ignored
[0.753s] Level 1:colcon.colcon_core.package_identification:_identify(install) by extensions ['ignore', 'ignore_ament_install']
[0.753s] Level 1:colcon.colcon_core.package_identification:_identify(install) by extension 'ignore'
[0.753s] Level 1:colcon.colcon_core.package_identification:_identify(install) ignored
[0.754s] Level 1:colcon.colcon_core.package_identification:_identify(log) by extensions ['ignore', 'ignore_ament_install']
[0.754s] Level 1:colcon.colcon_core.package_identification:_identify(log) by extension 'ignore'
[0.754s] Level 1:colcon.colcon_core.package_identification:_identify(log) ignored
[0.754s] Level 1:colcon.colcon_core.package_identification:_identify(modelfiles) by extensions ['ignore', 'ignore_ament_install']
[0.754s] Level 1:colcon.colcon_core.package_identification:_identify(modelfiles) by extension 'ignore'
[0.754s] Level 1:colcon.colcon_core.package_identification:_identify(modelfiles) by extension 'ignore_ament_install'
[0.754s] Level 1:colcon.colcon_core.package_identification:_identify(modelfiles) by extensions ['colcon_pkg']
[0.755s] Level 1:colcon.colcon_core.package_identification:_identify(modelfiles) by extension 'colcon_pkg'
[0.755s] Level 1:colcon.colcon_core.package_identification:_identify(modelfiles) by extensions ['colcon_meta']
[0.755s] Level 1:colcon.colcon_core.package_identification:_identify(modelfiles) by extension 'colcon_meta'
[0.755s] Level 1:colcon.colcon_core.package_identification:_identify(modelfiles) by extensions ['ros']
[0.755s] Level 1:colcon.colcon_core.package_identification:_identify(modelfiles) by extension 'ros'
[0.755s] Level 1:colcon.colcon_core.package_identification:_identify(modelfiles) by extensions ['cmake', 'python']
[0.755s] Level 1:colcon.colcon_core.package_identification:_identify(modelfiles) by extension 'cmake'
[0.755s] Level 1:colcon.colcon_core.package_identification:_identify(modelfiles) by extension 'python'
[0.755s] Level 1:colcon.colcon_core.package_identification:_identify(modelfiles) by extensions ['python_setup_py']
[0.755s] Level 1:colcon.colcon_core.package_identification:_identify(modelfiles) by extension 'python_setup_py'
[0.755s] Level 1:colcon.colcon_core.package_identification:_identify(src) by extensions ['ignore', 'ignore_ament_install']
[0.756s] Level 1:colcon.colcon_core.package_identification:_identify(src) by extension 'ignore'
[0.756s] Level 1:colcon.colcon_core.package_identification:_identify(src) by extension 'ignore_ament_install'
[0.756s] Level 1:colcon.colcon_core.package_identification:_identify(src) by extensions ['colcon_pkg']
[0.756s] Level 1:colcon.colcon_core.package_identification:_identify(src) by extension 'colcon_pkg'
[0.756s] Level 1:colcon.colcon_core.package_identification:_identify(src) by extensions ['colcon_meta']
[0.756s] Level 1:colcon.colcon_core.package_identification:_identify(src) by extension 'colcon_meta'
[0.756s] Level 1:colcon.colcon_core.package_identification:_identify(src) by extensions ['ros']
[0.756s] Level 1:colcon.colcon_core.package_identification:_identify(src) by extension 'ros'
[0.757s] Level 1:colcon.colcon_core.package_identification:_identify(src) by extensions ['cmake', 'python']
[0.757s] Level 1:colcon.colcon_core.package_identification:_identify(src) by extension 'cmake'
[0.757s] Level 1:colcon.colcon_core.package_identification:_identify(src) by extension 'python'
[0.757s] Level 1:colcon.colcon_core.package_identification:_identify(src) by extensions ['python_setup_py']
[0.758s] Level 1:colcon.colcon_core.package_identification:_identify(src) by extension 'python_setup_py'
[0.758s] Level 1:colcon.colcon_core.package_identification:_identify(src/akabot_bringup) by extensions ['ignore', 'ignore_ament_install']
[0.758s] Level 1:colcon.colcon_core.package_identification:_identify(src/akabot_bringup) by extension 'ignore'
[0.759s] Level 1:colcon.colcon_core.package_identification:_identify(src/akabot_bringup) by extension 'ignore_ament_install'
[0.759s] Level 1:colcon.colcon_core.package_identification:_identify(src/akabot_bringup) by extensions ['colcon_pkg']
[0.759s] Level 1:colcon.colcon_core.package_identification:_identify(src/akabot_bringup) by extension 'colcon_pkg'
[0.760s] Level 1:colcon.colcon_core.package_identification:_identify(src/akabot_bringup) by extensions ['colcon_meta']
[0.760s] Level 1:colcon.colcon_core.package_identification:_identify(src/akabot_bringup) by extension 'colcon_meta'
[0.760s] Level 1:colcon.colcon_core.package_identification:_identify(src/akabot_bringup) by extensions ['ros']
[0.760s] Level 1:colcon.colcon_core.package_identification:_identify(src/akabot_bringup) by extension 'ros'
[0.767s] DEBUG:colcon.colcon_core.package_identification:Package 'src/akabot_bringup' with type 'ros.ament_cmake' and name 'akabot_bringup'
[0.767s] Level 1:colcon.colcon_core.package_identification:_identify(src/akabot_control) by extensions ['ignore', 'ignore_ament_install']
[0.767s] Level 1:colcon.colcon_core.package_identification:_identify(src/akabot_control) by extension 'ignore'
[0.767s] Level 1:colcon.colcon_core.package_identification:_identify(src/akabot_control) by extension 'ignore_ament_install'
[0.768s] Level 1:colcon.colcon_core.package_identification:_identify(src/akabot_control) by extensions ['colcon_pkg']
[0.768s] Level 1:colcon.colcon_core.package_identification:_identify(src/akabot_control) by extension 'colcon_pkg'
[0.768s] Level 1:colcon.colcon_core.package_identification:_identify(src/akabot_control) by extensions ['colcon_meta']
[0.768s] Level 1:colcon.colcon_core.package_identification:_identify(src/akabot_control) by extension 'colcon_meta'
[0.768s] Level 1:colcon.colcon_core.package_identification:_identify(src/akabot_control) by extensions ['ros']
[0.768s] Level 1:colcon.colcon_core.package_identification:_identify(src/akabot_control) by extension 'ros'
[0.771s] DEBUG:colcon.colcon_core.package_identification:Package 'src/akabot_control' with type 'ros.ament_python' and name 'akabot_control'
[0.772s] Level 1:colcon.colcon_core.package_identification:_identify(src/akabot_description) by extensions ['ignore', 'ignore_ament_install']
[0.772s] Level 1:colcon.colcon_core.package_identification:_identify(src/akabot_description) by extension 'ignore'
[0.772s] Level 1:colcon.colcon_core.package_identification:_identify(src/akabot_description) by extension 'ignore_ament_install'
[0.772s] Level 1:colcon.colcon_core.package_identification:_identify(src/akabot_description) by extensions ['colcon_pkg']
[0.772s] Level 1:colcon.colcon_core.package_identification:_identify(src/akabot_description) by extension 'colcon_pkg'
[0.773s] Level 1:colcon.colcon_core.package_identification:_identify(src/akabot_description) by extensions ['colcon_meta']
[0.773s] Level 1:colcon.colcon_core.package_identification:_identify(src/akabot_description) by extension 'colcon_meta'
[0.773s] Level 1:colcon.colcon_core.package_identification:_identify(src/akabot_description) by extensions ['ros']
[0.773s] Level 1:colcon.colcon_core.package_identification:_identify(src/akabot_description) by extension 'ros'
[0.775s] DEBUG:colcon.colcon_core.package_identification:Package 'src/akabot_description' with type 'ros.ament_cmake' and name 'akabot_description'
[0.775s] Level 1:colcon.colcon_core.package_identification:_identify(src/akabot_gazebo) by extensions ['ignore', 'ignore_ament_install']
[0.775s] Level 1:colcon.colcon_core.package_identification:_identify(src/akabot_gazebo) by extension 'ignore'
[0.776s] Level 1:colcon.colcon_core.package_identification:_identify(src/akabot_gazebo) by extension 'ignore_ament_install'
[0.776s] Level 1:colcon.colcon_core.package_identification:_identify(src/akabot_gazebo) by extensions ['colcon_pkg']
[0.776s] Level 1:colcon.colcon_core.package_identification:_identify(src/akabot_gazebo) by extension 'colcon_pkg'
[0.776s] Level 1:colcon.colcon_core.package_identification:_identify(src/akabot_gazebo) by extensions ['colcon_meta']
[0.776s] Level 1:colcon.colcon_core.package_identification:_identify(src/akabot_gazebo) by extension 'colcon_meta'
[0.776s] Level 1:colcon.colcon_core.package_identification:_identify(src/akabot_gazebo) by extensions ['ros']
[0.776s] Level 1:colcon.colcon_core.package_identification:_identify(src/akabot_gazebo) by extension 'ros'
[0.778s] DEBUG:colcon.colcon_core.package_identification:Package 'src/akabot_gazebo' with type 'ros.ament_cmake' and name 'akabot_gazebo'
[0.778s] Level 1:colcon.colcon_core.package_identification:_identify(src/akabot_moveit_config) by extensions ['ignore', 'ignore_ament_install']
[0.779s] Level 1:colcon.colcon_core.package_identification:_identify(src/akabot_moveit_config) by extension 'ignore'
[0.779s] Level 1:colcon.colcon_core.package_identification:_identify(src/akabot_moveit_config) by extension 'ignore_ament_install'
[0.779s] Level 1:colcon.colcon_core.package_identification:_identify(src/akabot_moveit_config) by extensions ['colcon_pkg']
[0.779s] Level 1:colcon.colcon_core.package_identification:_identify(src/akabot_moveit_config) by extension 'colcon_pkg'
[0.779s] Level 1:colcon.colcon_core.package_identification:_identify(src/akabot_moveit_config) by extensions ['colcon_meta']
[0.779s] Level 1:colcon.colcon_core.package_identification:_identify(src/akabot_moveit_config) by extension 'colcon_meta'
[0.779s] Level 1:colcon.colcon_core.package_identification:_identify(src/akabot_moveit_config) by extensions ['ros']
[0.779s] Level 1:colcon.colcon_core.package_identification:_identify(src/akabot_moveit_config) by extension 'ros'
[0.781s] DEBUG:colcon.colcon_core.package_identification:Package 'src/akabot_moveit_config' with type 'ros.ament_cmake' and name 'akabot_moveit_config'
[0.782s] Level 1:colcon.colcon_core.package_identification:_identify(src/arm_vla_pkg) by extensions ['ignore', 'ignore_ament_install']
[0.782s] Level 1:colcon.colcon_core.package_identification:_identify(src/arm_vla_pkg) by extension 'ignore'
[0.782s] Level 1:colcon.colcon_core.package_identification:_identify(src/arm_vla_pkg) by extension 'ignore_ament_install'
[0.782s] Level 1:colcon.colcon_core.package_identification:_identify(src/arm_vla_pkg) by extensions ['colcon_pkg']
[0.782s] Level 1:colcon.colcon_core.package_identification:_identify(src/arm_vla_pkg) by extension 'colcon_pkg'
[0.782s] Level 1:colcon.colcon_core.package_identification:_identify(src/arm_vla_pkg) by extensions ['colcon_meta']
[0.782s] Level 1:colcon.colcon_core.package_identification:_identify(src/arm_vla_pkg) by extension 'colcon_meta'
[0.782s] Level 1:colcon.colcon_core.package_identification:_identify(src/arm_vla_pkg) by extensions ['ros']
[0.783s] Level 1:colcon.colcon_core.package_identification:_identify(src/arm_vla_pkg) by extension 'ros'
[0.784s] DEBUG:colcon.colcon_core.package_identification:Package 'src/arm_vla_pkg' with type 'ros.ament_python' and name 'arm_vla_pkg'
[0.784s] Level 1:colcon.colcon_core.package_discovery:discover_packages(recursive) using defaults
[0.784s] Level 1:colcon.colcon_core.package_discovery:discover_packages(ignore) discover
[0.784s] Level 1:colcon.colcon_core.package_discovery:discover_packages(ignore) using defaults
[0.784s] Level 1:colcon.colcon_core.package_discovery:discover_packages(path) discover
[0.784s] Level 1:colcon.colcon_core.package_discovery:discover_packages(path) using defaults
[0.862s] Level 1:colcon.colcon_core.package_discovery:discover_packages(prefix_path) check parameters
[0.862s] Level 1:colcon.colcon_core.package_discovery:discover_packages(prefix_path) discover
[0.865s] DEBUG:colcon.colcon_installed_package_information.package_discovery:Found 6 installed packages in /home/aditya/Vishwakarma_awards/install
[0.868s] DEBUG:colcon.colcon_installed_package_information.package_discovery:Found 373 installed packages in /opt/ros/humble
[0.871s] Level 1:colcon.colcon_core.package_discovery:discover_packages(prefix_path) using defaults
[0.980s] Level 5:colcon.colcon_core.verb:set package 'akabot_bringup' build argument 'cmake_args' from command line to 'None'
[0.980s] Level 5:colcon.colcon_core.verb:set package 'akabot_bringup' build argument 'cmake_target' from command line to 'None'
[0.980s] Level 5:colcon.colcon_core.verb:set package 'akabot_bringup' build argument 'cmake_target_skip_unavailable' from command line to 'False'
[0.980s] Level 5:colcon.colcon_core.verb:set package 'akabot_bringup' build argument 'cmake_clean_cache' from command line to 'False'
[0.980s] Level 5:colcon.colcon_core.verb:set package 'akabot_bringup' build argument 'cmake_clean_first' from command line to 'False'
[0.980s] Level 5:colcon.colcon_core.verb:set package 'akabot_bringup' build argument 'cmake_force_configure' from command line to 'False'
[0.981s] Level 5:colcon.colcon_core.verb:set package 'akabot_bringup' build argument 'ament_cmake_args' from command line to 'None'
[0.981s] Level 5:colcon.colcon_core.verb:set package 'akabot_bringup' build argument 'catkin_cmake_args' from command line to 'None'
[0.981s] Level 5:colcon.colcon_core.verb:set package 'akabot_bringup' build argument 'catkin_skip_building_tests' from command line to 'False'
[0.981s] DEBUG:colcon.colcon_core.verb:Building package 'akabot_bringup' with the following arguments: {'ament_cmake_args': None, 'build_base': '/home/aditya/Vishwakarma_awards/build/akabot_bringup', 'catkin_cmake_args': None, 'catkin_skip_building_tests': False, 'cmake_args': None, 'cmake_clean_cache': False, 'cmake_clean_first': False, 'cmake_force_configure': False, 'cmake_target': None, 'cmake_target_skip_unavailable': False, 'install_base': '/home/aditya/Vishwakarma_awards/install/akabot_bringup', 'merge_install': False, 'path': '/home/aditya/Vishwakarma_awards/src/akabot_bringup', 'symlink_install': False, 'test_result_base': None}
[0.982s] Level 5:colcon.colcon_core.verb:set package 'akabot_description' build argument 'cmake_args' from command line to 'None'
[0.982s] Level 5:colcon.colcon_core.verb:set package 'akabot_description' build argument 'cmake_target' from command line to 'None'
[0.982s] Level 5:colcon.colcon_core.verb:set package 'akabot_description' build argument 'cmake_target_skip_unavailable' from command line to 'False'
[0.982s] Level 5:colcon.colcon_core.verb:set package 'akabot_description' build argument 'cmake_clean_cache' from command line to 'False'
[0.982s] Level 5:colcon.colcon_core.verb:set package 'akabot_description' build argument 'cmake_clean_first' from command line to 'False'
[0.982s] Level 5:colcon.colcon_core.verb:set package 'akabot_description' build argument 'cmake_force_configure' from command line to 'False'
[0.982s] Level 5:colcon.colcon_core.verb:set package 'akabot_description' build argument 'ament_cmake_args' from command line to 'None'
[0.982s] Level 5:colcon.colcon_core.verb:set package 'akabot_description' build argument 'catkin_cmake_args' from command line to 'None'
[0.982s] Level 5:colcon.colcon_core.verb:set package 'akabot_description' build argument 'catkin_skip_building_tests' from command line to 'False'
[0.982s] DEBUG:colcon.colcon_core.verb:Building package 'akabot_description' with the following arguments: {'ament_cmake_args': None, 'build_base': '/home/aditya/Vishwakarma_awards/build/akabot_description', 'catkin_cmake_args': None, 'catkin_skip_building_tests': False, 'cmake_args': None, 'cmake_clean_cache': False, 'cmake_clean_first': False, 'cmake_force_configure': False, 'cmake_target': None, 'cmake_target_skip_unavailable': False, 'install_base': '/home/aditya/Vishwakarma_awards/install/akabot_description', 'merge_install': False, 'path': '/home/aditya/Vishwakarma_awards/src/akabot_description', 'symlink_install': False, 'test_result_base': None}
[0.984s] Level 5:colcon.colcon_core.verb:set package 'akabot_gazebo' build argument 'cmake_args' from command line to 'None'
[0.984s] Level 5:colcon.colcon_core.verb:set package 'akabot_gazebo' build argument 'cmake_target' from command line to 'None'
[0.984s] Level 5:colcon.colcon_core.verb:set package 'akabot_gazebo' build argument 'cmake_target_skip_unavailable' from command line to 'False'
[0.984s] Level 5:colcon.colcon_core.verb:set package 'akabot_gazebo' build argument 'cmake_clean_cache' from command line to 'False'
[0.984s] Level 5:colcon.colcon_core.verb:set package 'akabot_gazebo' build argument 'cmake_clean_first' from command line to 'False'
[0.984s] Level 5:colcon.colcon_core.verb:set package 'akabot_gazebo' build argument 'cmake_force_configure' from command line to 'False'
[0.984s] Level 5:colcon.colcon_core.verb:set package 'akabot_gazebo' build argument 'ament_cmake_args' from command line to 'None'
[0.984s] Level 5:colcon.colcon_core.verb:set package 'akabot_gazebo' build argument 'catkin_cmake_args' from command line to 'None'
[0.984s] Level 5:colcon.colcon_core.verb:set package 'akabot_gazebo' build argument 'catkin_skip_building_tests' from command line to 'False'
[0.984s] DEBUG:colcon.colcon_core.verb:Building package 'akabot_gazebo' with the following arguments: {'ament_cmake_args': None, 'build_base': '/home/aditya/Vishwakarma_awards/build/akabot_gazebo', 'catkin_cmake_args': None, 'catkin_skip_building_tests': False, 'cmake_args': None, 'cmake_clean_cache': False, 'cmake_clean_first': False, 'cmake_force_configure': False, 'cmake_target': None, 'cmake_target_skip_unavailable': False, 'install_base': '/home/aditya/Vishwakarma_awards/install/akabot_gazebo', 'merge_install': False, 'path': '/home/aditya/Vishwakarma_awards/src/akabot_gazebo', 'symlink_install': False, 'test_result_base': None}
[0.985s] Level 5:colcon.colcon_core.verb:set package 'arm_vla_pkg' build argument 'cmake_args' from command line to 'None'
[0.986s] Level 5:colcon.colcon_core.verb:set package 'arm_vla_pkg' build argument 'cmake_target' from command line to 'None'
[0.986s] Level 5:colcon.colcon_core.verb:set package 'arm_vla_pkg' build argument 'cmake_target_skip_unavailable' from command line to 'False'
[0.986s] Level 5:colcon.colcon_core.verb:set package 'arm_vla_pkg' build argument 'cmake_clean_cache' from command line to 'False'
[0.986s] Level 5:colcon.colcon_core.verb:set package 'arm_vla_pkg' build argument 'cmake_clean_first' from command line to 'False'
[0.986s] Level 5:colcon.colcon_core.verb:set package 'arm_vla_pkg' build argument 'cmake_force_configure' from command line to 'False'
[0.986s] Level 5:colcon.colcon_core.verb:set package 'arm_vla_pkg' build argument 'ament_cmake_args' from command line to 'None'
[0.986s] Level 5:colcon.colcon_core.verb:set package 'arm_vla_pkg' build argument 'catkin_cmake_args' from command line to 'None'
[0.986s] Level 5:colcon.colcon_core.verb:set package 'arm_vla_pkg' build argument 'catkin_skip_building_tests' from command line to 'False'
[0.986s] DEBUG:colcon.colcon_core.verb:Building package 'arm_vla_pkg' with the following arguments: {'ament_cmake_args': None, 'build_base': '/home/aditya/Vishwakarma_awards/build/arm_vla_pkg', 'catkin_cmake_args': None, 'catkin_skip_building_tests': False, 'cmake_args': None, 'cmake_clean_cache': False, 'cmake_clean_first': False, 'cmake_force_configure': False, 'cmake_target': None, 'cmake_target_skip_unavailable': False, 'install_base': '/home/aditya/Vishwakarma_awards/install/arm_vla_pkg', 'merge_install': False, 'path': '/home/aditya/Vishwakarma_awards/src/arm_vla_pkg', 'symlink_install': False, 'test_result_base': None}
[0.987s] Level 5:colcon.colcon_core.verb:set package 'akabot_moveit_config' build argument 'cmake_args' from command line to 'None'
[0.987s] Level 5:colcon.colcon_core.verb:set package 'akabot_moveit_config' build argument 'cmake_target' from command line to 'None'
[0.987s] Level 5:colcon.colcon_core.verb:set package 'akabot_moveit_config' build argument 'cmake_target_skip_unavailable' from command line to 'False'
[0.987s] Level 5:colcon.colcon_core.verb:set package 'akabot_moveit_config' build argument 'cmake_clean_cache' from command line to 'False'
[0.987s] Level 5:colcon.colcon_core.verb:set package 'akabot_moveit_config' build argument 'cmake_clean_first' from command line to 'False'
[0.987s] Level 5:colcon.colcon_core.verb:set package 'akabot_moveit_config' build argument 'cmake_force_configure' from command line to 'False'
[0.987s] Level 5:colcon.colcon_core.verb:set package 'akabot_moveit_config' build argument 'ament_cmake_args' from command line to 'None'
[0.987s] Level 5:colcon.colcon_core.verb:set package 'akabot_moveit_config' build argument 'catkin_cmake_args' from command line to 'None'
[0.987s] Level 5:colcon.colcon_core.verb:set package 'akabot_moveit_config' build argument 'catkin_skip_building_tests' from command line to 'False'
[0.987s] DEBUG:colcon.colcon_core.verb:Building package 'akabot_moveit_config' with the following arguments: {'ament_cmake_args': None, 'build_base': '/home/aditya/Vishwakarma_awards/build/akabot_moveit_config', 'catkin_cmake_args': None, 'catkin_skip_building_tests': False, 'cmake_args': None, 'cmake_clean_cache': False, 'cmake_clean_first': False, 'cmake_force_configure': False, 'cmake_target': None, 'cmake_target_skip_unavailable': False, 'install_base': '/home/aditya/Vishwakarma_awards/install/akabot_moveit_config', 'merge_install': False, 'path': '/home/aditya/Vishwakarma_awards/src/akabot_moveit_config', 'symlink_install': False, 'test_result_base': None}
[0.989s] Level 5:colcon.colcon_core.verb:set package 'akabot_control' build argument 'cmake_args' from command line to 'None'
[0.989s] Level 5:colcon.colcon_core.verb:set package 'akabot_control' build argument 'cmake_target' from command line to 'None'
[0.989s] Level 5:colcon.colcon_core.verb:set package 'akabot_control' build argument 'cmake_target_skip_unavailable' from command line to 'False'
[0.989s] Level 5:colcon.colcon_core.verb:set package 'akabot_control' build argument 'cmake_clean_cache' from command line to 'False'
[0.989s] Level 5:colcon.colcon_core.verb:set package 'akabot_control' build argument 'cmake_clean_first' from command line to 'False'
[0.989s] Level 5:colcon.colcon_core.verb:set package 'akabot_control' build argument 'cmake_force_configure' from command line to 'False'
[0.989s] Level 5:colcon.colcon_core.verb:set package 'akabot_control' build argument 'ament_cmake_args' from command line to 'None'
[0.989s] Level 5:colcon.colcon_core.verb:set package 'akabot_control' build argument 'catkin_cmake_args' from command line to 'None'
[0.989s] Level 5:colcon.colcon_core.verb:set package 'akabot_control' build argument 'catkin_skip_building_tests' from command line to 'False'
[0.989s] DEBUG:colcon.colcon_core.verb:Building package 'akabot_control' with the following arguments: {'ament_cmake_args': None, 'build_base': '/home/aditya/Vishwakarma_awards/build/akabot_control', 'catkin_cmake_args': None, 'catkin_skip_building_tests': False, 'cmake_args': None, 'cmake_clean_cache': False, 'cmake_clean_first': False, 'cmake_force_configure': False, 'cmake_target': None, 'cmake_target_skip_unavailable': False, 'install_base': '/home/aditya/Vishwakarma_awards/install/akabot_control', 'merge_install': False, 'path': '/home/aditya/Vishwakarma_awards/src/akabot_control', 'symlink_install': False, 'test_result_base': None}
[0.990s] INFO:colcon.colcon_core.executor:Executing jobs using 'parallel' executor
[0.992s] DEBUG:colcon.colcon_parallel_executor.executor.parallel:run_until_complete
[0.993s] INFO:colcon.colcon_ros.task.ament_cmake.build:Building ROS package in '/home/aditya/Vishwakarma_awards/src/akabot_description' with build type 'ament_cmake'
[0.993s] INFO:colcon.colcon_cmake.task.cmake.build:Building CMake package in '/home/aditya/Vishwakarma_awards/src/akabot_description'
[1.000s] INFO:colcon.colcon_core.plugin_system:Skipping extension 'colcon_core.shell.bat': Not used on non-Windows systems
[1.000s] INFO:colcon.colcon_core.shell:Skip shell extension 'powershell' for command environment: Not usable outside of PowerShell
[1.000s] DEBUG:colcon.colcon_core.shell:Skip shell extension 'dsv' for command environment
[1.010s] INFO:colcon.colcon_ros.task.ament_cmake.build:Building ROS package in '/home/aditya/Vishwakarma_awards/src/akabot_bringup' with build type 'ament_cmake'
[1.010s] INFO:colcon.colcon_cmake.task.cmake.build:Building CMake package in '/home/aditya/Vishwakarma_awards/src/akabot_bringup'
[1.011s] INFO:colcon.colcon_core.shell:Skip shell extension 'powershell' for command environment: Not usable outside of PowerShell
[1.011s] DEBUG:colcon.colcon_core.shell:Skip shell extension 'dsv' for command environment
[1.022s] INFO:colcon.colcon_ros.task.ament_cmake.build:Building ROS package in '/home/aditya/Vishwakarma_awards/src/akabot_gazebo' with build type 'ament_cmake'
[1.022s] INFO:colcon.colcon_cmake.task.cmake.build:Building CMake package in '/home/aditya/Vishwakarma_awards/src/akabot_gazebo'
[1.023s] INFO:colcon.colcon_core.shell:Skip shell extension 'powershell' for command environment: Not usable outside of PowerShell
[1.023s] DEBUG:colcon.colcon_core.shell:Skip shell extension 'dsv' for command environment
[1.031s] INFO:colcon.colcon_ros.task.ament_python.build:Building ROS package in '/home/aditya/Vishwakarma_awards/src/arm_vla_pkg' with build type 'ament_python'
[1.032s] Level 1:colcon.colcon_core.shell:create_environment_hook('arm_vla_pkg', 'ament_prefix_path')
[1.032s] INFO:colcon.colcon_core.shell:Creating environment hook '/home/aditya/Vishwakarma_awards/install/arm_vla_pkg/share/arm_vla_pkg/hook/ament_prefix_path.ps1'
[1.034s] INFO:colcon.colcon_core.shell:Creating environment descriptor '/home/aditya/Vishwakarma_awards/install/arm_vla_pkg/share/arm_vla_pkg/hook/ament_prefix_path.dsv'
[1.035s] INFO:colcon.colcon_core.shell:Creating environment hook '/home/aditya/Vishwakarma_awards/install/arm_vla_pkg/share/arm_vla_pkg/hook/ament_prefix_path.sh'
[1.037s] INFO:colcon.colcon_core.shell:Skip shell extension 'powershell' for command environment: Not usable outside of PowerShell
[1.037s] DEBUG:colcon.colcon_core.shell:Skip shell extension 'dsv' for command environment
[1.057s] DEBUG:colcon.colcon_core.event_handler.log_command:Invoking command in '/home/aditya/Vishwakarma_awards/build/akabot_description': CMAKE_PREFIX_PATH=${CMAKE_PREFIX_PATH}:/home/aditya/Vishwakarma_awards/install/arm_vla_pkg:/opt/ros/humble /usr/bin/cmake --build /home/aditya/Vishwakarma_awards/build/akabot_description -- -j28 -l28
[1.063s] DEBUG:colcon.colcon_core.event_handler.log_command:Invoking command in '/home/aditya/Vishwakarma_awards/build/akabot_bringup': CMAKE_PREFIX_PATH=${CMAKE_PREFIX_PATH}:/home/aditya/Vishwakarma_awards/install/arm_vla_pkg:/opt/ros/humble /usr/bin/cmake --build /home/aditya/Vishwakarma_awards/build/akabot_bringup -- -j28 -l28
[1.072s] DEBUG:colcon.colcon_core.event_handler.log_command:Invoking command in '/home/aditya/Vishwakarma_awards/build/akabot_gazebo': CMAKE_PREFIX_PATH=${CMAKE_PREFIX_PATH}:/home/aditya/Vishwakarma_awards/install/arm_vla_pkg:/opt/ros/humble /usr/bin/cmake --build /home/aditya/Vishwakarma_awards/build/akabot_gazebo -- -j28 -l28
[1.802s] INFO:colcon.colcon_core.task.python.build:Building Python package in '/home/aditya/Vishwakarma_awards/src/arm_vla_pkg'
[1.803s] INFO:colcon.colcon_core.shell:Skip shell extension 'powershell' for command environment: Not usable outside of PowerShell
[1.803s] DEBUG:colcon.colcon_core.shell:Skip shell extension 'dsv' for command environment
[1.818s] DEBUG:colcon.colcon_core.event_handler.log_command:Invoked command in '/home/aditya/Vishwakarma_awards/build/akabot_bringup' returned '0': CMAKE_PREFIX_PATH=${CMAKE_PREFIX_PATH}:/home/aditya/Vishwakarma_awards/install/arm_vla_pkg:/opt/ros/humble /usr/bin/cmake --build /home/aditya/Vishwakarma_awards/build/akabot_bringup -- -j28 -l28
[1.839s] DEBUG:colcon.colcon_core.event_handler.log_command:Invoking command in '/home/aditya/Vishwakarma_awards/build/akabot_bringup': CMAKE_PREFIX_PATH=${CMAKE_PREFIX_PATH}:/home/aditya/Vishwakarma_awards/install/arm_vla_pkg:/opt/ros/humble /usr/bin/cmake --install /home/aditya/Vishwakarma_awards/build/akabot_bringup
[1.840s] DEBUG:colcon.colcon_core.event_handler.log_command:Invoked command in '/home/aditya/Vishwakarma_awards/build/akabot_description' returned '0': CMAKE_PREFIX_PATH=${CMAKE_PREFIX_PATH}:/home/aditya/Vishwakarma_awards/install/arm_vla_pkg:/opt/ros/humble /usr/bin/cmake --build /home/aditya/Vishwakarma_awards/build/akabot_description -- -j28 -l28
[1.845s] DEBUG:colcon.colcon_core.event_handler.log_command:Invoking command in '/home/aditya/Vishwakarma_awards/build/akabot_description': CMAKE_PREFIX_PATH=${CMAKE_PREFIX_PATH}:/home/aditya/Vishwakarma_awards/install/arm_vla_pkg:/opt/ros/humble /usr/bin/cmake --install /home/aditya/Vishwakarma_awards/build/akabot_description
[1.846s] DEBUG:colcon.colcon_core.event_handler.log_command:Invoked command in '/home/aditya/Vishwakarma_awards/build/akabot_gazebo' returned '0': CMAKE_PREFIX_PATH=${CMAKE_PREFIX_PATH}:/home/aditya/Vishwakarma_awards/install/arm_vla_pkg:/opt/ros/humble /usr/bin/cmake --build /home/aditya/Vishwakarma_awards/build/akabot_gazebo -- -j28 -l28
[1.853s] DEBUG:colcon.colcon_core.event_handler.log_command:Invoking command in '/home/aditya/Vishwakarma_awards/build/akabot_gazebo': CMAKE_PREFIX_PATH=${CMAKE_PREFIX_PATH}:/home/aditya/Vishwakarma_awards/install/arm_vla_pkg:/opt/ros/humble /usr/bin/cmake --install /home/aditya/Vishwakarma_awards/build/akabot_gazebo
[1.868s] Level 1:colcon.colcon_core.environment:create_environment_scripts_only(akabot_bringup)
[1.875s] DEBUG:colcon.colcon_core.event_handler.log_command:Invoked command in '/home/aditya/Vishwakarma_awards/build/akabot_bringup' returned '0': CMAKE_PREFIX_PATH=${CMAKE_PREFIX_PATH}:/home/aditya/Vishwakarma_awards/install/arm_vla_pkg:/opt/ros/humble /usr/bin/cmake --install /home/aditya/Vishwakarma_awards/build/akabot_bringup
[1.879s] Level 1:colcon.colcon_core.environment:checking '/home/aditya/Vishwakarma_awards/install/akabot_bringup' for CMake module files
[1.880s] Level 1:colcon.colcon_core.environment:checking '/home/aditya/Vishwakarma_awards/install/akabot_bringup' for CMake config files
[1.881s] Level 1:colcon.colcon_core.shell:create_environment_hook('akabot_bringup', 'cmake_prefix_path')
[1.881s] INFO:colcon.colcon_core.shell:Creating environment hook '/home/aditya/Vishwakarma_awards/install/akabot_bringup/share/akabot_bringup/hook/cmake_prefix_path.ps1'
[1.882s] INFO:colcon.colcon_core.shell:Creating environment descriptor '/home/aditya/Vishwakarma_awards/install/akabot_bringup/share/akabot_bringup/hook/cmake_prefix_path.dsv'
[1.883s] INFO:colcon.colcon_core.shell:Creating environment hook '/home/aditya/Vishwakarma_awards/install/akabot_bringup/share/akabot_bringup/hook/cmake_prefix_path.sh'
[1.884s] Level 1:colcon.colcon_core.environment:checking '/home/aditya/Vishwakarma_awards/install/akabot_bringup/bin'
[1.884s] Level 1:colcon.colcon_core.environment:checking '/home/aditya/Vishwakarma_awards/install/akabot_bringup/lib/pkgconfig/akabot_bringup.pc'
[1.885s] Level 1:colcon.colcon_core.environment:checking '/home/aditya/Vishwakarma_awards/install/akabot_bringup/lib/python3.10/site-packages'
[1.886s] Level 1:colcon.colcon_core.environment:checking '/home/aditya/Vishwakarma_awards/install/akabot_bringup/bin'
[1.887s] INFO:colcon.colcon_core.shell:Creating package script '/home/aditya/Vishwakarma_awards/install/akabot_bringup/share/akabot_bringup/package.ps1'
[1.889s] INFO:colcon.colcon_core.shell:Creating package descriptor '/home/aditya/Vishwakarma_awards/install/akabot_bringup/share/akabot_bringup/package.dsv'
[1.891s] INFO:colcon.colcon_core.shell:Creating package script '/home/aditya/Vishwakarma_awards/install/akabot_bringup/share/akabot_bringup/package.sh'
[1.894s] INFO:colcon.colcon_core.shell:Creating package script '/home/aditya/Vishwakarma_awards/install/akabot_bringup/share/akabot_bringup/package.bash'
[1.895s] INFO:colcon.colcon_core.shell:Creating package script '/home/aditya/Vishwakarma_awards/install/akabot_bringup/share/akabot_bringup/package.zsh'
[1.898s] Level 1:colcon.colcon_core.environment:create_file_with_runtime_dependencies(/home/aditya/Vishwakarma_awards/install/akabot_bringup/share/colcon-core/packages/akabot_bringup)
[1.899s] Level 1:colcon.colcon_core.environment:create_environment_scripts_only(akabot_bringup)
[1.900s] Level 1:colcon.colcon_core.environment:checking '/home/aditya/Vishwakarma_awards/install/akabot_bringup' for CMake module files
[1.901s] Level 1:colcon.colcon_core.environment:checking '/home/aditya/Vishwakarma_awards/install/akabot_bringup' for CMake config files
[1.901s] Level 1:colcon.colcon_core.shell:create_environment_hook('akabot_bringup', 'cmake_prefix_path')
[1.902s] INFO:colcon.colcon_core.shell:Creating environment hook '/home/aditya/Vishwakarma_awards/install/akabot_bringup/share/akabot_bringup/hook/cmake_prefix_path.ps1'
[1.903s] INFO:colcon.colcon_core.shell:Creating environment descriptor '/home/aditya/Vishwakarma_awards/install/akabot_bringup/share/akabot_bringup/hook/cmake_prefix_path.dsv'
[1.904s] INFO:colcon.colcon_core.shell:Creating environment hook '/home/aditya/Vishwakarma_awards/install/akabot_bringup/share/akabot_bringup/hook/cmake_prefix_path.sh'
[1.905s] Level 1:colcon.colcon_core.environment:checking '/home/aditya/Vishwakarma_awards/install/akabot_bringup/bin'
[1.905s] Level 1:colcon.colcon_core.environment:checking '/home/aditya/Vishwakarma_awards/install/akabot_bringup/lib/pkgconfig/akabot_bringup.pc'
[1.906s] Level 1:colcon.colcon_core.environment:checking '/home/aditya/Vishwakarma_awards/install/akabot_bringup/lib/python3.10/site-packages'
[1.907s] Level 1:colcon.colcon_core.environment:checking '/home/aditya/Vishwakarma_awards/install/akabot_bringup/bin'
[1.907s] INFO:colcon.colcon_core.shell:Creating package script '/home/aditya/Vishwakarma_awards/install/akabot_bringup/share/akabot_bringup/package.ps1'
[1.909s] INFO:colcon.colcon_core.shell:Creating package descriptor '/home/aditya/Vishwakarma_awards/install/akabot_bringup/share/akabot_bringup/package.dsv'
[1.910s] INFO:colcon.colcon_core.shell:Creating package script '/home/aditya/Vishwakarma_awards/install/akabot_bringup/share/akabot_bringup/package.sh'
[1.910s] INFO:colcon.colcon_core.shell:Creating package script '/home/aditya/Vishwakarma_awards/install/akabot_bringup/share/akabot_bringup/package.bash'
[1.911s] INFO:colcon.colcon_core.shell:Creating package script '/home/aditya/Vishwakarma_awards/install/akabot_bringup/share/akabot_bringup/package.zsh'
[1.912s] Level 1:colcon.colcon_core.environment:create_file_with_runtime_dependencies(/home/aditya/Vishwakarma_awards/install/akabot_bringup/share/colcon-core/packages/akabot_bringup)
[1.913s] Level 1:colcon.colcon_core.environment:create_environment_scripts_only(akabot_description)
[1.914s] Level 1:colcon.colcon_core.environment:checking '/home/aditya/Vishwakarma_awards/install/akabot_description' for CMake module files
[1.917s] DEBUG:colcon.colcon_core.event_handler.log_command:Invoked command in '/home/aditya/Vishwakarma_awards/build/akabot_description' returned '0': CMAKE_PREFIX_PATH=${CMAKE_PREFIX_PATH}:/home/aditya/Vishwakarma_awards/install/arm_vla_pkg:/opt/ros/humble /usr/bin/cmake --install /home/aditya/Vishwakarma_awards/build/akabot_description
[1.917s] Level 1:colcon.colcon_core.environment:checking '/home/aditya/Vishwakarma_awards/install/akabot_description' for CMake config files
[1.918s] Level 1:colcon.colcon_core.shell:create_environment_hook('akabot_description', 'cmake_prefix_path')
[1.919s] INFO:colcon.colcon_core.shell:Creating environment hook '/home/aditya/Vishwakarma_awards/install/akabot_description/share/akabot_description/hook/cmake_prefix_path.ps1'
[1.920s] INFO:colcon.colcon_core.shell:Creating environment descriptor '/home/aditya/Vishwakarma_awards/install/akabot_description/share/akabot_description/hook/cmake_prefix_path.dsv'
[1.921s] INFO:colcon.colcon_core.shell:Creating environment hook '/home/aditya/Vishwakarma_awards/install/akabot_description/share/akabot_description/hook/cmake_prefix_path.sh'
[1.923s] Level 1:colcon.colcon_core.environment:checking '/home/aditya/Vishwakarma_awards/install/akabot_description/bin'
[1.923s] Level 1:colcon.colcon_core.environment:checking '/home/aditya/Vishwakarma_awards/install/akabot_description/lib/pkgconfig/akabot_description.pc'
[1.924s] Level 1:colcon.colcon_core.environment:checking '/home/aditya/Vishwakarma_awards/install/akabot_description/lib/python3.10/site-packages'
[1.924s] Level 1:colcon.colcon_core.environment:checking '/home/aditya/Vishwakarma_awards/install/akabot_description/bin'
[1.925s] INFO:colcon.colcon_core.shell:Creating package script '/home/aditya/Vishwakarma_awards/install/akabot_description/share/akabot_description/package.ps1'
[1.926s] INFO:colcon.colcon_core.shell:Creating package descriptor '/home/aditya/Vishwakarma_awards/install/akabot_description/share/akabot_description/package.dsv'
[1.927s] INFO:colcon.colcon_core.shell:Creating package script '/home/aditya/Vishwakarma_awards/install/akabot_description/share/akabot_description/package.sh'
[1.928s] INFO:colcon.colcon_core.shell:Creating package script '/home/aditya/Vishwakarma_awards/install/akabot_description/share/akabot_description/package.bash'
[1.928s] INFO:colcon.colcon_core.shell:Creating package script '/home/aditya/Vishwakarma_awards/install/akabot_description/share/akabot_description/package.zsh'
[1.929s] Level 1:colcon.colcon_core.environment:create_file_with_runtime_dependencies(/home/aditya/Vishwakarma_awards/install/akabot_description/share/colcon-core/packages/akabot_description)
[1.931s] Level 1:colcon.colcon_core.environment:create_environment_scripts_only(akabot_description)
[1.932s] Level 1:colcon.colcon_core.environment:checking '/home/aditya/Vishwakarma_awards/install/akabot_description' for CMake module files
[1.932s] Level 1:colcon.colcon_core.environment:checking '/home/aditya/Vishwakarma_awards/install/akabot_description' for CMake config files
[1.933s] Level 1:colcon.colcon_core.shell:create_environment_hook('akabot_description', 'cmake_prefix_path')
[1.934s] INFO:colcon.colcon_core.shell:Creating environment hook '/home/aditya/Vishwakarma_awards/install/akabot_description/share/akabot_description/hook/cmake_prefix_path.ps1'
[1.935s] INFO:colcon.colcon_core.shell:Creating environment descriptor '/home/aditya/Vishwakarma_awards/install/akabot_description/share/akabot_description/hook/cmake_prefix_path.dsv'
[1.935s] INFO:colcon.colcon_core.shell:Creating environment hook '/home/aditya/Vishwakarma_awards/install/akabot_description/share/akabot_description/hook/cmake_prefix_path.sh'
[1.937s] Level 1:colcon.colcon_core.environment:checking '/home/aditya/Vishwakarma_awards/install/akabot_description/bin'
[1.937s] Level 1:colcon.colcon_core.environment:checking '/home/aditya/Vishwakarma_awards/install/akabot_description/lib/pkgconfig/akabot_description.pc'
[1.937s] Level 1:colcon.colcon_core.environment:checking '/home/aditya/Vishwakarma_awards/install/akabot_description/lib/python3.10/site-packages'
[1.938s] Level 1:colcon.colcon_core.environment:checking '/home/aditya/Vishwakarma_awards/install/akabot_description/bin'
[1.939s] INFO:colcon.colcon_core.shell:Creating package script '/home/aditya/Vishwakarma_awards/install/akabot_description/share/akabot_description/package.ps1'
[1.940s] INFO:colcon.colcon_core.shell:Creating package descriptor '/home/aditya/Vishwakarma_awards/install/akabot_description/share/akabot_description/package.dsv'
[1.941s] INFO:colcon.colcon_core.shell:Creating package script '/home/aditya/Vishwakarma_awards/install/akabot_description/share/akabot_description/package.sh'
[1.942s] INFO:colcon.colcon_core.shell:Creating package script '/home/aditya/Vishwakarma_awards/install/akabot_description/share/akabot_description/package.bash'
[1.943s] INFO:colcon.colcon_core.shell:Creating package script '/home/aditya/Vishwakarma_awards/install/akabot_description/share/akabot_description/package.zsh'
[1.944s] Level 1:colcon.colcon_core.environment:create_file_with_runtime_dependencies(/home/aditya/Vishwakarma_awards/install/akabot_description/share/colcon-core/packages/akabot_description)
[1.945s] INFO:colcon.colcon_ros.task.ament_cmake.build:Building ROS package in '/home/aditya/Vishwakarma_awards/src/akabot_moveit_config' with build type 'ament_cmake'
[1.945s] INFO:colcon.colcon_cmake.task.cmake.build:Building CMake package in '/home/aditya/Vishwakarma_awards/src/akabot_moveit_config'
[1.946s] INFO:colcon.colcon_core.shell:Skip shell extension 'powershell' for command environment: Not usable outside of PowerShell
[1.946s] DEBUG:colcon.colcon_core.shell:Skip shell extension 'dsv' for command environment
[1.956s] Level 1:colcon.colcon_core.environment:create_environment_scripts_only(akabot_gazebo)
[1.958s] Level 1:colcon.colcon_core.environment:checking '/home/aditya/Vishwakarma_awards/install/akabot_gazebo' for CMake module files
[1.959s] DEBUG:colcon.colcon_core.event_handler.log_command:Invoked command in '/home/aditya/Vishwakarma_awards/build/akabot_gazebo' returned '0': CMAKE_PREFIX_PATH=${CMAKE_PREFIX_PATH}:/home/aditya/Vishwakarma_awards/install/arm_vla_pkg:/opt/ros/humble /usr/bin/cmake --install /home/aditya/Vishwakarma_awards/build/akabot_gazebo
[1.960s] Level 1:colcon.colcon_core.environment:checking '/home/aditya/Vishwakarma_awards/install/akabot_gazebo' for CMake config files
[1.961s] Level 1:colcon.colcon_core.shell:create_environment_hook('akabot_gazebo', 'cmake_prefix_path')
[1.962s] INFO:colcon.colcon_core.shell:Creating environment hook '/home/aditya/Vishwakarma_awards/install/akabot_gazebo/share/akabot_gazebo/hook/cmake_prefix_path.ps1'
[1.963s] INFO:colcon.colcon_core.shell:Creating environment descriptor '/home/aditya/Vishwakarma_awards/install/akabot_gazebo/share/akabot_gazebo/hook/cmake_prefix_path.dsv'
[1.964s] INFO:colcon.colcon_core.shell:Creating environment hook '/home/aditya/Vishwakarma_awards/install/akabot_gazebo/share/akabot_gazebo/hook/cmake_prefix_path.sh'
[1.965s] Level 1:colcon.colcon_core.environment:checking '/home/aditya/Vishwakarma_awards/install/akabot_gazebo/bin'
[1.966s] Level 1:colcon.colcon_core.environment:checking '/home/aditya/Vishwakarma_awards/install/akabot_gazebo/lib/pkgconfig/akabot_gazebo.pc'
[1.966s] Level 1:colcon.colcon_core.environment:checking '/home/aditya/Vishwakarma_awards/install/akabot_gazebo/lib/python3.10/site-packages'
[1.967s] Level 1:colcon.colcon_core.environment:checking '/home/aditya/Vishwakarma_awards/install/akabot_gazebo/bin'
[1.968s] INFO:colcon.colcon_core.shell:Creating package script '/home/aditya/Vishwakarma_awards/install/akabot_gazebo/share/akabot_gazebo/package.ps1'
[1.969s] INFO:colcon.colcon_core.shell:Creating package descriptor '/home/aditya/Vishwakarma_awards/install/akabot_gazebo/share/akabot_gazebo/package.dsv'
[1.970s] INFO:colcon.colcon_core.shell:Creating package script '/home/aditya/Vishwakarma_awards/install/akabot_gazebo/share/akabot_gazebo/package.sh'
[1.971s] INFO:colcon.colcon_core.shell:Creating package script '/home/aditya/Vishwakarma_awards/install/akabot_gazebo/share/akabot_gazebo/package.bash'
[1.971s] INFO:colcon.colcon_core.shell:Creating package script '/home/aditya/Vishwakarma_awards/install/akabot_gazebo/share/akabot_gazebo/package.zsh'
[1.972s] Level 1:colcon.colcon_core.environment:create_file_with_runtime_dependencies(/home/aditya/Vishwakarma_awards/install/akabot_gazebo/share/colcon-core/packages/akabot_gazebo)
[1.974s] Level 1:colcon.colcon_core.environment:create_environment_scripts_only(akabot_gazebo)
[1.974s] Level 1:colcon.colcon_core.environment:checking '/home/aditya/Vishwakarma_awards/install/akabot_gazebo' for CMake module files
[1.975s] Level 1:colcon.colcon_core.environment:checking '/home/aditya/Vishwakarma_awards/install/akabot_gazebo' for CMake config files
[1.976s] Level 1:colcon.colcon_core.shell:create_environment_hook('akabot_gazebo', 'cmake_prefix_path')
[1.976s] INFO:colcon.colcon_core.shell:Creating environment hook '/home/aditya/Vishwakarma_awards/install/akabot_gazebo/share/akabot_gazebo/hook/cmake_prefix_path.ps1'
[1.977s] INFO:colcon.colcon_core.shell:Creating environment descriptor '/home/aditya/Vishwakarma_awards/install/akabot_gazebo/share/akabot_gazebo/hook/cmake_prefix_path.dsv'
[1.978s] INFO:colcon.colcon_core.shell:Creating environment hook '/home/aditya/Vishwakarma_awards/install/akabot_gazebo/share/akabot_gazebo/hook/cmake_prefix_path.sh'
[1.979s] Level 1:colcon.colcon_core.environment:checking '/home/aditya/Vishwakarma_awards/install/akabot_gazebo/bin'
[1.979s] Level 1:colcon.colcon_core.environment:checking '/home/aditya/Vishwakarma_awards/install/akabot_gazebo/lib/pkgconfig/akabot_gazebo.pc'
[1.979s] Level 1:colcon.colcon_core.environment:checking '/home/aditya/Vishwakarma_awards/install/akabot_gazebo/lib/python3.10/site-packages'
[1.980s] Level 1:colcon.colcon_core.environment:checking '/home/aditya/Vishwakarma_awards/install/akabot_gazebo/bin'
[1.981s] INFO:colcon.colcon_core.shell:Creating package script '/home/aditya/Vishwakarma_awards/install/akabot_gazebo/share/akabot_gazebo/package.ps1'
[1.982s] INFO:colcon.colcon_core.shell:Creating package descriptor '/home/aditya/Vishwakarma_awards/install/akabot_gazebo/share/akabot_gazebo/package.dsv'
[1.983s] INFO:colcon.colcon_core.shell:Creating package script '/home/aditya/Vishwakarma_awards/install/akabot_gazebo/share/akabot_gazebo/package.sh'
[1.984s] INFO:colcon.colcon_core.shell:Creating package script '/home/aditya/Vishwakarma_awards/install/akabot_gazebo/share/akabot_gazebo/package.bash'
[1.985s] INFO:colcon.colcon_core.shell:Creating package script '/home/aditya/Vishwakarma_awards/install/akabot_gazebo/share/akabot_gazebo/package.zsh'
[1.986s] Level 1:colcon.colcon_core.environment:create_file_with_runtime_dependencies(/home/aditya/Vishwakarma_awards/install/akabot_gazebo/share/colcon-core/packages/akabot_gazebo)
[1.994s] DEBUG:colcon.colcon_core.event_handler.log_command:Invoking command in '/home/aditya/Vishwakarma_awards/build/akabot_moveit_config': CMAKE_PREFIX_PATH=/home/aditya/Vishwakarma_awards/install/akabot_description:/home/aditya/Vishwakarma_awards/install/akabot_control:/home/aditya/Vishwakarma_awards/install/akabot_moveit_config:/home/aditya/Vishwakarma_awards/install/akabot_gazebo:/home/aditya/Vishwakarma_awards/install/akabot_bringup:/home/aditya/Vishwakarma_awards/install/arm_vla_pkg:/opt/ros/humble /usr/bin/cmake --build /home/aditya/Vishwakarma_awards/build/akabot_moveit_config -- -j28 -l28
[2.088s] DEBUG:colcon.colcon_core.event_handler.log_command:Invoked command in '/home/aditya/Vishwakarma_awards/build/akabot_moveit_config' returned '0': CMAKE_PREFIX_PATH=/home/aditya/Vishwakarma_awards/install/akabot_description:/home/aditya/Vishwakarma_awards/install/akabot_control:/home/aditya/Vishwakarma_awards/install/akabot_moveit_config:/home/aditya/Vishwakarma_awards/install/akabot_gazebo:/home/aditya/Vishwakarma_awards/install/akabot_bringup:/home/aditya/Vishwakarma_awards/install/arm_vla_pkg:/opt/ros/humble /usr/bin/cmake --build /home/aditya/Vishwakarma_awards/build/akabot_moveit_config -- -j28 -l28
[2.092s] DEBUG:colcon.colcon_core.event_handler.log_command:Invoking command in '/home/aditya/Vishwakarma_awards/build/akabot_moveit_config': CMAKE_PREFIX_PATH=/home/aditya/Vishwakarma_awards/install/akabot_description:/home/aditya/Vishwakarma_awards/install/akabot_control:/home/aditya/Vishwakarma_awards/install/akabot_moveit_config:/home/aditya/Vishwakarma_awards/install/akabot_gazebo:/home/aditya/Vishwakarma_awards/install/akabot_bringup:/home/aditya/Vishwakarma_awards/install/arm_vla_pkg:/opt/ros/humble /usr/bin/cmake --install /home/aditya/Vishwakarma_awards/build/akabot_moveit_config
[2.118s] Level 1:colcon.colcon_core.environment:create_environment_scripts_only(akabot_moveit_config)
[2.119s] Level 1:colcon.colcon_core.environment:checking '/home/aditya/Vishwakarma_awards/install/akabot_moveit_config' for CMake module files
[2.120s] DEBUG:colcon.colcon_core.event_handler.log_command:Invoked command in '/home/aditya/Vishwakarma_awards/build/akabot_moveit_config' returned '0': CMAKE_PREFIX_PATH=/home/aditya/Vishwakarma_awards/install/akabot_description:/home/aditya/Vishwakarma_awards/install/akabot_control:/home/aditya/Vishwakarma_awards/install/akabot_moveit_config:/home/aditya/Vishwakarma_awards/install/akabot_gazebo:/home/aditya/Vishwakarma_awards/install/akabot_bringup:/home/aditya/Vishwakarma_awards/install/arm_vla_pkg:/opt/ros/humble /usr/bin/cmake --install /home/aditya/Vishwakarma_awards/build/akabot_moveit_config
[2.121s] Level 1:colcon.colcon_core.environment:checking '/home/aditya/Vishwakarma_awards/install/akabot_moveit_config' for CMake config files
[2.122s] Level 1:colcon.colcon_core.shell:create_environment_hook('akabot_moveit_config', 'cmake_prefix_path')
[2.123s] INFO:colcon.colcon_core.shell:Creating environment hook '/home/aditya/Vishwakarma_awards/install/akabot_moveit_config/share/akabot_moveit_config/hook/cmake_prefix_path.ps1'
[2.125s] INFO:colcon.colcon_core.shell:Creating environment descriptor '/home/aditya/Vishwakarma_awards/install/akabot_moveit_config/share/akabot_moveit_config/hook/cmake_prefix_path.dsv'
[2.126s] INFO:colcon.colcon_core.shell:Creating environment hook '/home/aditya/Vishwakarma_awards/install/akabot_moveit_config/share/akabot_moveit_config/hook/cmake_prefix_path.sh'
[2.128s] Level 1:colcon.colcon_core.environment:checking '/home/aditya/Vishwakarma_awards/install/akabot_moveit_config/bin'
[2.128s] Level 1:colcon.colcon_core.environment:checking '/home/aditya/Vishwakarma_awards/install/akabot_moveit_config/lib/pkgconfig/akabot_moveit_config.pc'
[2.129s] Level 1:colcon.colcon_core.environment:checking '/home/aditya/Vishwakarma_awards/install/akabot_moveit_config/lib/python3.10/site-packages'
[2.130s] Level 1:colcon.colcon_core.environment:checking '/home/aditya/Vishwakarma_awards/install/akabot_moveit_config/bin'
[2.131s] INFO:colcon.colcon_core.shell:Creating package script '/home/aditya/Vishwakarma_awards/install/akabot_moveit_config/share/akabot_moveit_config/package.ps1'
[2.133s] INFO:colcon.colcon_core.shell:Creating package descriptor '/home/aditya/Vishwakarma_awards/install/akabot_moveit_config/share/akabot_moveit_config/package.dsv'
[2.134s] INFO:colcon.colcon_core.shell:Creating package script '/home/aditya/Vishwakarma_awards/install/akabot_moveit_config/share/akabot_moveit_config/package.sh'
[2.135s] INFO:colcon.colcon_core.shell:Creating package script '/home/aditya/Vishwakarma_awards/install/akabot_moveit_config/share/akabot_moveit_config/package.bash'
[2.136s] INFO:colcon.colcon_core.shell:Creating package script '/home/aditya/Vishwakarma_awards/install/akabot_moveit_config/share/akabot_moveit_config/package.zsh'
[2.137s] Level 1:colcon.colcon_core.environment:create_file_with_runtime_dependencies(/home/aditya/Vishwakarma_awards/install/akabot_moveit_config/share/colcon-core/packages/akabot_moveit_config)
[2.138s] Level 1:colcon.colcon_core.environment:create_environment_scripts_only(akabot_moveit_config)
[2.139s] Level 1:colcon.colcon_core.environment:checking '/home/aditya/Vishwakarma_awards/install/akabot_moveit_config' for CMake module files
[2.141s] Level 1:colcon.colcon_core.environment:checking '/home/aditya/Vishwakarma_awards/install/akabot_moveit_config' for CMake config files
[2.142s] Level 1:colcon.colcon_core.shell:create_environment_hook('akabot_moveit_config', 'cmake_prefix_path')
[2.143s] INFO:colcon.colcon_core.shell:Creating environment hook '/home/aditya/Vishwakarma_awards/install/akabot_moveit_config/share/akabot_moveit_config/hook/cmake_prefix_path.ps1'
[2.145s] INFO:colcon.colcon_core.shell:Creating environment descriptor '/home/aditya/Vishwakarma_awards/install/akabot_moveit_config/share/akabot_moveit_config/hook/cmake_prefix_path.dsv'
[2.146s] INFO:colcon.colcon_core.shell:Creating environment hook '/home/aditya/Vishwakarma_awards/install/akabot_moveit_config/share/akabot_moveit_config/hook/cmake_prefix_path.sh'
[2.148s] Level 1:colcon.colcon_core.environment:checking '/home/aditya/Vishwakarma_awards/install/akabot_moveit_config/bin'
[2.148s] Level 1:colcon.colcon_core.environment:checking '/home/aditya/Vishwakarma_awards/install/akabot_moveit_config/lib/pkgconfig/akabot_moveit_config.pc'
[2.149s] Level 1:colcon.colcon_core.environment:checking '/home/aditya/Vishwakarma_awards/install/akabot_moveit_config/lib/python3.10/site-packages'
[2.150s] Level 1:colcon.colcon_core.environment:checking '/home/aditya/Vishwakarma_awards/install/akabot_moveit_config/bin'
[2.151s] INFO:colcon.colcon_core.shell:Creating package script '/home/aditya/Vishwakarma_awards/install/akabot_moveit_config/share/akabot_moveit_config/package.ps1'
[2.153s] INFO:colcon.colcon_core.shell:Creating package descriptor '/home/aditya/Vishwakarma_awards/install/akabot_moveit_config/share/akabot_moveit_config/package.dsv'
[2.155s] INFO:colcon.colcon_core.shell:Creating package script '/home/aditya/Vishwakarma_awards/install/akabot_moveit_config/share/akabot_moveit_config/package.sh'
[2.156s] INFO:colcon.colcon_core.shell:Creating package script '/home/aditya/Vishwakarma_awards/install/akabot_moveit_config/share/akabot_moveit_config/package.bash'
[2.157s] INFO:colcon.colcon_core.shell:Creating package script '/home/aditya/Vishwakarma_awards/install/akabot_moveit_config/share/akabot_moveit_config/package.zsh'
[2.158s] Level 1:colcon.colcon_core.environment:create_file_with_runtime_dependencies(/home/aditya/Vishwakarma_awards/install/akabot_moveit_config/share/colcon-core/packages/akabot_moveit_config)
[2.158s] INFO:colcon.colcon_ros.task.ament_python.build:Building ROS package in '/home/aditya/Vishwakarma_awards/src/akabot_control' with build type 'ament_python'
[2.159s] Level 1:colcon.colcon_core.shell:create_environment_hook('akabot_control', 'ament_prefix_path')
[2.159s] INFO:colcon.colcon_core.shell:Creating environment hook '/home/aditya/Vishwakarma_awards/install/akabot_control/share/akabot_control/hook/ament_prefix_path.ps1'
[2.162s] INFO:colcon.colcon_core.shell:Creating environment descriptor '/home/aditya/Vishwakarma_awards/install/akabot_control/share/akabot_control/hook/ament_prefix_path.dsv'
[2.163s] INFO:colcon.colcon_core.shell:Creating environment hook '/home/aditya/Vishwakarma_awards/install/akabot_control/share/akabot_control/hook/ament_prefix_path.sh'
[2.164s] INFO:colcon.colcon_core.shell:Skip shell extension 'powershell' for command environment: Not usable outside of PowerShell
[2.165s] DEBUG:colcon.colcon_core.shell:Skip shell extension 'dsv' for command environment
[2.866s] INFO:colcon.colcon_core.task.python.build:Building Python package in '/home/aditya/Vishwakarma_awards/src/akabot_control'
[2.867s] INFO:colcon.colcon_core.shell:Skip shell extension 'powershell' for command environment: Not usable outside of PowerShell
[2.867s] DEBUG:colcon.colcon_core.shell:Skip shell extension 'dsv' for command environment
[2.882s] DEBUG:colcon.colcon_core.event_handler.log_command:Invoking command in '/home/aditya/Vishwakarma_awards/src/arm_vla_pkg': PYTHONPATH=/home/aditya/Vishwakarma_awards/build/arm_vla_pkg/prefix_override:/usr/lib/python3/dist-packages/colcon_core/task/python/colcon_distutils_commands:/home/aditya/Vishwakarma_awards/install/arm_vla_pkg/lib/python3.10/site-packages:${PYTHONPATH} /usr/bin/python3 -W ignore:setup.py install is deprecated -W ignore:easy_install command is deprecated setup.py egg_info --egg-base ../../build/arm_vla_pkg build --build-base /home/aditya/Vishwakarma_awards/build/arm_vla_pkg/build install --record /home/aditya/Vishwakarma_awards/build/arm_vla_pkg/install.log --single-version-externally-managed install_data
[3.562s] Level 1:colcon.colcon_core.environment:checking '/home/aditya/Vishwakarma_awards/install/arm_vla_pkg' for CMake module files
[3.563s] DEBUG:colcon.colcon_core.event_handler.log_command:Invoked command in '/home/aditya/Vishwakarma_awards/src/arm_vla_pkg' returned '0': PYTHONPATH=/home/aditya/Vishwakarma_awards/build/arm_vla_pkg/prefix_override:/usr/lib/python3/dist-packages/colcon_core/task/python/colcon_distutils_commands:/home/aditya/Vishwakarma_awards/install/arm_vla_pkg/lib/python3.10/site-packages:${PYTHONPATH} /usr/bin/python3 -W ignore:setup.py install is deprecated -W ignore:easy_install command is deprecated setup.py egg_info --egg-base ../../build/arm_vla_pkg build --build-base /home/aditya/Vishwakarma_awards/build/arm_vla_pkg/build install --record /home/aditya/Vishwakarma_awards/build/arm_vla_pkg/install.log --single-version-externally-managed install_data
[3.564s] Level 1:colcon.colcon_core.environment:checking '/home/aditya/Vishwakarma_awards/install/arm_vla_pkg' for CMake config files
[3.565s] Level 1:colcon.colcon_core.environment:checking '/home/aditya/Vishwakarma_awards/install/arm_vla_pkg/lib'
[3.566s] Level 1:colcon.colcon_core.environment:checking '/home/aditya/Vishwakarma_awards/install/arm_vla_pkg/bin'
[3.566s] Level 1:colcon.colcon_core.environment:checking '/home/aditya/Vishwakarma_awards/install/arm_vla_pkg/lib/pkgconfig/arm_vla_pkg.pc'
[3.566s] Level 1:colcon.colcon_core.environment:checking '/home/aditya/Vishwakarma_awards/install/arm_vla_pkg/lib/python3.10/site-packages'
[3.566s] Level 1:colcon.colcon_core.shell:create_environment_hook('arm_vla_pkg', 'pythonpath')
[3.567s] INFO:colcon.colcon_core.shell:Creating environment hook '/home/aditya/Vishwakarma_awards/install/arm_vla_pkg/share/arm_vla_pkg/hook/pythonpath.ps1'
[3.568s] INFO:colcon.colcon_core.shell:Creating environment descriptor '/home/aditya/Vishwakarma_awards/install/arm_vla_pkg/share/arm_vla_pkg/hook/pythonpath.dsv'
[3.568s] INFO:colcon.colcon_core.shell:Creating environment hook '/home/aditya/Vishwakarma_awards/install/arm_vla_pkg/share/arm_vla_pkg/hook/pythonpath.sh'
[3.569s] Level 1:colcon.colcon_core.environment:checking '/home/aditya/Vishwakarma_awards/install/arm_vla_pkg/bin'
[3.570s] Level 1:colcon.colcon_core.environment:create_environment_scripts_only(arm_vla_pkg)
[3.570s] INFO:colcon.colcon_core.shell:Creating package script '/home/aditya/Vishwakarma_awards/install/arm_vla_pkg/share/arm_vla_pkg/package.ps1'
[3.571s] INFO:colcon.colcon_core.shell:Creating package descriptor '/home/aditya/Vishwakarma_awards/install/arm_vla_pkg/share/arm_vla_pkg/package.dsv'
[3.572s] INFO:colcon.colcon_core.shell:Creating package script '/home/aditya/Vishwakarma_awards/install/arm_vla_pkg/share/arm_vla_pkg/package.sh'
[3.572s] INFO:colcon.colcon_core.shell:Creating package script '/home/aditya/Vishwakarma_awards/install/arm_vla_pkg/share/arm_vla_pkg/package.bash'
[3.573s] INFO:colcon.colcon_core.shell:Creating package script '/home/aditya/Vishwakarma_awards/install/arm_vla_pkg/share/arm_vla_pkg/package.zsh'
[3.573s] Level 1:colcon.colcon_core.environment:create_file_with_runtime_dependencies(/home/aditya/Vishwakarma_awards/install/arm_vla_pkg/share/colcon-core/packages/arm_vla_pkg)
[3.686s] DEBUG:colcon.colcon_core.event_handler.log_command:Invoking command in '/home/aditya/Vishwakarma_awards/src/akabot_control': CMAKE_PREFIX_PATH=/home/aditya/Vishwakarma_awards/install/akabot_moveit_config:/home/aditya/Vishwakarma_awards/install/akabot_description:/home/aditya/Vishwakarma_awards/install/akabot_control:/home/aditya/Vishwakarma_awards/install/akabot_gazebo:/home/aditya/Vishwakarma_awards/install/akabot_bringup PYTHONPATH=/home/aditya/Vishwakarma_awards/build/akabot_control/prefix_override:/usr/lib/python3/dist-packages/colcon_core/task/python/colcon_distutils_commands:/home/aditya/Vishwakarma_awards/install/akabot_control/lib/python3.10/site-packages:${PYTHONPATH} /usr/bin/python3 -W ignore:setup.py install is deprecated -W ignore:easy_install command is deprecated setup.py egg_info --egg-base ../../build/akabot_control build --build-base /home/aditya/Vishwakarma_awards/build/akabot_control/build install --record /home/aditya/Vishwakarma_awards/build/akabot_control/install.log --single-version-externally-managed install_data
[4.364s] Level 1:colcon.colcon_core.environment:checking '/home/aditya/Vishwakarma_awards/install/akabot_control' for CMake module files
[4.365s] DEBUG:colcon.colcon_core.event_handler.log_command:Invoked command in '/home/aditya/Vishwakarma_awards/src/akabot_control' returned '0': CMAKE_PREFIX_PATH=/home/aditya/Vishwakarma_awards/install/akabot_moveit_config:/home/aditya/Vishwakarma_awards/install/akabot_description:/home/aditya/Vishwakarma_awards/install/akabot_control:/home/aditya/Vishwakarma_awards/install/akabot_gazebo:/home/aditya/Vishwakarma_awards/install/akabot_bringup PYTHONPATH=/home/aditya/Vishwakarma_awards/build/akabot_control/prefix_override:/usr/lib/python3/dist-packages/colcon_core/task/python/colcon_distutils_commands:/home/aditya/Vishwakarma_awards/install/akabot_control/lib/python3.10/site-packages:${PYTHONPATH} /usr/bin/python3 -W ignore:setup.py install is deprecated -W ignore:easy_install command is deprecated setup.py egg_info --egg-base ../../build/akabot_control build --build-base /home/aditya/Vishwakarma_awards/build/akabot_control/build install --record /home/aditya/Vishwakarma_awards/build/akabot_control/install.log --single-version-externally-managed install_data
[4.366s] Level 1:colcon.colcon_core.environment:checking '/home/aditya/Vishwakarma_awards/install/akabot_control' for CMake config files
[4.367s] Level 1:colcon.colcon_core.environment:checking '/home/aditya/Vishwakarma_awards/install/akabot_control/lib'
[4.368s] Level 1:colcon.colcon_core.environment:checking '/home/aditya/Vishwakarma_awards/install/akabot_control/bin'
[4.368s] Level 1:colcon.colcon_core.environment:checking '/home/aditya/Vishwakarma_awards/install/akabot_control/lib/pkgconfig/akabot_control.pc'
[4.369s] Level 1:colcon.colcon_core.environment:checking '/home/aditya/Vishwakarma_awards/install/akabot_control/lib/python3.10/site-packages'
[4.369s] Level 1:colcon.colcon_core.shell:create_environment_hook('akabot_control', 'pythonpath')
[4.369s] INFO:colcon.colcon_core.shell:Creating environment hook '/home/aditya/Vishwakarma_awards/install/akabot_control/share/akabot_control/hook/pythonpath.ps1'
[4.370s] INFO:colcon.colcon_core.shell:Creating environment descriptor '/home/aditya/Vishwakarma_awards/install/akabot_control/share/akabot_control/hook/pythonpath.dsv'
[4.371s] INFO:colcon.colcon_core.shell:Creating environment hook '/home/aditya/Vishwakarma_awards/install/akabot_control/share/akabot_control/hook/pythonpath.sh'
[4.373s] Level 1:colcon.colcon_core.environment:checking '/home/aditya/Vishwakarma_awards/install/akabot_control/bin'
[4.373s] Level 1:colcon.colcon_core.environment:create_environment_scripts_only(akabot_control)
[4.374s] INFO:colcon.colcon_core.shell:Creating package script '/home/aditya/Vishwakarma_awards/install/akabot_control/share/akabot_control/package.ps1'
[4.375s] INFO:colcon.colcon_core.shell:Creating package descriptor '/home/aditya/Vishwakarma_awards/install/akabot_control/share/akabot_control/package.dsv'
[4.377s] INFO:colcon.colcon_core.shell:Creating package script '/home/aditya/Vishwakarma_awards/install/akabot_control/share/akabot_control/package.sh'
[4.379s] INFO:colcon.colcon_core.shell:Creating package script '/home/aditya/Vishwakarma_awards/install/akabot_control/share/akabot_control/package.bash'
[4.380s] INFO:colcon.colcon_core.shell:Creating package script '/home/aditya/Vishwakarma_awards/install/akabot_control/share/akabot_control/package.zsh'
[4.381s] Level 1:colcon.colcon_core.environment:create_file_with_runtime_dependencies(/home/aditya/Vishwakarma_awards/install/akabot_control/share/colcon-core/packages/akabot_control)
[4.381s] DEBUG:colcon.colcon_parallel_executor.executor.parallel:closing loop
[4.382s] DEBUG:colcon.colcon_parallel_executor.executor.parallel:loop closed
[4.382s] DEBUG:colcon.colcon_parallel_executor.executor.parallel:run_until_complete finished with '0'
[4.382s] DEBUG:colcon.colcon_core.event_reactor:joining thread
[4.396s] INFO:colcon.colcon_core.plugin_system:Skipping extension 'colcon_notification.desktop_notification.terminal_notifier': Not used on non-Darwin systems
[4.396s] INFO:colcon.colcon_core.plugin_system:Skipping extension 'colcon_notification.desktop_notification.win32': Not used on non-Windows systems
[4.396s] INFO:colcon.colcon_notification.desktop_notification:Sending desktop notification using 'notify2'
[4.428s] DEBUG:colcon.colcon_core.event_reactor:joined thread
[4.429s] INFO:colcon.colcon_core.shell:Creating prefix script '/home/aditya/Vishwakarma_awards/install/local_setup.ps1'
[4.431s] INFO:colcon.colcon_core.shell:Creating prefix util module '/home/aditya/Vishwakarma_awards/install/_local_setup_util_ps1.py'
[4.434s] INFO:colcon.colcon_core.shell:Creating prefix chain script '/home/aditya/Vishwakarma_awards/install/setup.ps1'
[4.436s] INFO:colcon.colcon_core.shell:Creating prefix script '/home/aditya/Vishwakarma_awards/install/local_setup.sh'
[4.437s] INFO:colcon.colcon_core.shell:Creating prefix util module '/home/aditya/Vishwakarma_awards/install/_local_setup_util_sh.py'
[4.438s] INFO:colcon.colcon_core.shell:Creating prefix chain script '/home/aditya/Vishwakarma_awards/install/setup.sh'
[4.440s] INFO:colcon.colcon_core.shell:Creating prefix script '/home/aditya/Vishwakarma_awards/install/local_setup.bash'
[4.440s] INFO:colcon.colcon_core.shell:Creating prefix chain script '/home/aditya/Vishwakarma_awards/install/setup.bash'
[4.442s] INFO:colcon.colcon_core.shell:Creating prefix script '/home/aditya/Vishwakarma_awards/install/local_setup.zsh'
[4.442s] INFO:colcon.colcon_core.shell:Creating prefix chain script '/home/aditya/Vishwakarma_awards/install/setup.zsh'
