[0.046s] Invoking command in '/home/aditya/Vishwakarma_awards/build/akabot_moveit_config': CMAKE_PREFIX_PATH=/home/aditya/Vishwakarma_awards/install/akabot_description:/home/aditya/Vishwakarma_awards/install/akabot_control:/home/aditya/Vishwakarma_awards/install/akabot_moveit_config:/home/aditya/Vishwakarma_awards/install/akabot_gazebo:/home/aditya/Vishwakarma_awards/install/akabot_bringup:/home/aditya/Vishwakarma_awards/install/arm_vla_pkg:/opt/ros/humble /usr/bin/cmake --build /home/aditya/Vishwakarma_awards/build/akabot_moveit_config -- -j28 -l28
[0.139s] Invoked command in '/home/aditya/Vishwakarma_awards/build/akabot_moveit_config' returned '0': CMAKE_PREFIX_PATH=/home/aditya/Vishwakarma_awards/install/akabot_description:/home/aditya/Vishwakarma_awards/install/akabot_control:/home/aditya/Vishwakarma_awards/install/akabot_moveit_config:/home/aditya/Vishwakarma_awards/install/akabot_gazebo:/home/aditya/Vishwakarma_awards/install/akabot_bringup:/home/aditya/Vishwakarma_awards/install/arm_vla_pkg:/opt/ros/humble /usr/bin/cmake --build /home/aditya/Vishwakarma_awards/build/akabot_moveit_config -- -j28 -l28
[0.143s] Invoking command in '/home/aditya/Vishwakarma_awards/build/akabot_moveit_config': CMAKE_PREFIX_PATH=/home/aditya/Vishwakarma_awards/install/akabot_description:/home/aditya/Vishwakarma_awards/install/akabot_control:/home/aditya/Vishwakarma_awards/install/akabot_moveit_config:/home/aditya/Vishwakarma_awards/install/akabot_gazebo:/home/aditya/Vishwakarma_awards/install/akabot_bringup:/home/aditya/Vishwakarma_awards/install/arm_vla_pkg:/opt/ros/humble /usr/bin/cmake --install /home/aditya/Vishwakarma_awards/build/akabot_moveit_config
[0.161s] -- Install configuration: ""
[0.161s] -- Up-to-date: /home/aditya/Vishwakarma_awards/install/akabot_moveit_config/share/ament_index/resource_index/package_run_dependencies/akabot_moveit_config
[0.161s] -- Up-to-date: /home/aditya/Vishwakarma_awards/install/akabot_moveit_config/share/ament_index/resource_index/parent_prefix_path/akabot_moveit_config
[0.162s] -- Up-to-date: /home/aditya/Vishwakarma_awards/install/akabot_moveit_config/share/akabot_moveit_config/environment/ament_prefix_path.sh
[0.162s] -- Up-to-date: /home/aditya/Vishwakarma_awards/install/akabot_moveit_config/share/akabot_moveit_config/environment/ament_prefix_path.dsv
[0.162s] -- Up-to-date: /home/aditya/Vishwakarma_awards/install/akabot_moveit_config/share/akabot_moveit_config/environment/path.sh
[0.162s] -- Up-to-date: /home/aditya/Vishwakarma_awards/install/akabot_moveit_config/share/akabot_moveit_config/environment/path.dsv
[0.163s] -- Up-to-date: /home/aditya/Vishwakarma_awards/install/akabot_moveit_config/share/akabot_moveit_config/local_setup.bash
[0.163s] -- Up-to-date: /home/aditya/Vishwakarma_awards/install/akabot_moveit_config/share/akabot_moveit_config/local_setup.sh
[0.163s] -- Up-to-date: /home/aditya/Vishwakarma_awards/install/akabot_moveit_config/share/akabot_moveit_config/local_setup.zsh
[0.163s] -- Up-to-date: /home/aditya/Vishwakarma_awards/install/akabot_moveit_config/share/akabot_moveit_config/local_setup.dsv
[0.164s] -- Up-to-date: /home/aditya/Vishwakarma_awards/install/akabot_moveit_config/share/akabot_moveit_config/package.dsv
[0.164s] -- Up-to-date: /home/aditya/Vishwakarma_awards/install/akabot_moveit_config/share/ament_index/resource_index/packages/akabot_moveit_config
[0.164s] -- Up-to-date: /home/aditya/Vishwakarma_awards/install/akabot_moveit_config/share/akabot_moveit_config/cmake/akabot_moveit_configConfig.cmake
[0.165s] -- Up-to-date: /home/aditya/Vishwakarma_awards/install/akabot_moveit_config/share/akabot_moveit_config/cmake/akabot_moveit_configConfig-version.cmake
[0.165s] -- Up-to-date: /home/aditya/Vishwakarma_awards/install/akabot_moveit_config/share/akabot_moveit_config/package.xml
[0.165s] -- Up-to-date: /home/aditya/Vishwakarma_awards/install/akabot_moveit_config/share/akabot_moveit_config/config
[0.165s] -- Up-to-date: /home/aditya/Vishwakarma_awards/install/akabot_moveit_config/share/akabot_moveit_config/config/joint_limits.yaml
[0.166s] -- Up-to-date: /home/aditya/Vishwakarma_awards/install/akabot_moveit_config/share/akabot_moveit_config/config/moveit_controllers.yaml
[0.167s] -- Up-to-date: /home/aditya/Vishwakarma_awards/install/akabot_moveit_config/share/akabot_moveit_config/config/ompl_planning.yaml
[0.168s] -- Up-to-date: /home/aditya/Vishwakarma_awards/install/akabot_moveit_config/share/akabot_moveit_config/config/kinematics.yaml
[0.168s] -- Up-to-date: /home/aditya/Vishwakarma_awards/install/akabot_moveit_config/share/akabot_moveit_config/launch
[0.168s] -- Up-to-date: /home/aditya/Vishwakarma_awards/install/akabot_moveit_config/share/akabot_moveit_config/launch/moveit_rviz.launch.py
[0.168s] -- Up-to-date: /home/aditya/Vishwakarma_awards/install/akabot_moveit_config/share/akabot_moveit_config/launch/demo.launch.py
[0.168s] -- Up-to-date: /home/aditya/Vishwakarma_awards/install/akabot_moveit_config/share/akabot_moveit_config/rviz
[0.168s] -- Up-to-date: /home/aditya/Vishwakarma_awards/install/akabot_moveit_config/share/akabot_moveit_config/rviz/moveit.rviz
[0.168s] -- Up-to-date: /home/aditya/Vishwakarma_awards/install/akabot_moveit_config/share/akabot_moveit_config/srdf
[0.169s] -- Up-to-date: /home/aditya/Vishwakarma_awards/install/akabot_moveit_config/share/akabot_moveit_config/srdf/akabot.srdf
[0.169s] -- Up-to-date: /home/aditya/Vishwakarma_awards/install/akabot_moveit_config/share/akabot_moveit_config/urdf
[0.169s] -- Up-to-date: /home/aditya/Vishwakarma_awards/install/akabot_moveit_config/share/akabot_moveit_config/urdf/fake_akabot.urdf.xacro
[0.169s] -- Up-to-date: /home/aditya/Vishwakarma_awards/install/akabot_moveit_config/share/akabot_moveit_config/.setup_assistant
[0.172s] Invoked command in '/home/aditya/Vishwakarma_awards/build/akabot_moveit_config' returned '0': CMAKE_PREFIX_PATH=/home/aditya/Vishwakarma_awards/install/akabot_description:/home/aditya/Vishwakarma_awards/install/akabot_control:/home/aditya/Vishwakarma_awards/install/akabot_moveit_config:/home/aditya/Vishwakarma_awards/install/akabot_gazebo:/home/aditya/Vishwakarma_awards/install/akabot_bringup:/home/aditya/Vishwakarma_awards/install/arm_vla_pkg:/opt/ros/humble /usr/bin/cmake --install /home/aditya/Vishwakarma_awards/build/akabot_moveit_config
