-- Install configuration: ""
-- Up-to-date: /home/harshit/arm_vla_ws/install/akabot_description/share/akabot_description/config
-- Up-to-date: /home/harshit/arm_vla_ws/install/akabot_description/share/akabot_description/config/initial_positions.yaml
-- Up-to-date: /home/harshit/arm_vla_ws/install/akabot_description/share/akabot_description/launch
-- Up-to-date: /home/harshit/arm_vla_ws/install/akabot_description/share/akabot_description/launch/description_launch.py
-- Up-to-date: /home/harshit/arm_vla_ws/install/akabot_description/share/akabot_description/launch/robot_state_publisher_launch.py
-- Up-to-date: /home/harshit/arm_vla_ws/install/akabot_description/share/akabot_description/meshes
-- Up-to-date: /home/harshit/arm_vla_ws/install/akabot_description/share/akabot_description/meshes/lower_arm.stl
-- Up-to-date: /home/harshit/arm_vla_ws/install/akabot_description/share/akabot_description/meshes/wrist.stl
-- Up-to-date: /home/harshit/arm_vla_ws/install/akabot_description/share/akabot_description/meshes/left_claw.stl
-- Up-to-date: /home/harshit/arm_vla_ws/install/akabot_description/share/akabot_description/meshes/claw_base.stl
-- Up-to-date: /home/harshit/arm_vla_ws/install/akabot_description/share/akabot_description/meshes/right_claw.stl
-- Up-to-date: /home/harshit/arm_vla_ws/install/akabot_description/share/akabot_description/meshes/base_cylinder.stl
-- Up-to-date: /home/harshit/arm_vla_ws/install/akabot_description/share/akabot_description/meshes/upper_arm.stl
-- Up-to-date: /home/harshit/arm_vla_ws/install/akabot_description/share/akabot_description/meshes/top_plate.stl
-- Up-to-date: /home/harshit/arm_vla_ws/install/akabot_description/share/akabot_description/meshes/d415.dae
-- Up-to-date: /home/harshit/arm_vla_ws/install/akabot_description/share/akabot_description/urdf
-- Up-to-date: /home/harshit/arm_vla_ws/install/akabot_description/share/akabot_description/urdf/akabot_tf_camera.xacro
-- Up-to-date: /home/harshit/arm_vla_ws/install/akabot_description/share/akabot_description/urdf/akabot_gz.urdf.xacro
-- Up-to-date: /home/harshit/arm_vla_ws/install/akabot_description/share/akabot_description/urdf/build
-- Up-to-date: /home/harshit/arm_vla_ws/install/akabot_description/share/akabot_description/urdf/build/COLCON_IGNORE
-- Up-to-date: /home/harshit/arm_vla_ws/install/akabot_description/share/akabot_description/urdf/build/.built_by
-- Up-to-date: /home/harshit/arm_vla_ws/install/akabot_description/share/akabot_description/urdf/akabot.ros2_control.xacro
-- Up-to-date: /home/harshit/arm_vla_ws/install/akabot_description/share/akabot_description/urdf/akabot_core.xacro
-- Up-to-date: /home/harshit/arm_vla_ws/install/akabot_description/share/akabot_description/urdf/akabot.urdf.xacro
-- Up-to-date: /home/harshit/arm_vla_ws/install/akabot_description/share/akabot_description/urdf/install
-- Up-to-date: /home/harshit/arm_vla_ws/install/akabot_description/share/akabot_description/urdf/install/_local_setup_util_ps1.py
-- Up-to-date: /home/harshit/arm_vla_ws/install/akabot_description/share/akabot_description/urdf/install/COLCON_IGNORE
-- Up-to-date: /home/harshit/arm_vla_ws/install/akabot_description/share/akabot_description/urdf/install/local_setup.bash
-- Up-to-date: /home/harshit/arm_vla_ws/install/akabot_description/share/akabot_description/urdf/install/.colcon_install_layout
-- Up-to-date: /home/harshit/arm_vla_ws/install/akabot_description/share/akabot_description/urdf/install/_local_setup_util_sh.py
-- Up-to-date: /home/harshit/arm_vla_ws/install/akabot_description/share/akabot_description/urdf/install/setup.bash
-- Up-to-date: /home/harshit/arm_vla_ws/install/akabot_description/share/akabot_description/urdf/install/local_setup.ps1
-- Up-to-date: /home/harshit/arm_vla_ws/install/akabot_description/share/akabot_description/urdf/install/local_setup.zsh
-- Up-to-date: /home/harshit/arm_vla_ws/install/akabot_description/share/akabot_description/urdf/install/setup.sh
-- Up-to-date: /home/harshit/arm_vla_ws/install/akabot_description/share/akabot_description/urdf/install/setup.ps1
-- Up-to-date: /home/harshit/arm_vla_ws/install/akabot_description/share/akabot_description/urdf/install/local_setup.sh
-- Up-to-date: /home/harshit/arm_vla_ws/install/akabot_description/share/akabot_description/urdf/install/setup.zsh
-- Up-to-date: /home/harshit/arm_vla_ws/install/akabot_description/share/akabot_description/urdf/log
-- Up-to-date: /home/harshit/arm_vla_ws/install/akabot_description/share/akabot_description/urdf/log/COLCON_IGNORE
-- Up-to-date: /home/harshit/arm_vla_ws/install/akabot_description/share/akabot_description/urdf/log/latest_build
-- Up-to-date: /home/harshit/arm_vla_ws/install/akabot_description/share/akabot_description/urdf/log/build_2025-11-15_14-50-14
-- Up-to-date: /home/harshit/arm_vla_ws/install/akabot_description/share/akabot_description/urdf/log/build_2025-11-15_14-50-14/events.log
-- Up-to-date: /home/harshit/arm_vla_ws/install/akabot_description/share/akabot_description/urdf/log/build_2025-11-15_14-50-14/logger_all.log
-- Up-to-date: /home/harshit/arm_vla_ws/install/akabot_description/share/akabot_description/urdf/log/latest
-- Up-to-date: /home/harshit/arm_vla_ws/install/akabot_description/share/akabot_description/urdf/real_cobot.urdf.xacro
-- Up-to-date: /home/harshit/arm_vla_ws/install/akabot_description/share/akabot_description/urdf/end_effector_camera.xacro
-- Up-to-date: /home/harshit/arm_vla_ws/install/akabot_description/share/akabot_description/urdf/inertial_macros.xacro
-- Up-to-date: /home/harshit/arm_vla_ws/install/akabot_description/share/akabot_description/rviz
-- Up-to-date: /home/harshit/arm_vla_ws/install/akabot_description/share/akabot_description/rviz/description.rviz
-- Up-to-date: /home/harshit/arm_vla_ws/install/akabot_description/share/ament_index/resource_index/package_run_dependencies/akabot_description
-- Up-to-date: /home/harshit/arm_vla_ws/install/akabot_description/share/ament_index/resource_index/parent_prefix_path/akabot_description
-- Up-to-date: /home/harshit/arm_vla_ws/install/akabot_description/share/akabot_description/environment/ament_prefix_path.sh
-- Up-to-date: /home/harshit/arm_vla_ws/install/akabot_description/share/akabot_description/environment/ament_prefix_path.dsv
-- Up-to-date: /home/harshit/arm_vla_ws/install/akabot_description/share/akabot_description/environment/path.sh
-- Up-to-date: /home/harshit/arm_vla_ws/install/akabot_description/share/akabot_description/environment/path.dsv
-- Up-to-date: /home/harshit/arm_vla_ws/install/akabot_description/share/akabot_description/local_setup.bash
-- Up-to-date: /home/harshit/arm_vla_ws/install/akabot_description/share/akabot_description/local_setup.sh
-- Up-to-date: /home/harshit/arm_vla_ws/install/akabot_description/share/akabot_description/local_setup.zsh
-- Up-to-date: /home/harshit/arm_vla_ws/install/akabot_description/share/akabot_description/local_setup.dsv
-- Installing: /home/harshit/arm_vla_ws/install/akabot_description/share/akabot_description/package.dsv
-- Up-to-date: /home/harshit/arm_vla_ws/install/akabot_description/share/ament_index/resource_index/packages/akabot_description
-- Up-to-date: /home/harshit/arm_vla_ws/install/akabot_description/share/akabot_description/cmake/akabot_descriptionConfig.cmake
-- Up-to-date: /home/harshit/arm_vla_ws/install/akabot_description/share/akabot_description/cmake/akabot_descriptionConfig-version.cmake
-- Up-to-date: /home/harshit/arm_vla_ws/install/akabot_description/share/akabot_description/package.xml
