[0.027s] Invoking command in '/home/aditya/Vishwakarma_awards/build/akabot_description': CMAKE_PREFIX_PATH=/opt/ros/humble /usr/bin/cmake --build /home/aditya/Vishwakarma_awards/build/akabot_description -- -j28 -l28
[0.073s] -- Found ament_cmake: 1.3.12 (/opt/ros/humble/share/ament_cmake/cmake)
[0.265s] -- Found urdf: 2.6.1 (/opt/ros/humble/share/urdf/cmake)
[0.441s] -- Configuring done
[0.445s] -- Generating done
[0.448s] -- Build files have been written to: /home/aditya/Vishwakarma_awards/build/akabot_description
[0.478s] Invoked command in '/home/aditya/Vishwakarma_awards/build/akabot_description' returned '0': CMAKE_PREFIX_PATH=/opt/ros/humble /usr/bin/cmake --build /home/aditya/Vishwakarma_awards/build/akabot_description -- -j28 -l28
[0.482s] Invoking command in '/home/aditya/Vishwakarma_awards/build/akabot_description': CMAKE_PREFIX_PATH=/opt/ros/humble /usr/bin/cmake --install /home/aditya/Vishwakarma_awards/build/akabot_description
[0.491s] -- Install configuration: ""
[0.491s] -- Up-to-date: /home/aditya/Vishwakarma_awards/install/akabot_description/share/akabot_description/config
[0.492s] -- Up-to-date: /home/aditya/Vishwakarma_awards/install/akabot_description/share/akabot_description/config/initial_positions.yaml
[0.492s] -- Up-to-date: /home/aditya/Vishwakarma_awards/install/akabot_description/share/akabot_description/launch
[0.492s] -- Up-to-date: /home/aditya/Vishwakarma_awards/install/akabot_description/share/akabot_description/launch/description_launch.py
[0.492s] -- Up-to-date: /home/aditya/Vishwakarma_awards/install/akabot_description/share/akabot_description/launch/robot_state_publisher_launch.py
[0.492s] -- Up-to-date: /home/aditya/Vishwakarma_awards/install/akabot_description/share/akabot_description/meshes
[0.492s] -- Up-to-date: /home/aditya/Vishwakarma_awards/install/akabot_description/share/akabot_description/meshes/base_cylinder.stl
[0.492s] -- Up-to-date: /home/aditya/Vishwakarma_awards/install/akabot_description/share/akabot_description/meshes/claw_base.stl
[0.492s] -- Up-to-date: /home/aditya/Vishwakarma_awards/install/akabot_description/share/akabot_description/meshes/lower_arm.stl
[0.492s] -- Up-to-date: /home/aditya/Vishwakarma_awards/install/akabot_description/share/akabot_description/meshes/d415.dae
[0.492s] -- Up-to-date: /home/aditya/Vishwakarma_awards/install/akabot_description/share/akabot_description/meshes/right_claw.stl
[0.492s] -- Up-to-date: /home/aditya/Vishwakarma_awards/install/akabot_description/share/akabot_description/meshes/upper_arm.stl
[0.492s] -- Up-to-date: /home/aditya/Vishwakarma_awards/install/akabot_description/share/akabot_description/meshes/left_claw.stl
[0.492s] -- Up-to-date: /home/aditya/Vishwakarma_awards/install/akabot_description/share/akabot_description/meshes/top_plate.stl
[0.493s] -- Up-to-date: /home/aditya/Vishwakarma_awards/install/akabot_description/share/akabot_description/meshes/wrist.stl
[0.493s] -- Up-to-date: /home/aditya/Vishwakarma_awards/install/akabot_description/share/akabot_description/urdf
[0.493s] -- Up-to-date: /home/aditya/Vishwakarma_awards/install/akabot_description/share/akabot_description/urdf/akabot_core.xacro
[0.493s] -- Up-to-date: /home/aditya/Vishwakarma_awards/install/akabot_description/share/akabot_description/urdf/akabot.urdf.xacro
[0.493s] -- Up-to-date: /home/aditya/Vishwakarma_awards/install/akabot_description/share/akabot_description/urdf/inertial_macros.xacro
[0.493s] -- Up-to-date: /home/aditya/Vishwakarma_awards/install/akabot_description/share/akabot_description/urdf/real_akabot.urdf.xacro
[0.493s] -- Up-to-date: /home/aditya/Vishwakarma_awards/install/akabot_description/share/akabot_description/urdf/depth_camera.xacro
[0.493s] -- Up-to-date: /home/aditya/Vishwakarma_awards/install/akabot_description/share/akabot_description/urdf/end_effector_camera.xacro
[0.493s] -- Up-to-date: /home/aditya/Vishwakarma_awards/install/akabot_description/share/akabot_description/urdf/akabot_gz.urdf.xacro
[0.493s] -- Up-to-date: /home/aditya/Vishwakarma_awards/install/akabot_description/share/akabot_description/urdf/akabot.ros2_control.xacro
[0.493s] -- Up-to-date: /home/aditya/Vishwakarma_awards/install/akabot_description/share/akabot_description/rviz
[0.494s] -- Up-to-date: /home/aditya/Vishwakarma_awards/install/akabot_description/share/akabot_description/rviz/description.rviz
[0.494s] -- Up-to-date: /home/aditya/Vishwakarma_awards/install/akabot_description/share/ament_index/resource_index/package_run_dependencies/akabot_description
[0.494s] -- Installing: /home/aditya/Vishwakarma_awards/install/akabot_description/share/ament_index/resource_index/parent_prefix_path/akabot_description
[0.494s] -- Up-to-date: /home/aditya/Vishwakarma_awards/install/akabot_description/share/akabot_description/environment/ament_prefix_path.sh
[0.494s] -- Installing: /home/aditya/Vishwakarma_awards/install/akabot_description/share/akabot_description/environment/ament_prefix_path.dsv
[0.494s] -- Up-to-date: /home/aditya/Vishwakarma_awards/install/akabot_description/share/akabot_description/environment/path.sh
[0.494s] -- Installing: /home/aditya/Vishwakarma_awards/install/akabot_description/share/akabot_description/environment/path.dsv
[0.494s] -- Up-to-date: /home/aditya/Vishwakarma_awards/install/akabot_description/share/akabot_description/local_setup.bash
[0.494s] -- Up-to-date: /home/aditya/Vishwakarma_awards/install/akabot_description/share/akabot_description/local_setup.sh
[0.494s] -- Up-to-date: /home/aditya/Vishwakarma_awards/install/akabot_description/share/akabot_description/local_setup.zsh
[0.494s] -- Installing: /home/aditya/Vishwakarma_awards/install/akabot_description/share/akabot_description/local_setup.dsv
[0.494s] -- Installing: /home/aditya/Vishwakarma_awards/install/akabot_description/share/akabot_description/package.dsv
[0.494s] -- Up-to-date: /home/aditya/Vishwakarma_awards/install/akabot_description/share/ament_index/resource_index/packages/akabot_description
[0.494s] -- Up-to-date: /home/aditya/Vishwakarma_awards/install/akabot_description/share/akabot_description/cmake/akabot_descriptionConfig.cmake
[0.494s] -- Up-to-date: /home/aditya/Vishwakarma_awards/install/akabot_description/share/akabot_description/cmake/akabot_descriptionConfig-version.cmake
[0.494s] -- Up-to-date: /home/aditya/Vishwakarma_awards/install/akabot_description/share/akabot_description/package.xml
[0.496s] Invoked command in '/home/aditya/Vishwakarma_awards/build/akabot_description' returned '0': CMAKE_PREFIX_PATH=/opt/ros/humble /usr/bin/cmake --install /home/aditya/Vishwakarma_awards/build/akabot_description
