[0.815s] Invoking command in '/home/aditya/Vishwakarma_awards/src/akabot_control': AMENT_PREFIX_PATH=/home/aditya/Vishwakarma_awards/install/akabot_moveit_config:/home/aditya/Vishwakarma_awards/install/akabot_description:${AMENT_PREFIX_PATH} CMAKE_PREFIX_PATH=/home/aditya/Vishwakarma_awards/install/akabot_moveit_config:/home/aditya/Vishwakarma_awards/install/akabot_description PYTHONPATH=/home/aditya/Vishwakarma_awards/build/akabot_control/prefix_override:/usr/lib/python3/dist-packages/colcon_core/task/python/colcon_distutils_commands:/home/aditya/Vishwakarma_awards/install/akabot_control/lib/python3.10/site-packages:${PYTHONPATH} /usr/bin/python3 -W ignore:setup.py install is deprecated -W ignore:easy_install command is deprecated setup.py egg_info --egg-base ../../build/akabot_control build --build-base /home/aditya/Vishwakarma_awards/build/akabot_control/build install --record /home/aditya/Vishwakarma_awards/build/akabot_control/install.log --single-version-externally-managed install_data
[1.059s] running egg_info
[1.060s] writing ../../build/akabot_control/akabot_control.egg-info/PKG-INFO
[1.060s] writing dependency_links to ../../build/akabot_control/akabot_control.egg-info/dependency_links.txt
[1.060s] writing entry points to ../../build/akabot_control/akabot_control.egg-info/entry_points.txt
[1.060s] writing requirements to ../../build/akabot_control/akabot_control.egg-info/requires.txt
[1.060s] writing top-level names to ../../build/akabot_control/akabot_control.egg-info/top_level.txt
[1.062s] reading manifest file '../../build/akabot_control/akabot_control.egg-info/SOURCES.txt'
[1.071s] writing manifest file '../../build/akabot_control/akabot_control.egg-info/SOURCES.txt'
[1.071s] running build
[1.071s] running build_py
[1.072s] copying akabot_control/ball_picker_moveit.py -> /home/aditya/Vishwakarma_awards/build/akabot_control/build/lib/akabot_control
[1.072s] running install
[1.072s] running install_lib
[1.074s] copying /home/aditya/Vishwakarma_awards/build/akabot_control/build/lib/akabot_control/ball_picker_moveit.py -> /home/aditya/Vishwakarma_awards/install/akabot_control/lib/python3.10/site-packages/akabot_control
[1.074s] byte-compiling /home/aditya/Vishwakarma_awards/install/akabot_control/lib/python3.10/site-packages/akabot_control/ball_picker_moveit.py to ball_picker_moveit.cpython-310.pyc
[1.079s] running install_data
[1.079s] running install_egg_info
[1.081s] removing '/home/aditya/Vishwakarma_awards/install/akabot_control/lib/python3.10/site-packages/akabot_control-1.0.0-py3.10.egg-info' (and everything under it)
[1.082s] Copying ../../build/akabot_control/akabot_control.egg-info to /home/aditya/Vishwakarma_awards/install/akabot_control/lib/python3.10/site-packages/akabot_control-1.0.0-py3.10.egg-info
[1.083s] running install_scripts
[1.110s] Installing advanced_ball_picker script to /home/aditya/Vishwakarma_awards/install/akabot_control/lib/akabot_control
[1.110s] Installing akabot_controller script to /home/aditya/Vishwakarma_awards/install/akabot_control/lib/akabot_control
[1.110s] Installing ball_picker_moveit script to /home/aditya/Vishwakarma_awards/install/akabot_control/lib/akabot_control
[1.110s] Installing dual_camera_picker script to /home/aditya/Vishwakarma_awards/install/akabot_control/lib/akabot_control
[1.111s] Installing interactive_control script to /home/aditya/Vishwakarma_awards/install/akabot_control/lib/akabot_control
[1.111s] Installing publish_tf script to /home/aditya/Vishwakarma_awards/install/akabot_control/lib/akabot_control
[1.111s] Installing scanning_vision_pick_place script to /home/aditya/Vishwakarma_awards/install/akabot_control/lib/akabot_control
[1.111s] Installing simple_ball_detector script to /home/aditya/Vishwakarma_awards/install/akabot_control/lib/akabot_control
[1.111s] Installing test_ee_camera script to /home/aditya/Vishwakarma_awards/install/akabot_control/lib/akabot_control
[1.111s] Installing vision_pick_place script to /home/aditya/Vishwakarma_awards/install/akabot_control/lib/akabot_control
[1.111s] writing list of installed files to '/home/aditya/Vishwakarma_awards/build/akabot_control/install.log'
[1.140s] Invoked command in '/home/aditya/Vishwakarma_awards/src/akabot_control' returned '0': AMENT_PREFIX_PATH=/home/aditya/Vishwakarma_awards/install/akabot_moveit_config:/home/aditya/Vishwakarma_awards/install/akabot_description:${AMENT_PREFIX_PATH} CMAKE_PREFIX_PATH=/home/aditya/Vishwakarma_awards/install/akabot_moveit_config:/home/aditya/Vishwakarma_awards/install/akabot_description PYTHONPATH=/home/aditya/Vishwakarma_awards/build/akabot_control/prefix_override:/usr/lib/python3/dist-packages/colcon_core/task/python/colcon_distutils_commands:/home/aditya/Vishwakarma_awards/install/akabot_control/lib/python3.10/site-packages:${PYTHONPATH} /usr/bin/python3 -W ignore:setup.py install is deprecated -W ignore:easy_install command is deprecated setup.py egg_info --egg-base ../../build/akabot_control build --build-base /home/aditya/Vishwakarma_awards/build/akabot_control/build install --record /home/aditya/Vishwakarma_awards/build/akabot_control/install.log --single-version-externally-managed install_data
