[1.864s] Invoking command in '/home/aditya/Vishwakarma_awards/src/arm_vla_pkg': PYTHONPATH=/home/aditya/Vishwakarma_awards/build/arm_vla_pkg/prefix_override:/usr/lib/python3/dist-packages/colcon_core/task/python/colcon_distutils_commands:/home/aditya/Vishwakarma_awards/install/arm_vla_pkg/lib/python3.10/site-packages:${PYTHONPATH} /usr/bin/python3 -W ignore:setup.py install is deprecated -W ignore:easy_install command is deprecated setup.py egg_info --egg-base ../../build/arm_vla_pkg build --build-base /home/aditya/Vishwakarma_awards/build/arm_vla_pkg/build install --record /home/aditya/Vishwakarma_awards/build/arm_vla_pkg/install.log --single-version-externally-managed install_data
[2.531s] running egg_info
[2.532s] creating ../../build/arm_vla_pkg/arm_vla_pkg.egg-info
[2.533s] writing ../../build/arm_vla_pkg/arm_vla_pkg.egg-info/PKG-INFO
[2.533s] writing dependency_links to ../../build/arm_vla_pkg/arm_vla_pkg.egg-info/dependency_links.txt
[2.533s] writing entry points to ../../build/arm_vla_pkg/arm_vla_pkg.egg-info/entry_points.txt
[2.533s] writing requirements to ../../build/arm_vla_pkg/arm_vla_pkg.egg-info/requires.txt
[2.533s] writing top-level names to ../../build/arm_vla_pkg/arm_vla_pkg.egg-info/top_level.txt
[2.534s] writing manifest file '../../build/arm_vla_pkg/arm_vla_pkg.egg-info/SOURCES.txt'
[2.537s] reading manifest file '../../build/arm_vla_pkg/arm_vla_pkg.egg-info/SOURCES.txt'
[2.538s] writing manifest file '../../build/arm_vla_pkg/arm_vla_pkg.egg-info/SOURCES.txt'
[2.538s] running build
[2.538s] running build_py
[2.538s] creating /home/aditya/Vishwakarma_awards/build/arm_vla_pkg/build
[2.538s] creating /home/aditya/Vishwakarma_awards/build/arm_vla_pkg/build/lib
[2.538s] creating /home/aditya/Vishwakarma_awards/build/arm_vla_pkg/build/lib/arm_vla_pkg
[2.538s] copying arm_vla_pkg/__init__.py -> /home/aditya/Vishwakarma_awards/build/arm_vla_pkg/build/lib/arm_vla_pkg
[2.539s] running install
[2.539s] running install_lib
[2.543s] creating /home/aditya/Vishwakarma_awards/install/arm_vla_pkg/lib/python3.10/site-packages/arm_vla_pkg
[2.543s] copying /home/aditya/Vishwakarma_awards/build/arm_vla_pkg/build/lib/arm_vla_pkg/__init__.py -> /home/aditya/Vishwakarma_awards/install/arm_vla_pkg/lib/python3.10/site-packages/arm_vla_pkg
[2.543s] byte-compiling /home/aditya/Vishwakarma_awards/install/arm_vla_pkg/lib/python3.10/site-packages/arm_vla_pkg/__init__.py to __init__.cpython-310.pyc
[2.544s] running install_data
[2.544s] creating /home/aditya/Vishwakarma_awards/install/arm_vla_pkg/share/ament_index
[2.544s] creating /home/aditya/Vishwakarma_awards/install/arm_vla_pkg/share/ament_index/resource_index
[2.545s] creating /home/aditya/Vishwakarma_awards/install/arm_vla_pkg/share/ament_index/resource_index/packages
[2.545s] copying resource/arm_vla_pkg -> /home/aditya/Vishwakarma_awards/install/arm_vla_pkg/share/ament_index/resource_index/packages
[2.545s] copying package.xml -> /home/aditya/Vishwakarma_awards/install/arm_vla_pkg/share/arm_vla_pkg
[2.545s] running install_egg_info
[2.548s] Copying ../../build/arm_vla_pkg/arm_vla_pkg.egg-info to /home/aditya/Vishwakarma_awards/install/arm_vla_pkg/lib/python3.10/site-packages/arm_vla_pkg-0.0.0-py3.10.egg-info
[2.549s] running install_scripts
[2.596s] writing list of installed files to '/home/aditya/Vishwakarma_awards/build/arm_vla_pkg/install.log'
[2.656s] Invoked command in '/home/aditya/Vishwakarma_awards/src/arm_vla_pkg' returned '0': PYTHONPATH=/home/aditya/Vishwakarma_awards/build/arm_vla_pkg/prefix_override:/usr/lib/python3/dist-packages/colcon_core/task/python/colcon_distutils_commands:/home/aditya/Vishwakarma_awards/install/arm_vla_pkg/lib/python3.10/site-packages:${PYTHONPATH} /usr/bin/python3 -W ignore:setup.py install is deprecated -W ignore:easy_install command is deprecated setup.py egg_info --egg-base ../../build/arm_vla_pkg build --build-base /home/aditya/Vishwakarma_awards/build/arm_vla_pkg/build install --record /home/aditya/Vishwakarma_awards/build/arm_vla_pkg/install.log --single-version-externally-managed install_data
