[0.025s] Invoking command in '/home/aditya/Vishwakarma_awards/build/akabot_gazebo': CMAKE_PREFIX_PATH=${CMAKE_PREFIX_PATH}:/home/aditya/Vishwakarma_awards/install/arm_vla_pkg:/home/aditya/Vishwakarma_awards/install/akabot_control:/opt/ros/humble /usr/bin/cmake --build /home/aditya/Vishwakarma_awards/build/akabot_gazebo -- -j28 -l28
[0.397s] Invoked command in '/home/aditya/Vishwakarma_awards/build/akabot_gazebo' returned '0': CMAKE_PREFIX_PATH=${CMAKE_PREFIX_PATH}:/home/aditya/Vishwakarma_awards/install/arm_vla_pkg:/home/aditya/Vishwakarma_awards/install/akabot_control:/opt/ros/humble /usr/bin/cmake --build /home/aditya/Vishwakarma_awards/build/akabot_gazebo -- -j28 -l28
[0.401s] Invoking command in '/home/aditya/Vishwakarma_awards/build/akabot_gazebo': CMAKE_PREFIX_PATH=${CMAKE_PREFIX_PATH}:/home/aditya/Vishwakarma_awards/install/arm_vla_pkg:/home/aditya/Vishwakarma_awards/install/akabot_control:/opt/ros/humble /usr/bin/cmake --install /home/aditya/Vishwakarma_awards/build/akabot_gazebo
[0.421s] -- Install configuration: ""
[0.421s] -- Up-to-date: /home/aditya/Vishwakarma_awards/install/akabot_gazebo/share/akabot_gazebo/config
[0.421s] -- Up-to-date: /home/aditya/Vishwakarma_awards/install/akabot_gazebo/share/akabot_gazebo/config/akabot_bridge.yaml
[0.422s] -- Up-to-date: /home/aditya/Vishwakarma_awards/install/akabot_gazebo/share/akabot_gazebo/config/remind.yaml
[0.422s] -- Up-to-date: /home/aditya/Vishwakarma_awards/install/akabot_gazebo/share/akabot_gazebo/launch
[0.422s] -- Up-to-date: /home/aditya/Vishwakarma_awards/install/akabot_gazebo/share/akabot_gazebo/launch/gz_launch.py
[0.422s] -- Up-to-date: /home/aditya/Vishwakarma_awards/install/akabot_gazebo/share/akabot_gazebo/worlds
[0.422s] -- Up-to-date: /home/aditya/Vishwakarma_awards/install/akabot_gazebo/share/akabot_gazebo/worlds/pick_and_place.world
[0.423s] -- Up-to-date: /home/aditya/Vishwakarma_awards/install/akabot_gazebo/share/akabot_gazebo/worlds/test.world
[0.423s] -- Installing: /home/aditya/Vishwakarma_awards/install/akabot_gazebo/share/akabot_gazebo/worlds/pick_and_place_balls.world
[0.423s] -- Up-to-date: /home/aditya/Vishwakarma_awards/install/akabot_gazebo/share/ament_index/resource_index/package_run_dependencies/akabot_gazebo
[0.423s] -- Up-to-date: /home/aditya/Vishwakarma_awards/install/akabot_gazebo/share/ament_index/resource_index/parent_prefix_path/akabot_gazebo
[0.423s] -- Up-to-date: /home/aditya/Vishwakarma_awards/install/akabot_gazebo/share/akabot_gazebo/environment/ament_prefix_path.sh
[0.424s] -- Up-to-date: /home/aditya/Vishwakarma_awards/install/akabot_gazebo/share/akabot_gazebo/environment/ament_prefix_path.dsv
[0.424s] -- Up-to-date: /home/aditya/Vishwakarma_awards/install/akabot_gazebo/share/akabot_gazebo/environment/path.sh
[0.424s] -- Up-to-date: /home/aditya/Vishwakarma_awards/install/akabot_gazebo/share/akabot_gazebo/environment/path.dsv
[0.424s] -- Up-to-date: /home/aditya/Vishwakarma_awards/install/akabot_gazebo/share/akabot_gazebo/local_setup.bash
[0.424s] -- Up-to-date: /home/aditya/Vishwakarma_awards/install/akabot_gazebo/share/akabot_gazebo/local_setup.sh
[0.424s] -- Up-to-date: /home/aditya/Vishwakarma_awards/install/akabot_gazebo/share/akabot_gazebo/local_setup.zsh
[0.424s] -- Up-to-date: /home/aditya/Vishwakarma_awards/install/akabot_gazebo/share/akabot_gazebo/local_setup.dsv
[0.425s] -- Installing: /home/aditya/Vishwakarma_awards/install/akabot_gazebo/share/akabot_gazebo/package.dsv
[0.425s] -- Up-to-date: /home/aditya/Vishwakarma_awards/install/akabot_gazebo/share/ament_index/resource_index/packages/akabot_gazebo
[0.425s] -- Up-to-date: /home/aditya/Vishwakarma_awards/install/akabot_gazebo/share/akabot_gazebo/cmake/akabot_gazeboConfig.cmake
[0.425s] -- Up-to-date: /home/aditya/Vishwakarma_awards/install/akabot_gazebo/share/akabot_gazebo/cmake/akabot_gazeboConfig-version.cmake
[0.425s] -- Up-to-date: /home/aditya/Vishwakarma_awards/install/akabot_gazebo/share/akabot_gazebo/package.xml
[0.463s] Invoked command in '/home/aditya/Vishwakarma_awards/build/akabot_gazebo' returned '0': CMAKE_PREFIX_PATH=${CMAKE_PREFIX_PATH}:/home/aditya/Vishwakarma_awards/install/arm_vla_pkg:/home/aditya/Vishwakarma_awards/install/akabot_control:/opt/ros/humble /usr/bin/cmake --install /home/aditya/Vishwakarma_awards/build/akabot_gazebo
