[0.108s] DEBUG:colcon:Command line arguments: ['/usr/bin/colcon', 'build']
[0.108s] DEBUG:colcon:Parsed command line arguments: Namespace(log_base=None, log_level=None, verb_name='build', build_base='build', install_base='install', merge_install=False, symlink_install=False, test_result_base=None, continue_on_error=False, executor='parallel', parallel_workers=28, event_handlers=None, ignore_user_meta=False, metas=['./colcon.meta'], base_paths=['.'], packages_ignore=None, packages_ignore_regex=None, paths=None, packages_up_to=None, packages_up_to_regex=None, packages_above=None, packages_above_and_dependencies=None, packages_above_depth=None, packages_select_by_dep=None, packages_skip_by_dep=None, packages_skip_up_to=None, packages_select_build_failed=False, packages_skip_build_finished=False, packages_select_test_failures=False, packages_skip_test_passed=False, packages_select=None, packages_skip=None, packages_select_regex=None, packages_skip_regex=None, packages_start=None, packages_end=None, allow_overriding=[], cmake_args=None, cmake_target=None, cmake_target_skip_unavailable=False, cmake_clean_cache=False, cmake_clean_first=False, cmake_force_configure=False, ament_cmake_args=None, catkin_cmake_args=None, catkin_skip_building_tests=False, mixin_files=None, mixin=None, verb_parser=<colcon_mixin.mixin.mixin_argument.MixinArgumentDecorator object at 0x7e8ba6666590>, verb_extension=<colcon_core.verb.build.BuildVerb object at 0x7e8ba6665fc0>, main=<bound method BuildVerb.main of <colcon_core.verb.build.BuildVerb object at 0x7e8ba6665fc0>>, mixin_verb=('build',))
[0.261s] Level 1:colcon.colcon_core.package_discovery:discover_packages(colcon_meta) check parameters
[0.262s] Level 1:colcon.colcon_core.package_discovery:discover_packages(recursive) check parameters
[0.262s] Level 1:colcon.colcon_core.package_discovery:discover_packages(ignore) check parameters
[0.262s] Level 1:colcon.colcon_core.package_discovery:discover_packages(path) check parameters
[0.262s] Level 1:colcon.colcon_core.package_discovery:discover_packages(colcon_meta) discover
[0.262s] Level 1:colcon.colcon_core.package_discovery:discover_packages(recursive) discover
[0.262s] INFO:colcon.colcon_core.package_discovery:Crawling recursively for packages in '/home/aditya/Vishwakarma_awards'
[0.262s] Level 1:colcon.colcon_core.package_identification:_identify(.) by extensions ['ignore', 'ignore_ament_install']
[0.262s] Level 1:colcon.colcon_core.package_identification:_identify(.) by extension 'ignore'
[0.262s] Level 1:colcon.colcon_core.package_identification:_identify(.) by extension 'ignore_ament_install'
[0.262s] Level 1:colcon.colcon_core.package_identification:_identify(.) by extensions ['colcon_pkg']
[0.262s] Level 1:colcon.colcon_core.package_identification:_identify(.) by extension 'colcon_pkg'
[0.262s] Level 1:colcon.colcon_core.package_identification:_identify(.) by extensions ['colcon_meta']
[0.262s] Level 1:colcon.colcon_core.package_identification:_identify(.) by extension 'colcon_meta'
[0.262s] Level 1:colcon.colcon_core.package_identification:_identify(.) by extensions ['ros']
[0.262s] Level 1:colcon.colcon_core.package_identification:_identify(.) by extension 'ros'
[0.273s] Level 1:colcon.colcon_core.package_identification:_identify(.) by extensions ['cmake', 'python']
[0.273s] Level 1:colcon.colcon_core.package_identification:_identify(.) by extension 'cmake'
[0.273s] Level 1:colcon.colcon_core.package_identification:_identify(.) by extension 'python'
[0.273s] Level 1:colcon.colcon_core.package_identification:_identify(.) by extensions ['python_setup_py']
[0.273s] Level 1:colcon.colcon_core.package_identification:_identify(.) by extension 'python_setup_py'
[0.273s] Level 1:colcon.colcon_core.package_identification:_identify(build) by extensions ['ignore', 'ignore_ament_install']
[0.273s] Level 1:colcon.colcon_core.package_identification:_identify(build) by extension 'ignore'
[0.273s] Level 1:colcon.colcon_core.package_identification:_identify(build) ignored
[0.274s] Level 1:colcon.colcon_core.package_identification:_identify(install) by extensions ['ignore', 'ignore_ament_install']
[0.274s] Level 1:colcon.colcon_core.package_identification:_identify(install) by extension 'ignore'
[0.274s] Level 1:colcon.colcon_core.package_identification:_identify(install) ignored
[0.274s] Level 1:colcon.colcon_core.package_identification:_identify(log) by extensions ['ignore', 'ignore_ament_install']
[0.274s] Level 1:colcon.colcon_core.package_identification:_identify(log) by extension 'ignore'
[0.274s] Level 1:colcon.colcon_core.package_identification:_identify(log) ignored
[0.274s] Level 1:colcon.colcon_core.package_identification:_identify(modelfiles) by extensions ['ignore', 'ignore_ament_install']
[0.274s] Level 1:colcon.colcon_core.package_identification:_identify(modelfiles) by extension 'ignore'
[0.274s] Level 1:colcon.colcon_core.package_identification:_identify(modelfiles) by extension 'ignore_ament_install'
[0.274s] Level 1:colcon.colcon_core.package_identification:_identify(modelfiles) by extensions ['colcon_pkg']
[0.274s] Level 1:colcon.colcon_core.package_identification:_identify(modelfiles) by extension 'colcon_pkg'
[0.274s] Level 1:colcon.colcon_core.package_identification:_identify(modelfiles) by extensions ['colcon_meta']
[0.274s] Level 1:colcon.colcon_core.package_identification:_identify(modelfiles) by extension 'colcon_meta'
[0.274s] Level 1:colcon.colcon_core.package_identification:_identify(modelfiles) by extensions ['ros']
[0.274s] Level 1:colcon.colcon_core.package_identification:_identify(modelfiles) by extension 'ros'
[0.274s] Level 1:colcon.colcon_core.package_identification:_identify(modelfiles) by extensions ['cmake', 'python']
[0.274s] Level 1:colcon.colcon_core.package_identification:_identify(modelfiles) by extension 'cmake'
[0.274s] Level 1:colcon.colcon_core.package_identification:_identify(modelfiles) by extension 'python'
[0.274s] Level 1:colcon.colcon_core.package_identification:_identify(modelfiles) by extensions ['python_setup_py']
[0.274s] Level 1:colcon.colcon_core.package_identification:_identify(modelfiles) by extension 'python_setup_py'
[0.274s] Level 1:colcon.colcon_core.package_identification:_identify(src) by extensions ['ignore', 'ignore_ament_install']
[0.275s] Level 1:colcon.colcon_core.package_identification:_identify(src) by extension 'ignore'
[0.275s] Level 1:colcon.colcon_core.package_identification:_identify(src) by extension 'ignore_ament_install'
[0.275s] Level 1:colcon.colcon_core.package_identification:_identify(src) by extensions ['colcon_pkg']
[0.275s] Level 1:colcon.colcon_core.package_identification:_identify(src) by extension 'colcon_pkg'
[0.275s] Level 1:colcon.colcon_core.package_identification:_identify(src) by extensions ['colcon_meta']
[0.275s] Level 1:colcon.colcon_core.package_identification:_identify(src) by extension 'colcon_meta'
[0.275s] Level 1:colcon.colcon_core.package_identification:_identify(src) by extensions ['ros']
[0.275s] Level 1:colcon.colcon_core.package_identification:_identify(src) by extension 'ros'
[0.275s] Level 1:colcon.colcon_core.package_identification:_identify(src) by extensions ['cmake', 'python']
[0.275s] Level 1:colcon.colcon_core.package_identification:_identify(src) by extension 'cmake'
[0.275s] Level 1:colcon.colcon_core.package_identification:_identify(src) by extension 'python'
[0.275s] Level 1:colcon.colcon_core.package_identification:_identify(src) by extensions ['python_setup_py']
[0.275s] Level 1:colcon.colcon_core.package_identification:_identify(src) by extension 'python_setup_py'
[0.275s] Level 1:colcon.colcon_core.package_identification:_identify(src/akabot_bringup) by extensions ['ignore', 'ignore_ament_install']
[0.275s] Level 1:colcon.colcon_core.package_identification:_identify(src/akabot_bringup) by extension 'ignore'
[0.275s] Level 1:colcon.colcon_core.package_identification:_identify(src/akabot_bringup) by extension 'ignore_ament_install'
[0.275s] Level 1:colcon.colcon_core.package_identification:_identify(src/akabot_bringup) by extensions ['colcon_pkg']
[0.275s] Level 1:colcon.colcon_core.package_identification:_identify(src/akabot_bringup) by extension 'colcon_pkg'
[0.275s] Level 1:colcon.colcon_core.package_identification:_identify(src/akabot_bringup) by extensions ['colcon_meta']
[0.275s] Level 1:colcon.colcon_core.package_identification:_identify(src/akabot_bringup) by extension 'colcon_meta'
[0.275s] Level 1:colcon.colcon_core.package_identification:_identify(src/akabot_bringup) by extensions ['ros']
[0.275s] Level 1:colcon.colcon_core.package_identification:_identify(src/akabot_bringup) by extension 'ros'
[0.277s] DEBUG:colcon.colcon_core.package_identification:Package 'src/akabot_bringup' with type 'ros.ament_cmake' and name 'akabot_bringup'
[0.278s] Level 1:colcon.colcon_core.package_identification:_identify(src/akabot_control) by extensions ['ignore', 'ignore_ament_install']
[0.278s] Level 1:colcon.colcon_core.package_identification:_identify(src/akabot_control) by extension 'ignore'
[0.278s] Level 1:colcon.colcon_core.package_identification:_identify(src/akabot_control) by extension 'ignore_ament_install'
[0.278s] Level 1:colcon.colcon_core.package_identification:_identify(src/akabot_control) by extensions ['colcon_pkg']
[0.278s] Level 1:colcon.colcon_core.package_identification:_identify(src/akabot_control) by extension 'colcon_pkg'
[0.278s] Level 1:colcon.colcon_core.package_identification:_identify(src/akabot_control) by extensions ['colcon_meta']
[0.278s] Level 1:colcon.colcon_core.package_identification:_identify(src/akabot_control) by extension 'colcon_meta'
[0.278s] Level 1:colcon.colcon_core.package_identification:_identify(src/akabot_control) by extensions ['ros']
[0.278s] Level 1:colcon.colcon_core.package_identification:_identify(src/akabot_control) by extension 'ros'
[0.279s] DEBUG:colcon.colcon_core.package_identification:Package 'src/akabot_control' with type 'ros.ament_python' and name 'akabot_control'
[0.280s] Level 1:colcon.colcon_core.package_identification:_identify(src/akabot_description) by extensions ['ignore', 'ignore_ament_install']
[0.280s] Level 1:colcon.colcon_core.package_identification:_identify(src/akabot_description) by extension 'ignore'
[0.280s] Level 1:colcon.colcon_core.package_identification:_identify(src/akabot_description) by extension 'ignore_ament_install'
[0.280s] Level 1:colcon.colcon_core.package_identification:_identify(src/akabot_description) by extensions ['colcon_pkg']
[0.280s] Level 1:colcon.colcon_core.package_identification:_identify(src/akabot_description) by extension 'colcon_pkg'
[0.280s] Level 1:colcon.colcon_core.package_identification:_identify(src/akabot_description) by extensions ['colcon_meta']
[0.280s] Level 1:colcon.colcon_core.package_identification:_identify(src/akabot_description) by extension 'colcon_meta'
[0.280s] Level 1:colcon.colcon_core.package_identification:_identify(src/akabot_description) by extensions ['ros']
[0.280s] Level 1:colcon.colcon_core.package_identification:_identify(src/akabot_description) by extension 'ros'
[0.280s] DEBUG:colcon.colcon_core.package_identification:Package 'src/akabot_description' with type 'ros.ament_cmake' and name 'akabot_description'
[0.281s] Level 1:colcon.colcon_core.package_identification:_identify(src/akabot_gazebo) by extensions ['ignore', 'ignore_ament_install']
[0.281s] Level 1:colcon.colcon_core.package_identification:_identify(src/akabot_gazebo) by extension 'ignore'
[0.281s] Level 1:colcon.colcon_core.package_identification:_identify(src/akabot_gazebo) by extension 'ignore_ament_install'
[0.281s] Level 1:colcon.colcon_core.package_identification:_identify(src/akabot_gazebo) by extensions ['colcon_pkg']
[0.281s] Level 1:colcon.colcon_core.package_identification:_identify(src/akabot_gazebo) by extension 'colcon_pkg'
[0.281s] Level 1:colcon.colcon_core.package_identification:_identify(src/akabot_gazebo) by extensions ['colcon_meta']
[0.281s] Level 1:colcon.colcon_core.package_identification:_identify(src/akabot_gazebo) by extension 'colcon_meta'
[0.281s] Level 1:colcon.colcon_core.package_identification:_identify(src/akabot_gazebo) by extensions ['ros']
[0.281s] Level 1:colcon.colcon_core.package_identification:_identify(src/akabot_gazebo) by extension 'ros'
[0.282s] DEBUG:colcon.colcon_core.package_identification:Package 'src/akabot_gazebo' with type 'ros.ament_cmake' and name 'akabot_gazebo'
[0.282s] Level 1:colcon.colcon_core.package_identification:_identify(src/akabot_moveit_config) by extensions ['ignore', 'ignore_ament_install']
[0.282s] Level 1:colcon.colcon_core.package_identification:_identify(src/akabot_moveit_config) by extension 'ignore'
[0.282s] Level 1:colcon.colcon_core.package_identification:_identify(src/akabot_moveit_config) by extension 'ignore_ament_install'
[0.282s] Level 1:colcon.colcon_core.package_identification:_identify(src/akabot_moveit_config) by extensions ['colcon_pkg']
[0.282s] Level 1:colcon.colcon_core.package_identification:_identify(src/akabot_moveit_config) by extension 'colcon_pkg'
[0.282s] Level 1:colcon.colcon_core.package_identification:_identify(src/akabot_moveit_config) by extensions ['colcon_meta']
[0.282s] Level 1:colcon.colcon_core.package_identification:_identify(src/akabot_moveit_config) by extension 'colcon_meta'
[0.282s] Level 1:colcon.colcon_core.package_identification:_identify(src/akabot_moveit_config) by extensions ['ros']
[0.282s] Level 1:colcon.colcon_core.package_identification:_identify(src/akabot_moveit_config) by extension 'ros'
[0.283s] DEBUG:colcon.colcon_core.package_identification:Package 'src/akabot_moveit_config' with type 'ros.ament_cmake' and name 'akabot_moveit_config'
[0.283s] Level 1:colcon.colcon_core.package_identification:_identify(src/arm_vla_pkg) by extensions ['ignore', 'ignore_ament_install']
[0.283s] Level 1:colcon.colcon_core.package_identification:_identify(src/arm_vla_pkg) by extension 'ignore'
[0.283s] Level 1:colcon.colcon_core.package_identification:_identify(src/arm_vla_pkg) by extension 'ignore_ament_install'
[0.283s] Level 1:colcon.colcon_core.package_identification:_identify(src/arm_vla_pkg) by extensions ['colcon_pkg']
[0.283s] Level 1:colcon.colcon_core.package_identification:_identify(src/arm_vla_pkg) by extension 'colcon_pkg'
[0.283s] Level 1:colcon.colcon_core.package_identification:_identify(src/arm_vla_pkg) by extensions ['colcon_meta']
[0.283s] Level 1:colcon.colcon_core.package_identification:_identify(src/arm_vla_pkg) by extension 'colcon_meta'
[0.283s] Level 1:colcon.colcon_core.package_identification:_identify(src/arm_vla_pkg) by extensions ['ros']
[0.283s] Level 1:colcon.colcon_core.package_identification:_identify(src/arm_vla_pkg) by extension 'ros'
[0.284s] DEBUG:colcon.colcon_core.package_identification:Package 'src/arm_vla_pkg' with type 'ros.ament_python' and name 'arm_vla_pkg'
[0.284s] Level 1:colcon.colcon_core.package_discovery:discover_packages(recursive) using defaults
[0.284s] Level 1:colcon.colcon_core.package_discovery:discover_packages(ignore) discover
[0.284s] Level 1:colcon.colcon_core.package_discovery:discover_packages(ignore) using defaults
[0.284s] Level 1:colcon.colcon_core.package_discovery:discover_packages(path) discover
[0.284s] Level 1:colcon.colcon_core.package_discovery:discover_packages(path) using defaults
[0.313s] Level 1:colcon.colcon_core.package_discovery:discover_packages(prefix_path) check parameters
[0.313s] Level 1:colcon.colcon_core.package_discovery:discover_packages(prefix_path) discover
[0.315s] DEBUG:colcon.colcon_installed_package_information.package_discovery:Found 6 installed packages in /home/aditya/Vishwakarma_awards/install
[0.316s] DEBUG:colcon.colcon_installed_package_information.package_discovery:Found 375 installed packages in /opt/ros/humble
[0.318s] Level 1:colcon.colcon_core.package_discovery:discover_packages(prefix_path) using defaults
[0.361s] Level 5:colcon.colcon_core.verb:set package 'akabot_bringup' build argument 'cmake_args' from command line to 'None'
[0.361s] Level 5:colcon.colcon_core.verb:set package 'akabot_bringup' build argument 'cmake_target' from command line to 'None'
[0.361s] Level 5:colcon.colcon_core.verb:set package 'akabot_bringup' build argument 'cmake_target_skip_unavailable' from command line to 'False'
[0.361s] Level 5:colcon.colcon_core.verb:set package 'akabot_bringup' build argument 'cmake_clean_cache' from command line to 'False'
[0.361s] Level 5:colcon.colcon_core.verb:set package 'akabot_bringup' build argument 'cmake_clean_first' from command line to 'False'
[0.361s] Level 5:colcon.colcon_core.verb:set package 'akabot_bringup' build argument 'cmake_force_configure' from command line to 'False'
[0.361s] Level 5:colcon.colcon_core.verb:set package 'akabot_bringup' build argument 'ament_cmake_args' from command line to 'None'
[0.361s] Level 5:colcon.colcon_core.verb:set package 'akabot_bringup' build argument 'catkin_cmake_args' from command line to 'None'
[0.361s] Level 5:colcon.colcon_core.verb:set package 'akabot_bringup' build argument 'catkin_skip_building_tests' from command line to 'False'
[0.361s] DEBUG:colcon.colcon_core.verb:Building package 'akabot_bringup' with the following arguments: {'ament_cmake_args': None, 'build_base': '/home/aditya/Vishwakarma_awards/build/akabot_bringup', 'catkin_cmake_args': None, 'catkin_skip_building_tests': False, 'cmake_args': None, 'cmake_clean_cache': False, 'cmake_clean_first': False, 'cmake_force_configure': False, 'cmake_target': None, 'cmake_target_skip_unavailable': False, 'install_base': '/home/aditya/Vishwakarma_awards/install/akabot_bringup', 'merge_install': False, 'path': '/home/aditya/Vishwakarma_awards/src/akabot_bringup', 'symlink_install': False, 'test_result_base': None}
[0.361s] Level 5:colcon.colcon_core.verb:set package 'akabot_description' build argument 'cmake_args' from command line to 'None'
[0.361s] Level 5:colcon.colcon_core.verb:set package 'akabot_description' build argument 'cmake_target' from command line to 'None'
[0.361s] Level 5:colcon.colcon_core.verb:set package 'akabot_description' build argument 'cmake_target_skip_unavailable' from command line to 'False'
[0.361s] Level 5:colcon.colcon_core.verb:set package 'akabot_description' build argument 'cmake_clean_cache' from command line to 'False'
[0.361s] Level 5:colcon.colcon_core.verb:set package 'akabot_description' build argument 'cmake_clean_first' from command line to 'False'
[0.361s] Level 5:colcon.colcon_core.verb:set package 'akabot_description' build argument 'cmake_force_configure' from command line to 'False'
[0.361s] Level 5:colcon.colcon_core.verb:set package 'akabot_description' build argument 'ament_cmake_args' from command line to 'None'
[0.361s] Level 5:colcon.colcon_core.verb:set package 'akabot_description' build argument 'catkin_cmake_args' from command line to 'None'
[0.361s] Level 5:colcon.colcon_core.verb:set package 'akabot_description' build argument 'catkin_skip_building_tests' from command line to 'False'
[0.362s] DEBUG:colcon.colcon_core.verb:Building package 'akabot_description' with the following arguments: {'ament_cmake_args': None, 'build_base': '/home/aditya/Vishwakarma_awards/build/akabot_description', 'catkin_cmake_args': None, 'catkin_skip_building_tests': False, 'cmake_args': None, 'cmake_clean_cache': False, 'cmake_clean_first': False, 'cmake_force_configure': False, 'cmake_target': None, 'cmake_target_skip_unavailable': False, 'install_base': '/home/aditya/Vishwakarma_awards/install/akabot_description', 'merge_install': False, 'path': '/home/aditya/Vishwakarma_awards/src/akabot_description', 'symlink_install': False, 'test_result_base': None}
[0.362s] Level 5:colcon.colcon_core.verb:set package 'akabot_gazebo' build argument 'cmake_args' from command line to 'None'
[0.362s] Level 5:colcon.colcon_core.verb:set package 'akabot_gazebo' build argument 'cmake_target' from command line to 'None'
[0.362s] Level 5:colcon.colcon_core.verb:set package 'akabot_gazebo' build argument 'cmake_target_skip_unavailable' from command line to 'False'
[0.362s] Level 5:colcon.colcon_core.verb:set package 'akabot_gazebo' build argument 'cmake_clean_cache' from command line to 'False'
[0.362s] Level 5:colcon.colcon_core.verb:set package 'akabot_gazebo' build argument 'cmake_clean_first' from command line to 'False'
[0.362s] Level 5:colcon.colcon_core.verb:set package 'akabot_gazebo' build argument 'cmake_force_configure' from command line to 'False'
[0.362s] Level 5:colcon.colcon_core.verb:set package 'akabot_gazebo' build argument 'ament_cmake_args' from command line to 'None'
[0.362s] Level 5:colcon.colcon_core.verb:set package 'akabot_gazebo' build argument 'catkin_cmake_args' from command line to 'None'
[0.362s] Level 5:colcon.colcon_core.verb:set package 'akabot_gazebo' build argument 'catkin_skip_building_tests' from command line to 'False'
[0.362s] DEBUG:colcon.colcon_core.verb:Building package 'akabot_gazebo' with the following arguments: {'ament_cmake_args': None, 'build_base': '/home/aditya/Vishwakarma_awards/build/akabot_gazebo', 'catkin_cmake_args': None, 'catkin_skip_building_tests': False, 'cmake_args': None, 'cmake_clean_cache': False, 'cmake_clean_first': False, 'cmake_force_configure': False, 'cmake_target': None, 'cmake_target_skip_unavailable': False, 'install_base': '/home/aditya/Vishwakarma_awards/install/akabot_gazebo', 'merge_install': False, 'path': '/home/aditya/Vishwakarma_awards/src/akabot_gazebo', 'symlink_install': False, 'test_result_base': None}
[0.362s] Level 5:colcon.colcon_core.verb:set package 'arm_vla_pkg' build argument 'cmake_args' from command line to 'None'
[0.362s] Level 5:colcon.colcon_core.verb:set package 'arm_vla_pkg' build argument 'cmake_target' from command line to 'None'
[0.362s] Level 5:colcon.colcon_core.verb:set package 'arm_vla_pkg' build argument 'cmake_target_skip_unavailable' from command line to 'False'
[0.362s] Level 5:colcon.colcon_core.verb:set package 'arm_vla_pkg' build argument 'cmake_clean_cache' from command line to 'False'
[0.362s] Level 5:colcon.colcon_core.verb:set package 'arm_vla_pkg' build argument 'cmake_clean_first' from command line to 'False'
[0.362s] Level 5:colcon.colcon_core.verb:set package 'arm_vla_pkg' build argument 'cmake_force_configure' from command line to 'False'
[0.362s] Level 5:colcon.colcon_core.verb:set package 'arm_vla_pkg' build argument 'ament_cmake_args' from command line to 'None'
[0.362s] Level 5:colcon.colcon_core.verb:set package 'arm_vla_pkg' build argument 'catkin_cmake_args' from command line to 'None'
[0.362s] Level 5:colcon.colcon_core.verb:set package 'arm_vla_pkg' build argument 'catkin_skip_building_tests' from command line to 'False'
[0.363s] DEBUG:colcon.colcon_core.verb:Building package 'arm_vla_pkg' with the following arguments: {'ament_cmake_args': None, 'build_base': '/home/aditya/Vishwakarma_awards/build/arm_vla_pkg', 'catkin_cmake_args': None, 'catkin_skip_building_tests': False, 'cmake_args': None, 'cmake_clean_cache': False, 'cmake_clean_first': False, 'cmake_force_configure': False, 'cmake_target': None, 'cmake_target_skip_unavailable': False, 'install_base': '/home/aditya/Vishwakarma_awards/install/arm_vla_pkg', 'merge_install': False, 'path': '/home/aditya/Vishwakarma_awards/src/arm_vla_pkg', 'symlink_install': False, 'test_result_base': None}
[0.363s] Level 5:colcon.colcon_core.verb:set package 'akabot_moveit_config' build argument 'cmake_args' from command line to 'None'
[0.363s] Level 5:colcon.colcon_core.verb:set package 'akabot_moveit_config' build argument 'cmake_target' from command line to 'None'
[0.363s] Level 5:colcon.colcon_core.verb:set package 'akabot_moveit_config' build argument 'cmake_target_skip_unavailable' from command line to 'False'
[0.363s] Level 5:colcon.colcon_core.verb:set package 'akabot_moveit_config' build argument 'cmake_clean_cache' from command line to 'False'
[0.363s] Level 5:colcon.colcon_core.verb:set package 'akabot_moveit_config' build argument 'cmake_clean_first' from command line to 'False'
[0.363s] Level 5:colcon.colcon_core.verb:set package 'akabot_moveit_config' build argument 'cmake_force_configure' from command line to 'False'
[0.363s] Level 5:colcon.colcon_core.verb:set package 'akabot_moveit_config' build argument 'ament_cmake_args' from command line to 'None'
[0.363s] Level 5:colcon.colcon_core.verb:set package 'akabot_moveit_config' build argument 'catkin_cmake_args' from command line to 'None'
[0.363s] Level 5:colcon.colcon_core.verb:set package 'akabot_moveit_config' build argument 'catkin_skip_building_tests' from command line to 'False'
[0.363s] DEBUG:colcon.colcon_core.verb:Building package 'akabot_moveit_config' with the following arguments: {'ament_cmake_args': None, 'build_base': '/home/aditya/Vishwakarma_awards/build/akabot_moveit_config', 'catkin_cmake_args': None, 'catkin_skip_building_tests': False, 'cmake_args': None, 'cmake_clean_cache': False, 'cmake_clean_first': False, 'cmake_force_configure': False, 'cmake_target': None, 'cmake_target_skip_unavailable': False, 'install_base': '/home/aditya/Vishwakarma_awards/install/akabot_moveit_config', 'merge_install': False, 'path': '/home/aditya/Vishwakarma_awards/src/akabot_moveit_config', 'symlink_install': False, 'test_result_base': None}
[0.363s] Level 5:colcon.colcon_core.verb:set package 'akabot_control' build argument 'cmake_args' from command line to 'None'
[0.363s] Level 5:colcon.colcon_core.verb:set package 'akabot_control' build argument 'cmake_target' from command line to 'None'
[0.363s] Level 5:colcon.colcon_core.verb:set package 'akabot_control' build argument 'cmake_target_skip_unavailable' from command line to 'False'
[0.363s] Level 5:colcon.colcon_core.verb:set package 'akabot_control' build argument 'cmake_clean_cache' from command line to 'False'
[0.363s] Level 5:colcon.colcon_core.verb:set package 'akabot_control' build argument 'cmake_clean_first' from command line to 'False'
[0.363s] Level 5:colcon.colcon_core.verb:set package 'akabot_control' build argument 'cmake_force_configure' from command line to 'False'
[0.363s] Level 5:colcon.colcon_core.verb:set package 'akabot_control' build argument 'ament_cmake_args' from command line to 'None'
[0.363s] Level 5:colcon.colcon_core.verb:set package 'akabot_control' build argument 'catkin_cmake_args' from command line to 'None'
[0.363s] Level 5:colcon.colcon_core.verb:set package 'akabot_control' build argument 'catkin_skip_building_tests' from command line to 'False'
[0.363s] DEBUG:colcon.colcon_core.verb:Building package 'akabot_control' with the following arguments: {'ament_cmake_args': None, 'build_base': '/home/aditya/Vishwakarma_awards/build/akabot_control', 'catkin_cmake_args': None, 'catkin_skip_building_tests': False, 'cmake_args': None, 'cmake_clean_cache': False, 'cmake_clean_first': False, 'cmake_force_configure': False, 'cmake_target': None, 'cmake_target_skip_unavailable': False, 'install_base': '/home/aditya/Vishwakarma_awards/install/akabot_control', 'merge_install': False, 'path': '/home/aditya/Vishwakarma_awards/src/akabot_control', 'symlink_install': False, 'test_result_base': None}
[0.364s] INFO:colcon.colcon_core.executor:Executing jobs using 'parallel' executor
[0.365s] DEBUG:colcon.colcon_parallel_executor.executor.parallel:run_until_complete
[0.365s] INFO:colcon.colcon_ros.task.ament_cmake.build:Building ROS package in '/home/aditya/Vishwakarma_awards/src/akabot_description' with build type 'ament_cmake'
[0.365s] INFO:colcon.colcon_cmake.task.cmake.build:Building CMake package in '/home/aditya/Vishwakarma_awards/src/akabot_description'
[0.367s] INFO:colcon.colcon_core.plugin_system:Skipping extension 'colcon_core.shell.bat': Not used on non-Windows systems
[0.367s] INFO:colcon.colcon_core.shell:Skip shell extension 'powershell' for command environment: Not usable outside of PowerShell
[0.367s] DEBUG:colcon.colcon_core.shell:Skip shell extension 'dsv' for command environment
[0.371s] INFO:colcon.colcon_ros.task.ament_cmake.build:Building ROS package in '/home/aditya/Vishwakarma_awards/src/akabot_bringup' with build type 'ament_cmake'
[0.371s] INFO:colcon.colcon_cmake.task.cmake.build:Building CMake package in '/home/aditya/Vishwakarma_awards/src/akabot_bringup'
[0.372s] INFO:colcon.colcon_core.shell:Skip shell extension 'powershell' for command environment: Not usable outside of PowerShell
[0.372s] DEBUG:colcon.colcon_core.shell:Skip shell extension 'dsv' for command environment
[0.375s] INFO:colcon.colcon_ros.task.ament_cmake.build:Building ROS package in '/home/aditya/Vishwakarma_awards/src/akabot_gazebo' with build type 'ament_cmake'
[0.375s] INFO:colcon.colcon_cmake.task.cmake.build:Building CMake package in '/home/aditya/Vishwakarma_awards/src/akabot_gazebo'
[0.375s] INFO:colcon.colcon_core.shell:Skip shell extension 'powershell' for command environment: Not usable outside of PowerShell
[0.375s] DEBUG:colcon.colcon_core.shell:Skip shell extension 'dsv' for command environment
[0.379s] INFO:colcon.colcon_ros.task.ament_python.build:Building ROS package in '/home/aditya/Vishwakarma_awards/src/arm_vla_pkg' with build type 'ament_python'
[0.379s] Level 1:colcon.colcon_core.shell:create_environment_hook('arm_vla_pkg', 'ament_prefix_path')
[0.379s] INFO:colcon.colcon_core.shell:Creating environment hook '/home/aditya/Vishwakarma_awards/install/arm_vla_pkg/share/arm_vla_pkg/hook/ament_prefix_path.ps1'
[0.380s] INFO:colcon.colcon_core.shell:Creating environment descriptor '/home/aditya/Vishwakarma_awards/install/arm_vla_pkg/share/arm_vla_pkg/hook/ament_prefix_path.dsv'
[0.380s] INFO:colcon.colcon_core.shell:Creating environment hook '/home/aditya/Vishwakarma_awards/install/arm_vla_pkg/share/arm_vla_pkg/hook/ament_prefix_path.sh'
[0.381s] INFO:colcon.colcon_core.shell:Skip shell extension 'powershell' for command environment: Not usable outside of PowerShell
[0.381s] DEBUG:colcon.colcon_core.shell:Skip shell extension 'dsv' for command environment
[0.390s] DEBUG:colcon.colcon_core.event_handler.log_command:Invoking command in '/home/aditya/Vishwakarma_awards/build/akabot_description': CMAKE_PREFIX_PATH=${CMAKE_PREFIX_PATH}:/home/aditya/Vishwakarma_awards/install/arm_vla_pkg:/home/aditya/Vishwakarma_awards/install/akabot_control:/opt/ros/humble /usr/bin/cmake --build /home/aditya/Vishwakarma_awards/build/akabot_description -- -j28 -l28
[0.394s] DEBUG:colcon.colcon_core.event_handler.log_command:Invoking command in '/home/aditya/Vishwakarma_awards/build/akabot_bringup': CMAKE_PREFIX_PATH=${CMAKE_PREFIX_PATH}:/home/aditya/Vishwakarma_awards/install/arm_vla_pkg:/home/aditya/Vishwakarma_awards/install/akabot_control:/opt/ros/humble /usr/bin/cmake --build /home/aditya/Vishwakarma_awards/build/akabot_bringup -- -j28 -l28
[0.397s] DEBUG:colcon.colcon_core.event_handler.log_command:Invoking command in '/home/aditya/Vishwakarma_awards/build/akabot_gazebo': CMAKE_PREFIX_PATH=${CMAKE_PREFIX_PATH}:/home/aditya/Vishwakarma_awards/install/arm_vla_pkg:/home/aditya/Vishwakarma_awards/install/akabot_control:/opt/ros/humble /usr/bin/cmake --build /home/aditya/Vishwakarma_awards/build/akabot_gazebo -- -j28 -l28
[0.671s] INFO:colcon.colcon_core.task.python.build:Building Python package in '/home/aditya/Vishwakarma_awards/src/arm_vla_pkg'
[0.672s] INFO:colcon.colcon_core.shell:Skip shell extension 'powershell' for command environment: Not usable outside of PowerShell
[0.672s] DEBUG:colcon.colcon_core.shell:Skip shell extension 'dsv' for command environment
[0.679s] DEBUG:colcon.colcon_core.event_handler.log_command:Invoked command in '/home/aditya/Vishwakarma_awards/build/akabot_description' returned '0': CMAKE_PREFIX_PATH=${CMAKE_PREFIX_PATH}:/home/aditya/Vishwakarma_awards/install/arm_vla_pkg:/home/aditya/Vishwakarma_awards/install/akabot_control:/opt/ros/humble /usr/bin/cmake --build /home/aditya/Vishwakarma_awards/build/akabot_description -- -j28 -l28
[0.691s] DEBUG:colcon.colcon_core.event_handler.log_command:Invoking command in '/home/aditya/Vishwakarma_awards/build/akabot_description': CMAKE_PREFIX_PATH=${CMAKE_PREFIX_PATH}:/home/aditya/Vishwakarma_awards/install/arm_vla_pkg:/home/aditya/Vishwakarma_awards/install/akabot_control:/opt/ros/humble /usr/bin/cmake --install /home/aditya/Vishwakarma_awards/build/akabot_description
[0.692s] DEBUG:colcon.colcon_core.event_handler.log_command:Invoked command in '/home/aditya/Vishwakarma_awards/build/akabot_bringup' returned '0': CMAKE_PREFIX_PATH=${CMAKE_PREFIX_PATH}:/home/aditya/Vishwakarma_awards/install/arm_vla_pkg:/home/aditya/Vishwakarma_awards/install/akabot_control:/opt/ros/humble /usr/bin/cmake --build /home/aditya/Vishwakarma_awards/build/akabot_bringup -- -j28 -l28
[0.694s] DEBUG:colcon.colcon_core.event_handler.log_command:Invoking command in '/home/aditya/Vishwakarma_awards/build/akabot_bringup': CMAKE_PREFIX_PATH=${CMAKE_PREFIX_PATH}:/home/aditya/Vishwakarma_awards/install/arm_vla_pkg:/home/aditya/Vishwakarma_awards/install/akabot_control:/opt/ros/humble /usr/bin/cmake --install /home/aditya/Vishwakarma_awards/build/akabot_bringup
[0.694s] DEBUG:colcon.colcon_core.event_handler.log_command:Invoked command in '/home/aditya/Vishwakarma_awards/build/akabot_gazebo' returned '0': CMAKE_PREFIX_PATH=${CMAKE_PREFIX_PATH}:/home/aditya/Vishwakarma_awards/install/arm_vla_pkg:/home/aditya/Vishwakarma_awards/install/akabot_control:/opt/ros/humble /usr/bin/cmake --build /home/aditya/Vishwakarma_awards/build/akabot_gazebo -- -j28 -l28
[0.696s] DEBUG:colcon.colcon_core.event_handler.log_command:Invoking command in '/home/aditya/Vishwakarma_awards/build/akabot_gazebo': CMAKE_PREFIX_PATH=${CMAKE_PREFIX_PATH}:/home/aditya/Vishwakarma_awards/install/arm_vla_pkg:/home/aditya/Vishwakarma_awards/install/akabot_control:/opt/ros/humble /usr/bin/cmake --install /home/aditya/Vishwakarma_awards/build/akabot_gazebo
[0.707s] Level 1:colcon.colcon_core.environment:create_environment_scripts_only(akabot_bringup)
[0.713s] DEBUG:colcon.colcon_core.event_handler.log_command:Invoked command in '/home/aditya/Vishwakarma_awards/build/akabot_bringup' returned '0': CMAKE_PREFIX_PATH=${CMAKE_PREFIX_PATH}:/home/aditya/Vishwakarma_awards/install/arm_vla_pkg:/home/aditya/Vishwakarma_awards/install/akabot_control:/opt/ros/humble /usr/bin/cmake --install /home/aditya/Vishwakarma_awards/build/akabot_bringup
[0.715s] Level 1:colcon.colcon_core.environment:checking '/home/aditya/Vishwakarma_awards/install/akabot_bringup' for CMake module files
[0.716s] Level 1:colcon.colcon_core.environment:checking '/home/aditya/Vishwakarma_awards/install/akabot_bringup' for CMake config files
[0.716s] Level 1:colcon.colcon_core.shell:create_environment_hook('akabot_bringup', 'cmake_prefix_path')
[0.716s] INFO:colcon.colcon_core.shell:Creating environment hook '/home/aditya/Vishwakarma_awards/install/akabot_bringup/share/akabot_bringup/hook/cmake_prefix_path.ps1'
[0.717s] INFO:colcon.colcon_core.shell:Creating environment descriptor '/home/aditya/Vishwakarma_awards/install/akabot_bringup/share/akabot_bringup/hook/cmake_prefix_path.dsv'
[0.717s] INFO:colcon.colcon_core.shell:Creating environment hook '/home/aditya/Vishwakarma_awards/install/akabot_bringup/share/akabot_bringup/hook/cmake_prefix_path.sh'
[0.718s] Level 1:colcon.colcon_core.environment:checking '/home/aditya/Vishwakarma_awards/install/akabot_bringup/bin'
[0.718s] Level 1:colcon.colcon_core.environment:checking '/home/aditya/Vishwakarma_awards/install/akabot_bringup/lib/pkgconfig/akabot_bringup.pc'
[0.719s] Level 1:colcon.colcon_core.environment:checking '/home/aditya/Vishwakarma_awards/install/akabot_bringup/lib/python3.10/site-packages'
[0.719s] Level 1:colcon.colcon_core.environment:checking '/home/aditya/Vishwakarma_awards/install/akabot_bringup/bin'
[0.719s] INFO:colcon.colcon_core.shell:Creating package script '/home/aditya/Vishwakarma_awards/install/akabot_bringup/share/akabot_bringup/package.ps1'
[0.720s] INFO:colcon.colcon_core.shell:Creating package descriptor '/home/aditya/Vishwakarma_awards/install/akabot_bringup/share/akabot_bringup/package.dsv'
[0.721s] INFO:colcon.colcon_core.shell:Creating package script '/home/aditya/Vishwakarma_awards/install/akabot_bringup/share/akabot_bringup/package.sh'
[0.722s] INFO:colcon.colcon_core.shell:Creating package script '/home/aditya/Vishwakarma_awards/install/akabot_bringup/share/akabot_bringup/package.bash'
[0.723s] INFO:colcon.colcon_core.shell:Creating package script '/home/aditya/Vishwakarma_awards/install/akabot_bringup/share/akabot_bringup/package.zsh'
[0.724s] Level 1:colcon.colcon_core.environment:create_file_with_runtime_dependencies(/home/aditya/Vishwakarma_awards/install/akabot_bringup/share/colcon-core/packages/akabot_bringup)
[0.724s] Level 1:colcon.colcon_core.environment:create_environment_scripts_only(akabot_bringup)
[0.725s] Level 1:colcon.colcon_core.environment:checking '/home/aditya/Vishwakarma_awards/install/akabot_bringup' for CMake module files
[0.725s] Level 1:colcon.colcon_core.environment:checking '/home/aditya/Vishwakarma_awards/install/akabot_bringup' for CMake config files
[0.725s] Level 1:colcon.colcon_core.shell:create_environment_hook('akabot_bringup', 'cmake_prefix_path')
[0.725s] INFO:colcon.colcon_core.shell:Creating environment hook '/home/aditya/Vishwakarma_awards/install/akabot_bringup/share/akabot_bringup/hook/cmake_prefix_path.ps1'
[0.726s] INFO:colcon.colcon_core.shell:Creating environment descriptor '/home/aditya/Vishwakarma_awards/install/akabot_bringup/share/akabot_bringup/hook/cmake_prefix_path.dsv'
[0.726s] INFO:colcon.colcon_core.shell:Creating environment hook '/home/aditya/Vishwakarma_awards/install/akabot_bringup/share/akabot_bringup/hook/cmake_prefix_path.sh'
[0.727s] Level 1:colcon.colcon_core.environment:checking '/home/aditya/Vishwakarma_awards/install/akabot_bringup/bin'
[0.727s] Level 1:colcon.colcon_core.environment:checking '/home/aditya/Vishwakarma_awards/install/akabot_bringup/lib/pkgconfig/akabot_bringup.pc'
[0.727s] Level 1:colcon.colcon_core.environment:checking '/home/aditya/Vishwakarma_awards/install/akabot_bringup/lib/python3.10/site-packages'
[0.728s] Level 1:colcon.colcon_core.environment:checking '/home/aditya/Vishwakarma_awards/install/akabot_bringup/bin'
[0.728s] INFO:colcon.colcon_core.shell:Creating package script '/home/aditya/Vishwakarma_awards/install/akabot_bringup/share/akabot_bringup/package.ps1'
[0.729s] INFO:colcon.colcon_core.shell:Creating package descriptor '/home/aditya/Vishwakarma_awards/install/akabot_bringup/share/akabot_bringup/package.dsv'
[0.729s] INFO:colcon.colcon_core.shell:Creating package script '/home/aditya/Vishwakarma_awards/install/akabot_bringup/share/akabot_bringup/package.sh'
[0.729s] INFO:colcon.colcon_core.shell:Creating package script '/home/aditya/Vishwakarma_awards/install/akabot_bringup/share/akabot_bringup/package.bash'
[0.730s] INFO:colcon.colcon_core.shell:Creating package script '/home/aditya/Vishwakarma_awards/install/akabot_bringup/share/akabot_bringup/package.zsh'
[0.730s] Level 1:colcon.colcon_core.environment:create_file_with_runtime_dependencies(/home/aditya/Vishwakarma_awards/install/akabot_bringup/share/colcon-core/packages/akabot_bringup)
[0.731s] Level 1:colcon.colcon_core.environment:create_environment_scripts_only(akabot_description)
[0.731s] Level 1:colcon.colcon_core.environment:checking '/home/aditya/Vishwakarma_awards/install/akabot_description' for CMake module files
[0.732s] DEBUG:colcon.colcon_core.event_handler.log_command:Invoked command in '/home/aditya/Vishwakarma_awards/build/akabot_description' returned '0': CMAKE_PREFIX_PATH=${CMAKE_PREFIX_PATH}:/home/aditya/Vishwakarma_awards/install/arm_vla_pkg:/home/aditya/Vishwakarma_awards/install/akabot_control:/opt/ros/humble /usr/bin/cmake --install /home/aditya/Vishwakarma_awards/build/akabot_description
[0.732s] Level 1:colcon.colcon_core.environment:checking '/home/aditya/Vishwakarma_awards/install/akabot_description' for CMake config files
[0.733s] Level 1:colcon.colcon_core.shell:create_environment_hook('akabot_description', 'cmake_prefix_path')
[0.733s] INFO:colcon.colcon_core.shell:Creating environment hook '/home/aditya/Vishwakarma_awards/install/akabot_description/share/akabot_description/hook/cmake_prefix_path.ps1'
[0.733s] INFO:colcon.colcon_core.shell:Creating environment descriptor '/home/aditya/Vishwakarma_awards/install/akabot_description/share/akabot_description/hook/cmake_prefix_path.dsv'
[0.734s] INFO:colcon.colcon_core.shell:Creating environment hook '/home/aditya/Vishwakarma_awards/install/akabot_description/share/akabot_description/hook/cmake_prefix_path.sh'
[0.734s] Level 1:colcon.colcon_core.environment:checking '/home/aditya/Vishwakarma_awards/install/akabot_description/bin'
[0.734s] Level 1:colcon.colcon_core.environment:checking '/home/aditya/Vishwakarma_awards/install/akabot_description/lib/pkgconfig/akabot_description.pc'
[0.735s] Level 1:colcon.colcon_core.environment:checking '/home/aditya/Vishwakarma_awards/install/akabot_description/lib/python3.10/site-packages'
[0.735s] Level 1:colcon.colcon_core.environment:checking '/home/aditya/Vishwakarma_awards/install/akabot_description/bin'
[0.736s] INFO:colcon.colcon_core.shell:Creating package script '/home/aditya/Vishwakarma_awards/install/akabot_description/share/akabot_description/package.ps1'
[0.736s] INFO:colcon.colcon_core.shell:Creating package descriptor '/home/aditya/Vishwakarma_awards/install/akabot_description/share/akabot_description/package.dsv'
[0.737s] INFO:colcon.colcon_core.shell:Creating package script '/home/aditya/Vishwakarma_awards/install/akabot_description/share/akabot_description/package.sh'
[0.737s] INFO:colcon.colcon_core.shell:Creating package script '/home/aditya/Vishwakarma_awards/install/akabot_description/share/akabot_description/package.bash'
[0.737s] INFO:colcon.colcon_core.shell:Creating package script '/home/aditya/Vishwakarma_awards/install/akabot_description/share/akabot_description/package.zsh'
[0.738s] Level 1:colcon.colcon_core.environment:create_file_with_runtime_dependencies(/home/aditya/Vishwakarma_awards/install/akabot_description/share/colcon-core/packages/akabot_description)
[0.738s] Level 1:colcon.colcon_core.environment:create_environment_scripts_only(akabot_description)
[0.738s] Level 1:colcon.colcon_core.environment:checking '/home/aditya/Vishwakarma_awards/install/akabot_description' for CMake module files
[0.739s] Level 1:colcon.colcon_core.environment:checking '/home/aditya/Vishwakarma_awards/install/akabot_description' for CMake config files
[0.739s] Level 1:colcon.colcon_core.shell:create_environment_hook('akabot_description', 'cmake_prefix_path')
[0.739s] INFO:colcon.colcon_core.shell:Creating environment hook '/home/aditya/Vishwakarma_awards/install/akabot_description/share/akabot_description/hook/cmake_prefix_path.ps1'
[0.740s] INFO:colcon.colcon_core.shell:Creating environment descriptor '/home/aditya/Vishwakarma_awards/install/akabot_description/share/akabot_description/hook/cmake_prefix_path.dsv'
[0.740s] INFO:colcon.colcon_core.shell:Creating environment hook '/home/aditya/Vishwakarma_awards/install/akabot_description/share/akabot_description/hook/cmake_prefix_path.sh'
[0.741s] Level 1:colcon.colcon_core.environment:checking '/home/aditya/Vishwakarma_awards/install/akabot_description/bin'
[0.741s] Level 1:colcon.colcon_core.environment:checking '/home/aditya/Vishwakarma_awards/install/akabot_description/lib/pkgconfig/akabot_description.pc'
[0.741s] Level 1:colcon.colcon_core.environment:checking '/home/aditya/Vishwakarma_awards/install/akabot_description/lib/python3.10/site-packages'
[0.742s] Level 1:colcon.colcon_core.environment:checking '/home/aditya/Vishwakarma_awards/install/akabot_description/bin'
[0.742s] INFO:colcon.colcon_core.shell:Creating package script '/home/aditya/Vishwakarma_awards/install/akabot_description/share/akabot_description/package.ps1'
[0.743s] INFO:colcon.colcon_core.shell:Creating package descriptor '/home/aditya/Vishwakarma_awards/install/akabot_description/share/akabot_description/package.dsv'
[0.743s] INFO:colcon.colcon_core.shell:Creating package script '/home/aditya/Vishwakarma_awards/install/akabot_description/share/akabot_description/package.sh'
[0.743s] INFO:colcon.colcon_core.shell:Creating package script '/home/aditya/Vishwakarma_awards/install/akabot_description/share/akabot_description/package.bash'
[0.744s] INFO:colcon.colcon_core.shell:Creating package script '/home/aditya/Vishwakarma_awards/install/akabot_description/share/akabot_description/package.zsh'
[0.744s] Level 1:colcon.colcon_core.environment:create_file_with_runtime_dependencies(/home/aditya/Vishwakarma_awards/install/akabot_description/share/colcon-core/packages/akabot_description)
[0.744s] INFO:colcon.colcon_ros.task.ament_cmake.build:Building ROS package in '/home/aditya/Vishwakarma_awards/src/akabot_moveit_config' with build type 'ament_cmake'
[0.745s] INFO:colcon.colcon_cmake.task.cmake.build:Building CMake package in '/home/aditya/Vishwakarma_awards/src/akabot_moveit_config'
[0.745s] INFO:colcon.colcon_core.shell:Skip shell extension 'powershell' for command environment: Not usable outside of PowerShell
[0.745s] DEBUG:colcon.colcon_core.shell:Skip shell extension 'dsv' for command environment
[0.751s] Level 1:colcon.colcon_core.environment:create_environment_scripts_only(akabot_gazebo)
[0.751s] Level 1:colcon.colcon_core.environment:checking '/home/aditya/Vishwakarma_awards/install/akabot_gazebo' for CMake module files
[0.752s] DEBUG:colcon.colcon_core.event_handler.log_command:Invoked command in '/home/aditya/Vishwakarma_awards/build/akabot_gazebo' returned '0': CMAKE_PREFIX_PATH=${CMAKE_PREFIX_PATH}:/home/aditya/Vishwakarma_awards/install/arm_vla_pkg:/home/aditya/Vishwakarma_awards/install/akabot_control:/opt/ros/humble /usr/bin/cmake --install /home/aditya/Vishwakarma_awards/build/akabot_gazebo
[0.752s] Level 1:colcon.colcon_core.environment:checking '/home/aditya/Vishwakarma_awards/install/akabot_gazebo' for CMake config files
[0.752s] Level 1:colcon.colcon_core.shell:create_environment_hook('akabot_gazebo', 'cmake_prefix_path')
[0.753s] INFO:colcon.colcon_core.shell:Creating environment hook '/home/aditya/Vishwakarma_awards/install/akabot_gazebo/share/akabot_gazebo/hook/cmake_prefix_path.ps1'
[0.753s] INFO:colcon.colcon_core.shell:Creating environment descriptor '/home/aditya/Vishwakarma_awards/install/akabot_gazebo/share/akabot_gazebo/hook/cmake_prefix_path.dsv'
[0.754s] INFO:colcon.colcon_core.shell:Creating environment hook '/home/aditya/Vishwakarma_awards/install/akabot_gazebo/share/akabot_gazebo/hook/cmake_prefix_path.sh'
[0.754s] Level 1:colcon.colcon_core.environment:checking '/home/aditya/Vishwakarma_awards/install/akabot_gazebo/bin'
[0.754s] Level 1:colcon.colcon_core.environment:checking '/home/aditya/Vishwakarma_awards/install/akabot_gazebo/lib/pkgconfig/akabot_gazebo.pc'
[0.755s] Level 1:colcon.colcon_core.environment:checking '/home/aditya/Vishwakarma_awards/install/akabot_gazebo/lib/python3.10/site-packages'
[0.755s] Level 1:colcon.colcon_core.environment:checking '/home/aditya/Vishwakarma_awards/install/akabot_gazebo/bin'
[0.755s] INFO:colcon.colcon_core.shell:Creating package script '/home/aditya/Vishwakarma_awards/install/akabot_gazebo/share/akabot_gazebo/package.ps1'
[0.756s] INFO:colcon.colcon_core.shell:Creating package descriptor '/home/aditya/Vishwakarma_awards/install/akabot_gazebo/share/akabot_gazebo/package.dsv'
[0.756s] INFO:colcon.colcon_core.shell:Creating package script '/home/aditya/Vishwakarma_awards/install/akabot_gazebo/share/akabot_gazebo/package.sh'
[0.757s] INFO:colcon.colcon_core.shell:Creating package script '/home/aditya/Vishwakarma_awards/install/akabot_gazebo/share/akabot_gazebo/package.bash'
[0.757s] INFO:colcon.colcon_core.shell:Creating package script '/home/aditya/Vishwakarma_awards/install/akabot_gazebo/share/akabot_gazebo/package.zsh'
[0.757s] Level 1:colcon.colcon_core.environment:create_file_with_runtime_dependencies(/home/aditya/Vishwakarma_awards/install/akabot_gazebo/share/colcon-core/packages/akabot_gazebo)
[0.758s] Level 1:colcon.colcon_core.environment:create_environment_scripts_only(akabot_gazebo)
[0.758s] Level 1:colcon.colcon_core.environment:checking '/home/aditya/Vishwakarma_awards/install/akabot_gazebo' for CMake module files
[0.758s] Level 1:colcon.colcon_core.environment:checking '/home/aditya/Vishwakarma_awards/install/akabot_gazebo' for CMake config files
[0.759s] Level 1:colcon.colcon_core.shell:create_environment_hook('akabot_gazebo', 'cmake_prefix_path')
[0.759s] INFO:colcon.colcon_core.shell:Creating environment hook '/home/aditya/Vishwakarma_awards/install/akabot_gazebo/share/akabot_gazebo/hook/cmake_prefix_path.ps1'
[0.759s] INFO:colcon.colcon_core.shell:Creating environment descriptor '/home/aditya/Vishwakarma_awards/install/akabot_gazebo/share/akabot_gazebo/hook/cmake_prefix_path.dsv'
[0.760s] INFO:colcon.colcon_core.shell:Creating environment hook '/home/aditya/Vishwakarma_awards/install/akabot_gazebo/share/akabot_gazebo/hook/cmake_prefix_path.sh'
[0.760s] Level 1:colcon.colcon_core.environment:checking '/home/aditya/Vishwakarma_awards/install/akabot_gazebo/bin'
[0.760s] Level 1:colcon.colcon_core.environment:checking '/home/aditya/Vishwakarma_awards/install/akabot_gazebo/lib/pkgconfig/akabot_gazebo.pc'
[0.761s] Level 1:colcon.colcon_core.environment:checking '/home/aditya/Vishwakarma_awards/install/akabot_gazebo/lib/python3.10/site-packages'
[0.761s] Level 1:colcon.colcon_core.environment:checking '/home/aditya/Vishwakarma_awards/install/akabot_gazebo/bin'
[0.761s] INFO:colcon.colcon_core.shell:Creating package script '/home/aditya/Vishwakarma_awards/install/akabot_gazebo/share/akabot_gazebo/package.ps1'
[0.762s] INFO:colcon.colcon_core.shell:Creating package descriptor '/home/aditya/Vishwakarma_awards/install/akabot_gazebo/share/akabot_gazebo/package.dsv'
[0.763s] INFO:colcon.colcon_core.shell:Creating package script '/home/aditya/Vishwakarma_awards/install/akabot_gazebo/share/akabot_gazebo/package.sh'
[0.763s] INFO:colcon.colcon_core.shell:Creating package script '/home/aditya/Vishwakarma_awards/install/akabot_gazebo/share/akabot_gazebo/package.bash'
[0.764s] INFO:colcon.colcon_core.shell:Creating package script '/home/aditya/Vishwakarma_awards/install/akabot_gazebo/share/akabot_gazebo/package.zsh'
[0.764s] Level 1:colcon.colcon_core.environment:create_file_with_runtime_dependencies(/home/aditya/Vishwakarma_awards/install/akabot_gazebo/share/colcon-core/packages/akabot_gazebo)
[0.769s] DEBUG:colcon.colcon_core.event_handler.log_command:Invoking command in '/home/aditya/Vishwakarma_awards/build/akabot_moveit_config': CMAKE_PREFIX_PATH=/home/aditya/Vishwakarma_awards/install/akabot_description:/home/aditya/Vishwakarma_awards/install/akabot_moveit_config:/home/aditya/Vishwakarma_awards/install/akabot_gazebo:/home/aditya/Vishwakarma_awards/install/akabot_bringup:/home/aditya/Vishwakarma_awards/install/arm_vla_pkg:/home/aditya/Vishwakarma_awards/install/akabot_control:/opt/ros/humble /usr/bin/cmake --build /home/aditya/Vishwakarma_awards/build/akabot_moveit_config -- -j28 -l28
[0.822s] DEBUG:colcon.colcon_core.event_handler.log_command:Invoked command in '/home/aditya/Vishwakarma_awards/build/akabot_moveit_config' returned '0': CMAKE_PREFIX_PATH=/home/aditya/Vishwakarma_awards/install/akabot_description:/home/aditya/Vishwakarma_awards/install/akabot_moveit_config:/home/aditya/Vishwakarma_awards/install/akabot_gazebo:/home/aditya/Vishwakarma_awards/install/akabot_bringup:/home/aditya/Vishwakarma_awards/install/arm_vla_pkg:/home/aditya/Vishwakarma_awards/install/akabot_control:/opt/ros/humble /usr/bin/cmake --build /home/aditya/Vishwakarma_awards/build/akabot_moveit_config -- -j28 -l28
[0.824s] DEBUG:colcon.colcon_core.event_handler.log_command:Invoking command in '/home/aditya/Vishwakarma_awards/build/akabot_moveit_config': CMAKE_PREFIX_PATH=/home/aditya/Vishwakarma_awards/install/akabot_description:/home/aditya/Vishwakarma_awards/install/akabot_moveit_config:/home/aditya/Vishwakarma_awards/install/akabot_gazebo:/home/aditya/Vishwakarma_awards/install/akabot_bringup:/home/aditya/Vishwakarma_awards/install/arm_vla_pkg:/home/aditya/Vishwakarma_awards/install/akabot_control:/opt/ros/humble /usr/bin/cmake --install /home/aditya/Vishwakarma_awards/build/akabot_moveit_config
[0.836s] Level 1:colcon.colcon_core.environment:create_environment_scripts_only(akabot_moveit_config)
[0.837s] Level 1:colcon.colcon_core.environment:checking '/home/aditya/Vishwakarma_awards/install/akabot_moveit_config' for CMake module files
[0.837s] DEBUG:colcon.colcon_core.event_handler.log_command:Invoked command in '/home/aditya/Vishwakarma_awards/build/akabot_moveit_config' returned '0': CMAKE_PREFIX_PATH=/home/aditya/Vishwakarma_awards/install/akabot_description:/home/aditya/Vishwakarma_awards/install/akabot_moveit_config:/home/aditya/Vishwakarma_awards/install/akabot_gazebo:/home/aditya/Vishwakarma_awards/install/akabot_bringup:/home/aditya/Vishwakarma_awards/install/arm_vla_pkg:/home/aditya/Vishwakarma_awards/install/akabot_control:/opt/ros/humble /usr/bin/cmake --install /home/aditya/Vishwakarma_awards/build/akabot_moveit_config
[0.837s] Level 1:colcon.colcon_core.environment:checking '/home/aditya/Vishwakarma_awards/install/akabot_moveit_config' for CMake config files
[0.838s] Level 1:colcon.colcon_core.shell:create_environment_hook('akabot_moveit_config', 'cmake_prefix_path')
[0.838s] INFO:colcon.colcon_core.shell:Creating environment hook '/home/aditya/Vishwakarma_awards/install/akabot_moveit_config/share/akabot_moveit_config/hook/cmake_prefix_path.ps1'
[0.839s] INFO:colcon.colcon_core.shell:Creating environment descriptor '/home/aditya/Vishwakarma_awards/install/akabot_moveit_config/share/akabot_moveit_config/hook/cmake_prefix_path.dsv'
[0.839s] INFO:colcon.colcon_core.shell:Creating environment hook '/home/aditya/Vishwakarma_awards/install/akabot_moveit_config/share/akabot_moveit_config/hook/cmake_prefix_path.sh'
[0.840s] Level 1:colcon.colcon_core.environment:checking '/home/aditya/Vishwakarma_awards/install/akabot_moveit_config/bin'
[0.840s] Level 1:colcon.colcon_core.environment:checking '/home/aditya/Vishwakarma_awards/install/akabot_moveit_config/lib/pkgconfig/akabot_moveit_config.pc'
[0.840s] Level 1:colcon.colcon_core.environment:checking '/home/aditya/Vishwakarma_awards/install/akabot_moveit_config/lib/python3.10/site-packages'
[0.840s] Level 1:colcon.colcon_core.environment:checking '/home/aditya/Vishwakarma_awards/install/akabot_moveit_config/bin'
[0.841s] INFO:colcon.colcon_core.shell:Creating package script '/home/aditya/Vishwakarma_awards/install/akabot_moveit_config/share/akabot_moveit_config/package.ps1'
[0.841s] INFO:colcon.colcon_core.shell:Creating package descriptor '/home/aditya/Vishwakarma_awards/install/akabot_moveit_config/share/akabot_moveit_config/package.dsv'
[0.842s] INFO:colcon.colcon_core.shell:Creating package script '/home/aditya/Vishwakarma_awards/install/akabot_moveit_config/share/akabot_moveit_config/package.sh'
[0.842s] INFO:colcon.colcon_core.shell:Creating package script '/home/aditya/Vishwakarma_awards/install/akabot_moveit_config/share/akabot_moveit_config/package.bash'
[0.842s] INFO:colcon.colcon_core.shell:Creating package script '/home/aditya/Vishwakarma_awards/install/akabot_moveit_config/share/akabot_moveit_config/package.zsh'
[0.843s] Level 1:colcon.colcon_core.environment:create_file_with_runtime_dependencies(/home/aditya/Vishwakarma_awards/install/akabot_moveit_config/share/colcon-core/packages/akabot_moveit_config)
[0.843s] Level 1:colcon.colcon_core.environment:create_environment_scripts_only(akabot_moveit_config)
[0.844s] Level 1:colcon.colcon_core.environment:checking '/home/aditya/Vishwakarma_awards/install/akabot_moveit_config' for CMake module files
[0.844s] Level 1:colcon.colcon_core.environment:checking '/home/aditya/Vishwakarma_awards/install/akabot_moveit_config' for CMake config files
[0.845s] Level 1:colcon.colcon_core.shell:create_environment_hook('akabot_moveit_config', 'cmake_prefix_path')
[0.845s] INFO:colcon.colcon_core.shell:Creating environment hook '/home/aditya/Vishwakarma_awards/install/akabot_moveit_config/share/akabot_moveit_config/hook/cmake_prefix_path.ps1'
[0.845s] INFO:colcon.colcon_core.shell:Creating environment descriptor '/home/aditya/Vishwakarma_awards/install/akabot_moveit_config/share/akabot_moveit_config/hook/cmake_prefix_path.dsv'
[0.846s] INFO:colcon.colcon_core.shell:Creating environment hook '/home/aditya/Vishwakarma_awards/install/akabot_moveit_config/share/akabot_moveit_config/hook/cmake_prefix_path.sh'
[0.846s] Level 1:colcon.colcon_core.environment:checking '/home/aditya/Vishwakarma_awards/install/akabot_moveit_config/bin'
[0.846s] Level 1:colcon.colcon_core.environment:checking '/home/aditya/Vishwakarma_awards/install/akabot_moveit_config/lib/pkgconfig/akabot_moveit_config.pc'
[0.847s] Level 1:colcon.colcon_core.environment:checking '/home/aditya/Vishwakarma_awards/install/akabot_moveit_config/lib/python3.10/site-packages'
[0.847s] Level 1:colcon.colcon_core.environment:checking '/home/aditya/Vishwakarma_awards/install/akabot_moveit_config/bin'
[0.847s] INFO:colcon.colcon_core.shell:Creating package script '/home/aditya/Vishwakarma_awards/install/akabot_moveit_config/share/akabot_moveit_config/package.ps1'
[0.848s] INFO:colcon.colcon_core.shell:Creating package descriptor '/home/aditya/Vishwakarma_awards/install/akabot_moveit_config/share/akabot_moveit_config/package.dsv'
[0.848s] INFO:colcon.colcon_core.shell:Creating package script '/home/aditya/Vishwakarma_awards/install/akabot_moveit_config/share/akabot_moveit_config/package.sh'
[0.849s] INFO:colcon.colcon_core.shell:Creating package script '/home/aditya/Vishwakarma_awards/install/akabot_moveit_config/share/akabot_moveit_config/package.bash'
[0.850s] INFO:colcon.colcon_core.shell:Creating package script '/home/aditya/Vishwakarma_awards/install/akabot_moveit_config/share/akabot_moveit_config/package.zsh'
[0.850s] Level 1:colcon.colcon_core.environment:create_file_with_runtime_dependencies(/home/aditya/Vishwakarma_awards/install/akabot_moveit_config/share/colcon-core/packages/akabot_moveit_config)
[0.850s] INFO:colcon.colcon_ros.task.ament_python.build:Building ROS package in '/home/aditya/Vishwakarma_awards/src/akabot_control' with build type 'ament_python'
[0.851s] Level 1:colcon.colcon_core.shell:create_environment_hook('akabot_control', 'ament_prefix_path')
[0.851s] INFO:colcon.colcon_core.shell:Creating environment hook '/home/aditya/Vishwakarma_awards/install/akabot_control/share/akabot_control/hook/ament_prefix_path.ps1'
[0.852s] INFO:colcon.colcon_core.shell:Creating environment descriptor '/home/aditya/Vishwakarma_awards/install/akabot_control/share/akabot_control/hook/ament_prefix_path.dsv'
[0.852s] INFO:colcon.colcon_core.shell:Creating environment hook '/home/aditya/Vishwakarma_awards/install/akabot_control/share/akabot_control/hook/ament_prefix_path.sh'
[0.853s] INFO:colcon.colcon_core.shell:Skip shell extension 'powershell' for command environment: Not usable outside of PowerShell
[0.853s] DEBUG:colcon.colcon_core.shell:Skip shell extension 'dsv' for command environment
[1.161s] INFO:colcon.colcon_core.task.python.build:Building Python package in '/home/aditya/Vishwakarma_awards/src/akabot_control'
[1.161s] INFO:colcon.colcon_core.shell:Skip shell extension 'powershell' for command environment: Not usable outside of PowerShell
[1.161s] DEBUG:colcon.colcon_core.shell:Skip shell extension 'dsv' for command environment
[1.168s] DEBUG:colcon.colcon_core.event_handler.log_command:Invoking command in '/home/aditya/Vishwakarma_awards/src/arm_vla_pkg': PYTHONPATH=/home/aditya/Vishwakarma_awards/build/arm_vla_pkg/prefix_override:/usr/lib/python3/dist-packages/colcon_core/task/python/colcon_distutils_commands:/home/aditya/Vishwakarma_awards/install/arm_vla_pkg/lib/python3.10/site-packages:${PYTHONPATH} /usr/bin/python3 -W ignore:setup.py install is deprecated -W ignore:easy_install command is deprecated setup.py egg_info --egg-base ../../build/arm_vla_pkg build --build-base /home/aditya/Vishwakarma_awards/build/arm_vla_pkg/build install --record /home/aditya/Vishwakarma_awards/build/arm_vla_pkg/install.log --single-version-externally-managed install_data
[1.508s] Level 1:colcon.colcon_core.environment:checking '/home/aditya/Vishwakarma_awards/install/arm_vla_pkg' for CMake module files
[1.509s] DEBUG:colcon.colcon_core.event_handler.log_command:Invoked command in '/home/aditya/Vishwakarma_awards/src/arm_vla_pkg' returned '0': PYTHONPATH=/home/aditya/Vishwakarma_awards/build/arm_vla_pkg/prefix_override:/usr/lib/python3/dist-packages/colcon_core/task/python/colcon_distutils_commands:/home/aditya/Vishwakarma_awards/install/arm_vla_pkg/lib/python3.10/site-packages:${PYTHONPATH} /usr/bin/python3 -W ignore:setup.py install is deprecated -W ignore:easy_install command is deprecated setup.py egg_info --egg-base ../../build/arm_vla_pkg build --build-base /home/aditya/Vishwakarma_awards/build/arm_vla_pkg/build install --record /home/aditya/Vishwakarma_awards/build/arm_vla_pkg/install.log --single-version-externally-managed install_data
[1.510s] Level 1:colcon.colcon_core.environment:checking '/home/aditya/Vishwakarma_awards/install/arm_vla_pkg' for CMake config files
[1.510s] Level 1:colcon.colcon_core.environment:checking '/home/aditya/Vishwakarma_awards/install/arm_vla_pkg/lib'
[1.510s] Level 1:colcon.colcon_core.environment:checking '/home/aditya/Vishwakarma_awards/install/arm_vla_pkg/bin'
[1.511s] Level 1:colcon.colcon_core.environment:checking '/home/aditya/Vishwakarma_awards/install/arm_vla_pkg/lib/pkgconfig/arm_vla_pkg.pc'
[1.511s] Level 1:colcon.colcon_core.environment:checking '/home/aditya/Vishwakarma_awards/install/arm_vla_pkg/lib/python3.10/site-packages'
[1.511s] Level 1:colcon.colcon_core.shell:create_environment_hook('arm_vla_pkg', 'pythonpath')
[1.511s] INFO:colcon.colcon_core.shell:Creating environment hook '/home/aditya/Vishwakarma_awards/install/arm_vla_pkg/share/arm_vla_pkg/hook/pythonpath.ps1'
[1.512s] INFO:colcon.colcon_core.shell:Creating environment descriptor '/home/aditya/Vishwakarma_awards/install/arm_vla_pkg/share/arm_vla_pkg/hook/pythonpath.dsv'
[1.512s] INFO:colcon.colcon_core.shell:Creating environment hook '/home/aditya/Vishwakarma_awards/install/arm_vla_pkg/share/arm_vla_pkg/hook/pythonpath.sh'
[1.513s] Level 1:colcon.colcon_core.environment:checking '/home/aditya/Vishwakarma_awards/install/arm_vla_pkg/bin'
[1.513s] Level 1:colcon.colcon_core.environment:create_environment_scripts_only(arm_vla_pkg)
[1.513s] INFO:colcon.colcon_core.shell:Creating package script '/home/aditya/Vishwakarma_awards/install/arm_vla_pkg/share/arm_vla_pkg/package.ps1'
[1.514s] INFO:colcon.colcon_core.shell:Creating package descriptor '/home/aditya/Vishwakarma_awards/install/arm_vla_pkg/share/arm_vla_pkg/package.dsv'
[1.514s] INFO:colcon.colcon_core.shell:Creating package script '/home/aditya/Vishwakarma_awards/install/arm_vla_pkg/share/arm_vla_pkg/package.sh'
[1.515s] INFO:colcon.colcon_core.shell:Creating package script '/home/aditya/Vishwakarma_awards/install/arm_vla_pkg/share/arm_vla_pkg/package.bash'
[1.515s] INFO:colcon.colcon_core.shell:Creating package script '/home/aditya/Vishwakarma_awards/install/arm_vla_pkg/share/arm_vla_pkg/package.zsh'
[1.515s] Level 1:colcon.colcon_core.environment:create_file_with_runtime_dependencies(/home/aditya/Vishwakarma_awards/install/arm_vla_pkg/share/colcon-core/packages/arm_vla_pkg)
[1.580s] DEBUG:colcon.colcon_core.event_handler.log_command:Invoking command in '/home/aditya/Vishwakarma_awards/src/akabot_control': CMAKE_PREFIX_PATH=/home/aditya/Vishwakarma_awards/install/akabot_moveit_config:/home/aditya/Vishwakarma_awards/install/akabot_description:/home/aditya/Vishwakarma_awards/install/akabot_gazebo:/home/aditya/Vishwakarma_awards/install/akabot_bringup PYTHONPATH=/home/aditya/Vishwakarma_awards/build/akabot_control/prefix_override:/usr/lib/python3/dist-packages/colcon_core/task/python/colcon_distutils_commands:/home/aditya/Vishwakarma_awards/install/akabot_control/lib/python3.10/site-packages:${PYTHONPATH} /usr/bin/python3 -W ignore:setup.py install is deprecated -W ignore:easy_install command is deprecated setup.py egg_info --egg-base ../../build/akabot_control build --build-base /home/aditya/Vishwakarma_awards/build/akabot_control/build install --record /home/aditya/Vishwakarma_awards/build/akabot_control/install.log --single-version-externally-managed install_data
[1.878s] Level 1:colcon.colcon_core.environment:checking '/home/aditya/Vishwakarma_awards/install/akabot_control' for CMake module files
[1.880s] DEBUG:colcon.colcon_core.event_handler.log_command:Invoked command in '/home/aditya/Vishwakarma_awards/src/akabot_control' returned '0': CMAKE_PREFIX_PATH=/home/aditya/Vishwakarma_awards/install/akabot_moveit_config:/home/aditya/Vishwakarma_awards/install/akabot_description:/home/aditya/Vishwakarma_awards/install/akabot_gazebo:/home/aditya/Vishwakarma_awards/install/akabot_bringup PYTHONPATH=/home/aditya/Vishwakarma_awards/build/akabot_control/prefix_override:/usr/lib/python3/dist-packages/colcon_core/task/python/colcon_distutils_commands:/home/aditya/Vishwakarma_awards/install/akabot_control/lib/python3.10/site-packages:${PYTHONPATH} /usr/bin/python3 -W ignore:setup.py install is deprecated -W ignore:easy_install command is deprecated setup.py egg_info --egg-base ../../build/akabot_control build --build-base /home/aditya/Vishwakarma_awards/build/akabot_control/build install --record /home/aditya/Vishwakarma_awards/build/akabot_control/install.log --single-version-externally-managed install_data
[1.880s] Level 1:colcon.colcon_core.environment:checking '/home/aditya/Vishwakarma_awards/install/akabot_control' for CMake config files
[1.880s] Level 1:colcon.colcon_core.environment:checking '/home/aditya/Vishwakarma_awards/install/akabot_control/lib'
[1.880s] Level 1:colcon.colcon_core.environment:checking '/home/aditya/Vishwakarma_awards/install/akabot_control/bin'
[1.881s] Level 1:colcon.colcon_core.environment:checking '/home/aditya/Vishwakarma_awards/install/akabot_control/lib/pkgconfig/akabot_control.pc'
[1.881s] Level 1:colcon.colcon_core.environment:checking '/home/aditya/Vishwakarma_awards/install/akabot_control/lib/python3.10/site-packages'
[1.881s] Level 1:colcon.colcon_core.shell:create_environment_hook('akabot_control', 'pythonpath')
[1.881s] INFO:colcon.colcon_core.shell:Creating environment hook '/home/aditya/Vishwakarma_awards/install/akabot_control/share/akabot_control/hook/pythonpath.ps1'
[1.882s] INFO:colcon.colcon_core.shell:Creating environment descriptor '/home/aditya/Vishwakarma_awards/install/akabot_control/share/akabot_control/hook/pythonpath.dsv'
[1.882s] INFO:colcon.colcon_core.shell:Creating environment hook '/home/aditya/Vishwakarma_awards/install/akabot_control/share/akabot_control/hook/pythonpath.sh'
[1.883s] Level 1:colcon.colcon_core.environment:checking '/home/aditya/Vishwakarma_awards/install/akabot_control/bin'
[1.883s] Level 1:colcon.colcon_core.environment:create_environment_scripts_only(akabot_control)
[1.883s] INFO:colcon.colcon_core.shell:Creating package script '/home/aditya/Vishwakarma_awards/install/akabot_control/share/akabot_control/package.ps1'
[1.884s] INFO:colcon.colcon_core.shell:Creating package descriptor '/home/aditya/Vishwakarma_awards/install/akabot_control/share/akabot_control/package.dsv'
[1.884s] INFO:colcon.colcon_core.shell:Creating package script '/home/aditya/Vishwakarma_awards/install/akabot_control/share/akabot_control/package.sh'
[1.884s] INFO:colcon.colcon_core.shell:Creating package script '/home/aditya/Vishwakarma_awards/install/akabot_control/share/akabot_control/package.bash'
[1.885s] INFO:colcon.colcon_core.shell:Creating package script '/home/aditya/Vishwakarma_awards/install/akabot_control/share/akabot_control/package.zsh'
[1.885s] Level 1:colcon.colcon_core.environment:create_file_with_runtime_dependencies(/home/aditya/Vishwakarma_awards/install/akabot_control/share/colcon-core/packages/akabot_control)
[1.885s] DEBUG:colcon.colcon_parallel_executor.executor.parallel:closing loop
[1.885s] DEBUG:colcon.colcon_parallel_executor.executor.parallel:loop closed
[1.885s] DEBUG:colcon.colcon_parallel_executor.executor.parallel:run_until_complete finished with '0'
[1.886s] DEBUG:colcon.colcon_core.event_reactor:joining thread
[1.891s] INFO:colcon.colcon_core.plugin_system:Skipping extension 'colcon_notification.desktop_notification.terminal_notifier': Not used on non-Darwin systems
[1.891s] INFO:colcon.colcon_core.plugin_system:Skipping extension 'colcon_notification.desktop_notification.win32': Not used on non-Windows systems
[1.891s] INFO:colcon.colcon_notification.desktop_notification:Sending desktop notification using 'notify2'
[1.906s] DEBUG:colcon.colcon_core.event_reactor:joined thread
[1.907s] INFO:colcon.colcon_core.shell:Creating prefix script '/home/aditya/Vishwakarma_awards/install/local_setup.ps1'
[1.908s] INFO:colcon.colcon_core.shell:Creating prefix util module '/home/aditya/Vishwakarma_awards/install/_local_setup_util_ps1.py'
[1.909s] INFO:colcon.colcon_core.shell:Creating prefix chain script '/home/aditya/Vishwakarma_awards/install/setup.ps1'
[1.910s] INFO:colcon.colcon_core.shell:Creating prefix script '/home/aditya/Vishwakarma_awards/install/local_setup.sh'
[1.911s] INFO:colcon.colcon_core.shell:Creating prefix util module '/home/aditya/Vishwakarma_awards/install/_local_setup_util_sh.py'
[1.912s] INFO:colcon.colcon_core.shell:Creating prefix chain script '/home/aditya/Vishwakarma_awards/install/setup.sh'
[1.913s] INFO:colcon.colcon_core.shell:Creating prefix script '/home/aditya/Vishwakarma_awards/install/local_setup.bash'
[1.914s] INFO:colcon.colcon_core.shell:Creating prefix chain script '/home/aditya/Vishwakarma_awards/install/setup.bash'
[1.915s] INFO:colcon.colcon_core.shell:Creating prefix script '/home/aditya/Vishwakarma_awards/install/local_setup.zsh'
[1.915s] INFO:colcon.colcon_core.shell:Creating prefix chain script '/home/aditya/Vishwakarma_awards/install/setup.zsh'
