[0.753s] Invoking command in '/home/aditya/Vishwakarma_awards/src/akabot_control': AMENT_PREFIX_PATH=/home/aditya/Vishwakarma_awards/install/akabot_moveit_config:/home/aditya/Vishwakarma_awards/install/akabot_description:${AMENT_PREFIX_PATH} CMAKE_PREFIX_PATH=/home/aditya/Vishwakarma_awards/install/akabot_moveit_config:/home/aditya/Vishwakarma_awards/install/akabot_description PYTHONPATH=/home/aditya/Vishwakarma_awards/build/akabot_control/prefix_override:/usr/lib/python3/dist-packages/colcon_core/task/python/colcon_distutils_commands:/home/aditya/Vishwakarma_awards/install/akabot_control/lib/python3.10/site-packages:${PYTHONPATH} /usr/bin/python3 -W ignore:setup.py install is deprecated -W ignore:easy_install command is deprecated setup.py egg_info --egg-base ../../build/akabot_control build --build-base /home/aditya/Vishwakarma_awards/build/akabot_control/build install --record /home/aditya/Vishwakarma_awards/build/akabot_control/install.log --single-version-externally-managed install_data
[0.998s] running egg_info
[0.999s] writing ../../build/akabot_control/akabot_control.egg-info/PKG-INFO
[1.009s] writing dependency_links to ../../build/akabot_control/akabot_control.egg-info/dependency_links.txt
[1.009s] writing entry points to ../../build/akabot_control/akabot_control.egg-info/entry_points.txt
[1.009s] writing requirements to ../../build/akabot_control/akabot_control.egg-info/requires.txt
[1.009s] writing top-level names to ../../build/akabot_control/akabot_control.egg-info/top_level.txt
[1.012s] reading manifest file '../../build/akabot_control/akabot_control.egg-info/SOURCES.txt'
[1.015s] writing manifest file '../../build/akabot_control/akabot_control.egg-info/SOURCES.txt'
[1.015s] running build
[1.015s] running build_py
[1.016s] copying akabot_control/test_ee_camera.py -> /home/aditya/Vishwakarma_awards/build/akabot_control/build/lib/akabot_control
[1.016s] copying akabot_control/vision_pick_place.py -> /home/aditya/Vishwakarma_awards/build/akabot_control/build/lib/akabot_control
[1.016s] running install
[1.017s] running install_lib
[1.017s] copying /home/aditya/Vishwakarma_awards/build/akabot_control/build/lib/akabot_control/test_ee_camera.py -> /home/aditya/Vishwakarma_awards/install/akabot_control/lib/python3.10/site-packages/akabot_control
[1.018s] copying /home/aditya/Vishwakarma_awards/build/akabot_control/build/lib/akabot_control/vision_pick_place.py -> /home/aditya/Vishwakarma_awards/install/akabot_control/lib/python3.10/site-packages/akabot_control
[1.018s] byte-compiling /home/aditya/Vishwakarma_awards/install/akabot_control/lib/python3.10/site-packages/akabot_control/test_ee_camera.py to test_ee_camera.cpython-310.pyc
[1.019s] byte-compiling /home/aditya/Vishwakarma_awards/install/akabot_control/lib/python3.10/site-packages/akabot_control/vision_pick_place.py to vision_pick_place.cpython-310.pyc
[1.022s] running install_data
[1.022s] copying package.xml -> /home/aditya/Vishwakarma_awards/install/akabot_control/share/akabot_control
[1.023s] copying launch/vision_pick_place.launch.py -> /home/aditya/Vishwakarma_awards/install/akabot_control/share/akabot_control/launch
[1.023s] copying launch/test_camera.launch.py -> /home/aditya/Vishwakarma_awards/install/akabot_control/share/akabot_control/launch
[1.023s] running install_egg_info
[1.025s] removing '/home/aditya/Vishwakarma_awards/install/akabot_control/lib/python3.10/site-packages/akabot_control-1.0.0-py3.10.egg-info' (and everything under it)
[1.025s] Copying ../../build/akabot_control/akabot_control.egg-info to /home/aditya/Vishwakarma_awards/install/akabot_control/lib/python3.10/site-packages/akabot_control-1.0.0-py3.10.egg-info
[1.026s] running install_scripts
[1.047s] Installing akabot_controller script to /home/aditya/Vishwakarma_awards/install/akabot_control/lib/akabot_control
[1.048s] Installing interactive_control script to /home/aditya/Vishwakarma_awards/install/akabot_control/lib/akabot_control
[1.048s] Installing test_ee_camera script to /home/aditya/Vishwakarma_awards/install/akabot_control/lib/akabot_control
[1.048s] Installing vision_pick_place script to /home/aditya/Vishwakarma_awards/install/akabot_control/lib/akabot_control
[1.048s] writing list of installed files to '/home/aditya/Vishwakarma_awards/build/akabot_control/install.log'
[1.071s] Invoked command in '/home/aditya/Vishwakarma_awards/src/akabot_control' returned '0': AMENT_PREFIX_PATH=/home/aditya/Vishwakarma_awards/install/akabot_moveit_config:/home/aditya/Vishwakarma_awards/install/akabot_description:${AMENT_PREFIX_PATH} CMAKE_PREFIX_PATH=/home/aditya/Vishwakarma_awards/install/akabot_moveit_config:/home/aditya/Vishwakarma_awards/install/akabot_description PYTHONPATH=/home/aditya/Vishwakarma_awards/build/akabot_control/prefix_override:/usr/lib/python3/dist-packages/colcon_core/task/python/colcon_distutils_commands:/home/aditya/Vishwakarma_awards/install/akabot_control/lib/python3.10/site-packages:${PYTHONPATH} /usr/bin/python3 -W ignore:setup.py install is deprecated -W ignore:easy_install command is deprecated setup.py egg_info --egg-base ../../build/akabot_control build --build-base /home/aditya/Vishwakarma_awards/build/akabot_control/build install --record /home/aditya/Vishwakarma_awards/build/akabot_control/install.log --single-version-externally-managed install_data
