[0.052s] Invoking command in '/home/aditya/Vishwakarma_awards/build/akabot_bringup': CMAKE_PREFIX_PATH=${CMAKE_PREFIX_PATH}:/home/aditya/Vishwakarma_awards/install/arm_vla_pkg:/opt/ros/humble /usr/bin/cmake --build /home/aditya/Vishwakarma_awards/build/akabot_bringup -- -j28 -l28
[0.806s] Invoked command in '/home/aditya/Vishwakarma_awards/build/akabot_bringup' returned '0': CMAKE_PREFIX_PATH=${CMAKE_PREFIX_PATH}:/home/aditya/Vishwakarma_awards/install/arm_vla_pkg:/opt/ros/humble /usr/bin/cmake --build /home/aditya/Vishwakarma_awards/build/akabot_bringup -- -j28 -l28
[0.827s] Invoking command in '/home/aditya/Vishwakarma_awards/build/akabot_bringup': CMAKE_PREFIX_PATH=${CMAKE_PREFIX_PATH}:/home/aditya/Vishwakarma_awards/install/arm_vla_pkg:/opt/ros/humble /usr/bin/cmake --install /home/aditya/Vishwakarma_awards/build/akabot_bringup
[0.847s] -- Install configuration: ""
[0.848s] -- Up-to-date: /home/aditya/Vishwakarma_awards/install/akabot_bringup/share/akabot_bringup/config
[0.849s] -- Up-to-date: /home/aditya/Vishwakarma_awards/install/akabot_bringup/share/akabot_bringup/config/ros2_controllers.yaml
[0.849s] -- Up-to-date: /home/aditya/Vishwakarma_awards/install/akabot_bringup/share/ament_index/resource_index/package_run_dependencies/akabot_bringup
[0.849s] -- Up-to-date: /home/aditya/Vishwakarma_awards/install/akabot_bringup/share/ament_index/resource_index/parent_prefix_path/akabot_bringup
[0.850s] -- Up-to-date: /home/aditya/Vishwakarma_awards/install/akabot_bringup/share/akabot_bringup/environment/ament_prefix_path.sh
[0.850s] -- Up-to-date: /home/aditya/Vishwakarma_awards/install/akabot_bringup/share/akabot_bringup/environment/ament_prefix_path.dsv
[0.850s] -- Up-to-date: /home/aditya/Vishwakarma_awards/install/akabot_bringup/share/akabot_bringup/environment/path.sh
[0.850s] -- Up-to-date: /home/aditya/Vishwakarma_awards/install/akabot_bringup/share/akabot_bringup/environment/path.dsv
[0.850s] -- Up-to-date: /home/aditya/Vishwakarma_awards/install/akabot_bringup/share/akabot_bringup/local_setup.bash
[0.851s] -- Up-to-date: /home/aditya/Vishwakarma_awards/install/akabot_bringup/share/akabot_bringup/local_setup.sh
[0.851s] -- Up-to-date: /home/aditya/Vishwakarma_awards/install/akabot_bringup/share/akabot_bringup/local_setup.zsh
[0.851s] -- Up-to-date: /home/aditya/Vishwakarma_awards/install/akabot_bringup/share/akabot_bringup/local_setup.dsv
[0.851s] -- Up-to-date: /home/aditya/Vishwakarma_awards/install/akabot_bringup/share/akabot_bringup/package.dsv
[0.852s] -- Up-to-date: /home/aditya/Vishwakarma_awards/install/akabot_bringup/share/ament_index/resource_index/packages/akabot_bringup
[0.852s] -- Up-to-date: /home/aditya/Vishwakarma_awards/install/akabot_bringup/share/akabot_bringup/cmake/akabot_bringupConfig.cmake
[0.852s] -- Up-to-date: /home/aditya/Vishwakarma_awards/install/akabot_bringup/share/akabot_bringup/cmake/akabot_bringupConfig-version.cmake
[0.852s] -- Up-to-date: /home/aditya/Vishwakarma_awards/install/akabot_bringup/share/akabot_bringup/package.xml
[0.864s] Invoked command in '/home/aditya/Vishwakarma_awards/build/akabot_bringup' returned '0': CMAKE_PREFIX_PATH=${CMAKE_PREFIX_PATH}:/home/aditya/Vishwakarma_awards/install/arm_vla_pkg:/opt/ros/humble /usr/bin/cmake --install /home/aditya/Vishwakarma_awards/build/akabot_bringup
