running egg_info
writing ../../build/akabot_control/akabot_control.egg-info/PKG-INFO
writing dependency_links to ../../build/akabot_control/akabot_control.egg-info/dependency_links.txt
writing entry points to ../../build/akabot_control/akabot_control.egg-info/entry_points.txt
writing requirements to ../../build/akabot_control/akabot_control.egg-info/requires.txt
writing top-level names to ../../build/akabot_control/akabot_control.egg-info/top_level.txt
reading manifest file '../../build/akabot_control/akabot_control.egg-info/SOURCES.txt'
writing manifest file '../../build/akabot_control/akabot_control.egg-info/SOURCES.txt'
running build
running build_py
running install
running install_lib
running install_data
running install_egg_info
removing '/home/harshit/arm_vla_ws/install/akabot_control/lib/python3.10/site-packages/akabot_control-1.0.0-py3.10.egg-info' (and everything under it)
Copying ../../build/akabot_control/akabot_control.egg-info to /home/harshit/arm_vla_ws/install/akabot_control/lib/python3.10/site-packages/akabot_control-1.0.0-py3.10.egg-info
running install_scripts
Installing akabot_controller script to /home/harshit/arm_vla_ws/install/akabot_control/lib/akabot_control
Installing dual_camera_picker script to /home/harshit/arm_vla_ws/install/akabot_control/lib/akabot_control
Installing interactive_control script to /home/harshit/arm_vla_ws/install/akabot_control/lib/akabot_control
Installing publish_tf script to /home/harshit/arm_vla_ws/install/akabot_control/lib/akabot_control
Installing scanning_vision_pick_place script to /home/harshit/arm_vla_ws/install/akabot_control/lib/akabot_control
Installing simple_ball_detector script to /home/harshit/arm_vla_ws/install/akabot_control/lib/akabot_control
Installing test_ee_camera script to /home/harshit/arm_vla_ws/install/akabot_control/lib/akabot_control
Installing vision_pick_place script to /home/harshit/arm_vla_ws/install/akabot_control/lib/akabot_control
writing list of installed files to '/home/harshit/arm_vla_ws/build/akabot_control/install.log'
