[0.028s] Invoking command in '/home/aditya/Vishwakarma_awards/build/akabot_description': CMAKE_PREFIX_PATH=${CMAKE_PREFIX_PATH}:/home/aditya/Vishwakarma_awards/install/arm_vla_pkg:/home/aditya/Vishwakarma_awards/install/akabot_control:/opt/ros/humble /usr/bin/cmake --build /home/aditya/Vishwakarma_awards/build/akabot_description -- -j28 -l28
[0.333s] Invoked command in '/home/aditya/Vishwakarma_awards/build/akabot_description' returned '0': CMAKE_PREFIX_PATH=${CMAKE_PREFIX_PATH}:/home/aditya/Vishwakarma_awards/install/arm_vla_pkg:/home/aditya/Vishwakarma_awards/install/akabot_control:/opt/ros/humble /usr/bin/cmake --build /home/aditya/Vishwakarma_awards/build/akabot_description -- -j28 -l28
[0.334s] Invoking command in '/home/aditya/Vishwakarma_awards/build/akabot_description': CMAKE_PREFIX_PATH=${CMAKE_PREFIX_PATH}:/home/aditya/Vishwakarma_awards/install/arm_vla_pkg:/home/aditya/Vishwakarma_awards/install/akabot_control:/opt/ros/humble /usr/bin/cmake --install /home/aditya/Vishwakarma_awards/build/akabot_description
[0.347s] -- Install configuration: ""
[0.347s] -- Up-to-date: /home/aditya/Vishwakarma_awards/install/akabot_description/share/akabot_description/config
[0.347s] -- Up-to-date: /home/aditya/Vishwakarma_awards/install/akabot_description/share/akabot_description/config/initial_positions.yaml
[0.348s] -- Up-to-date: /home/aditya/Vishwakarma_awards/install/akabot_description/share/akabot_description/launch
[0.348s] -- Up-to-date: /home/aditya/Vishwakarma_awards/install/akabot_description/share/akabot_description/launch/description_launch.py
[0.348s] -- Up-to-date: /home/aditya/Vishwakarma_awards/install/akabot_description/share/akabot_description/launch/robot_state_publisher_launch.py
[0.348s] -- Up-to-date: /home/aditya/Vishwakarma_awards/install/akabot_description/share/akabot_description/meshes
[0.348s] -- Up-to-date: /home/aditya/Vishwakarma_awards/install/akabot_description/share/akabot_description/meshes/base_cylinder.stl
[0.348s] -- Up-to-date: /home/aditya/Vishwakarma_awards/install/akabot_description/share/akabot_description/meshes/claw_base.stl
[0.348s] -- Up-to-date: /home/aditya/Vishwakarma_awards/install/akabot_description/share/akabot_description/meshes/lower_arm.stl
[0.348s] -- Up-to-date: /home/aditya/Vishwakarma_awards/install/akabot_description/share/akabot_description/meshes/d415.dae
[0.348s] -- Up-to-date: /home/aditya/Vishwakarma_awards/install/akabot_description/share/akabot_description/meshes/right_claw.stl
[0.348s] -- Up-to-date: /home/aditya/Vishwakarma_awards/install/akabot_description/share/akabot_description/meshes/upper_arm.stl
[0.348s] -- Up-to-date: /home/aditya/Vishwakarma_awards/install/akabot_description/share/akabot_description/meshes/left_claw.stl
[0.348s] -- Up-to-date: /home/aditya/Vishwakarma_awards/install/akabot_description/share/akabot_description/meshes/top_plate.stl
[0.348s] -- Up-to-date: /home/aditya/Vishwakarma_awards/install/akabot_description/share/akabot_description/meshes/wrist.stl
[0.348s] -- Up-to-date: /home/aditya/Vishwakarma_awards/install/akabot_description/share/akabot_description/urdf
[0.348s] -- Up-to-date: /home/aditya/Vishwakarma_awards/install/akabot_description/share/akabot_description/urdf/akabot_core.xacro
[0.349s] -- Up-to-date: /home/aditya/Vishwakarma_awards/install/akabot_description/share/akabot_description/urdf/log
[0.349s] -- Up-to-date: /home/aditya/Vishwakarma_awards/install/akabot_description/share/akabot_description/urdf/log/build_2025-11-15_14-50-14
[0.349s] -- Up-to-date: /home/aditya/Vishwakarma_awards/install/akabot_description/share/akabot_description/urdf/log/build_2025-11-15_14-50-14/events.log
[0.349s] -- Up-to-date: /home/aditya/Vishwakarma_awards/install/akabot_description/share/akabot_description/urdf/log/build_2025-11-15_14-50-14/logger_all.log
[0.349s] -- Up-to-date: /home/aditya/Vishwakarma_awards/install/akabot_description/share/akabot_description/urdf/log/latest_build
[0.349s] -- Up-to-date: /home/aditya/Vishwakarma_awards/install/akabot_description/share/akabot_description/urdf/log/COLCON_IGNORE
[0.349s] -- Up-to-date: /home/aditya/Vishwakarma_awards/install/akabot_description/share/akabot_description/urdf/log/latest
[0.349s] -- Up-to-date: /home/aditya/Vishwakarma_awards/install/akabot_description/share/akabot_description/urdf/akabot.urdf.xacro
[0.349s] -- Up-to-date: /home/aditya/Vishwakarma_awards/install/akabot_description/share/akabot_description/urdf/inertial_macros.xacro
[0.349s] -- Up-to-date: /home/aditya/Vishwakarma_awards/install/akabot_description/share/akabot_description/urdf/akabot_tf_camera.xacro
[0.350s] -- Up-to-date: /home/aditya/Vishwakarma_awards/install/akabot_description/share/akabot_description/urdf/build
[0.350s] -- Up-to-date: /home/aditya/Vishwakarma_awards/install/akabot_description/share/akabot_description/urdf/build/.built_by
[0.350s] -- Up-to-date: /home/aditya/Vishwakarma_awards/install/akabot_description/share/akabot_description/urdf/build/COLCON_IGNORE
[0.350s] -- Up-to-date: /home/aditya/Vishwakarma_awards/install/akabot_description/share/akabot_description/urdf/end_effector_camera.xacro
[0.350s] -- Up-to-date: /home/aditya/Vishwakarma_awards/install/akabot_description/share/akabot_description/urdf/akabot_gz.urdf.xacro
[0.350s] -- Up-to-date: /home/aditya/Vishwakarma_awards/install/akabot_description/share/akabot_description/urdf/akabot.ros2_control.xacro
[0.350s] -- Up-to-date: /home/aditya/Vishwakarma_awards/install/akabot_description/share/akabot_description/urdf/install
[0.350s] -- Up-to-date: /home/aditya/Vishwakarma_awards/install/akabot_description/share/akabot_description/urdf/install/setup.zsh
[0.350s] -- Up-to-date: /home/aditya/Vishwakarma_awards/install/akabot_description/share/akabot_description/urdf/install/_local_setup_util_sh.py
[0.350s] -- Up-to-date: /home/aditya/Vishwakarma_awards/install/akabot_description/share/akabot_description/urdf/install/setup.sh
[0.350s] -- Up-to-date: /home/aditya/Vishwakarma_awards/install/akabot_description/share/akabot_description/urdf/install/setup.ps1
[0.350s] -- Up-to-date: /home/aditya/Vishwakarma_awards/install/akabot_description/share/akabot_description/urdf/install/_local_setup_util_ps1.py
[0.350s] -- Up-to-date: /home/aditya/Vishwakarma_awards/install/akabot_description/share/akabot_description/urdf/install/local_setup.sh
[0.350s] -- Up-to-date: /home/aditya/Vishwakarma_awards/install/akabot_description/share/akabot_description/urdf/install/local_setup.zsh
[0.350s] -- Up-to-date: /home/aditya/Vishwakarma_awards/install/akabot_description/share/akabot_description/urdf/install/local_setup.bash
[0.351s] -- Up-to-date: /home/aditya/Vishwakarma_awards/install/akabot_description/share/akabot_description/urdf/install/.colcon_install_layout
[0.351s] -- Up-to-date: /home/aditya/Vishwakarma_awards/install/akabot_description/share/akabot_description/urdf/install/COLCON_IGNORE
[0.351s] -- Up-to-date: /home/aditya/Vishwakarma_awards/install/akabot_description/share/akabot_description/urdf/install/setup.bash
[0.351s] -- Up-to-date: /home/aditya/Vishwakarma_awards/install/akabot_description/share/akabot_description/urdf/install/local_setup.ps1
[0.351s] -- Up-to-date: /home/aditya/Vishwakarma_awards/install/akabot_description/share/akabot_description/urdf/real_cobot.urdf.xacro
[0.351s] -- Up-to-date: /home/aditya/Vishwakarma_awards/install/akabot_description/share/akabot_description/rviz
[0.351s] -- Up-to-date: /home/aditya/Vishwakarma_awards/install/akabot_description/share/akabot_description/rviz/description.rviz
[0.351s] -- Up-to-date: /home/aditya/Vishwakarma_awards/install/akabot_description/share/ament_index/resource_index/package_run_dependencies/akabot_description
[0.351s] -- Up-to-date: /home/aditya/Vishwakarma_awards/install/akabot_description/share/ament_index/resource_index/parent_prefix_path/akabot_description
[0.351s] -- Up-to-date: /home/aditya/Vishwakarma_awards/install/akabot_description/share/akabot_description/environment/ament_prefix_path.sh
[0.351s] -- Up-to-date: /home/aditya/Vishwakarma_awards/install/akabot_description/share/akabot_description/environment/ament_prefix_path.dsv
[0.351s] -- Up-to-date: /home/aditya/Vishwakarma_awards/install/akabot_description/share/akabot_description/environment/path.sh
[0.351s] -- Up-to-date: /home/aditya/Vishwakarma_awards/install/akabot_description/share/akabot_description/environment/path.dsv
[0.351s] -- Up-to-date: /home/aditya/Vishwakarma_awards/install/akabot_description/share/akabot_description/local_setup.bash
[0.352s] -- Up-to-date: /home/aditya/Vishwakarma_awards/install/akabot_description/share/akabot_description/local_setup.sh
[0.352s] -- Up-to-date: /home/aditya/Vishwakarma_awards/install/akabot_description/share/akabot_description/local_setup.zsh
[0.352s] -- Up-to-date: /home/aditya/Vishwakarma_awards/install/akabot_description/share/akabot_description/local_setup.dsv
[0.352s] -- Installing: /home/aditya/Vishwakarma_awards/install/akabot_description/share/akabot_description/package.dsv
[0.352s] -- Up-to-date: /home/aditya/Vishwakarma_awards/install/akabot_description/share/ament_index/resource_index/packages/akabot_description
[0.352s] -- Up-to-date: /home/aditya/Vishwakarma_awards/install/akabot_description/share/akabot_description/cmake/akabot_descriptionConfig.cmake
[0.352s] -- Up-to-date: /home/aditya/Vishwakarma_awards/install/akabot_description/share/akabot_description/cmake/akabot_descriptionConfig-version.cmake
[0.352s] -- Up-to-date: /home/aditya/Vishwakarma_awards/install/akabot_description/share/akabot_description/package.xml
[0.374s] Invoked command in '/home/aditya/Vishwakarma_awards/build/akabot_description' returned '0': CMAKE_PREFIX_PATH=${CMAKE_PREFIX_PATH}:/home/aditya/Vishwakarma_awards/install/arm_vla_pkg:/home/aditya/Vishwakarma_awards/install/akabot_control:/opt/ros/humble /usr/bin/cmake --install /home/aditya/Vishwakarma_awards/build/akabot_description
