[0.010s] Invoking command in '/home/harshit/arm_vla_ws/build/akabot_moveit_config': CMAKE_PREFIX_PATH=/home/harshit/arm_vla_ws/install/akabot_description:/home/harshit/arm_vla_ws/install/akabot_moveit_config:/home/harshit/arm_vla_ws/install/akabot_gazebo:/home/harshit/arm_vla_ws/install/akabot_bringup:/home/harshit/arm_vla_ws/install/arm_vla_pkg:/home/harshit/arm_vla_ws/install/akabot_control:/opt/ros/humble /usr/bin/cmake --build /home/harshit/arm_vla_ws/build/akabot_moveit_config -- -j8 -l8
[0.050s] Invoked command in '/home/harshit/arm_vla_ws/build/akabot_moveit_config' returned '0': CMAKE_PREFIX_PATH=/home/harshit/arm_vla_ws/install/akabot_description:/home/harshit/arm_vla_ws/install/akabot_moveit_config:/home/harshit/arm_vla_ws/install/akabot_gazebo:/home/harshit/arm_vla_ws/install/akabot_bringup:/home/harshit/arm_vla_ws/install/arm_vla_pkg:/home/harshit/arm_vla_ws/install/akabot_control:/opt/ros/humble /usr/bin/cmake --build /home/harshit/arm_vla_ws/build/akabot_moveit_config -- -j8 -l8
[0.051s] Invoking command in '/home/harshit/arm_vla_ws/build/akabot_moveit_config': CMAKE_PREFIX_PATH=/home/harshit/arm_vla_ws/install/akabot_description:/home/harshit/arm_vla_ws/install/akabot_moveit_config:/home/harshit/arm_vla_ws/install/akabot_gazebo:/home/harshit/arm_vla_ws/install/akabot_bringup:/home/harshit/arm_vla_ws/install/arm_vla_pkg:/home/harshit/arm_vla_ws/install/akabot_control:/opt/ros/humble /usr/bin/cmake --install /home/harshit/arm_vla_ws/build/akabot_moveit_config
[0.059s] -- Install configuration: ""
[0.059s] -- Up-to-date: /home/harshit/arm_vla_ws/install/akabot_moveit_config/share/ament_index/resource_index/package_run_dependencies/akabot_moveit_config
[0.059s] -- Up-to-date: /home/harshit/arm_vla_ws/install/akabot_moveit_config/share/ament_index/resource_index/parent_prefix_path/akabot_moveit_config
[0.059s] -- Up-to-date: /home/harshit/arm_vla_ws/install/akabot_moveit_config/share/akabot_moveit_config/environment/ament_prefix_path.sh
[0.060s] -- Up-to-date: /home/harshit/arm_vla_ws/install/akabot_moveit_config/share/akabot_moveit_config/environment/ament_prefix_path.dsv
[0.060s] -- Up-to-date: /home/harshit/arm_vla_ws/install/akabot_moveit_config/share/akabot_moveit_config/environment/path.sh
[0.060s] -- Up-to-date: /home/harshit/arm_vla_ws/install/akabot_moveit_config/share/akabot_moveit_config/environment/path.dsv
[0.060s] -- Up-to-date: /home/harshit/arm_vla_ws/install/akabot_moveit_config/share/akabot_moveit_config/local_setup.bash
[0.060s] -- Up-to-date: /home/harshit/arm_vla_ws/install/akabot_moveit_config/share/akabot_moveit_config/local_setup.sh
[0.060s] -- Up-to-date: /home/harshit/arm_vla_ws/install/akabot_moveit_config/share/akabot_moveit_config/local_setup.zsh
[0.060s] -- Up-to-date: /home/harshit/arm_vla_ws/install/akabot_moveit_config/share/akabot_moveit_config/local_setup.dsv
[0.060s] -- Installing: /home/harshit/arm_vla_ws/install/akabot_moveit_config/share/akabot_moveit_config/package.dsv
[0.060s] -- Up-to-date: /home/harshit/arm_vla_ws/install/akabot_moveit_config/share/ament_index/resource_index/packages/akabot_moveit_config
[0.060s] -- Up-to-date: /home/harshit/arm_vla_ws/install/akabot_moveit_config/share/akabot_moveit_config/cmake/akabot_moveit_configConfig.cmake
[0.060s] -- Up-to-date: /home/harshit/arm_vla_ws/install/akabot_moveit_config/share/akabot_moveit_config/cmake/akabot_moveit_configConfig-version.cmake
[0.060s] -- Up-to-date: /home/harshit/arm_vla_ws/install/akabot_moveit_config/share/akabot_moveit_config/package.xml
[0.060s] -- Up-to-date: /home/harshit/arm_vla_ws/install/akabot_moveit_config/share/akabot_moveit_config/config
[0.060s] -- Up-to-date: /home/harshit/arm_vla_ws/install/akabot_moveit_config/share/akabot_moveit_config/config/joint_limits.yaml
[0.060s] -- Up-to-date: /home/harshit/arm_vla_ws/install/akabot_moveit_config/share/akabot_moveit_config/config/kinematics.yaml
[0.060s] -- Up-to-date: /home/harshit/arm_vla_ws/install/akabot_moveit_config/share/akabot_moveit_config/config/moveit_controllers.yaml
[0.060s] -- Up-to-date: /home/harshit/arm_vla_ws/install/akabot_moveit_config/share/akabot_moveit_config/config/ompl_planning.yaml
[0.060s] -- Up-to-date: /home/harshit/arm_vla_ws/install/akabot_moveit_config/share/akabot_moveit_config/config/akabot.srdf
[0.060s] -- Up-to-date: /home/harshit/arm_vla_ws/install/akabot_moveit_config/share/akabot_moveit_config/launch
[0.060s] -- Up-to-date: /home/harshit/arm_vla_ws/install/akabot_moveit_config/share/akabot_moveit_config/launch/demo.launch.py
[0.060s] -- Up-to-date: /home/harshit/arm_vla_ws/install/akabot_moveit_config/share/akabot_moveit_config/launch/moveit_rviz.launch.py
[0.061s] -- Up-to-date: /home/harshit/arm_vla_ws/install/akabot_moveit_config/share/akabot_moveit_config/rviz
[0.061s] -- Up-to-date: /home/harshit/arm_vla_ws/install/akabot_moveit_config/share/akabot_moveit_config/rviz/moveit.rviz
[0.061s] -- Up-to-date: /home/harshit/arm_vla_ws/install/akabot_moveit_config/share/akabot_moveit_config/srdf
[0.061s] -- Up-to-date: /home/harshit/arm_vla_ws/install/akabot_moveit_config/share/akabot_moveit_config/srdf/akabot.srdf
[0.061s] -- Up-to-date: /home/harshit/arm_vla_ws/install/akabot_moveit_config/share/akabot_moveit_config/urdf
[0.061s] -- Up-to-date: /home/harshit/arm_vla_ws/install/akabot_moveit_config/share/akabot_moveit_config/urdf/fake_akabot.urdf.xacro
[0.061s] -- Up-to-date: /home/harshit/arm_vla_ws/install/akabot_moveit_config/share/akabot_moveit_config/.setup_assistant
[0.062s] Invoked command in '/home/harshit/arm_vla_ws/build/akabot_moveit_config' returned '0': CMAKE_PREFIX_PATH=/home/harshit/arm_vla_ws/install/akabot_description:/home/harshit/arm_vla_ws/install/akabot_moveit_config:/home/harshit/arm_vla_ws/install/akabot_gazebo:/home/harshit/arm_vla_ws/install/akabot_bringup:/home/harshit/arm_vla_ws/install/arm_vla_pkg:/home/harshit/arm_vla_ws/install/akabot_control:/opt/ros/humble /usr/bin/cmake --install /home/harshit/arm_vla_ws/build/akabot_moveit_config
