[0.131s] DEBUG:colcon:Command line arguments: ['/usr/bin/colcon', 'build']
[0.131s] DEBUG:colcon:Parsed command line arguments: Namespace(log_base=None, log_level=None, verb_name='build', build_base='build', install_base='install', merge_install=False, symlink_install=False, test_result_base=None, continue_on_error=False, executor='parallel', parallel_workers=28, event_handlers=None, ignore_user_meta=False, metas=['./colcon.meta'], base_paths=['.'], packages_ignore=None, packages_ignore_regex=None, paths=None, packages_up_to=None, packages_up_to_regex=None, packages_above=None, packages_above_and_dependencies=None, packages_above_depth=None, packages_select_by_dep=None, packages_skip_by_dep=None, packages_skip_up_to=None, packages_select_build_failed=False, packages_skip_build_finished=False, packages_select_test_failures=False, packages_skip_test_passed=False, packages_select=None, packages_skip=None, packages_select_regex=None, packages_skip_regex=None, packages_start=None, packages_end=None, allow_overriding=[], cmake_args=None, cmake_target=None, cmake_target_skip_unavailable=False, cmake_clean_cache=False, cmake_clean_first=False, cmake_force_configure=False, ament_cmake_args=None, catkin_cmake_args=None, catkin_skip_building_tests=False, mixin_files=None, mixin=None, verb_parser=<colcon_mixin.mixin.mixin_argument.MixinArgumentDecorator object at 0x76a4d1472200>, verb_extension=<colcon_core.verb.build.BuildVerb object at 0x76a4d1471c30>, main=<bound method BuildVerb.main of <colcon_core.verb.build.BuildVerb object at 0x76a4d1471c30>>, mixin_verb=('build',))
[0.324s] Level 1:colcon.colcon_core.package_discovery:discover_packages(colcon_meta) check parameters
[0.324s] Level 1:colcon.colcon_core.package_discovery:discover_packages(recursive) check parameters
[0.324s] Level 1:colcon.colcon_core.package_discovery:discover_packages(ignore) check parameters
[0.324s] Level 1:colcon.colcon_core.package_discovery:discover_packages(path) check parameters
[0.324s] Level 1:colcon.colcon_core.package_discovery:discover_packages(colcon_meta) discover
[0.324s] Level 1:colcon.colcon_core.package_discovery:discover_packages(recursive) discover
[0.324s] INFO:colcon.colcon_core.package_discovery:Crawling recursively for packages in '/home/aditya/Vishwakarma_awards'
[0.324s] Level 1:colcon.colcon_core.package_identification:_identify(.) by extensions ['ignore', 'ignore_ament_install']
[0.324s] Level 1:colcon.colcon_core.package_identification:_identify(.) by extension 'ignore'
[0.324s] Level 1:colcon.colcon_core.package_identification:_identify(.) by extension 'ignore_ament_install'
[0.325s] Level 1:colcon.colcon_core.package_identification:_identify(.) by extensions ['colcon_pkg']
[0.325s] Level 1:colcon.colcon_core.package_identification:_identify(.) by extension 'colcon_pkg'
[0.325s] Level 1:colcon.colcon_core.package_identification:_identify(.) by extensions ['colcon_meta']
[0.325s] Level 1:colcon.colcon_core.package_identification:_identify(.) by extension 'colcon_meta'
[0.325s] Level 1:colcon.colcon_core.package_identification:_identify(.) by extensions ['ros']
[0.325s] Level 1:colcon.colcon_core.package_identification:_identify(.) by extension 'ros'
[0.339s] Level 1:colcon.colcon_core.package_identification:_identify(.) by extensions ['cmake', 'python']
[0.339s] Level 1:colcon.colcon_core.package_identification:_identify(.) by extension 'cmake'
[0.339s] Level 1:colcon.colcon_core.package_identification:_identify(.) by extension 'python'
[0.339s] Level 1:colcon.colcon_core.package_identification:_identify(.) by extensions ['python_setup_py']
[0.339s] Level 1:colcon.colcon_core.package_identification:_identify(.) by extension 'python_setup_py'
[0.339s] Level 1:colcon.colcon_core.package_identification:_identify(build) by extensions ['ignore', 'ignore_ament_install']
[0.339s] Level 1:colcon.colcon_core.package_identification:_identify(build) by extension 'ignore'
[0.339s] Level 1:colcon.colcon_core.package_identification:_identify(build) ignored
[0.339s] Level 1:colcon.colcon_core.package_identification:_identify(install) by extensions ['ignore', 'ignore_ament_install']
[0.339s] Level 1:colcon.colcon_core.package_identification:_identify(install) by extension 'ignore'
[0.339s] Level 1:colcon.colcon_core.package_identification:_identify(install) ignored
[0.340s] Level 1:colcon.colcon_core.package_identification:_identify(log) by extensions ['ignore', 'ignore_ament_install']
[0.340s] Level 1:colcon.colcon_core.package_identification:_identify(log) by extension 'ignore'
[0.340s] Level 1:colcon.colcon_core.package_identification:_identify(log) ignored
[0.340s] Level 1:colcon.colcon_core.package_identification:_identify(modelfiles) by extensions ['ignore', 'ignore_ament_install']
[0.340s] Level 1:colcon.colcon_core.package_identification:_identify(modelfiles) by extension 'ignore'
[0.340s] Level 1:colcon.colcon_core.package_identification:_identify(modelfiles) by extension 'ignore_ament_install'
[0.340s] Level 1:colcon.colcon_core.package_identification:_identify(modelfiles) by extensions ['colcon_pkg']
[0.340s] Level 1:colcon.colcon_core.package_identification:_identify(modelfiles) by extension 'colcon_pkg'
[0.340s] Level 1:colcon.colcon_core.package_identification:_identify(modelfiles) by extensions ['colcon_meta']
[0.340s] Level 1:colcon.colcon_core.package_identification:_identify(modelfiles) by extension 'colcon_meta'
[0.340s] Level 1:colcon.colcon_core.package_identification:_identify(modelfiles) by extensions ['ros']
[0.340s] Level 1:colcon.colcon_core.package_identification:_identify(modelfiles) by extension 'ros'
[0.340s] Level 1:colcon.colcon_core.package_identification:_identify(modelfiles) by extensions ['cmake', 'python']
[0.340s] Level 1:colcon.colcon_core.package_identification:_identify(modelfiles) by extension 'cmake'
[0.340s] Level 1:colcon.colcon_core.package_identification:_identify(modelfiles) by extension 'python'
[0.340s] Level 1:colcon.colcon_core.package_identification:_identify(modelfiles) by extensions ['python_setup_py']
[0.340s] Level 1:colcon.colcon_core.package_identification:_identify(modelfiles) by extension 'python_setup_py'
[0.341s] Level 1:colcon.colcon_core.package_identification:_identify(src) by extensions ['ignore', 'ignore_ament_install']
[0.341s] Level 1:colcon.colcon_core.package_identification:_identify(src) by extension 'ignore'
[0.341s] Level 1:colcon.colcon_core.package_identification:_identify(src) by extension 'ignore_ament_install'
[0.341s] Level 1:colcon.colcon_core.package_identification:_identify(src) by extensions ['colcon_pkg']
[0.341s] Level 1:colcon.colcon_core.package_identification:_identify(src) by extension 'colcon_pkg'
[0.341s] Level 1:colcon.colcon_core.package_identification:_identify(src) by extensions ['colcon_meta']
[0.341s] Level 1:colcon.colcon_core.package_identification:_identify(src) by extension 'colcon_meta'
[0.341s] Level 1:colcon.colcon_core.package_identification:_identify(src) by extensions ['ros']
[0.341s] Level 1:colcon.colcon_core.package_identification:_identify(src) by extension 'ros'
[0.341s] Level 1:colcon.colcon_core.package_identification:_identify(src) by extensions ['cmake', 'python']
[0.341s] Level 1:colcon.colcon_core.package_identification:_identify(src) by extension 'cmake'
[0.341s] Level 1:colcon.colcon_core.package_identification:_identify(src) by extension 'python'
[0.341s] Level 1:colcon.colcon_core.package_identification:_identify(src) by extensions ['python_setup_py']
[0.341s] Level 1:colcon.colcon_core.package_identification:_identify(src) by extension 'python_setup_py'
[0.341s] Level 1:colcon.colcon_core.package_identification:_identify(src/akabot_bringup) by extensions ['ignore', 'ignore_ament_install']
[0.341s] Level 1:colcon.colcon_core.package_identification:_identify(src/akabot_bringup) by extension 'ignore'
[0.341s] Level 1:colcon.colcon_core.package_identification:_identify(src/akabot_bringup) by extension 'ignore_ament_install'
[0.341s] Level 1:colcon.colcon_core.package_identification:_identify(src/akabot_bringup) by extensions ['colcon_pkg']
[0.341s] Level 1:colcon.colcon_core.package_identification:_identify(src/akabot_bringup) by extension 'colcon_pkg'
[0.341s] Level 1:colcon.colcon_core.package_identification:_identify(src/akabot_bringup) by extensions ['colcon_meta']
[0.342s] Level 1:colcon.colcon_core.package_identification:_identify(src/akabot_bringup) by extension 'colcon_meta'
[0.342s] Level 1:colcon.colcon_core.package_identification:_identify(src/akabot_bringup) by extensions ['ros']
[0.342s] Level 1:colcon.colcon_core.package_identification:_identify(src/akabot_bringup) by extension 'ros'
[0.344s] DEBUG:colcon.colcon_core.package_identification:Package 'src/akabot_bringup' with type 'ros.ament_cmake' and name 'akabot_bringup'
[0.345s] Level 1:colcon.colcon_core.package_identification:_identify(src/akabot_control) by extensions ['ignore', 'ignore_ament_install']
[0.345s] Level 1:colcon.colcon_core.package_identification:_identify(src/akabot_control) by extension 'ignore'
[0.345s] Level 1:colcon.colcon_core.package_identification:_identify(src/akabot_control) by extension 'ignore_ament_install'
[0.345s] Level 1:colcon.colcon_core.package_identification:_identify(src/akabot_control) by extensions ['colcon_pkg']
[0.345s] Level 1:colcon.colcon_core.package_identification:_identify(src/akabot_control) by extension 'colcon_pkg'
[0.345s] Level 1:colcon.colcon_core.package_identification:_identify(src/akabot_control) by extensions ['colcon_meta']
[0.345s] Level 1:colcon.colcon_core.package_identification:_identify(src/akabot_control) by extension 'colcon_meta'
[0.345s] Level 1:colcon.colcon_core.package_identification:_identify(src/akabot_control) by extensions ['ros']
[0.345s] Level 1:colcon.colcon_core.package_identification:_identify(src/akabot_control) by extension 'ros'
[0.347s] DEBUG:colcon.colcon_core.package_identification:Package 'src/akabot_control' with type 'ros.ament_python' and name 'akabot_control'
[0.347s] Level 1:colcon.colcon_core.package_identification:_identify(src/akabot_description) by extensions ['ignore', 'ignore_ament_install']
[0.347s] Level 1:colcon.colcon_core.package_identification:_identify(src/akabot_description) by extension 'ignore'
[0.347s] Level 1:colcon.colcon_core.package_identification:_identify(src/akabot_description) by extension 'ignore_ament_install'
[0.347s] Level 1:colcon.colcon_core.package_identification:_identify(src/akabot_description) by extensions ['colcon_pkg']
[0.347s] Level 1:colcon.colcon_core.package_identification:_identify(src/akabot_description) by extension 'colcon_pkg'
[0.347s] Level 1:colcon.colcon_core.package_identification:_identify(src/akabot_description) by extensions ['colcon_meta']
[0.347s] Level 1:colcon.colcon_core.package_identification:_identify(src/akabot_description) by extension 'colcon_meta'
[0.347s] Level 1:colcon.colcon_core.package_identification:_identify(src/akabot_description) by extensions ['ros']
[0.347s] Level 1:colcon.colcon_core.package_identification:_identify(src/akabot_description) by extension 'ros'
[0.348s] DEBUG:colcon.colcon_core.package_identification:Package 'src/akabot_description' with type 'ros.ament_cmake' and name 'akabot_description'
[0.348s] Level 1:colcon.colcon_core.package_identification:_identify(src/akabot_gazebo) by extensions ['ignore', 'ignore_ament_install']
[0.348s] Level 1:colcon.colcon_core.package_identification:_identify(src/akabot_gazebo) by extension 'ignore'
[0.348s] Level 1:colcon.colcon_core.package_identification:_identify(src/akabot_gazebo) by extension 'ignore_ament_install'
[0.348s] Level 1:colcon.colcon_core.package_identification:_identify(src/akabot_gazebo) by extensions ['colcon_pkg']
[0.348s] Level 1:colcon.colcon_core.package_identification:_identify(src/akabot_gazebo) by extension 'colcon_pkg'
[0.348s] Level 1:colcon.colcon_core.package_identification:_identify(src/akabot_gazebo) by extensions ['colcon_meta']
[0.348s] Level 1:colcon.colcon_core.package_identification:_identify(src/akabot_gazebo) by extension 'colcon_meta'
[0.348s] Level 1:colcon.colcon_core.package_identification:_identify(src/akabot_gazebo) by extensions ['ros']
[0.348s] Level 1:colcon.colcon_core.package_identification:_identify(src/akabot_gazebo) by extension 'ros'
[0.349s] DEBUG:colcon.colcon_core.package_identification:Package 'src/akabot_gazebo' with type 'ros.ament_cmake' and name 'akabot_gazebo'
[0.349s] Level 1:colcon.colcon_core.package_identification:_identify(src/akabot_moveit_config) by extensions ['ignore', 'ignore_ament_install']
[0.349s] Level 1:colcon.colcon_core.package_identification:_identify(src/akabot_moveit_config) by extension 'ignore'
[0.349s] Level 1:colcon.colcon_core.package_identification:_identify(src/akabot_moveit_config) by extension 'ignore_ament_install'
[0.350s] Level 1:colcon.colcon_core.package_identification:_identify(src/akabot_moveit_config) by extensions ['colcon_pkg']
[0.350s] Level 1:colcon.colcon_core.package_identification:_identify(src/akabot_moveit_config) by extension 'colcon_pkg'
[0.350s] Level 1:colcon.colcon_core.package_identification:_identify(src/akabot_moveit_config) by extensions ['colcon_meta']
[0.350s] Level 1:colcon.colcon_core.package_identification:_identify(src/akabot_moveit_config) by extension 'colcon_meta'
[0.350s] Level 1:colcon.colcon_core.package_identification:_identify(src/akabot_moveit_config) by extensions ['ros']
[0.350s] Level 1:colcon.colcon_core.package_identification:_identify(src/akabot_moveit_config) by extension 'ros'
[0.351s] DEBUG:colcon.colcon_core.package_identification:Package 'src/akabot_moveit_config' with type 'ros.ament_cmake' and name 'akabot_moveit_config'
[0.351s] Level 1:colcon.colcon_core.package_identification:_identify(src/arm_vla_pkg) by extensions ['ignore', 'ignore_ament_install']
[0.351s] Level 1:colcon.colcon_core.package_identification:_identify(src/arm_vla_pkg) by extension 'ignore'
[0.351s] Level 1:colcon.colcon_core.package_identification:_identify(src/arm_vla_pkg) by extension 'ignore_ament_install'
[0.351s] Level 1:colcon.colcon_core.package_identification:_identify(src/arm_vla_pkg) by extensions ['colcon_pkg']
[0.351s] Level 1:colcon.colcon_core.package_identification:_identify(src/arm_vla_pkg) by extension 'colcon_pkg'
[0.351s] Level 1:colcon.colcon_core.package_identification:_identify(src/arm_vla_pkg) by extensions ['colcon_meta']
[0.351s] Level 1:colcon.colcon_core.package_identification:_identify(src/arm_vla_pkg) by extension 'colcon_meta'
[0.351s] Level 1:colcon.colcon_core.package_identification:_identify(src/arm_vla_pkg) by extensions ['ros']
[0.351s] Level 1:colcon.colcon_core.package_identification:_identify(src/arm_vla_pkg) by extension 'ros'
[0.352s] DEBUG:colcon.colcon_core.package_identification:Package 'src/arm_vla_pkg' with type 'ros.ament_python' and name 'arm_vla_pkg'
[0.352s] Level 1:colcon.colcon_core.package_discovery:discover_packages(recursive) using defaults
[0.352s] Level 1:colcon.colcon_core.package_discovery:discover_packages(ignore) discover
[0.352s] Level 1:colcon.colcon_core.package_discovery:discover_packages(ignore) using defaults
[0.352s] Level 1:colcon.colcon_core.package_discovery:discover_packages(path) discover
[0.352s] Level 1:colcon.colcon_core.package_discovery:discover_packages(path) using defaults
[0.389s] Level 1:colcon.colcon_core.package_discovery:discover_packages(prefix_path) check parameters
[0.389s] Level 1:colcon.colcon_core.package_discovery:discover_packages(prefix_path) discover
[0.391s] DEBUG:colcon.colcon_installed_package_information.package_discovery:Found 6 installed packages in /home/aditya/Vishwakarma_awards/install
[0.393s] DEBUG:colcon.colcon_installed_package_information.package_discovery:Found 373 installed packages in /opt/ros/humble
[0.395s] Level 1:colcon.colcon_core.package_discovery:discover_packages(prefix_path) using defaults
[0.449s] Level 5:colcon.colcon_core.verb:set package 'akabot_bringup' build argument 'cmake_args' from command line to 'None'
[0.450s] Level 5:colcon.colcon_core.verb:set package 'akabot_bringup' build argument 'cmake_target' from command line to 'None'
[0.450s] Level 5:colcon.colcon_core.verb:set package 'akabot_bringup' build argument 'cmake_target_skip_unavailable' from command line to 'False'
[0.450s] Level 5:colcon.colcon_core.verb:set package 'akabot_bringup' build argument 'cmake_clean_cache' from command line to 'False'
[0.450s] Level 5:colcon.colcon_core.verb:set package 'akabot_bringup' build argument 'cmake_clean_first' from command line to 'False'
[0.450s] Level 5:colcon.colcon_core.verb:set package 'akabot_bringup' build argument 'cmake_force_configure' from command line to 'False'
[0.450s] Level 5:colcon.colcon_core.verb:set package 'akabot_bringup' build argument 'ament_cmake_args' from command line to 'None'
[0.450s] Level 5:colcon.colcon_core.verb:set package 'akabot_bringup' build argument 'catkin_cmake_args' from command line to 'None'
[0.450s] Level 5:colcon.colcon_core.verb:set package 'akabot_bringup' build argument 'catkin_skip_building_tests' from command line to 'False'
[0.450s] DEBUG:colcon.colcon_core.verb:Building package 'akabot_bringup' with the following arguments: {'ament_cmake_args': None, 'build_base': '/home/aditya/Vishwakarma_awards/build/akabot_bringup', 'catkin_cmake_args': None, 'catkin_skip_building_tests': False, 'cmake_args': None, 'cmake_clean_cache': False, 'cmake_clean_first': False, 'cmake_force_configure': False, 'cmake_target': None, 'cmake_target_skip_unavailable': False, 'install_base': '/home/aditya/Vishwakarma_awards/install/akabot_bringup', 'merge_install': False, 'path': '/home/aditya/Vishwakarma_awards/src/akabot_bringup', 'symlink_install': False, 'test_result_base': None}
[0.450s] Level 5:colcon.colcon_core.verb:set package 'akabot_description' build argument 'cmake_args' from command line to 'None'
[0.450s] Level 5:colcon.colcon_core.verb:set package 'akabot_description' build argument 'cmake_target' from command line to 'None'
[0.450s] Level 5:colcon.colcon_core.verb:set package 'akabot_description' build argument 'cmake_target_skip_unavailable' from command line to 'False'
[0.450s] Level 5:colcon.colcon_core.verb:set package 'akabot_description' build argument 'cmake_clean_cache' from command line to 'False'
[0.450s] Level 5:colcon.colcon_core.verb:set package 'akabot_description' build argument 'cmake_clean_first' from command line to 'False'
[0.450s] Level 5:colcon.colcon_core.verb:set package 'akabot_description' build argument 'cmake_force_configure' from command line to 'False'
[0.450s] Level 5:colcon.colcon_core.verb:set package 'akabot_description' build argument 'ament_cmake_args' from command line to 'None'
[0.450s] Level 5:colcon.colcon_core.verb:set package 'akabot_description' build argument 'catkin_cmake_args' from command line to 'None'
[0.450s] Level 5:colcon.colcon_core.verb:set package 'akabot_description' build argument 'catkin_skip_building_tests' from command line to 'False'
[0.450s] DEBUG:colcon.colcon_core.verb:Building package 'akabot_description' with the following arguments: {'ament_cmake_args': None, 'build_base': '/home/aditya/Vishwakarma_awards/build/akabot_description', 'catkin_cmake_args': None, 'catkin_skip_building_tests': False, 'cmake_args': None, 'cmake_clean_cache': False, 'cmake_clean_first': False, 'cmake_force_configure': False, 'cmake_target': None, 'cmake_target_skip_unavailable': False, 'install_base': '/home/aditya/Vishwakarma_awards/install/akabot_description', 'merge_install': False, 'path': '/home/aditya/Vishwakarma_awards/src/akabot_description', 'symlink_install': False, 'test_result_base': None}
[0.451s] Level 5:colcon.colcon_core.verb:set package 'akabot_gazebo' build argument 'cmake_args' from command line to 'None'
[0.451s] Level 5:colcon.colcon_core.verb:set package 'akabot_gazebo' build argument 'cmake_target' from command line to 'None'
[0.451s] Level 5:colcon.colcon_core.verb:set package 'akabot_gazebo' build argument 'cmake_target_skip_unavailable' from command line to 'False'
[0.451s] Level 5:colcon.colcon_core.verb:set package 'akabot_gazebo' build argument 'cmake_clean_cache' from command line to 'False'
[0.451s] Level 5:colcon.colcon_core.verb:set package 'akabot_gazebo' build argument 'cmake_clean_first' from command line to 'False'
[0.451s] Level 5:colcon.colcon_core.verb:set package 'akabot_gazebo' build argument 'cmake_force_configure' from command line to 'False'
[0.451s] Level 5:colcon.colcon_core.verb:set package 'akabot_gazebo' build argument 'ament_cmake_args' from command line to 'None'
[0.451s] Level 5:colcon.colcon_core.verb:set package 'akabot_gazebo' build argument 'catkin_cmake_args' from command line to 'None'
[0.451s] Level 5:colcon.colcon_core.verb:set package 'akabot_gazebo' build argument 'catkin_skip_building_tests' from command line to 'False'
[0.451s] DEBUG:colcon.colcon_core.verb:Building package 'akabot_gazebo' with the following arguments: {'ament_cmake_args': None, 'build_base': '/home/aditya/Vishwakarma_awards/build/akabot_gazebo', 'catkin_cmake_args': None, 'catkin_skip_building_tests': False, 'cmake_args': None, 'cmake_clean_cache': False, 'cmake_clean_first': False, 'cmake_force_configure': False, 'cmake_target': None, 'cmake_target_skip_unavailable': False, 'install_base': '/home/aditya/Vishwakarma_awards/install/akabot_gazebo', 'merge_install': False, 'path': '/home/aditya/Vishwakarma_awards/src/akabot_gazebo', 'symlink_install': False, 'test_result_base': None}
[0.452s] Level 5:colcon.colcon_core.verb:set package 'arm_vla_pkg' build argument 'cmake_args' from command line to 'None'
[0.452s] Level 5:colcon.colcon_core.verb:set package 'arm_vla_pkg' build argument 'cmake_target' from command line to 'None'
[0.452s] Level 5:colcon.colcon_core.verb:set package 'arm_vla_pkg' build argument 'cmake_target_skip_unavailable' from command line to 'False'
[0.452s] Level 5:colcon.colcon_core.verb:set package 'arm_vla_pkg' build argument 'cmake_clean_cache' from command line to 'False'
[0.452s] Level 5:colcon.colcon_core.verb:set package 'arm_vla_pkg' build argument 'cmake_clean_first' from command line to 'False'
[0.452s] Level 5:colcon.colcon_core.verb:set package 'arm_vla_pkg' build argument 'cmake_force_configure' from command line to 'False'
[0.452s] Level 5:colcon.colcon_core.verb:set package 'arm_vla_pkg' build argument 'ament_cmake_args' from command line to 'None'
[0.452s] Level 5:colcon.colcon_core.verb:set package 'arm_vla_pkg' build argument 'catkin_cmake_args' from command line to 'None'
[0.452s] Level 5:colcon.colcon_core.verb:set package 'arm_vla_pkg' build argument 'catkin_skip_building_tests' from command line to 'False'
[0.452s] DEBUG:colcon.colcon_core.verb:Building package 'arm_vla_pkg' with the following arguments: {'ament_cmake_args': None, 'build_base': '/home/aditya/Vishwakarma_awards/build/arm_vla_pkg', 'catkin_cmake_args': None, 'catkin_skip_building_tests': False, 'cmake_args': None, 'cmake_clean_cache': False, 'cmake_clean_first': False, 'cmake_force_configure': False, 'cmake_target': None, 'cmake_target_skip_unavailable': False, 'install_base': '/home/aditya/Vishwakarma_awards/install/arm_vla_pkg', 'merge_install': False, 'path': '/home/aditya/Vishwakarma_awards/src/arm_vla_pkg', 'symlink_install': False, 'test_result_base': None}
[0.452s] Level 5:colcon.colcon_core.verb:set package 'akabot_moveit_config' build argument 'cmake_args' from command line to 'None'
[0.452s] Level 5:colcon.colcon_core.verb:set package 'akabot_moveit_config' build argument 'cmake_target' from command line to 'None'
[0.452s] Level 5:colcon.colcon_core.verb:set package 'akabot_moveit_config' build argument 'cmake_target_skip_unavailable' from command line to 'False'
[0.452s] Level 5:colcon.colcon_core.verb:set package 'akabot_moveit_config' build argument 'cmake_clean_cache' from command line to 'False'
[0.452s] Level 5:colcon.colcon_core.verb:set package 'akabot_moveit_config' build argument 'cmake_clean_first' from command line to 'False'
[0.452s] Level 5:colcon.colcon_core.verb:set package 'akabot_moveit_config' build argument 'cmake_force_configure' from command line to 'False'
[0.452s] Level 5:colcon.colcon_core.verb:set package 'akabot_moveit_config' build argument 'ament_cmake_args' from command line to 'None'
[0.452s] Level 5:colcon.colcon_core.verb:set package 'akabot_moveit_config' build argument 'catkin_cmake_args' from command line to 'None'
[0.452s] Level 5:colcon.colcon_core.verb:set package 'akabot_moveit_config' build argument 'catkin_skip_building_tests' from command line to 'False'
[0.452s] DEBUG:colcon.colcon_core.verb:Building package 'akabot_moveit_config' with the following arguments: {'ament_cmake_args': None, 'build_base': '/home/aditya/Vishwakarma_awards/build/akabot_moveit_config', 'catkin_cmake_args': None, 'catkin_skip_building_tests': False, 'cmake_args': None, 'cmake_clean_cache': False, 'cmake_clean_first': False, 'cmake_force_configure': False, 'cmake_target': None, 'cmake_target_skip_unavailable': False, 'install_base': '/home/aditya/Vishwakarma_awards/install/akabot_moveit_config', 'merge_install': False, 'path': '/home/aditya/Vishwakarma_awards/src/akabot_moveit_config', 'symlink_install': False, 'test_result_base': None}
[0.453s] Level 5:colcon.colcon_core.verb:set package 'akabot_control' build argument 'cmake_args' from command line to 'None'
[0.453s] Level 5:colcon.colcon_core.verb:set package 'akabot_control' build argument 'cmake_target' from command line to 'None'
[0.453s] Level 5:colcon.colcon_core.verb:set package 'akabot_control' build argument 'cmake_target_skip_unavailable' from command line to 'False'
[0.453s] Level 5:colcon.colcon_core.verb:set package 'akabot_control' build argument 'cmake_clean_cache' from command line to 'False'
[0.453s] Level 5:colcon.colcon_core.verb:set package 'akabot_control' build argument 'cmake_clean_first' from command line to 'False'
[0.453s] Level 5:colcon.colcon_core.verb:set package 'akabot_control' build argument 'cmake_force_configure' from command line to 'False'
[0.453s] Level 5:colcon.colcon_core.verb:set package 'akabot_control' build argument 'ament_cmake_args' from command line to 'None'
[0.453s] Level 5:colcon.colcon_core.verb:set package 'akabot_control' build argument 'catkin_cmake_args' from command line to 'None'
[0.453s] Level 5:colcon.colcon_core.verb:set package 'akabot_control' build argument 'catkin_skip_building_tests' from command line to 'False'
[0.453s] DEBUG:colcon.colcon_core.verb:Building package 'akabot_control' with the following arguments: {'ament_cmake_args': None, 'build_base': '/home/aditya/Vishwakarma_awards/build/akabot_control', 'catkin_cmake_args': None, 'catkin_skip_building_tests': False, 'cmake_args': None, 'cmake_clean_cache': False, 'cmake_clean_first': False, 'cmake_force_configure': False, 'cmake_target': None, 'cmake_target_skip_unavailable': False, 'install_base': '/home/aditya/Vishwakarma_awards/install/akabot_control', 'merge_install': False, 'path': '/home/aditya/Vishwakarma_awards/src/akabot_control', 'symlink_install': False, 'test_result_base': None}
[0.453s] INFO:colcon.colcon_core.executor:Executing jobs using 'parallel' executor
[0.454s] DEBUG:colcon.colcon_parallel_executor.executor.parallel:run_until_complete
[0.455s] INFO:colcon.colcon_ros.task.ament_cmake.build:Building ROS package in '/home/aditya/Vishwakarma_awards/src/akabot_description' with build type 'ament_cmake'
[0.455s] INFO:colcon.colcon_cmake.task.cmake.build:Building CMake package in '/home/aditya/Vishwakarma_awards/src/akabot_description'
[0.458s] INFO:colcon.colcon_core.plugin_system:Skipping extension 'colcon_core.shell.bat': Not used on non-Windows systems
[0.458s] INFO:colcon.colcon_core.shell:Skip shell extension 'powershell' for command environment: Not usable outside of PowerShell
[0.458s] DEBUG:colcon.colcon_core.shell:Skip shell extension 'dsv' for command environment
[0.463s] INFO:colcon.colcon_ros.task.ament_cmake.build:Building ROS package in '/home/aditya/Vishwakarma_awards/src/akabot_bringup' with build type 'ament_cmake'
[0.463s] INFO:colcon.colcon_cmake.task.cmake.build:Building CMake package in '/home/aditya/Vishwakarma_awards/src/akabot_bringup'
[0.463s] INFO:colcon.colcon_core.shell:Skip shell extension 'powershell' for command environment: Not usable outside of PowerShell
[0.463s] DEBUG:colcon.colcon_core.shell:Skip shell extension 'dsv' for command environment
[0.467s] INFO:colcon.colcon_ros.task.ament_cmake.build:Building ROS package in '/home/aditya/Vishwakarma_awards/src/akabot_gazebo' with build type 'ament_cmake'
[0.468s] INFO:colcon.colcon_cmake.task.cmake.build:Building CMake package in '/home/aditya/Vishwakarma_awards/src/akabot_gazebo'
[0.468s] INFO:colcon.colcon_core.shell:Skip shell extension 'powershell' for command environment: Not usable outside of PowerShell
[0.468s] DEBUG:colcon.colcon_core.shell:Skip shell extension 'dsv' for command environment
[0.472s] INFO:colcon.colcon_ros.task.ament_python.build:Building ROS package in '/home/aditya/Vishwakarma_awards/src/arm_vla_pkg' with build type 'ament_python'
[0.472s] Level 1:colcon.colcon_core.shell:create_environment_hook('arm_vla_pkg', 'ament_prefix_path')
[0.472s] INFO:colcon.colcon_core.shell:Creating environment hook '/home/aditya/Vishwakarma_awards/install/arm_vla_pkg/share/arm_vla_pkg/hook/ament_prefix_path.ps1'
[0.473s] INFO:colcon.colcon_core.shell:Creating environment descriptor '/home/aditya/Vishwakarma_awards/install/arm_vla_pkg/share/arm_vla_pkg/hook/ament_prefix_path.dsv'
[0.474s] INFO:colcon.colcon_core.shell:Creating environment hook '/home/aditya/Vishwakarma_awards/install/arm_vla_pkg/share/arm_vla_pkg/hook/ament_prefix_path.sh'
[0.475s] INFO:colcon.colcon_core.shell:Skip shell extension 'powershell' for command environment: Not usable outside of PowerShell
[0.475s] DEBUG:colcon.colcon_core.shell:Skip shell extension 'dsv' for command environment
[0.486s] DEBUG:colcon.colcon_core.event_handler.log_command:Invoking command in '/home/aditya/Vishwakarma_awards/build/akabot_description': CMAKE_PREFIX_PATH=${CMAKE_PREFIX_PATH}:/home/aditya/Vishwakarma_awards/install/arm_vla_pkg:/home/aditya/Vishwakarma_awards/install/akabot_control:/opt/ros/humble /usr/bin/cmake --build /home/aditya/Vishwakarma_awards/build/akabot_description -- -j28 -l28
[0.489s] DEBUG:colcon.colcon_core.event_handler.log_command:Invoking command in '/home/aditya/Vishwakarma_awards/build/akabot_bringup': CMAKE_PREFIX_PATH=${CMAKE_PREFIX_PATH}:/home/aditya/Vishwakarma_awards/install/arm_vla_pkg:/home/aditya/Vishwakarma_awards/install/akabot_control:/opt/ros/humble /usr/bin/cmake --build /home/aditya/Vishwakarma_awards/build/akabot_bringup -- -j28 -l28
[0.494s] DEBUG:colcon.colcon_core.event_handler.log_command:Invoking command in '/home/aditya/Vishwakarma_awards/build/akabot_gazebo': CMAKE_PREFIX_PATH=${CMAKE_PREFIX_PATH}:/home/aditya/Vishwakarma_awards/install/arm_vla_pkg:/home/aditya/Vishwakarma_awards/install/akabot_control:/opt/ros/humble /usr/bin/cmake --build /home/aditya/Vishwakarma_awards/build/akabot_gazebo -- -j28 -l28
[0.806s] INFO:colcon.colcon_core.task.python.build:Building Python package in '/home/aditya/Vishwakarma_awards/src/arm_vla_pkg'
[0.806s] INFO:colcon.colcon_core.shell:Skip shell extension 'powershell' for command environment: Not usable outside of PowerShell
[0.806s] DEBUG:colcon.colcon_core.shell:Skip shell extension 'dsv' for command environment
[0.814s] DEBUG:colcon.colcon_core.event_handler.log_command:Invoked command in '/home/aditya/Vishwakarma_awards/build/akabot_gazebo' returned '0': CMAKE_PREFIX_PATH=${CMAKE_PREFIX_PATH}:/home/aditya/Vishwakarma_awards/install/arm_vla_pkg:/home/aditya/Vishwakarma_awards/install/akabot_control:/opt/ros/humble /usr/bin/cmake --build /home/aditya/Vishwakarma_awards/build/akabot_gazebo -- -j28 -l28
[0.829s] DEBUG:colcon.colcon_core.event_handler.log_command:Invoking command in '/home/aditya/Vishwakarma_awards/build/akabot_gazebo': CMAKE_PREFIX_PATH=${CMAKE_PREFIX_PATH}:/home/aditya/Vishwakarma_awards/install/arm_vla_pkg:/home/aditya/Vishwakarma_awards/install/akabot_control:/opt/ros/humble /usr/bin/cmake --install /home/aditya/Vishwakarma_awards/build/akabot_gazebo
[0.830s] DEBUG:colcon.colcon_core.event_handler.log_command:Invoked command in '/home/aditya/Vishwakarma_awards/build/akabot_description' returned '0': CMAKE_PREFIX_PATH=${CMAKE_PREFIX_PATH}:/home/aditya/Vishwakarma_awards/install/arm_vla_pkg:/home/aditya/Vishwakarma_awards/install/akabot_control:/opt/ros/humble /usr/bin/cmake --build /home/aditya/Vishwakarma_awards/build/akabot_description -- -j28 -l28
[0.831s] DEBUG:colcon.colcon_core.event_handler.log_command:Invoking command in '/home/aditya/Vishwakarma_awards/build/akabot_description': CMAKE_PREFIX_PATH=${CMAKE_PREFIX_PATH}:/home/aditya/Vishwakarma_awards/install/arm_vla_pkg:/home/aditya/Vishwakarma_awards/install/akabot_control:/opt/ros/humble /usr/bin/cmake --install /home/aditya/Vishwakarma_awards/build/akabot_description
[0.833s] DEBUG:colcon.colcon_core.event_handler.log_command:Invoked command in '/home/aditya/Vishwakarma_awards/build/akabot_bringup' returned '0': CMAKE_PREFIX_PATH=${CMAKE_PREFIX_PATH}:/home/aditya/Vishwakarma_awards/install/arm_vla_pkg:/home/aditya/Vishwakarma_awards/install/akabot_control:/opt/ros/humble /usr/bin/cmake --build /home/aditya/Vishwakarma_awards/build/akabot_bringup -- -j28 -l28
[0.835s] DEBUG:colcon.colcon_core.event_handler.log_command:Invoking command in '/home/aditya/Vishwakarma_awards/build/akabot_bringup': CMAKE_PREFIX_PATH=${CMAKE_PREFIX_PATH}:/home/aditya/Vishwakarma_awards/install/arm_vla_pkg:/home/aditya/Vishwakarma_awards/install/akabot_control:/opt/ros/humble /usr/bin/cmake --install /home/aditya/Vishwakarma_awards/build/akabot_bringup
[0.846s] Level 1:colcon.colcon_core.environment:create_environment_scripts_only(akabot_gazebo)
[0.851s] DEBUG:colcon.colcon_core.event_handler.log_command:Invoked command in '/home/aditya/Vishwakarma_awards/build/akabot_gazebo' returned '0': CMAKE_PREFIX_PATH=${CMAKE_PREFIX_PATH}:/home/aditya/Vishwakarma_awards/install/arm_vla_pkg:/home/aditya/Vishwakarma_awards/install/akabot_control:/opt/ros/humble /usr/bin/cmake --install /home/aditya/Vishwakarma_awards/build/akabot_gazebo
[0.853s] Level 1:colcon.colcon_core.environment:checking '/home/aditya/Vishwakarma_awards/install/akabot_gazebo' for CMake module files
[0.853s] Level 1:colcon.colcon_core.environment:checking '/home/aditya/Vishwakarma_awards/install/akabot_gazebo' for CMake config files
[0.854s] Level 1:colcon.colcon_core.shell:create_environment_hook('akabot_gazebo', 'cmake_prefix_path')
[0.854s] INFO:colcon.colcon_core.shell:Creating environment hook '/home/aditya/Vishwakarma_awards/install/akabot_gazebo/share/akabot_gazebo/hook/cmake_prefix_path.ps1'
[0.855s] INFO:colcon.colcon_core.shell:Creating environment descriptor '/home/aditya/Vishwakarma_awards/install/akabot_gazebo/share/akabot_gazebo/hook/cmake_prefix_path.dsv'
[0.855s] INFO:colcon.colcon_core.shell:Creating environment hook '/home/aditya/Vishwakarma_awards/install/akabot_gazebo/share/akabot_gazebo/hook/cmake_prefix_path.sh'
[0.856s] Level 1:colcon.colcon_core.environment:checking '/home/aditya/Vishwakarma_awards/install/akabot_gazebo/bin'
[0.856s] Level 1:colcon.colcon_core.environment:checking '/home/aditya/Vishwakarma_awards/install/akabot_gazebo/lib/pkgconfig/akabot_gazebo.pc'
[0.856s] Level 1:colcon.colcon_core.environment:checking '/home/aditya/Vishwakarma_awards/install/akabot_gazebo/lib/python3.10/site-packages'
[0.857s] Level 1:colcon.colcon_core.environment:checking '/home/aditya/Vishwakarma_awards/install/akabot_gazebo/bin'
[0.857s] INFO:colcon.colcon_core.shell:Creating package script '/home/aditya/Vishwakarma_awards/install/akabot_gazebo/share/akabot_gazebo/package.ps1'
[0.858s] INFO:colcon.colcon_core.shell:Creating package descriptor '/home/aditya/Vishwakarma_awards/install/akabot_gazebo/share/akabot_gazebo/package.dsv'
[0.859s] INFO:colcon.colcon_core.shell:Creating package script '/home/aditya/Vishwakarma_awards/install/akabot_gazebo/share/akabot_gazebo/package.sh'
[0.860s] INFO:colcon.colcon_core.shell:Creating package script '/home/aditya/Vishwakarma_awards/install/akabot_gazebo/share/akabot_gazebo/package.bash'
[0.861s] INFO:colcon.colcon_core.shell:Creating package script '/home/aditya/Vishwakarma_awards/install/akabot_gazebo/share/akabot_gazebo/package.zsh'
[0.862s] Level 1:colcon.colcon_core.environment:create_file_with_runtime_dependencies(/home/aditya/Vishwakarma_awards/install/akabot_gazebo/share/colcon-core/packages/akabot_gazebo)
[0.862s] Level 1:colcon.colcon_core.environment:create_environment_scripts_only(akabot_gazebo)
[0.863s] Level 1:colcon.colcon_core.environment:checking '/home/aditya/Vishwakarma_awards/install/akabot_gazebo' for CMake module files
[0.863s] Level 1:colcon.colcon_core.environment:checking '/home/aditya/Vishwakarma_awards/install/akabot_gazebo' for CMake config files
[0.863s] Level 1:colcon.colcon_core.shell:create_environment_hook('akabot_gazebo', 'cmake_prefix_path')
[0.864s] INFO:colcon.colcon_core.shell:Creating environment hook '/home/aditya/Vishwakarma_awards/install/akabot_gazebo/share/akabot_gazebo/hook/cmake_prefix_path.ps1'
[0.864s] INFO:colcon.colcon_core.shell:Creating environment descriptor '/home/aditya/Vishwakarma_awards/install/akabot_gazebo/share/akabot_gazebo/hook/cmake_prefix_path.dsv'
[0.864s] INFO:colcon.colcon_core.shell:Creating environment hook '/home/aditya/Vishwakarma_awards/install/akabot_gazebo/share/akabot_gazebo/hook/cmake_prefix_path.sh'
[0.865s] Level 1:colcon.colcon_core.environment:checking '/home/aditya/Vishwakarma_awards/install/akabot_gazebo/bin'
[0.865s] Level 1:colcon.colcon_core.environment:checking '/home/aditya/Vishwakarma_awards/install/akabot_gazebo/lib/pkgconfig/akabot_gazebo.pc'
[0.865s] Level 1:colcon.colcon_core.environment:checking '/home/aditya/Vishwakarma_awards/install/akabot_gazebo/lib/python3.10/site-packages'
[0.866s] Level 1:colcon.colcon_core.environment:checking '/home/aditya/Vishwakarma_awards/install/akabot_gazebo/bin'
[0.866s] INFO:colcon.colcon_core.shell:Creating package script '/home/aditya/Vishwakarma_awards/install/akabot_gazebo/share/akabot_gazebo/package.ps1'
[0.867s] INFO:colcon.colcon_core.shell:Creating package descriptor '/home/aditya/Vishwakarma_awards/install/akabot_gazebo/share/akabot_gazebo/package.dsv'
[0.867s] INFO:colcon.colcon_core.shell:Creating package script '/home/aditya/Vishwakarma_awards/install/akabot_gazebo/share/akabot_gazebo/package.sh'
[0.868s] INFO:colcon.colcon_core.shell:Creating package script '/home/aditya/Vishwakarma_awards/install/akabot_gazebo/share/akabot_gazebo/package.bash'
[0.868s] INFO:colcon.colcon_core.shell:Creating package script '/home/aditya/Vishwakarma_awards/install/akabot_gazebo/share/akabot_gazebo/package.zsh'
[0.868s] Level 1:colcon.colcon_core.environment:create_file_with_runtime_dependencies(/home/aditya/Vishwakarma_awards/install/akabot_gazebo/share/colcon-core/packages/akabot_gazebo)
[0.869s] Level 1:colcon.colcon_core.environment:create_environment_scripts_only(akabot_description)
[0.869s] Level 1:colcon.colcon_core.environment:checking '/home/aditya/Vishwakarma_awards/install/akabot_description' for CMake module files
[0.870s] DEBUG:colcon.colcon_core.event_handler.log_command:Invoked command in '/home/aditya/Vishwakarma_awards/build/akabot_description' returned '0': CMAKE_PREFIX_PATH=${CMAKE_PREFIX_PATH}:/home/aditya/Vishwakarma_awards/install/arm_vla_pkg:/home/aditya/Vishwakarma_awards/install/akabot_control:/opt/ros/humble /usr/bin/cmake --install /home/aditya/Vishwakarma_awards/build/akabot_description
[0.871s] Level 1:colcon.colcon_core.environment:checking '/home/aditya/Vishwakarma_awards/install/akabot_description' for CMake config files
[0.871s] Level 1:colcon.colcon_core.shell:create_environment_hook('akabot_description', 'cmake_prefix_path')
[0.871s] INFO:colcon.colcon_core.shell:Creating environment hook '/home/aditya/Vishwakarma_awards/install/akabot_description/share/akabot_description/hook/cmake_prefix_path.ps1'
[0.872s] INFO:colcon.colcon_core.shell:Creating environment descriptor '/home/aditya/Vishwakarma_awards/install/akabot_description/share/akabot_description/hook/cmake_prefix_path.dsv'
[0.872s] INFO:colcon.colcon_core.shell:Creating environment hook '/home/aditya/Vishwakarma_awards/install/akabot_description/share/akabot_description/hook/cmake_prefix_path.sh'
[0.873s] Level 1:colcon.colcon_core.environment:checking '/home/aditya/Vishwakarma_awards/install/akabot_description/bin'
[0.873s] Level 1:colcon.colcon_core.environment:checking '/home/aditya/Vishwakarma_awards/install/akabot_description/lib/pkgconfig/akabot_description.pc'
[0.873s] Level 1:colcon.colcon_core.environment:checking '/home/aditya/Vishwakarma_awards/install/akabot_description/lib/python3.10/site-packages'
[0.874s] Level 1:colcon.colcon_core.environment:checking '/home/aditya/Vishwakarma_awards/install/akabot_description/bin'
[0.874s] INFO:colcon.colcon_core.shell:Creating package script '/home/aditya/Vishwakarma_awards/install/akabot_description/share/akabot_description/package.ps1'
[0.874s] INFO:colcon.colcon_core.shell:Creating package descriptor '/home/aditya/Vishwakarma_awards/install/akabot_description/share/akabot_description/package.dsv'
[0.875s] INFO:colcon.colcon_core.shell:Creating package script '/home/aditya/Vishwakarma_awards/install/akabot_description/share/akabot_description/package.sh'
[0.875s] INFO:colcon.colcon_core.shell:Creating package script '/home/aditya/Vishwakarma_awards/install/akabot_description/share/akabot_description/package.bash'
[0.876s] INFO:colcon.colcon_core.shell:Creating package script '/home/aditya/Vishwakarma_awards/install/akabot_description/share/akabot_description/package.zsh'
[0.876s] Level 1:colcon.colcon_core.environment:create_file_with_runtime_dependencies(/home/aditya/Vishwakarma_awards/install/akabot_description/share/colcon-core/packages/akabot_description)
[0.877s] Level 1:colcon.colcon_core.environment:create_environment_scripts_only(akabot_description)
[0.877s] Level 1:colcon.colcon_core.environment:checking '/home/aditya/Vishwakarma_awards/install/akabot_description' for CMake module files
[0.877s] Level 1:colcon.colcon_core.environment:checking '/home/aditya/Vishwakarma_awards/install/akabot_description' for CMake config files
[0.878s] Level 1:colcon.colcon_core.shell:create_environment_hook('akabot_description', 'cmake_prefix_path')
[0.878s] INFO:colcon.colcon_core.shell:Creating environment hook '/home/aditya/Vishwakarma_awards/install/akabot_description/share/akabot_description/hook/cmake_prefix_path.ps1'
[0.878s] INFO:colcon.colcon_core.shell:Creating environment descriptor '/home/aditya/Vishwakarma_awards/install/akabot_description/share/akabot_description/hook/cmake_prefix_path.dsv'
[0.879s] INFO:colcon.colcon_core.shell:Creating environment hook '/home/aditya/Vishwakarma_awards/install/akabot_description/share/akabot_description/hook/cmake_prefix_path.sh'
[0.879s] Level 1:colcon.colcon_core.environment:checking '/home/aditya/Vishwakarma_awards/install/akabot_description/bin'
[0.879s] Level 1:colcon.colcon_core.environment:checking '/home/aditya/Vishwakarma_awards/install/akabot_description/lib/pkgconfig/akabot_description.pc'
[0.879s] Level 1:colcon.colcon_core.environment:checking '/home/aditya/Vishwakarma_awards/install/akabot_description/lib/python3.10/site-packages'
[0.880s] Level 1:colcon.colcon_core.environment:checking '/home/aditya/Vishwakarma_awards/install/akabot_description/bin'
[0.880s] INFO:colcon.colcon_core.shell:Creating package script '/home/aditya/Vishwakarma_awards/install/akabot_description/share/akabot_description/package.ps1'
[0.881s] INFO:colcon.colcon_core.shell:Creating package descriptor '/home/aditya/Vishwakarma_awards/install/akabot_description/share/akabot_description/package.dsv'
[0.881s] INFO:colcon.colcon_core.shell:Creating package script '/home/aditya/Vishwakarma_awards/install/akabot_description/share/akabot_description/package.sh'
[0.882s] INFO:colcon.colcon_core.shell:Creating package script '/home/aditya/Vishwakarma_awards/install/akabot_description/share/akabot_description/package.bash'
[0.882s] INFO:colcon.colcon_core.shell:Creating package script '/home/aditya/Vishwakarma_awards/install/akabot_description/share/akabot_description/package.zsh'
[0.883s] Level 1:colcon.colcon_core.environment:create_file_with_runtime_dependencies(/home/aditya/Vishwakarma_awards/install/akabot_description/share/colcon-core/packages/akabot_description)
[0.883s] INFO:colcon.colcon_ros.task.ament_cmake.build:Building ROS package in '/home/aditya/Vishwakarma_awards/src/akabot_moveit_config' with build type 'ament_cmake'
[0.883s] INFO:colcon.colcon_cmake.task.cmake.build:Building CMake package in '/home/aditya/Vishwakarma_awards/src/akabot_moveit_config'
[0.883s] INFO:colcon.colcon_core.shell:Skip shell extension 'powershell' for command environment: Not usable outside of PowerShell
[0.884s] DEBUG:colcon.colcon_core.shell:Skip shell extension 'dsv' for command environment
[0.888s] Level 1:colcon.colcon_core.environment:create_environment_scripts_only(akabot_bringup)
[0.888s] DEBUG:colcon.colcon_core.event_handler.log_command:Invoked command in '/home/aditya/Vishwakarma_awards/build/akabot_bringup' returned '0': CMAKE_PREFIX_PATH=${CMAKE_PREFIX_PATH}:/home/aditya/Vishwakarma_awards/install/arm_vla_pkg:/home/aditya/Vishwakarma_awards/install/akabot_control:/opt/ros/humble /usr/bin/cmake --install /home/aditya/Vishwakarma_awards/build/akabot_bringup
[0.889s] Level 1:colcon.colcon_core.environment:checking '/home/aditya/Vishwakarma_awards/install/akabot_bringup' for CMake module files
[0.889s] Level 1:colcon.colcon_core.environment:checking '/home/aditya/Vishwakarma_awards/install/akabot_bringup' for CMake config files
[0.890s] Level 1:colcon.colcon_core.shell:create_environment_hook('akabot_bringup', 'cmake_prefix_path')
[0.890s] INFO:colcon.colcon_core.shell:Creating environment hook '/home/aditya/Vishwakarma_awards/install/akabot_bringup/share/akabot_bringup/hook/cmake_prefix_path.ps1'
[0.891s] INFO:colcon.colcon_core.shell:Creating environment descriptor '/home/aditya/Vishwakarma_awards/install/akabot_bringup/share/akabot_bringup/hook/cmake_prefix_path.dsv'
[0.891s] INFO:colcon.colcon_core.shell:Creating environment hook '/home/aditya/Vishwakarma_awards/install/akabot_bringup/share/akabot_bringup/hook/cmake_prefix_path.sh'
[0.892s] Level 1:colcon.colcon_core.environment:checking '/home/aditya/Vishwakarma_awards/install/akabot_bringup/bin'
[0.892s] Level 1:colcon.colcon_core.environment:checking '/home/aditya/Vishwakarma_awards/install/akabot_bringup/lib/pkgconfig/akabot_bringup.pc'
[0.892s] Level 1:colcon.colcon_core.environment:checking '/home/aditya/Vishwakarma_awards/install/akabot_bringup/lib/python3.10/site-packages'
[0.893s] Level 1:colcon.colcon_core.environment:checking '/home/aditya/Vishwakarma_awards/install/akabot_bringup/bin'
[0.893s] INFO:colcon.colcon_core.shell:Creating package script '/home/aditya/Vishwakarma_awards/install/akabot_bringup/share/akabot_bringup/package.ps1'
[0.894s] INFO:colcon.colcon_core.shell:Creating package descriptor '/home/aditya/Vishwakarma_awards/install/akabot_bringup/share/akabot_bringup/package.dsv'
[0.894s] INFO:colcon.colcon_core.shell:Creating package script '/home/aditya/Vishwakarma_awards/install/akabot_bringup/share/akabot_bringup/package.sh'
[0.895s] INFO:colcon.colcon_core.shell:Creating package script '/home/aditya/Vishwakarma_awards/install/akabot_bringup/share/akabot_bringup/package.bash'
[0.895s] INFO:colcon.colcon_core.shell:Creating package script '/home/aditya/Vishwakarma_awards/install/akabot_bringup/share/akabot_bringup/package.zsh'
[0.895s] Level 1:colcon.colcon_core.environment:create_file_with_runtime_dependencies(/home/aditya/Vishwakarma_awards/install/akabot_bringup/share/colcon-core/packages/akabot_bringup)
[0.896s] Level 1:colcon.colcon_core.environment:create_environment_scripts_only(akabot_bringup)
[0.896s] Level 1:colcon.colcon_core.environment:checking '/home/aditya/Vishwakarma_awards/install/akabot_bringup' for CMake module files
[0.897s] Level 1:colcon.colcon_core.environment:checking '/home/aditya/Vishwakarma_awards/install/akabot_bringup' for CMake config files
[0.897s] Level 1:colcon.colcon_core.shell:create_environment_hook('akabot_bringup', 'cmake_prefix_path')
[0.897s] INFO:colcon.colcon_core.shell:Creating environment hook '/home/aditya/Vishwakarma_awards/install/akabot_bringup/share/akabot_bringup/hook/cmake_prefix_path.ps1'
[0.898s] INFO:colcon.colcon_core.shell:Creating environment descriptor '/home/aditya/Vishwakarma_awards/install/akabot_bringup/share/akabot_bringup/hook/cmake_prefix_path.dsv'
[0.898s] INFO:colcon.colcon_core.shell:Creating environment hook '/home/aditya/Vishwakarma_awards/install/akabot_bringup/share/akabot_bringup/hook/cmake_prefix_path.sh'
[0.899s] Level 1:colcon.colcon_core.environment:checking '/home/aditya/Vishwakarma_awards/install/akabot_bringup/bin'
[0.899s] Level 1:colcon.colcon_core.environment:checking '/home/aditya/Vishwakarma_awards/install/akabot_bringup/lib/pkgconfig/akabot_bringup.pc'
[0.899s] Level 1:colcon.colcon_core.environment:checking '/home/aditya/Vishwakarma_awards/install/akabot_bringup/lib/python3.10/site-packages'
[0.899s] Level 1:colcon.colcon_core.environment:checking '/home/aditya/Vishwakarma_awards/install/akabot_bringup/bin'
[0.900s] INFO:colcon.colcon_core.shell:Creating package script '/home/aditya/Vishwakarma_awards/install/akabot_bringup/share/akabot_bringup/package.ps1'
[0.900s] INFO:colcon.colcon_core.shell:Creating package descriptor '/home/aditya/Vishwakarma_awards/install/akabot_bringup/share/akabot_bringup/package.dsv'
[0.901s] INFO:colcon.colcon_core.shell:Creating package script '/home/aditya/Vishwakarma_awards/install/akabot_bringup/share/akabot_bringup/package.sh'
[0.901s] INFO:colcon.colcon_core.shell:Creating package script '/home/aditya/Vishwakarma_awards/install/akabot_bringup/share/akabot_bringup/package.bash'
[0.902s] INFO:colcon.colcon_core.shell:Creating package script '/home/aditya/Vishwakarma_awards/install/akabot_bringup/share/akabot_bringup/package.zsh'
[0.903s] Level 1:colcon.colcon_core.environment:create_file_with_runtime_dependencies(/home/aditya/Vishwakarma_awards/install/akabot_bringup/share/colcon-core/packages/akabot_bringup)
[0.906s] DEBUG:colcon.colcon_core.event_handler.log_command:Invoking command in '/home/aditya/Vishwakarma_awards/build/akabot_moveit_config': CMAKE_PREFIX_PATH=/home/aditya/Vishwakarma_awards/install/akabot_description:/home/aditya/Vishwakarma_awards/install/akabot_moveit_config:/home/aditya/Vishwakarma_awards/install/akabot_gazebo:/home/aditya/Vishwakarma_awards/install/akabot_bringup:/home/aditya/Vishwakarma_awards/install/arm_vla_pkg:/home/aditya/Vishwakarma_awards/install/akabot_control:/opt/ros/humble /usr/bin/cmake --build /home/aditya/Vishwakarma_awards/build/akabot_moveit_config -- -j28 -l28
[0.955s] DEBUG:colcon.colcon_core.event_handler.log_command:Invoked command in '/home/aditya/Vishwakarma_awards/build/akabot_moveit_config' returned '0': CMAKE_PREFIX_PATH=/home/aditya/Vishwakarma_awards/install/akabot_description:/home/aditya/Vishwakarma_awards/install/akabot_moveit_config:/home/aditya/Vishwakarma_awards/install/akabot_gazebo:/home/aditya/Vishwakarma_awards/install/akabot_bringup:/home/aditya/Vishwakarma_awards/install/arm_vla_pkg:/home/aditya/Vishwakarma_awards/install/akabot_control:/opt/ros/humble /usr/bin/cmake --build /home/aditya/Vishwakarma_awards/build/akabot_moveit_config -- -j28 -l28
[0.958s] DEBUG:colcon.colcon_core.event_handler.log_command:Invoking command in '/home/aditya/Vishwakarma_awards/build/akabot_moveit_config': CMAKE_PREFIX_PATH=/home/aditya/Vishwakarma_awards/install/akabot_description:/home/aditya/Vishwakarma_awards/install/akabot_moveit_config:/home/aditya/Vishwakarma_awards/install/akabot_gazebo:/home/aditya/Vishwakarma_awards/install/akabot_bringup:/home/aditya/Vishwakarma_awards/install/arm_vla_pkg:/home/aditya/Vishwakarma_awards/install/akabot_control:/opt/ros/humble /usr/bin/cmake --install /home/aditya/Vishwakarma_awards/build/akabot_moveit_config
[0.971s] Level 1:colcon.colcon_core.environment:create_environment_scripts_only(akabot_moveit_config)
[0.971s] DEBUG:colcon.colcon_core.event_handler.log_command:Invoked command in '/home/aditya/Vishwakarma_awards/build/akabot_moveit_config' returned '0': CMAKE_PREFIX_PATH=/home/aditya/Vishwakarma_awards/install/akabot_description:/home/aditya/Vishwakarma_awards/install/akabot_moveit_config:/home/aditya/Vishwakarma_awards/install/akabot_gazebo:/home/aditya/Vishwakarma_awards/install/akabot_bringup:/home/aditya/Vishwakarma_awards/install/arm_vla_pkg:/home/aditya/Vishwakarma_awards/install/akabot_control:/opt/ros/humble /usr/bin/cmake --install /home/aditya/Vishwakarma_awards/build/akabot_moveit_config
[0.972s] Level 1:colcon.colcon_core.environment:checking '/home/aditya/Vishwakarma_awards/install/akabot_moveit_config' for CMake module files
[0.972s] Level 1:colcon.colcon_core.environment:checking '/home/aditya/Vishwakarma_awards/install/akabot_moveit_config' for CMake config files
[0.973s] Level 1:colcon.colcon_core.shell:create_environment_hook('akabot_moveit_config', 'cmake_prefix_path')
[0.973s] INFO:colcon.colcon_core.shell:Creating environment hook '/home/aditya/Vishwakarma_awards/install/akabot_moveit_config/share/akabot_moveit_config/hook/cmake_prefix_path.ps1'
[0.973s] INFO:colcon.colcon_core.shell:Creating environment descriptor '/home/aditya/Vishwakarma_awards/install/akabot_moveit_config/share/akabot_moveit_config/hook/cmake_prefix_path.dsv'
[0.974s] INFO:colcon.colcon_core.shell:Creating environment hook '/home/aditya/Vishwakarma_awards/install/akabot_moveit_config/share/akabot_moveit_config/hook/cmake_prefix_path.sh'
[0.974s] Level 1:colcon.colcon_core.environment:checking '/home/aditya/Vishwakarma_awards/install/akabot_moveit_config/bin'
[0.975s] Level 1:colcon.colcon_core.environment:checking '/home/aditya/Vishwakarma_awards/install/akabot_moveit_config/lib/pkgconfig/akabot_moveit_config.pc'
[0.975s] Level 1:colcon.colcon_core.environment:checking '/home/aditya/Vishwakarma_awards/install/akabot_moveit_config/lib/python3.10/site-packages'
[0.975s] Level 1:colcon.colcon_core.environment:checking '/home/aditya/Vishwakarma_awards/install/akabot_moveit_config/bin'
[0.976s] INFO:colcon.colcon_core.shell:Creating package script '/home/aditya/Vishwakarma_awards/install/akabot_moveit_config/share/akabot_moveit_config/package.ps1'
[0.976s] INFO:colcon.colcon_core.shell:Creating package descriptor '/home/aditya/Vishwakarma_awards/install/akabot_moveit_config/share/akabot_moveit_config/package.dsv'
[0.977s] INFO:colcon.colcon_core.shell:Creating package script '/home/aditya/Vishwakarma_awards/install/akabot_moveit_config/share/akabot_moveit_config/package.sh'
[0.977s] INFO:colcon.colcon_core.shell:Creating package script '/home/aditya/Vishwakarma_awards/install/akabot_moveit_config/share/akabot_moveit_config/package.bash'
[0.977s] INFO:colcon.colcon_core.shell:Creating package script '/home/aditya/Vishwakarma_awards/install/akabot_moveit_config/share/akabot_moveit_config/package.zsh'
[0.978s] Level 1:colcon.colcon_core.environment:create_file_with_runtime_dependencies(/home/aditya/Vishwakarma_awards/install/akabot_moveit_config/share/colcon-core/packages/akabot_moveit_config)
[0.979s] Level 1:colcon.colcon_core.environment:create_environment_scripts_only(akabot_moveit_config)
[0.979s] Level 1:colcon.colcon_core.environment:checking '/home/aditya/Vishwakarma_awards/install/akabot_moveit_config' for CMake module files
[0.979s] Level 1:colcon.colcon_core.environment:checking '/home/aditya/Vishwakarma_awards/install/akabot_moveit_config' for CMake config files
[0.980s] Level 1:colcon.colcon_core.shell:create_environment_hook('akabot_moveit_config', 'cmake_prefix_path')
[0.980s] INFO:colcon.colcon_core.shell:Creating environment hook '/home/aditya/Vishwakarma_awards/install/akabot_moveit_config/share/akabot_moveit_config/hook/cmake_prefix_path.ps1'
[0.980s] INFO:colcon.colcon_core.shell:Creating environment descriptor '/home/aditya/Vishwakarma_awards/install/akabot_moveit_config/share/akabot_moveit_config/hook/cmake_prefix_path.dsv'
[0.981s] INFO:colcon.colcon_core.shell:Creating environment hook '/home/aditya/Vishwakarma_awards/install/akabot_moveit_config/share/akabot_moveit_config/hook/cmake_prefix_path.sh'
[0.981s] Level 1:colcon.colcon_core.environment:checking '/home/aditya/Vishwakarma_awards/install/akabot_moveit_config/bin'
[0.981s] Level 1:colcon.colcon_core.environment:checking '/home/aditya/Vishwakarma_awards/install/akabot_moveit_config/lib/pkgconfig/akabot_moveit_config.pc'
[0.982s] Level 1:colcon.colcon_core.environment:checking '/home/aditya/Vishwakarma_awards/install/akabot_moveit_config/lib/python3.10/site-packages'
[0.982s] Level 1:colcon.colcon_core.environment:checking '/home/aditya/Vishwakarma_awards/install/akabot_moveit_config/bin'
[0.983s] INFO:colcon.colcon_core.shell:Creating package script '/home/aditya/Vishwakarma_awards/install/akabot_moveit_config/share/akabot_moveit_config/package.ps1'
[0.983s] INFO:colcon.colcon_core.shell:Creating package descriptor '/home/aditya/Vishwakarma_awards/install/akabot_moveit_config/share/akabot_moveit_config/package.dsv'
[0.984s] INFO:colcon.colcon_core.shell:Creating package script '/home/aditya/Vishwakarma_awards/install/akabot_moveit_config/share/akabot_moveit_config/package.sh'
[0.984s] INFO:colcon.colcon_core.shell:Creating package script '/home/aditya/Vishwakarma_awards/install/akabot_moveit_config/share/akabot_moveit_config/package.bash'
[0.985s] INFO:colcon.colcon_core.shell:Creating package script '/home/aditya/Vishwakarma_awards/install/akabot_moveit_config/share/akabot_moveit_config/package.zsh'
[0.985s] Level 1:colcon.colcon_core.environment:create_file_with_runtime_dependencies(/home/aditya/Vishwakarma_awards/install/akabot_moveit_config/share/colcon-core/packages/akabot_moveit_config)
[0.985s] INFO:colcon.colcon_ros.task.ament_python.build:Building ROS package in '/home/aditya/Vishwakarma_awards/src/akabot_control' with build type 'ament_python'
[0.986s] Level 1:colcon.colcon_core.shell:create_environment_hook('akabot_control', 'ament_prefix_path')
[0.986s] INFO:colcon.colcon_core.shell:Creating environment hook '/home/aditya/Vishwakarma_awards/install/akabot_control/share/akabot_control/hook/ament_prefix_path.ps1'
[0.987s] INFO:colcon.colcon_core.shell:Creating environment descriptor '/home/aditya/Vishwakarma_awards/install/akabot_control/share/akabot_control/hook/ament_prefix_path.dsv'
[0.987s] INFO:colcon.colcon_core.shell:Creating environment hook '/home/aditya/Vishwakarma_awards/install/akabot_control/share/akabot_control/hook/ament_prefix_path.sh'
[0.988s] INFO:colcon.colcon_core.shell:Skip shell extension 'powershell' for command environment: Not usable outside of PowerShell
[0.988s] DEBUG:colcon.colcon_core.shell:Skip shell extension 'dsv' for command environment
[1.317s] INFO:colcon.colcon_core.task.python.build:Building Python package in '/home/aditya/Vishwakarma_awards/src/akabot_control'
[1.317s] INFO:colcon.colcon_core.shell:Skip shell extension 'powershell' for command environment: Not usable outside of PowerShell
[1.317s] DEBUG:colcon.colcon_core.shell:Skip shell extension 'dsv' for command environment
[1.326s] DEBUG:colcon.colcon_core.event_handler.log_command:Invoking command in '/home/aditya/Vishwakarma_awards/src/arm_vla_pkg': PYTHONPATH=/home/aditya/Vishwakarma_awards/build/arm_vla_pkg/prefix_override:/usr/lib/python3/dist-packages/colcon_core/task/python/colcon_distutils_commands:/home/aditya/Vishwakarma_awards/install/arm_vla_pkg/lib/python3.10/site-packages:${PYTHONPATH} /usr/bin/python3 -W ignore:setup.py install is deprecated -W ignore:easy_install command is deprecated setup.py egg_info --egg-base ../../build/arm_vla_pkg build --build-base /home/aditya/Vishwakarma_awards/build/arm_vla_pkg/build install --record /home/aditya/Vishwakarma_awards/build/arm_vla_pkg/install.log --single-version-externally-managed install_data
[1.690s] Level 1:colcon.colcon_core.environment:checking '/home/aditya/Vishwakarma_awards/install/arm_vla_pkg' for CMake module files
[1.690s] DEBUG:colcon.colcon_core.event_handler.log_command:Invoked command in '/home/aditya/Vishwakarma_awards/src/arm_vla_pkg' returned '0': PYTHONPATH=/home/aditya/Vishwakarma_awards/build/arm_vla_pkg/prefix_override:/usr/lib/python3/dist-packages/colcon_core/task/python/colcon_distutils_commands:/home/aditya/Vishwakarma_awards/install/arm_vla_pkg/lib/python3.10/site-packages:${PYTHONPATH} /usr/bin/python3 -W ignore:setup.py install is deprecated -W ignore:easy_install command is deprecated setup.py egg_info --egg-base ../../build/arm_vla_pkg build --build-base /home/aditya/Vishwakarma_awards/build/arm_vla_pkg/build install --record /home/aditya/Vishwakarma_awards/build/arm_vla_pkg/install.log --single-version-externally-managed install_data
[1.691s] Level 1:colcon.colcon_core.environment:checking '/home/aditya/Vishwakarma_awards/install/arm_vla_pkg' for CMake config files
[1.691s] Level 1:colcon.colcon_core.environment:checking '/home/aditya/Vishwakarma_awards/install/arm_vla_pkg/lib'
[1.692s] Level 1:colcon.colcon_core.environment:checking '/home/aditya/Vishwakarma_awards/install/arm_vla_pkg/bin'
[1.692s] Level 1:colcon.colcon_core.environment:checking '/home/aditya/Vishwakarma_awards/install/arm_vla_pkg/lib/pkgconfig/arm_vla_pkg.pc'
[1.692s] Level 1:colcon.colcon_core.environment:checking '/home/aditya/Vishwakarma_awards/install/arm_vla_pkg/lib/python3.10/site-packages'
[1.692s] Level 1:colcon.colcon_core.shell:create_environment_hook('arm_vla_pkg', 'pythonpath')
[1.693s] INFO:colcon.colcon_core.shell:Creating environment hook '/home/aditya/Vishwakarma_awards/install/arm_vla_pkg/share/arm_vla_pkg/hook/pythonpath.ps1'
[1.693s] INFO:colcon.colcon_core.shell:Creating environment descriptor '/home/aditya/Vishwakarma_awards/install/arm_vla_pkg/share/arm_vla_pkg/hook/pythonpath.dsv'
[1.694s] INFO:colcon.colcon_core.shell:Creating environment hook '/home/aditya/Vishwakarma_awards/install/arm_vla_pkg/share/arm_vla_pkg/hook/pythonpath.sh'
[1.694s] Level 1:colcon.colcon_core.environment:checking '/home/aditya/Vishwakarma_awards/install/arm_vla_pkg/bin'
[1.695s] Level 1:colcon.colcon_core.environment:create_environment_scripts_only(arm_vla_pkg)
[1.695s] INFO:colcon.colcon_core.shell:Creating package script '/home/aditya/Vishwakarma_awards/install/arm_vla_pkg/share/arm_vla_pkg/package.ps1'
[1.696s] INFO:colcon.colcon_core.shell:Creating package descriptor '/home/aditya/Vishwakarma_awards/install/arm_vla_pkg/share/arm_vla_pkg/package.dsv'
[1.696s] INFO:colcon.colcon_core.shell:Creating package script '/home/aditya/Vishwakarma_awards/install/arm_vla_pkg/share/arm_vla_pkg/package.sh'
[1.696s] INFO:colcon.colcon_core.shell:Creating package script '/home/aditya/Vishwakarma_awards/install/arm_vla_pkg/share/arm_vla_pkg/package.bash'
[1.697s] INFO:colcon.colcon_core.shell:Creating package script '/home/aditya/Vishwakarma_awards/install/arm_vla_pkg/share/arm_vla_pkg/package.zsh'
[1.697s] Level 1:colcon.colcon_core.environment:create_file_with_runtime_dependencies(/home/aditya/Vishwakarma_awards/install/arm_vla_pkg/share/colcon-core/packages/arm_vla_pkg)
[1.773s] DEBUG:colcon.colcon_core.event_handler.log_command:Invoking command in '/home/aditya/Vishwakarma_awards/src/akabot_control': CMAKE_PREFIX_PATH=/home/aditya/Vishwakarma_awards/install/akabot_moveit_config:/home/aditya/Vishwakarma_awards/install/akabot_description:/home/aditya/Vishwakarma_awards/install/akabot_gazebo:/home/aditya/Vishwakarma_awards/install/akabot_bringup PYTHONPATH=/home/aditya/Vishwakarma_awards/build/akabot_control/prefix_override:/usr/lib/python3/dist-packages/colcon_core/task/python/colcon_distutils_commands:/home/aditya/Vishwakarma_awards/install/akabot_control/lib/python3.10/site-packages:${PYTHONPATH} /usr/bin/python3 -W ignore:setup.py install is deprecated -W ignore:easy_install command is deprecated setup.py egg_info --egg-base ../../build/akabot_control build --build-base /home/aditya/Vishwakarma_awards/build/akabot_control/build install --record /home/aditya/Vishwakarma_awards/build/akabot_control/install.log --single-version-externally-managed install_data
[2.127s] Level 1:colcon.colcon_core.environment:checking '/home/aditya/Vishwakarma_awards/install/akabot_control' for CMake module files
[2.128s] DEBUG:colcon.colcon_core.event_handler.log_command:Invoked command in '/home/aditya/Vishwakarma_awards/src/akabot_control' returned '0': CMAKE_PREFIX_PATH=/home/aditya/Vishwakarma_awards/install/akabot_moveit_config:/home/aditya/Vishwakarma_awards/install/akabot_description:/home/aditya/Vishwakarma_awards/install/akabot_gazebo:/home/aditya/Vishwakarma_awards/install/akabot_bringup PYTHONPATH=/home/aditya/Vishwakarma_awards/build/akabot_control/prefix_override:/usr/lib/python3/dist-packages/colcon_core/task/python/colcon_distutils_commands:/home/aditya/Vishwakarma_awards/install/akabot_control/lib/python3.10/site-packages:${PYTHONPATH} /usr/bin/python3 -W ignore:setup.py install is deprecated -W ignore:easy_install command is deprecated setup.py egg_info --egg-base ../../build/akabot_control build --build-base /home/aditya/Vishwakarma_awards/build/akabot_control/build install --record /home/aditya/Vishwakarma_awards/build/akabot_control/install.log --single-version-externally-managed install_data
[2.129s] Level 1:colcon.colcon_core.environment:checking '/home/aditya/Vishwakarma_awards/install/akabot_control' for CMake config files
[2.129s] Level 1:colcon.colcon_core.environment:checking '/home/aditya/Vishwakarma_awards/install/akabot_control/lib'
[2.129s] Level 1:colcon.colcon_core.environment:checking '/home/aditya/Vishwakarma_awards/install/akabot_control/bin'
[2.129s] Level 1:colcon.colcon_core.environment:checking '/home/aditya/Vishwakarma_awards/install/akabot_control/lib/pkgconfig/akabot_control.pc'
[2.130s] Level 1:colcon.colcon_core.environment:checking '/home/aditya/Vishwakarma_awards/install/akabot_control/lib/python3.10/site-packages'
[2.130s] Level 1:colcon.colcon_core.shell:create_environment_hook('akabot_control', 'pythonpath')
[2.130s] INFO:colcon.colcon_core.shell:Creating environment hook '/home/aditya/Vishwakarma_awards/install/akabot_control/share/akabot_control/hook/pythonpath.ps1'
[2.131s] INFO:colcon.colcon_core.shell:Creating environment descriptor '/home/aditya/Vishwakarma_awards/install/akabot_control/share/akabot_control/hook/pythonpath.dsv'
[2.131s] INFO:colcon.colcon_core.shell:Creating environment hook '/home/aditya/Vishwakarma_awards/install/akabot_control/share/akabot_control/hook/pythonpath.sh'
[2.132s] Level 1:colcon.colcon_core.environment:checking '/home/aditya/Vishwakarma_awards/install/akabot_control/bin'
[2.132s] Level 1:colcon.colcon_core.environment:create_environment_scripts_only(akabot_control)
[2.133s] INFO:colcon.colcon_core.shell:Creating package script '/home/aditya/Vishwakarma_awards/install/akabot_control/share/akabot_control/package.ps1'
[2.133s] INFO:colcon.colcon_core.shell:Creating package descriptor '/home/aditya/Vishwakarma_awards/install/akabot_control/share/akabot_control/package.dsv'
[2.134s] INFO:colcon.colcon_core.shell:Creating package script '/home/aditya/Vishwakarma_awards/install/akabot_control/share/akabot_control/package.sh'
[2.134s] INFO:colcon.colcon_core.shell:Creating package script '/home/aditya/Vishwakarma_awards/install/akabot_control/share/akabot_control/package.bash'
[2.134s] INFO:colcon.colcon_core.shell:Creating package script '/home/aditya/Vishwakarma_awards/install/akabot_control/share/akabot_control/package.zsh'
[2.135s] Level 1:colcon.colcon_core.environment:create_file_with_runtime_dependencies(/home/aditya/Vishwakarma_awards/install/akabot_control/share/colcon-core/packages/akabot_control)
[2.135s] DEBUG:colcon.colcon_parallel_executor.executor.parallel:closing loop
[2.135s] DEBUG:colcon.colcon_parallel_executor.executor.parallel:loop closed
[2.135s] DEBUG:colcon.colcon_parallel_executor.executor.parallel:run_until_complete finished with '0'
[2.135s] DEBUG:colcon.colcon_core.event_reactor:joining thread
[2.142s] INFO:colcon.colcon_core.plugin_system:Skipping extension 'colcon_notification.desktop_notification.terminal_notifier': Not used on non-Darwin systems
[2.142s] INFO:colcon.colcon_core.plugin_system:Skipping extension 'colcon_notification.desktop_notification.win32': Not used on non-Windows systems
[2.142s] INFO:colcon.colcon_notification.desktop_notification:Sending desktop notification using 'notify2'
[2.156s] DEBUG:colcon.colcon_core.event_reactor:joined thread
[2.157s] INFO:colcon.colcon_core.shell:Creating prefix script '/home/aditya/Vishwakarma_awards/install/local_setup.ps1'
[2.158s] INFO:colcon.colcon_core.shell:Creating prefix util module '/home/aditya/Vishwakarma_awards/install/_local_setup_util_ps1.py'
[2.159s] INFO:colcon.colcon_core.shell:Creating prefix chain script '/home/aditya/Vishwakarma_awards/install/setup.ps1'
[2.161s] INFO:colcon.colcon_core.shell:Creating prefix script '/home/aditya/Vishwakarma_awards/install/local_setup.sh'
[2.161s] INFO:colcon.colcon_core.shell:Creating prefix util module '/home/aditya/Vishwakarma_awards/install/_local_setup_util_sh.py'
[2.162s] INFO:colcon.colcon_core.shell:Creating prefix chain script '/home/aditya/Vishwakarma_awards/install/setup.sh'
[2.163s] INFO:colcon.colcon_core.shell:Creating prefix script '/home/aditya/Vishwakarma_awards/install/local_setup.bash'
[2.164s] INFO:colcon.colcon_core.shell:Creating prefix chain script '/home/aditya/Vishwakarma_awards/install/setup.bash'
[2.165s] INFO:colcon.colcon_core.shell:Creating prefix script '/home/aditya/Vishwakarma_awards/install/local_setup.zsh'
[2.166s] INFO:colcon.colcon_core.shell:Creating prefix chain script '/home/aditya/Vishwakarma_awards/install/setup.zsh'
