-- Install configuration: ""
-- Up-to-date: /home/aditya/Vishwakarma_awards/install/akabot_description/share/akabot_description/config
-- Installing: /home/aditya/Vishwakarma_awards/install/akabot_description/share/akabot_description/config/initial_positions.yaml
-- Up-to-date: /home/aditya/Vishwakarma_awards/install/akabot_description/share/akabot_description/launch
-- Installing: /home/aditya/Vishwakarma_awards/install/akabot_description/share/akabot_description/launch/description_launch.py
-- Installing: /home/aditya/Vishwakarma_awards/install/akabot_description/share/akabot_description/launch/robot_state_publisher_launch.py
-- Up-to-date: /home/aditya/Vishwakarma_awards/install/akabot_description/share/akabot_description/meshes
-- Installing: /home/aditya/Vishwakarma_awards/install/akabot_description/share/akabot_description/meshes/base_cylinder.stl
-- Installing: /home/aditya/Vishwakarma_awards/install/akabot_description/share/akabot_description/meshes/claw_base.stl
-- Installing: /home/aditya/Vishwakarma_awards/install/akabot_description/share/akabot_description/meshes/lower_arm.stl
-- Installing: /home/aditya/Vishwakarma_awards/install/akabot_description/share/akabot_description/meshes/d415.dae
-- Installing: /home/aditya/Vishwakarma_awards/install/akabot_description/share/akabot_description/meshes/right_claw.stl
-- Installing: /home/aditya/Vishwakarma_awards/install/akabot_description/share/akabot_description/meshes/upper_arm.stl
-- Installing: /home/aditya/Vishwakarma_awards/install/akabot_description/share/akabot_description/meshes/left_claw.stl
-- Installing: /home/aditya/Vishwakarma_awards/install/akabot_description/share/akabot_description/meshes/top_plate.stl
-- Installing: /home/aditya/Vishwakarma_awards/install/akabot_description/share/akabot_description/meshes/wrist.stl
-- Up-to-date: /home/aditya/Vishwakarma_awards/install/akabot_description/share/akabot_description/urdf
-- Installing: /home/aditya/Vishwakarma_awards/install/akabot_description/share/akabot_description/urdf/akabot_core.xacro
-- Up-to-date: /home/aditya/Vishwakarma_awards/install/akabot_description/share/akabot_description/urdf/log
-- Up-to-date: /home/aditya/Vishwakarma_awards/install/akabot_description/share/akabot_description/urdf/log/build_2025-11-15_14-50-14
-- Installing: /home/aditya/Vishwakarma_awards/install/akabot_description/share/akabot_description/urdf/log/build_2025-11-15_14-50-14/events.log
-- Installing: /home/aditya/Vishwakarma_awards/install/akabot_description/share/akabot_description/urdf/log/build_2025-11-15_14-50-14/logger_all.log
-- Up-to-date: /home/aditya/Vishwakarma_awards/install/akabot_description/share/akabot_description/urdf/log/latest_build
-- Installing: /home/aditya/Vishwakarma_awards/install/akabot_description/share/akabot_description/urdf/log/COLCON_IGNORE
-- Up-to-date: /home/aditya/Vishwakarma_awards/install/akabot_description/share/akabot_description/urdf/log/latest
-- Installing: /home/aditya/Vishwakarma_awards/install/akabot_description/share/akabot_description/urdf/akabot.urdf.xacro
-- Installing: /home/aditya/Vishwakarma_awards/install/akabot_description/share/akabot_description/urdf/inertial_macros.xacro
-- Installing: /home/aditya/Vishwakarma_awards/install/akabot_description/share/akabot_description/urdf/akabot_tf_camera.xacro
-- Up-to-date: /home/aditya/Vishwakarma_awards/install/akabot_description/share/akabot_description/urdf/build
-- Installing: /home/aditya/Vishwakarma_awards/install/akabot_description/share/akabot_description/urdf/build/.built_by
-- Installing: /home/aditya/Vishwakarma_awards/install/akabot_description/share/akabot_description/urdf/build/COLCON_IGNORE
-- Installing: /home/aditya/Vishwakarma_awards/install/akabot_description/share/akabot_description/urdf/end_effector_camera.xacro
-- Installing: /home/aditya/Vishwakarma_awards/install/akabot_description/share/akabot_description/urdf/akabot_gz.urdf.xacro
-- Installing: /home/aditya/Vishwakarma_awards/install/akabot_description/share/akabot_description/urdf/akabot.ros2_control.xacro
-- Up-to-date: /home/aditya/Vishwakarma_awards/install/akabot_description/share/akabot_description/urdf/install
-- Installing: /home/aditya/Vishwakarma_awards/install/akabot_description/share/akabot_description/urdf/install/setup.zsh
-- Installing: /home/aditya/Vishwakarma_awards/install/akabot_description/share/akabot_description/urdf/install/_local_setup_util_sh.py
-- Installing: /home/aditya/Vishwakarma_awards/install/akabot_description/share/akabot_description/urdf/install/setup.sh
-- Installing: /home/aditya/Vishwakarma_awards/install/akabot_description/share/akabot_description/urdf/install/setup.ps1
-- Installing: /home/aditya/Vishwakarma_awards/install/akabot_description/share/akabot_description/urdf/install/_local_setup_util_ps1.py
-- Installing: /home/aditya/Vishwakarma_awards/install/akabot_description/share/akabot_description/urdf/install/local_setup.sh
-- Installing: /home/aditya/Vishwakarma_awards/install/akabot_description/share/akabot_description/urdf/install/local_setup.zsh
-- Installing: /home/aditya/Vishwakarma_awards/install/akabot_description/share/akabot_description/urdf/install/local_setup.bash
-- Installing: /home/aditya/Vishwakarma_awards/install/akabot_description/share/akabot_description/urdf/install/.colcon_install_layout
-- Installing: /home/aditya/Vishwakarma_awards/install/akabot_description/share/akabot_description/urdf/install/COLCON_IGNORE
-- Installing: /home/aditya/Vishwakarma_awards/install/akabot_description/share/akabot_description/urdf/install/setup.bash
-- Installing: /home/aditya/Vishwakarma_awards/install/akabot_description/share/akabot_description/urdf/install/local_setup.ps1
-- Installing: /home/aditya/Vishwakarma_awards/install/akabot_description/share/akabot_description/urdf/real_cobot.urdf.xacro
-- Up-to-date: /home/aditya/Vishwakarma_awards/install/akabot_description/share/akabot_description/rviz
-- Installing: /home/aditya/Vishwakarma_awards/install/akabot_description/share/akabot_description/rviz/description.rviz
-- Installing: /home/aditya/Vishwakarma_awards/install/akabot_description/share/ament_index/resource_index/package_run_dependencies/akabot_description
-- Installing: /home/aditya/Vishwakarma_awards/install/akabot_description/share/ament_index/resource_index/parent_prefix_path/akabot_description
-- Installing: /home/aditya/Vishwakarma_awards/install/akabot_description/share/akabot_description/environment/ament_prefix_path.sh
-- Installing: /home/aditya/Vishwakarma_awards/install/akabot_description/share/akabot_description/environment/ament_prefix_path.dsv
-- Installing: /home/aditya/Vishwakarma_awards/install/akabot_description/share/akabot_description/environment/path.sh
-- Installing: /home/aditya/Vishwakarma_awards/install/akabot_description/share/akabot_description/environment/path.dsv
-- Installing: /home/aditya/Vishwakarma_awards/install/akabot_description/share/akabot_description/local_setup.bash
-- Installing: /home/aditya/Vishwakarma_awards/install/akabot_description/share/akabot_description/local_setup.sh
-- Installing: /home/aditya/Vishwakarma_awards/install/akabot_description/share/akabot_description/local_setup.zsh
-- Installing: /home/aditya/Vishwakarma_awards/install/akabot_description/share/akabot_description/local_setup.dsv
-- Installing: /home/aditya/Vishwakarma_awards/install/akabot_description/share/akabot_description/package.dsv
-- Installing: /home/aditya/Vishwakarma_awards/install/akabot_description/share/ament_index/resource_index/packages/akabot_description
-- Installing: /home/aditya/Vishwakarma_awards/install/akabot_description/share/akabot_description/cmake/akabot_descriptionConfig.cmake
-- Installing: /home/aditya/Vishwakarma_awards/install/akabot_description/share/akabot_description/cmake/akabot_descriptionConfig-version.cmake
-- Installing: /home/aditya/Vishwakarma_awards/install/akabot_description/share/akabot_description/package.xml
