[0.933s] Invoking command in '/home/aditya/Vishwakarma_awards/src/akabot_control': CMAKE_PREFIX_PATH=/home/aditya/Vishwakarma_awards/install/akabot_moveit_config:/home/aditya/Vishwakarma_awards/install/akabot_description:/home/aditya/Vishwakarma_awards/install/akabot_gazebo:/home/aditya/Vishwakarma_awards/install/akabot_bringup PYTHONPATH=/home/aditya/Vishwakarma_awards/build/akabot_control/prefix_override:/usr/lib/python3/dist-packages/colcon_core/task/python/colcon_distutils_commands:/home/aditya/Vishwakarma_awards/install/akabot_control/lib/python3.10/site-packages:${PYTHONPATH} /usr/bin/python3 -W ignore:setup.py install is deprecated -W ignore:easy_install command is deprecated setup.py egg_info --egg-base ../../build/akabot_control build --build-base /home/aditya/Vishwakarma_awards/build/akabot_control/build install --record /home/aditya/Vishwakarma_awards/build/akabot_control/install.log --single-version-externally-managed install_data
[1.263s] running egg_info
[1.264s] writing ../../build/akabot_control/akabot_control.egg-info/PKG-INFO
[1.265s] writing dependency_links to ../../build/akabot_control/akabot_control.egg-info/dependency_links.txt
[1.265s] writing entry points to ../../build/akabot_control/akabot_control.egg-info/entry_points.txt
[1.265s] writing requirements to ../../build/akabot_control/akabot_control.egg-info/requires.txt
[1.265s] writing top-level names to ../../build/akabot_control/akabot_control.egg-info/top_level.txt
[1.267s] reading manifest file '../../build/akabot_control/akabot_control.egg-info/SOURCES.txt'
[1.269s] writing manifest file '../../build/akabot_control/akabot_control.egg-info/SOURCES.txt'
[1.269s] running build
[1.269s] running build_py
[1.270s] running install
[1.270s] running install_lib
[1.272s] running install_data
[1.273s] copying launch/final_arm.launch.py -> /home/aditya/Vishwakarma_awards/install/akabot_control/share/akabot_control/launch
[1.273s] running install_egg_info
[1.276s] removing '/home/aditya/Vishwakarma_awards/install/akabot_control/lib/python3.10/site-packages/akabot_control-1.0.0-py3.10.egg-info' (and everything under it)
[1.276s] Copying ../../build/akabot_control/akabot_control.egg-info to /home/aditya/Vishwakarma_awards/install/akabot_control/lib/python3.10/site-packages/akabot_control-1.0.0-py3.10.egg-info
[1.277s] running install_scripts
[1.324s] Installing akabot_controller script to /home/aditya/Vishwakarma_awards/install/akabot_control/lib/akabot_control
[1.325s] Installing dual_camera_picker script to /home/aditya/Vishwakarma_awards/install/akabot_control/lib/akabot_control
[1.325s] Installing interactive_control script to /home/aditya/Vishwakarma_awards/install/akabot_control/lib/akabot_control
[1.325s] Installing publish_tf script to /home/aditya/Vishwakarma_awards/install/akabot_control/lib/akabot_control
[1.325s] Installing scanning_vision_pick_place script to /home/aditya/Vishwakarma_awards/install/akabot_control/lib/akabot_control
[1.325s] Installing simple_ball_detector script to /home/aditya/Vishwakarma_awards/install/akabot_control/lib/akabot_control
[1.325s] Installing test_ee_camera script to /home/aditya/Vishwakarma_awards/install/akabot_control/lib/akabot_control
[1.325s] Installing vision_pick_place script to /home/aditya/Vishwakarma_awards/install/akabot_control/lib/akabot_control
[1.326s] writing list of installed files to '/home/aditya/Vishwakarma_awards/build/akabot_control/install.log'
[1.359s] Invoked command in '/home/aditya/Vishwakarma_awards/src/akabot_control' returned '0': CMAKE_PREFIX_PATH=/home/aditya/Vishwakarma_awards/install/akabot_moveit_config:/home/aditya/Vishwakarma_awards/install/akabot_description:/home/aditya/Vishwakarma_awards/install/akabot_gazebo:/home/aditya/Vishwakarma_awards/install/akabot_bringup PYTHONPATH=/home/aditya/Vishwakarma_awards/build/akabot_control/prefix_override:/usr/lib/python3/dist-packages/colcon_core/task/python/colcon_distutils_commands:/home/aditya/Vishwakarma_awards/install/akabot_control/lib/python3.10/site-packages:${PYTHONPATH} /usr/bin/python3 -W ignore:setup.py install is deprecated -W ignore:easy_install command is deprecated setup.py egg_info --egg-base ../../build/akabot_control build --build-base /home/aditya/Vishwakarma_awards/build/akabot_control/build install --record /home/aditya/Vishwakarma_awards/build/akabot_control/install.log --single-version-externally-managed install_data
