[0.034s] Invoking command in '/home/harshit/arm_vla_ws/build/akabot_bringup': CMAKE_PREFIX_PATH=${CMAKE_PREFIX_PATH}:/home/harshit/arm_vla_ws/install/arm_vla_pkg:/home/harshit/arm_vla_ws/install/akabot_control:/home/harshit/colcon_ws/install/eyantra_solution:/opt/ros/humble /usr/bin/cmake --build /home/harshit/arm_vla_ws/build/akabot_bringup -- -j8 -l8
[0.396s] Invoked command in '/home/harshit/arm_vla_ws/build/akabot_bringup' returned '0': CMAKE_PREFIX_PATH=${CMAKE_PREFIX_PATH}:/home/harshit/arm_vla_ws/install/arm_vla_pkg:/home/harshit/arm_vla_ws/install/akabot_control:/home/harshit/colcon_ws/install/eyantra_solution:/opt/ros/humble /usr/bin/cmake --build /home/harshit/arm_vla_ws/build/akabot_bringup -- -j8 -l8
[0.398s] Invoking command in '/home/harshit/arm_vla_ws/build/akabot_bringup': CMAKE_PREFIX_PATH=${CMAKE_PREFIX_PATH}:/home/harshit/arm_vla_ws/install/arm_vla_pkg:/home/harshit/arm_vla_ws/install/akabot_control:/home/harshit/colcon_ws/install/eyantra_solution:/opt/ros/humble /usr/bin/cmake --install /home/harshit/arm_vla_ws/build/akabot_bringup
[0.416s] -- Install configuration: ""
[0.416s] -- Up-to-date: /home/harshit/arm_vla_ws/install/akabot_bringup/share/akabot_bringup/config
[0.416s] -- Up-to-date: /home/harshit/arm_vla_ws/install/akabot_bringup/share/akabot_bringup/config/ros2_controllers.yaml
[0.416s] -- Up-to-date: /home/harshit/arm_vla_ws/install/akabot_bringup/share/ament_index/resource_index/package_run_dependencies/akabot_bringup
[0.416s] -- Up-to-date: /home/harshit/arm_vla_ws/install/akabot_bringup/share/ament_index/resource_index/parent_prefix_path/akabot_bringup
[0.416s] -- Up-to-date: /home/harshit/arm_vla_ws/install/akabot_bringup/share/akabot_bringup/environment/ament_prefix_path.sh
[0.416s] -- Up-to-date: /home/harshit/arm_vla_ws/install/akabot_bringup/share/akabot_bringup/environment/ament_prefix_path.dsv
[0.416s] -- Up-to-date: /home/harshit/arm_vla_ws/install/akabot_bringup/share/akabot_bringup/environment/path.sh
[0.417s] -- Up-to-date: /home/harshit/arm_vla_ws/install/akabot_bringup/share/akabot_bringup/environment/path.dsv
[0.417s] -- Up-to-date: /home/harshit/arm_vla_ws/install/akabot_bringup/share/akabot_bringup/local_setup.bash
[0.417s] -- Up-to-date: /home/harshit/arm_vla_ws/install/akabot_bringup/share/akabot_bringup/local_setup.sh
[0.417s] -- Up-to-date: /home/harshit/arm_vla_ws/install/akabot_bringup/share/akabot_bringup/local_setup.zsh
[0.417s] -- Up-to-date: /home/harshit/arm_vla_ws/install/akabot_bringup/share/akabot_bringup/local_setup.dsv
[0.417s] -- Up-to-date: /home/harshit/arm_vla_ws/install/akabot_bringup/share/akabot_bringup/package.dsv
[0.417s] -- Up-to-date: /home/harshit/arm_vla_ws/install/akabot_bringup/share/ament_index/resource_index/packages/akabot_bringup
[0.417s] -- Up-to-date: /home/harshit/arm_vla_ws/install/akabot_bringup/share/akabot_bringup/cmake/akabot_bringupConfig.cmake
[0.417s] -- Up-to-date: /home/harshit/arm_vla_ws/install/akabot_bringup/share/akabot_bringup/cmake/akabot_bringupConfig-version.cmake
[0.418s] -- Up-to-date: /home/harshit/arm_vla_ws/install/akabot_bringup/share/akabot_bringup/package.xml
[0.463s] Invoked command in '/home/harshit/arm_vla_ws/build/akabot_bringup' returned '0': CMAKE_PREFIX_PATH=${CMAKE_PREFIX_PATH}:/home/harshit/arm_vla_ws/install/arm_vla_pkg:/home/harshit/arm_vla_ws/install/akabot_control:/home/harshit/colcon_ws/install/eyantra_solution:/opt/ros/humble /usr/bin/cmake --install /home/harshit/arm_vla_ws/build/akabot_bringup
