[0.576s] Invoking command in '/home/harshit/arm_vla_ws/build/cobot_description': CMAKE_PREFIX_PATH=${CMAKE_PREFIX_PATH}:/home/harshit/colcon_ws/install/eyantra_solution:/opt/ros/humble /usr/bin/cmake /home/harshit/arm_vla_ws/src/cobot_description -DCMAKE_INSTALL_PREFIX=/home/harshit/arm_vla_ws/install/cobot_description
[0.725s] -- The C compiler identification is GNU 11.4.0
[0.868s] -- The CXX compiler identification is GNU 11.4.0
[0.890s] -- Detecting C compiler ABI info
[1.082s] -- Detecting C compiler ABI info - done
[1.098s] -- Check for working C compiler: /usr/bin/cc - skipped
[1.100s] -- Detecting C compile features
[1.102s] -- Detecting C compile features - done
[1.116s] -- Detecting CXX compiler ABI info
[1.322s] -- Detecting CXX compiler ABI info - done
[1.339s] -- Check for working CXX compiler: /usr/bin/c++ - skipped
[1.339s] -- Detecting CXX compile features
[1.340s] -- Detecting CXX compile features - done
[1.353s] -- Found ament_cmake: 1.3.12 (/opt/ros/humble/share/ament_cmake/cmake)
[1.785s] -- Found Python3: /usr/bin/python3 (found version "3.10.12") found components: Interpreter 
[2.133s] -- Found urdf: 2.6.1 (/opt/ros/humble/share/urdf/cmake)
[2.466s] -- Configuring done
[2.473s] -- Generating done
[2.477s] -- Build files have been written to: /home/harshit/arm_vla_ws/build/cobot_description
[2.496s] Invoked command in '/home/harshit/arm_vla_ws/build/cobot_description' returned '0': CMAKE_PREFIX_PATH=${CMAKE_PREFIX_PATH}:/home/harshit/colcon_ws/install/eyantra_solution:/opt/ros/humble /usr/bin/cmake /home/harshit/arm_vla_ws/src/cobot_description -DCMAKE_INSTALL_PREFIX=/home/harshit/arm_vla_ws/install/cobot_description
[2.498s] Invoking command in '/home/harshit/arm_vla_ws/build/cobot_description': CMAKE_PREFIX_PATH=${CMAKE_PREFIX_PATH}:/home/harshit/colcon_ws/install/eyantra_solution:/opt/ros/humble /usr/bin/cmake --build /home/harshit/arm_vla_ws/build/cobot_description -- -j8 -l8
[2.609s] Invoked command in '/home/harshit/arm_vla_ws/build/cobot_description' returned '0': CMAKE_PREFIX_PATH=${CMAKE_PREFIX_PATH}:/home/harshit/colcon_ws/install/eyantra_solution:/opt/ros/humble /usr/bin/cmake --build /home/harshit/arm_vla_ws/build/cobot_description -- -j8 -l8
[2.628s] Invoking command in '/home/harshit/arm_vla_ws/build/cobot_description': CMAKE_PREFIX_PATH=${CMAKE_PREFIX_PATH}:/home/harshit/colcon_ws/install/eyantra_solution:/opt/ros/humble /usr/bin/cmake --install /home/harshit/arm_vla_ws/build/cobot_description
[2.645s] -- Install configuration: ""
[2.645s] -- Installing: /home/harshit/arm_vla_ws/install/cobot_description/share/cobot_description/config
[2.645s] -- Installing: /home/harshit/arm_vla_ws/install/cobot_description/share/cobot_description/config/initial_positions.yaml
[2.647s] -- Installing: /home/harshit/arm_vla_ws/install/cobot_description/share/cobot_description/launch
[2.647s] -- Installing: /home/harshit/arm_vla_ws/install/cobot_description/share/cobot_description/launch/description_launch.py
[2.647s] -- Installing: /home/harshit/arm_vla_ws/install/cobot_description/share/cobot_description/launch/robot_state_publisher_launch.py
[2.648s] -- Installing: /home/harshit/arm_vla_ws/install/cobot_description/share/cobot_description/meshes
[2.648s] -- Installing: /home/harshit/arm_vla_ws/install/cobot_description/share/cobot_description/meshes/lower_arm.stl
[2.649s] -- Installing: /home/harshit/arm_vla_ws/install/cobot_description/share/cobot_description/meshes/wrist.stl
[2.650s] -- Installing: /home/harshit/arm_vla_ws/install/cobot_description/share/cobot_description/meshes/left_claw.stl
[2.651s] -- Installing: /home/harshit/arm_vla_ws/install/cobot_description/share/cobot_description/meshes/claw_base.stl
[2.654s] -- Installing: /home/harshit/arm_vla_ws/install/cobot_description/share/cobot_description/meshes/right_claw.stl
[2.654s] -- Installing: /home/harshit/arm_vla_ws/install/cobot_description/share/cobot_description/meshes/base_cylinder.stl
[2.657s] -- Installing: /home/harshit/arm_vla_ws/install/cobot_description/share/cobot_description/meshes/upper_arm.stl
[2.661s] -- Installing: /home/harshit/arm_vla_ws/install/cobot_description/share/cobot_description/meshes/top_plate.stl
[2.663s] -- Installing: /home/harshit/arm_vla_ws/install/cobot_description/share/cobot_description/meshes/d415.dae
[2.670s] -- Installing: /home/harshit/arm_vla_ws/install/cobot_description/share/cobot_description/urdf
[2.670s] -- Installing: /home/harshit/arm_vla_ws/install/cobot_description/share/cobot_description/urdf/cobot.urdf.xacro
[2.670s] -- Installing: /home/harshit/arm_vla_ws/install/cobot_description/share/cobot_description/urdf/real_cobot.urdf.xacro
[2.671s] -- Installing: /home/harshit/arm_vla_ws/install/cobot_description/share/cobot_description/urdf/cobot_gz.urdf.xacro
[2.671s] -- Installing: /home/harshit/arm_vla_ws/install/cobot_description/share/cobot_description/urdf/depth_camera.xacro
[2.671s] -- Installing: /home/harshit/arm_vla_ws/install/cobot_description/share/cobot_description/urdf/cobot_core.xacro
[2.672s] -- Installing: /home/harshit/arm_vla_ws/install/cobot_description/share/cobot_description/urdf/cobot.ros2_control.xacro
[2.672s] -- Installing: /home/harshit/arm_vla_ws/install/cobot_description/share/cobot_description/urdf/inertial_macros.xacro
[2.672s] -- Installing: /home/harshit/arm_vla_ws/install/cobot_description/share/cobot_description/rviz
[2.672s] -- Installing: /home/harshit/arm_vla_ws/install/cobot_description/share/cobot_description/rviz/description.rviz
[2.673s] -- Installing: /home/harshit/arm_vla_ws/install/cobot_description/share/ament_index/resource_index/package_run_dependencies/cobot_description
[2.673s] -- Installing: /home/harshit/arm_vla_ws/install/cobot_description/share/ament_index/resource_index/parent_prefix_path/cobot_description
[2.674s] -- Installing: /home/harshit/arm_vla_ws/install/cobot_description/share/cobot_description/environment/ament_prefix_path.sh
[2.674s] -- Installing: /home/harshit/arm_vla_ws/install/cobot_description/share/cobot_description/environment/ament_prefix_path.dsv
[2.674s] -- Installing: /home/harshit/arm_vla_ws/install/cobot_description/share/cobot_description/environment/path.sh
[2.674s] -- Installing: /home/harshit/arm_vla_ws/install/cobot_description/share/cobot_description/environment/path.dsv
[2.675s] -- Installing: /home/harshit/arm_vla_ws/install/cobot_description/share/cobot_description/local_setup.bash
[2.675s] -- Installing: /home/harshit/arm_vla_ws/install/cobot_description/share/cobot_description/local_setup.sh
[2.675s] -- Installing: /home/harshit/arm_vla_ws/install/cobot_description/share/cobot_description/local_setup.zsh
[2.675s] -- Installing: /home/harshit/arm_vla_ws/install/cobot_description/share/cobot_description/local_setup.dsv
[2.675s] -- Installing: /home/harshit/arm_vla_ws/install/cobot_description/share/cobot_description/package.dsv
[2.676s] -- Installing: /home/harshit/arm_vla_ws/install/cobot_description/share/ament_index/resource_index/packages/cobot_description
[2.676s] -- Installing: /home/harshit/arm_vla_ws/install/cobot_description/share/cobot_description/cmake/cobot_descriptionConfig.cmake
[2.676s] -- Installing: /home/harshit/arm_vla_ws/install/cobot_description/share/cobot_description/cmake/cobot_descriptionConfig-version.cmake
[2.677s] -- Installing: /home/harshit/arm_vla_ws/install/cobot_description/share/cobot_description/package.xml
[2.691s] Invoked command in '/home/harshit/arm_vla_ws/build/cobot_description' returned '0': CMAKE_PREFIX_PATH=${CMAKE_PREFIX_PATH}:/home/harshit/colcon_ws/install/eyantra_solution:/opt/ros/humble /usr/bin/cmake --install /home/harshit/arm_vla_ws/build/cobot_description
