[0.014s] Invoking command in '/home/harshit/arm_vla_ws/build/akabot_bringup': CMAKE_PREFIX_PATH=${CMAKE_PREFIX_PATH}:/home/harshit/arm_vla_ws/install/arm_vla_pkg:/home/harshit/arm_vla_ws/install/akabot_control:/opt/ros/humble /usr/bin/cmake /home/harshit/arm_vla_ws/src/akabot_bringup -DCMAKE_INSTALL_PREFIX=/home/harshit/arm_vla_ws/install/akabot_bringup
[0.081s] -- The C compiler identification is GNU 11.4.0
[0.142s] -- The CXX compiler identification is GNU 11.4.0
[0.150s] -- Detecting C compiler ABI info
[0.209s] -- Detecting C compiler ABI info - done
[0.217s] -- Check for working C compiler: /usr/bin/cc - skipped
[0.217s] -- Detecting C compile features
[0.218s] -- Detecting C compile features - done
[0.220s] -- Detecting CXX compiler ABI info
[0.291s] -- Detecting CXX compiler ABI info - done
[0.296s] -- Check for working CXX compiler: /usr/bin/c++ - skipped
[0.296s] -- Detecting CXX compile features
[0.297s] -- Detecting CXX compile features - done
[0.302s] -- Found ament_cmake: 1.3.12 (/opt/ros/humble/share/ament_cmake/cmake)
[0.462s] -- Found Python3: /usr/bin/python3 (found version "3.10.12") found components: Interpreter 
[0.609s] -- Configuring done
[0.613s] -- Generating done
[0.615s] -- Build files have been written to: /home/harshit/arm_vla_ws/build/akabot_bringup
[0.620s] Invoked command in '/home/harshit/arm_vla_ws/build/akabot_bringup' returned '0': CMAKE_PREFIX_PATH=${CMAKE_PREFIX_PATH}:/home/harshit/arm_vla_ws/install/arm_vla_pkg:/home/harshit/arm_vla_ws/install/akabot_control:/opt/ros/humble /usr/bin/cmake /home/harshit/arm_vla_ws/src/akabot_bringup -DCMAKE_INSTALL_PREFIX=/home/harshit/arm_vla_ws/install/akabot_bringup
[0.621s] Invoking command in '/home/harshit/arm_vla_ws/build/akabot_bringup': CMAKE_PREFIX_PATH=${CMAKE_PREFIX_PATH}:/home/harshit/arm_vla_ws/install/arm_vla_pkg:/home/harshit/arm_vla_ws/install/akabot_control:/opt/ros/humble /usr/bin/cmake --build /home/harshit/arm_vla_ws/build/akabot_bringup -- -j8 -l8
[0.660s] Invoked command in '/home/harshit/arm_vla_ws/build/akabot_bringup' returned '0': CMAKE_PREFIX_PATH=${CMAKE_PREFIX_PATH}:/home/harshit/arm_vla_ws/install/arm_vla_pkg:/home/harshit/arm_vla_ws/install/akabot_control:/opt/ros/humble /usr/bin/cmake --build /home/harshit/arm_vla_ws/build/akabot_bringup -- -j8 -l8
[0.670s] Invoking command in '/home/harshit/arm_vla_ws/build/akabot_bringup': CMAKE_PREFIX_PATH=${CMAKE_PREFIX_PATH}:/home/harshit/arm_vla_ws/install/arm_vla_pkg:/home/harshit/arm_vla_ws/install/akabot_control:/opt/ros/humble /usr/bin/cmake --install /home/harshit/arm_vla_ws/build/akabot_bringup
[0.678s] -- Install configuration: ""
[0.679s] -- Installing: /home/harshit/arm_vla_ws/install/akabot_bringup/share/akabot_bringup/config
[0.681s] -- Installing: /home/harshit/arm_vla_ws/install/akabot_bringup/share/akabot_bringup/config/ros2_controllers.yaml
[0.682s] -- Installing: /home/harshit/arm_vla_ws/install/akabot_bringup/share/ament_index/resource_index/package_run_dependencies/akabot_bringup
[0.682s] -- Installing: /home/harshit/arm_vla_ws/install/akabot_bringup/share/ament_index/resource_index/parent_prefix_path/akabot_bringup
[0.682s] -- Installing: /home/harshit/arm_vla_ws/install/akabot_bringup/share/akabot_bringup/environment/ament_prefix_path.sh
[0.682s] -- Installing: /home/harshit/arm_vla_ws/install/akabot_bringup/share/akabot_bringup/environment/ament_prefix_path.dsv
[0.682s] -- Installing: /home/harshit/arm_vla_ws/install/akabot_bringup/share/akabot_bringup/environment/path.sh
[0.683s] -- Installing: /home/harshit/arm_vla_ws/install/akabot_bringup/share/akabot_bringup/environment/path.dsv
[0.683s] -- Installing: /home/harshit/arm_vla_ws/install/akabot_bringup/share/akabot_bringup/local_setup.bash
[0.683s] -- Installing: /home/harshit/arm_vla_ws/install/akabot_bringup/share/akabot_bringup/local_setup.sh
[0.683s] -- Installing: /home/harshit/arm_vla_ws/install/akabot_bringup/share/akabot_bringup/local_setup.zsh
[0.684s] -- Installing: /home/harshit/arm_vla_ws/install/akabot_bringup/share/akabot_bringup/local_setup.dsv
[0.684s] -- Installing: /home/harshit/arm_vla_ws/install/akabot_bringup/share/akabot_bringup/package.dsv
[0.684s] -- Installing: /home/harshit/arm_vla_ws/install/akabot_bringup/share/ament_index/resource_index/packages/akabot_bringup
[0.685s] -- Installing: /home/harshit/arm_vla_ws/install/akabot_bringup/share/akabot_bringup/cmake/akabot_bringupConfig.cmake
[0.685s] -- Installing: /home/harshit/arm_vla_ws/install/akabot_bringup/share/akabot_bringup/cmake/akabot_bringupConfig-version.cmake
[0.685s] -- Installing: /home/harshit/arm_vla_ws/install/akabot_bringup/share/akabot_bringup/package.xml
[0.685s] Invoked command in '/home/harshit/arm_vla_ws/build/akabot_bringup' returned '0': CMAKE_PREFIX_PATH=${CMAKE_PREFIX_PATH}:/home/harshit/arm_vla_ws/install/arm_vla_pkg:/home/harshit/arm_vla_ws/install/akabot_control:/opt/ros/humble /usr/bin/cmake --install /home/harshit/arm_vla_ws/build/akabot_bringup
