/home/harshit/arm_vla_ws/install/akabot_control/lib/python3.10/site-packages/akabot_control/__init__.py
/home/harshit/arm_vla_ws/install/akabot_control/lib/python3.10/site-packages/akabot_control/simple_ball_detector.py
/home/harshit/arm_vla_ws/install/akabot_control/lib/python3.10/site-packages/akabot_control/publish_tf.py
/home/harshit/arm_vla_ws/install/akabot_control/lib/python3.10/site-packages/akabot_control/akabot_controller.py
/home/harshit/arm_vla_ws/install/akabot_control/lib/python3.10/site-packages/akabot_control/test_ee_camera.py
/home/harshit/arm_vla_ws/install/akabot_control/lib/python3.10/site-packages/akabot_control/interactive_control.py
/home/harshit/arm_vla_ws/install/akabot_control/lib/python3.10/site-packages/akabot_control/vision_pick_place.py
/home/harshit/arm_vla_ws/install/akabot_control/lib/python3.10/site-packages/akabot_control/scanning_vision_pick_place.py
/home/harshit/arm_vla_ws/install/akabot_control/lib/python3.10/site-packages/akabot_control/dual_camera_picker.py
/home/harshit/arm_vla_ws/install/akabot_control/lib/python3.10/site-packages/akabot_control/__pycache__/__init__.cpython-310.pyc
/home/harshit/arm_vla_ws/install/akabot_control/lib/python3.10/site-packages/akabot_control/__pycache__/simple_ball_detector.cpython-310.pyc
/home/harshit/arm_vla_ws/install/akabot_control/lib/python3.10/site-packages/akabot_control/__pycache__/publish_tf.cpython-310.pyc
/home/harshit/arm_vla_ws/install/akabot_control/lib/python3.10/site-packages/akabot_control/__pycache__/akabot_controller.cpython-310.pyc
/home/harshit/arm_vla_ws/install/akabot_control/lib/python3.10/site-packages/akabot_control/__pycache__/test_ee_camera.cpython-310.pyc
/home/harshit/arm_vla_ws/install/akabot_control/lib/python3.10/site-packages/akabot_control/__pycache__/interactive_control.cpython-310.pyc
/home/harshit/arm_vla_ws/install/akabot_control/lib/python3.10/site-packages/akabot_control/__pycache__/vision_pick_place.cpython-310.pyc
/home/harshit/arm_vla_ws/install/akabot_control/lib/python3.10/site-packages/akabot_control/__pycache__/scanning_vision_pick_place.cpython-310.pyc
/home/harshit/arm_vla_ws/install/akabot_control/lib/python3.10/site-packages/akabot_control/__pycache__/dual_camera_picker.cpython-310.pyc
/home/harshit/arm_vla_ws/install/akabot_control/share/ament_index/resource_index/packages/akabot_control
/home/harshit/arm_vla_ws/install/akabot_control/share/akabot_control/package.xml
/home/harshit/arm_vla_ws/install/akabot_control/share/akabot_control/launch/vision_pick_place.launch.py
/home/harshit/arm_vla_ws/install/akabot_control/share/akabot_control/launch/control.launch.py
/home/harshit/arm_vla_ws/install/akabot_control/share/akabot_control/launch/final_arm.launch.py
/home/harshit/arm_vla_ws/install/akabot_control/share/akabot_control/launch/dual_camera.launch.py
/home/harshit/arm_vla_ws/install/akabot_control/share/akabot_control/launch/scanning_vision_pick_place.launch.py
/home/harshit/arm_vla_ws/install/akabot_control/share/akabot_control/launch/gazebo_control.launch.py
/home/harshit/arm_vla_ws/install/akabot_control/share/akabot_control/launch/test_camera.launch.py
/home/harshit/arm_vla_ws/install/akabot_control/share/akabot_control/launch/system.launch.py
/home/harshit/arm_vla_ws/install/akabot_control/share/akabot_control/launch/demo.launch.py
/home/harshit/arm_vla_ws/install/akabot_control/share/akabot_control/config/controller_params.yaml
/home/harshit/arm_vla_ws/install/akabot_control/share/akabot_control/scripts/test_poses.py
/home/harshit/arm_vla_ws/install/akabot_control/lib/python3.10/site-packages/akabot_control-1.0.0-py3.10.egg-info/SOURCES.txt
/home/harshit/arm_vla_ws/install/akabot_control/lib/python3.10/site-packages/akabot_control-1.0.0-py3.10.egg-info/requires.txt
/home/harshit/arm_vla_ws/install/akabot_control/lib/python3.10/site-packages/akabot_control-1.0.0-py3.10.egg-info/entry_points.txt
/home/harshit/arm_vla_ws/install/akabot_control/lib/python3.10/site-packages/akabot_control-1.0.0-py3.10.egg-info/PKG-INFO
/home/harshit/arm_vla_ws/install/akabot_control/lib/python3.10/site-packages/akabot_control-1.0.0-py3.10.egg-info/zip-safe
/home/harshit/arm_vla_ws/install/akabot_control/lib/python3.10/site-packages/akabot_control-1.0.0-py3.10.egg-info/dependency_links.txt
/home/harshit/arm_vla_ws/install/akabot_control/lib/python3.10/site-packages/akabot_control-1.0.0-py3.10.egg-info/top_level.txt
/home/harshit/arm_vla_ws/install/akabot_control/lib/akabot_control/akabot_controller
/home/harshit/arm_vla_ws/install/akabot_control/lib/akabot_control/dual_camera_picker
/home/harshit/arm_vla_ws/install/akabot_control/lib/akabot_control/interactive_control
/home/harshit/arm_vla_ws/install/akabot_control/lib/akabot_control/publish_tf
/home/harshit/arm_vla_ws/install/akabot_control/lib/akabot_control/scanning_vision_pick_place
/home/harshit/arm_vla_ws/install/akabot_control/lib/akabot_control/simple_ball_detector
/home/harshit/arm_vla_ws/install/akabot_control/lib/akabot_control/test_ee_camera
/home/harshit/arm_vla_ws/install/akabot_control/lib/akabot_control/vision_pick_place
