[0.023s] Invoking command in '/home/aditya/Vishwakarma_awards/build/akabot_description': CMAKE_PREFIX_PATH=${CMAKE_PREFIX_PATH}:/home/aditya/Vishwakarma_awards/install/arm_vla_pkg:/home/aditya/Vishwakarma_awards/install/akabot_control:/opt/ros/humble /usr/bin/cmake --build /home/aditya/Vishwakarma_awards/build/akabot_description -- -j28 -l28
[0.465s] Invoked command in '/home/aditya/Vishwakarma_awards/build/akabot_description' returned '0': CMAKE_PREFIX_PATH=${CMAKE_PREFIX_PATH}:/home/aditya/Vishwakarma_awards/install/arm_vla_pkg:/home/aditya/Vishwakarma_awards/install/akabot_control:/opt/ros/humble /usr/bin/cmake --build /home/aditya/Vishwakarma_awards/build/akabot_description -- -j28 -l28
[0.468s] Invoking command in '/home/aditya/Vishwakarma_awards/build/akabot_description': CMAKE_PREFIX_PATH=${CMAKE_PREFIX_PATH}:/home/aditya/Vishwakarma_awards/install/arm_vla_pkg:/home/aditya/Vishwakarma_awards/install/akabot_control:/opt/ros/humble /usr/bin/cmake --install /home/aditya/Vishwakarma_awards/build/akabot_description
[0.485s] -- Install configuration: ""
[0.485s] -- Up-to-date: /home/aditya/Vishwakarma_awards/install/akabot_description/share/akabot_description/config
[0.485s] -- Up-to-date: /home/aditya/Vishwakarma_awards/install/akabot_description/share/akabot_description/config/initial_positions.yaml
[0.485s] -- Up-to-date: /home/aditya/Vishwakarma_awards/install/akabot_description/share/akabot_description/launch
[0.485s] -- Up-to-date: /home/aditya/Vishwakarma_awards/install/akabot_description/share/akabot_description/launch/description_launch.py
[0.485s] -- Up-to-date: /home/aditya/Vishwakarma_awards/install/akabot_description/share/akabot_description/launch/robot_state_publisher_launch.py
[0.485s] -- Up-to-date: /home/aditya/Vishwakarma_awards/install/akabot_description/share/akabot_description/meshes
[0.486s] -- Up-to-date: /home/aditya/Vishwakarma_awards/install/akabot_description/share/akabot_description/meshes/base_cylinder.stl
[0.486s] -- Up-to-date: /home/aditya/Vishwakarma_awards/install/akabot_description/share/akabot_description/meshes/claw_base.stl
[0.486s] -- Up-to-date: /home/aditya/Vishwakarma_awards/install/akabot_description/share/akabot_description/meshes/lower_arm.stl
[0.486s] -- Up-to-date: /home/aditya/Vishwakarma_awards/install/akabot_description/share/akabot_description/meshes/d415.dae
[0.486s] -- Up-to-date: /home/aditya/Vishwakarma_awards/install/akabot_description/share/akabot_description/meshes/right_claw.stl
[0.486s] -- Up-to-date: /home/aditya/Vishwakarma_awards/install/akabot_description/share/akabot_description/meshes/upper_arm.stl
[0.486s] -- Up-to-date: /home/aditya/Vishwakarma_awards/install/akabot_description/share/akabot_description/meshes/left_claw.stl
[0.486s] -- Up-to-date: /home/aditya/Vishwakarma_awards/install/akabot_description/share/akabot_description/meshes/top_plate.stl
[0.486s] -- Up-to-date: /home/aditya/Vishwakarma_awards/install/akabot_description/share/akabot_description/meshes/wrist.stl
[0.486s] -- Up-to-date: /home/aditya/Vishwakarma_awards/install/akabot_description/share/akabot_description/urdf
[0.486s] -- Up-to-date: /home/aditya/Vishwakarma_awards/install/akabot_description/share/akabot_description/urdf/akabot_core.xacro
[0.486s] -- Up-to-date: /home/aditya/Vishwakarma_awards/install/akabot_description/share/akabot_description/urdf/akabot.urdf.xacro
[0.487s] -- Up-to-date: /home/aditya/Vishwakarma_awards/install/akabot_description/share/akabot_description/urdf/inertial_macros.xacro
[0.487s] -- Up-to-date: /home/aditya/Vishwakarma_awards/install/akabot_description/share/akabot_description/urdf/real_akabot.urdf.xacro
[0.487s] -- Up-to-date: /home/aditya/Vishwakarma_awards/install/akabot_description/share/akabot_description/urdf/depth_camera.xacro
[0.487s] -- Up-to-date: /home/aditya/Vishwakarma_awards/install/akabot_description/share/akabot_description/urdf/end_effector_camera.xacro
[0.487s] -- Up-to-date: /home/aditya/Vishwakarma_awards/install/akabot_description/share/akabot_description/urdf/akabot_gz.urdf.xacro
[0.487s] -- Up-to-date: /home/aditya/Vishwakarma_awards/install/akabot_description/share/akabot_description/urdf/akabot.ros2_control.xacro
[0.487s] -- Up-to-date: /home/aditya/Vishwakarma_awards/install/akabot_description/share/akabot_description/rviz
[0.487s] -- Up-to-date: /home/aditya/Vishwakarma_awards/install/akabot_description/share/akabot_description/rviz/description.rviz
[0.487s] -- Up-to-date: /home/aditya/Vishwakarma_awards/install/akabot_description/share/ament_index/resource_index/package_run_dependencies/akabot_description
[0.487s] -- Up-to-date: /home/aditya/Vishwakarma_awards/install/akabot_description/share/ament_index/resource_index/parent_prefix_path/akabot_description
[0.487s] -- Up-to-date: /home/aditya/Vishwakarma_awards/install/akabot_description/share/akabot_description/environment/ament_prefix_path.sh
[0.487s] -- Up-to-date: /home/aditya/Vishwakarma_awards/install/akabot_description/share/akabot_description/environment/ament_prefix_path.dsv
[0.487s] -- Up-to-date: /home/aditya/Vishwakarma_awards/install/akabot_description/share/akabot_description/environment/path.sh
[0.487s] -- Up-to-date: /home/aditya/Vishwakarma_awards/install/akabot_description/share/akabot_description/environment/path.dsv
[0.488s] -- Up-to-date: /home/aditya/Vishwakarma_awards/install/akabot_description/share/akabot_description/local_setup.bash
[0.488s] -- Up-to-date: /home/aditya/Vishwakarma_awards/install/akabot_description/share/akabot_description/local_setup.sh
[0.488s] -- Up-to-date: /home/aditya/Vishwakarma_awards/install/akabot_description/share/akabot_description/local_setup.zsh
[0.488s] -- Up-to-date: /home/aditya/Vishwakarma_awards/install/akabot_description/share/akabot_description/local_setup.dsv
[0.488s] -- Installing: /home/aditya/Vishwakarma_awards/install/akabot_description/share/akabot_description/package.dsv
[0.488s] -- Up-to-date: /home/aditya/Vishwakarma_awards/install/akabot_description/share/ament_index/resource_index/packages/akabot_description
[0.488s] -- Up-to-date: /home/aditya/Vishwakarma_awards/install/akabot_description/share/akabot_description/cmake/akabot_descriptionConfig.cmake
[0.488s] -- Up-to-date: /home/aditya/Vishwakarma_awards/install/akabot_description/share/akabot_description/cmake/akabot_descriptionConfig-version.cmake
[0.488s] -- Up-to-date: /home/aditya/Vishwakarma_awards/install/akabot_description/share/akabot_description/package.xml
[0.530s] Invoked command in '/home/aditya/Vishwakarma_awards/build/akabot_description' returned '0': CMAKE_PREFIX_PATH=${CMAKE_PREFIX_PATH}:/home/aditya/Vishwakarma_awards/install/arm_vla_pkg:/home/aditya/Vishwakarma_awards/install/akabot_control:/opt/ros/humble /usr/bin/cmake --install /home/aditya/Vishwakarma_awards/build/akabot_description
