[0.107s] DEBUG:colcon:Command line arguments: ['/usr/bin/colcon', 'build']
[0.107s] DEBUG:colcon:Parsed command line arguments: Namespace(log_base=None, log_level=None, verb_name='build', build_base='build', install_base='install', merge_install=False, symlink_install=False, test_result_base=None, continue_on_error=False, executor='parallel', parallel_workers=28, event_handlers=None, ignore_user_meta=False, metas=['./colcon.meta'], base_paths=['.'], packages_ignore=None, packages_ignore_regex=None, paths=None, packages_up_to=None, packages_up_to_regex=None, packages_above=None, packages_above_and_dependencies=None, packages_above_depth=None, packages_select_by_dep=None, packages_skip_by_dep=None, packages_skip_up_to=None, packages_select_build_failed=False, packages_skip_build_finished=False, packages_select_test_failures=False, packages_skip_test_passed=False, packages_select=None, packages_skip=None, packages_select_regex=None, packages_skip_regex=None, packages_start=None, packages_end=None, allow_overriding=[], cmake_args=None, cmake_target=None, cmake_target_skip_unavailable=False, cmake_clean_cache=False, cmake_clean_first=False, cmake_force_configure=False, ament_cmake_args=None, catkin_cmake_args=None, catkin_skip_building_tests=False, mixin_files=None, mixin=None, verb_parser=<colcon_mixin.mixin.mixin_argument.MixinArgumentDecorator object at 0x7c218d8665f0>, verb_extension=<colcon_core.verb.build.BuildVerb object at 0x7c218d866020>, main=<bound method BuildVerb.main of <colcon_core.verb.build.BuildVerb object at 0x7c218d866020>>, mixin_verb=('build',))
[0.256s] Level 1:colcon.colcon_core.package_discovery:discover_packages(colcon_meta) check parameters
[0.257s] Level 1:colcon.colcon_core.package_discovery:discover_packages(recursive) check parameters
[0.257s] Level 1:colcon.colcon_core.package_discovery:discover_packages(ignore) check parameters
[0.257s] Level 1:colcon.colcon_core.package_discovery:discover_packages(path) check parameters
[0.257s] Level 1:colcon.colcon_core.package_discovery:discover_packages(colcon_meta) discover
[0.257s] Level 1:colcon.colcon_core.package_discovery:discover_packages(recursive) discover
[0.257s] INFO:colcon.colcon_core.package_discovery:Crawling recursively for packages in '/home/aditya/Vishwakarma_awards'
[0.257s] Level 1:colcon.colcon_core.package_identification:_identify(.) by extensions ['ignore', 'ignore_ament_install']
[0.257s] Level 1:colcon.colcon_core.package_identification:_identify(.) by extension 'ignore'
[0.257s] Level 1:colcon.colcon_core.package_identification:_identify(.) by extension 'ignore_ament_install'
[0.257s] Level 1:colcon.colcon_core.package_identification:_identify(.) by extensions ['colcon_pkg']
[0.257s] Level 1:colcon.colcon_core.package_identification:_identify(.) by extension 'colcon_pkg'
[0.257s] Level 1:colcon.colcon_core.package_identification:_identify(.) by extensions ['colcon_meta']
[0.257s] Level 1:colcon.colcon_core.package_identification:_identify(.) by extension 'colcon_meta'
[0.257s] Level 1:colcon.colcon_core.package_identification:_identify(.) by extensions ['ros']
[0.257s] Level 1:colcon.colcon_core.package_identification:_identify(.) by extension 'ros'
[0.268s] Level 1:colcon.colcon_core.package_identification:_identify(.) by extensions ['cmake', 'python']
[0.268s] Level 1:colcon.colcon_core.package_identification:_identify(.) by extension 'cmake'
[0.268s] Level 1:colcon.colcon_core.package_identification:_identify(.) by extension 'python'
[0.268s] Level 1:colcon.colcon_core.package_identification:_identify(.) by extensions ['python_setup_py']
[0.268s] Level 1:colcon.colcon_core.package_identification:_identify(.) by extension 'python_setup_py'
[0.268s] Level 1:colcon.colcon_core.package_identification:_identify(build) by extensions ['ignore', 'ignore_ament_install']
[0.268s] Level 1:colcon.colcon_core.package_identification:_identify(build) by extension 'ignore'
[0.268s] Level 1:colcon.colcon_core.package_identification:_identify(build) ignored
[0.268s] Level 1:colcon.colcon_core.package_identification:_identify(install) by extensions ['ignore', 'ignore_ament_install']
[0.269s] Level 1:colcon.colcon_core.package_identification:_identify(install) by extension 'ignore'
[0.269s] Level 1:colcon.colcon_core.package_identification:_identify(install) ignored
[0.269s] Level 1:colcon.colcon_core.package_identification:_identify(log) by extensions ['ignore', 'ignore_ament_install']
[0.269s] Level 1:colcon.colcon_core.package_identification:_identify(log) by extension 'ignore'
[0.269s] Level 1:colcon.colcon_core.package_identification:_identify(log) ignored
[0.269s] Level 1:colcon.colcon_core.package_identification:_identify(modelfiles) by extensions ['ignore', 'ignore_ament_install']
[0.269s] Level 1:colcon.colcon_core.package_identification:_identify(modelfiles) by extension 'ignore'
[0.269s] Level 1:colcon.colcon_core.package_identification:_identify(modelfiles) by extension 'ignore_ament_install'
[0.269s] Level 1:colcon.colcon_core.package_identification:_identify(modelfiles) by extensions ['colcon_pkg']
[0.269s] Level 1:colcon.colcon_core.package_identification:_identify(modelfiles) by extension 'colcon_pkg'
[0.269s] Level 1:colcon.colcon_core.package_identification:_identify(modelfiles) by extensions ['colcon_meta']
[0.269s] Level 1:colcon.colcon_core.package_identification:_identify(modelfiles) by extension 'colcon_meta'
[0.269s] Level 1:colcon.colcon_core.package_identification:_identify(modelfiles) by extensions ['ros']
[0.269s] Level 1:colcon.colcon_core.package_identification:_identify(modelfiles) by extension 'ros'
[0.269s] Level 1:colcon.colcon_core.package_identification:_identify(modelfiles) by extensions ['cmake', 'python']
[0.269s] Level 1:colcon.colcon_core.package_identification:_identify(modelfiles) by extension 'cmake'
[0.269s] Level 1:colcon.colcon_core.package_identification:_identify(modelfiles) by extension 'python'
[0.269s] Level 1:colcon.colcon_core.package_identification:_identify(modelfiles) by extensions ['python_setup_py']
[0.269s] Level 1:colcon.colcon_core.package_identification:_identify(modelfiles) by extension 'python_setup_py'
[0.269s] Level 1:colcon.colcon_core.package_identification:_identify(src) by extensions ['ignore', 'ignore_ament_install']
[0.269s] Level 1:colcon.colcon_core.package_identification:_identify(src) by extension 'ignore'
[0.270s] Level 1:colcon.colcon_core.package_identification:_identify(src) by extension 'ignore_ament_install'
[0.270s] Level 1:colcon.colcon_core.package_identification:_identify(src) by extensions ['colcon_pkg']
[0.270s] Level 1:colcon.colcon_core.package_identification:_identify(src) by extension 'colcon_pkg'
[0.270s] Level 1:colcon.colcon_core.package_identification:_identify(src) by extensions ['colcon_meta']
[0.270s] Level 1:colcon.colcon_core.package_identification:_identify(src) by extension 'colcon_meta'
[0.270s] Level 1:colcon.colcon_core.package_identification:_identify(src) by extensions ['ros']
[0.270s] Level 1:colcon.colcon_core.package_identification:_identify(src) by extension 'ros'
[0.270s] Level 1:colcon.colcon_core.package_identification:_identify(src) by extensions ['cmake', 'python']
[0.270s] Level 1:colcon.colcon_core.package_identification:_identify(src) by extension 'cmake'
[0.270s] Level 1:colcon.colcon_core.package_identification:_identify(src) by extension 'python'
[0.270s] Level 1:colcon.colcon_core.package_identification:_identify(src) by extensions ['python_setup_py']
[0.270s] Level 1:colcon.colcon_core.package_identification:_identify(src) by extension 'python_setup_py'
[0.270s] Level 1:colcon.colcon_core.package_identification:_identify(src/akabot_bringup) by extensions ['ignore', 'ignore_ament_install']
[0.270s] Level 1:colcon.colcon_core.package_identification:_identify(src/akabot_bringup) by extension 'ignore'
[0.270s] Level 1:colcon.colcon_core.package_identification:_identify(src/akabot_bringup) by extension 'ignore_ament_install'
[0.270s] Level 1:colcon.colcon_core.package_identification:_identify(src/akabot_bringup) by extensions ['colcon_pkg']
[0.270s] Level 1:colcon.colcon_core.package_identification:_identify(src/akabot_bringup) by extension 'colcon_pkg'
[0.270s] Level 1:colcon.colcon_core.package_identification:_identify(src/akabot_bringup) by extensions ['colcon_meta']
[0.270s] Level 1:colcon.colcon_core.package_identification:_identify(src/akabot_bringup) by extension 'colcon_meta'
[0.270s] Level 1:colcon.colcon_core.package_identification:_identify(src/akabot_bringup) by extensions ['ros']
[0.270s] Level 1:colcon.colcon_core.package_identification:_identify(src/akabot_bringup) by extension 'ros'
[0.273s] DEBUG:colcon.colcon_core.package_identification:Package 'src/akabot_bringup' with type 'ros.ament_cmake' and name 'akabot_bringup'
[0.273s] Level 1:colcon.colcon_core.package_identification:_identify(src/akabot_control) by extensions ['ignore', 'ignore_ament_install']
[0.273s] Level 1:colcon.colcon_core.package_identification:_identify(src/akabot_control) by extension 'ignore'
[0.273s] Level 1:colcon.colcon_core.package_identification:_identify(src/akabot_control) by extension 'ignore_ament_install'
[0.273s] Level 1:colcon.colcon_core.package_identification:_identify(src/akabot_control) by extensions ['colcon_pkg']
[0.273s] Level 1:colcon.colcon_core.package_identification:_identify(src/akabot_control) by extension 'colcon_pkg'
[0.273s] Level 1:colcon.colcon_core.package_identification:_identify(src/akabot_control) by extensions ['colcon_meta']
[0.273s] Level 1:colcon.colcon_core.package_identification:_identify(src/akabot_control) by extension 'colcon_meta'
[0.273s] Level 1:colcon.colcon_core.package_identification:_identify(src/akabot_control) by extensions ['ros']
[0.273s] Level 1:colcon.colcon_core.package_identification:_identify(src/akabot_control) by extension 'ros'
[0.275s] DEBUG:colcon.colcon_core.package_identification:Package 'src/akabot_control' with type 'ros.ament_python' and name 'akabot_control'
[0.275s] Level 1:colcon.colcon_core.package_identification:_identify(src/akabot_description) by extensions ['ignore', 'ignore_ament_install']
[0.275s] Level 1:colcon.colcon_core.package_identification:_identify(src/akabot_description) by extension 'ignore'
[0.275s] Level 1:colcon.colcon_core.package_identification:_identify(src/akabot_description) by extension 'ignore_ament_install'
[0.275s] Level 1:colcon.colcon_core.package_identification:_identify(src/akabot_description) by extensions ['colcon_pkg']
[0.275s] Level 1:colcon.colcon_core.package_identification:_identify(src/akabot_description) by extension 'colcon_pkg'
[0.275s] Level 1:colcon.colcon_core.package_identification:_identify(src/akabot_description) by extensions ['colcon_meta']
[0.275s] Level 1:colcon.colcon_core.package_identification:_identify(src/akabot_description) by extension 'colcon_meta'
[0.275s] Level 1:colcon.colcon_core.package_identification:_identify(src/akabot_description) by extensions ['ros']
[0.275s] Level 1:colcon.colcon_core.package_identification:_identify(src/akabot_description) by extension 'ros'
[0.276s] DEBUG:colcon.colcon_core.package_identification:Package 'src/akabot_description' with type 'ros.ament_cmake' and name 'akabot_description'
[0.276s] Level 1:colcon.colcon_core.package_identification:_identify(src/akabot_gazebo) by extensions ['ignore', 'ignore_ament_install']
[0.276s] Level 1:colcon.colcon_core.package_identification:_identify(src/akabot_gazebo) by extension 'ignore'
[0.276s] Level 1:colcon.colcon_core.package_identification:_identify(src/akabot_gazebo) by extension 'ignore_ament_install'
[0.276s] Level 1:colcon.colcon_core.package_identification:_identify(src/akabot_gazebo) by extensions ['colcon_pkg']
[0.276s] Level 1:colcon.colcon_core.package_identification:_identify(src/akabot_gazebo) by extension 'colcon_pkg'
[0.276s] Level 1:colcon.colcon_core.package_identification:_identify(src/akabot_gazebo) by extensions ['colcon_meta']
[0.276s] Level 1:colcon.colcon_core.package_identification:_identify(src/akabot_gazebo) by extension 'colcon_meta'
[0.276s] Level 1:colcon.colcon_core.package_identification:_identify(src/akabot_gazebo) by extensions ['ros']
[0.277s] Level 1:colcon.colcon_core.package_identification:_identify(src/akabot_gazebo) by extension 'ros'
[0.277s] DEBUG:colcon.colcon_core.package_identification:Package 'src/akabot_gazebo' with type 'ros.ament_cmake' and name 'akabot_gazebo'
[0.277s] Level 1:colcon.colcon_core.package_identification:_identify(src/akabot_moveit_config) by extensions ['ignore', 'ignore_ament_install']
[0.278s] Level 1:colcon.colcon_core.package_identification:_identify(src/akabot_moveit_config) by extension 'ignore'
[0.278s] Level 1:colcon.colcon_core.package_identification:_identify(src/akabot_moveit_config) by extension 'ignore_ament_install'
[0.278s] Level 1:colcon.colcon_core.package_identification:_identify(src/akabot_moveit_config) by extensions ['colcon_pkg']
[0.278s] Level 1:colcon.colcon_core.package_identification:_identify(src/akabot_moveit_config) by extension 'colcon_pkg'
[0.278s] Level 1:colcon.colcon_core.package_identification:_identify(src/akabot_moveit_config) by extensions ['colcon_meta']
[0.278s] Level 1:colcon.colcon_core.package_identification:_identify(src/akabot_moveit_config) by extension 'colcon_meta'
[0.278s] Level 1:colcon.colcon_core.package_identification:_identify(src/akabot_moveit_config) by extensions ['ros']
[0.278s] Level 1:colcon.colcon_core.package_identification:_identify(src/akabot_moveit_config) by extension 'ros'
[0.279s] DEBUG:colcon.colcon_core.package_identification:Package 'src/akabot_moveit_config' with type 'ros.ament_cmake' and name 'akabot_moveit_config'
[0.279s] Level 1:colcon.colcon_core.package_identification:_identify(src/arm_vla_pkg) by extensions ['ignore', 'ignore_ament_install']
[0.279s] Level 1:colcon.colcon_core.package_identification:_identify(src/arm_vla_pkg) by extension 'ignore'
[0.279s] Level 1:colcon.colcon_core.package_identification:_identify(src/arm_vla_pkg) by extension 'ignore_ament_install'
[0.279s] Level 1:colcon.colcon_core.package_identification:_identify(src/arm_vla_pkg) by extensions ['colcon_pkg']
[0.279s] Level 1:colcon.colcon_core.package_identification:_identify(src/arm_vla_pkg) by extension 'colcon_pkg'
[0.279s] Level 1:colcon.colcon_core.package_identification:_identify(src/arm_vla_pkg) by extensions ['colcon_meta']
[0.279s] Level 1:colcon.colcon_core.package_identification:_identify(src/arm_vla_pkg) by extension 'colcon_meta'
[0.279s] Level 1:colcon.colcon_core.package_identification:_identify(src/arm_vla_pkg) by extensions ['ros']
[0.279s] Level 1:colcon.colcon_core.package_identification:_identify(src/arm_vla_pkg) by extension 'ros'
[0.280s] DEBUG:colcon.colcon_core.package_identification:Package 'src/arm_vla_pkg' with type 'ros.ament_python' and name 'arm_vla_pkg'
[0.280s] Level 1:colcon.colcon_core.package_discovery:discover_packages(recursive) using defaults
[0.280s] Level 1:colcon.colcon_core.package_discovery:discover_packages(ignore) discover
[0.280s] Level 1:colcon.colcon_core.package_discovery:discover_packages(ignore) using defaults
[0.280s] Level 1:colcon.colcon_core.package_discovery:discover_packages(path) discover
[0.280s] Level 1:colcon.colcon_core.package_discovery:discover_packages(path) using defaults
[0.316s] Level 1:colcon.colcon_core.package_discovery:discover_packages(prefix_path) check parameters
[0.316s] Level 1:colcon.colcon_core.package_discovery:discover_packages(prefix_path) discover
[0.318s] DEBUG:colcon.colcon_installed_package_information.package_discovery:Found 6 installed packages in /home/aditya/Vishwakarma_awards/install
[0.320s] DEBUG:colcon.colcon_installed_package_information.package_discovery:Found 375 installed packages in /opt/ros/humble
[0.322s] Level 1:colcon.colcon_core.package_discovery:discover_packages(prefix_path) using defaults
[0.365s] Level 5:colcon.colcon_core.verb:set package 'akabot_bringup' build argument 'cmake_args' from command line to 'None'
[0.365s] Level 5:colcon.colcon_core.verb:set package 'akabot_bringup' build argument 'cmake_target' from command line to 'None'
[0.365s] Level 5:colcon.colcon_core.verb:set package 'akabot_bringup' build argument 'cmake_target_skip_unavailable' from command line to 'False'
[0.365s] Level 5:colcon.colcon_core.verb:set package 'akabot_bringup' build argument 'cmake_clean_cache' from command line to 'False'
[0.365s] Level 5:colcon.colcon_core.verb:set package 'akabot_bringup' build argument 'cmake_clean_first' from command line to 'False'
[0.365s] Level 5:colcon.colcon_core.verb:set package 'akabot_bringup' build argument 'cmake_force_configure' from command line to 'False'
[0.365s] Level 5:colcon.colcon_core.verb:set package 'akabot_bringup' build argument 'ament_cmake_args' from command line to 'None'
[0.365s] Level 5:colcon.colcon_core.verb:set package 'akabot_bringup' build argument 'catkin_cmake_args' from command line to 'None'
[0.365s] Level 5:colcon.colcon_core.verb:set package 'akabot_bringup' build argument 'catkin_skip_building_tests' from command line to 'False'
[0.365s] DEBUG:colcon.colcon_core.verb:Building package 'akabot_bringup' with the following arguments: {'ament_cmake_args': None, 'build_base': '/home/aditya/Vishwakarma_awards/build/akabot_bringup', 'catkin_cmake_args': None, 'catkin_skip_building_tests': False, 'cmake_args': None, 'cmake_clean_cache': False, 'cmake_clean_first': False, 'cmake_force_configure': False, 'cmake_target': None, 'cmake_target_skip_unavailable': False, 'install_base': '/home/aditya/Vishwakarma_awards/install/akabot_bringup', 'merge_install': False, 'path': '/home/aditya/Vishwakarma_awards/src/akabot_bringup', 'symlink_install': False, 'test_result_base': None}
[0.365s] Level 5:colcon.colcon_core.verb:set package 'akabot_description' build argument 'cmake_args' from command line to 'None'
[0.365s] Level 5:colcon.colcon_core.verb:set package 'akabot_description' build argument 'cmake_target' from command line to 'None'
[0.365s] Level 5:colcon.colcon_core.verb:set package 'akabot_description' build argument 'cmake_target_skip_unavailable' from command line to 'False'
[0.365s] Level 5:colcon.colcon_core.verb:set package 'akabot_description' build argument 'cmake_clean_cache' from command line to 'False'
[0.365s] Level 5:colcon.colcon_core.verb:set package 'akabot_description' build argument 'cmake_clean_first' from command line to 'False'
[0.365s] Level 5:colcon.colcon_core.verb:set package 'akabot_description' build argument 'cmake_force_configure' from command line to 'False'
[0.365s] Level 5:colcon.colcon_core.verb:set package 'akabot_description' build argument 'ament_cmake_args' from command line to 'None'
[0.365s] Level 5:colcon.colcon_core.verb:set package 'akabot_description' build argument 'catkin_cmake_args' from command line to 'None'
[0.365s] Level 5:colcon.colcon_core.verb:set package 'akabot_description' build argument 'catkin_skip_building_tests' from command line to 'False'
[0.365s] DEBUG:colcon.colcon_core.verb:Building package 'akabot_description' with the following arguments: {'ament_cmake_args': None, 'build_base': '/home/aditya/Vishwakarma_awards/build/akabot_description', 'catkin_cmake_args': None, 'catkin_skip_building_tests': False, 'cmake_args': None, 'cmake_clean_cache': False, 'cmake_clean_first': False, 'cmake_force_configure': False, 'cmake_target': None, 'cmake_target_skip_unavailable': False, 'install_base': '/home/aditya/Vishwakarma_awards/install/akabot_description', 'merge_install': False, 'path': '/home/aditya/Vishwakarma_awards/src/akabot_description', 'symlink_install': False, 'test_result_base': None}
[0.366s] Level 5:colcon.colcon_core.verb:set package 'akabot_gazebo' build argument 'cmake_args' from command line to 'None'
[0.366s] Level 5:colcon.colcon_core.verb:set package 'akabot_gazebo' build argument 'cmake_target' from command line to 'None'
[0.366s] Level 5:colcon.colcon_core.verb:set package 'akabot_gazebo' build argument 'cmake_target_skip_unavailable' from command line to 'False'
[0.366s] Level 5:colcon.colcon_core.verb:set package 'akabot_gazebo' build argument 'cmake_clean_cache' from command line to 'False'
[0.366s] Level 5:colcon.colcon_core.verb:set package 'akabot_gazebo' build argument 'cmake_clean_first' from command line to 'False'
[0.366s] Level 5:colcon.colcon_core.verb:set package 'akabot_gazebo' build argument 'cmake_force_configure' from command line to 'False'
[0.366s] Level 5:colcon.colcon_core.verb:set package 'akabot_gazebo' build argument 'ament_cmake_args' from command line to 'None'
[0.366s] Level 5:colcon.colcon_core.verb:set package 'akabot_gazebo' build argument 'catkin_cmake_args' from command line to 'None'
[0.366s] Level 5:colcon.colcon_core.verb:set package 'akabot_gazebo' build argument 'catkin_skip_building_tests' from command line to 'False'
[0.366s] DEBUG:colcon.colcon_core.verb:Building package 'akabot_gazebo' with the following arguments: {'ament_cmake_args': None, 'build_base': '/home/aditya/Vishwakarma_awards/build/akabot_gazebo', 'catkin_cmake_args': None, 'catkin_skip_building_tests': False, 'cmake_args': None, 'cmake_clean_cache': False, 'cmake_clean_first': False, 'cmake_force_configure': False, 'cmake_target': None, 'cmake_target_skip_unavailable': False, 'install_base': '/home/aditya/Vishwakarma_awards/install/akabot_gazebo', 'merge_install': False, 'path': '/home/aditya/Vishwakarma_awards/src/akabot_gazebo', 'symlink_install': False, 'test_result_base': None}
[0.366s] Level 5:colcon.colcon_core.verb:set package 'arm_vla_pkg' build argument 'cmake_args' from command line to 'None'
[0.366s] Level 5:colcon.colcon_core.verb:set package 'arm_vla_pkg' build argument 'cmake_target' from command line to 'None'
[0.366s] Level 5:colcon.colcon_core.verb:set package 'arm_vla_pkg' build argument 'cmake_target_skip_unavailable' from command line to 'False'
[0.366s] Level 5:colcon.colcon_core.verb:set package 'arm_vla_pkg' build argument 'cmake_clean_cache' from command line to 'False'
[0.366s] Level 5:colcon.colcon_core.verb:set package 'arm_vla_pkg' build argument 'cmake_clean_first' from command line to 'False'
[0.366s] Level 5:colcon.colcon_core.verb:set package 'arm_vla_pkg' build argument 'cmake_force_configure' from command line to 'False'
[0.366s] Level 5:colcon.colcon_core.verb:set package 'arm_vla_pkg' build argument 'ament_cmake_args' from command line to 'None'
[0.366s] Level 5:colcon.colcon_core.verb:set package 'arm_vla_pkg' build argument 'catkin_cmake_args' from command line to 'None'
[0.366s] Level 5:colcon.colcon_core.verb:set package 'arm_vla_pkg' build argument 'catkin_skip_building_tests' from command line to 'False'
[0.366s] DEBUG:colcon.colcon_core.verb:Building package 'arm_vla_pkg' with the following arguments: {'ament_cmake_args': None, 'build_base': '/home/aditya/Vishwakarma_awards/build/arm_vla_pkg', 'catkin_cmake_args': None, 'catkin_skip_building_tests': False, 'cmake_args': None, 'cmake_clean_cache': False, 'cmake_clean_first': False, 'cmake_force_configure': False, 'cmake_target': None, 'cmake_target_skip_unavailable': False, 'install_base': '/home/aditya/Vishwakarma_awards/install/arm_vla_pkg', 'merge_install': False, 'path': '/home/aditya/Vishwakarma_awards/src/arm_vla_pkg', 'symlink_install': False, 'test_result_base': None}
[0.367s] Level 5:colcon.colcon_core.verb:set package 'akabot_moveit_config' build argument 'cmake_args' from command line to 'None'
[0.367s] Level 5:colcon.colcon_core.verb:set package 'akabot_moveit_config' build argument 'cmake_target' from command line to 'None'
[0.367s] Level 5:colcon.colcon_core.verb:set package 'akabot_moveit_config' build argument 'cmake_target_skip_unavailable' from command line to 'False'
[0.367s] Level 5:colcon.colcon_core.verb:set package 'akabot_moveit_config' build argument 'cmake_clean_cache' from command line to 'False'
[0.367s] Level 5:colcon.colcon_core.verb:set package 'akabot_moveit_config' build argument 'cmake_clean_first' from command line to 'False'
[0.367s] Level 5:colcon.colcon_core.verb:set package 'akabot_moveit_config' build argument 'cmake_force_configure' from command line to 'False'
[0.367s] Level 5:colcon.colcon_core.verb:set package 'akabot_moveit_config' build argument 'ament_cmake_args' from command line to 'None'
[0.367s] Level 5:colcon.colcon_core.verb:set package 'akabot_moveit_config' build argument 'catkin_cmake_args' from command line to 'None'
[0.367s] Level 5:colcon.colcon_core.verb:set package 'akabot_moveit_config' build argument 'catkin_skip_building_tests' from command line to 'False'
[0.367s] DEBUG:colcon.colcon_core.verb:Building package 'akabot_moveit_config' with the following arguments: {'ament_cmake_args': None, 'build_base': '/home/aditya/Vishwakarma_awards/build/akabot_moveit_config', 'catkin_cmake_args': None, 'catkin_skip_building_tests': False, 'cmake_args': None, 'cmake_clean_cache': False, 'cmake_clean_first': False, 'cmake_force_configure': False, 'cmake_target': None, 'cmake_target_skip_unavailable': False, 'install_base': '/home/aditya/Vishwakarma_awards/install/akabot_moveit_config', 'merge_install': False, 'path': '/home/aditya/Vishwakarma_awards/src/akabot_moveit_config', 'symlink_install': False, 'test_result_base': None}
[0.367s] Level 5:colcon.colcon_core.verb:set package 'akabot_control' build argument 'cmake_args' from command line to 'None'
[0.367s] Level 5:colcon.colcon_core.verb:set package 'akabot_control' build argument 'cmake_target' from command line to 'None'
[0.367s] Level 5:colcon.colcon_core.verb:set package 'akabot_control' build argument 'cmake_target_skip_unavailable' from command line to 'False'
[0.367s] Level 5:colcon.colcon_core.verb:set package 'akabot_control' build argument 'cmake_clean_cache' from command line to 'False'
[0.367s] Level 5:colcon.colcon_core.verb:set package 'akabot_control' build argument 'cmake_clean_first' from command line to 'False'
[0.367s] Level 5:colcon.colcon_core.verb:set package 'akabot_control' build argument 'cmake_force_configure' from command line to 'False'
[0.367s] Level 5:colcon.colcon_core.verb:set package 'akabot_control' build argument 'ament_cmake_args' from command line to 'None'
[0.367s] Level 5:colcon.colcon_core.verb:set package 'akabot_control' build argument 'catkin_cmake_args' from command line to 'None'
[0.367s] Level 5:colcon.colcon_core.verb:set package 'akabot_control' build argument 'catkin_skip_building_tests' from command line to 'False'
[0.367s] DEBUG:colcon.colcon_core.verb:Building package 'akabot_control' with the following arguments: {'ament_cmake_args': None, 'build_base': '/home/aditya/Vishwakarma_awards/build/akabot_control', 'catkin_cmake_args': None, 'catkin_skip_building_tests': False, 'cmake_args': None, 'cmake_clean_cache': False, 'cmake_clean_first': False, 'cmake_force_configure': False, 'cmake_target': None, 'cmake_target_skip_unavailable': False, 'install_base': '/home/aditya/Vishwakarma_awards/install/akabot_control', 'merge_install': False, 'path': '/home/aditya/Vishwakarma_awards/src/akabot_control', 'symlink_install': False, 'test_result_base': None}
[0.368s] INFO:colcon.colcon_core.executor:Executing jobs using 'parallel' executor
[0.369s] DEBUG:colcon.colcon_parallel_executor.executor.parallel:run_until_complete
[0.369s] INFO:colcon.colcon_ros.task.ament_cmake.build:Building ROS package in '/home/aditya/Vishwakarma_awards/src/akabot_description' with build type 'ament_cmake'
[0.369s] INFO:colcon.colcon_cmake.task.cmake.build:Building CMake package in '/home/aditya/Vishwakarma_awards/src/akabot_description'
[0.371s] INFO:colcon.colcon_core.plugin_system:Skipping extension 'colcon_core.shell.bat': Not used on non-Windows systems
[0.371s] INFO:colcon.colcon_core.shell:Skip shell extension 'powershell' for command environment: Not usable outside of PowerShell
[0.371s] DEBUG:colcon.colcon_core.shell:Skip shell extension 'dsv' for command environment
[0.375s] INFO:colcon.colcon_ros.task.ament_cmake.build:Building ROS package in '/home/aditya/Vishwakarma_awards/src/akabot_bringup' with build type 'ament_cmake'
[0.375s] INFO:colcon.colcon_cmake.task.cmake.build:Building CMake package in '/home/aditya/Vishwakarma_awards/src/akabot_bringup'
[0.376s] INFO:colcon.colcon_core.shell:Skip shell extension 'powershell' for command environment: Not usable outside of PowerShell
[0.376s] DEBUG:colcon.colcon_core.shell:Skip shell extension 'dsv' for command environment
[0.379s] INFO:colcon.colcon_ros.task.ament_cmake.build:Building ROS package in '/home/aditya/Vishwakarma_awards/src/akabot_gazebo' with build type 'ament_cmake'
[0.379s] INFO:colcon.colcon_cmake.task.cmake.build:Building CMake package in '/home/aditya/Vishwakarma_awards/src/akabot_gazebo'
[0.379s] INFO:colcon.colcon_core.shell:Skip shell extension 'powershell' for command environment: Not usable outside of PowerShell
[0.379s] DEBUG:colcon.colcon_core.shell:Skip shell extension 'dsv' for command environment
[0.383s] INFO:colcon.colcon_ros.task.ament_python.build:Building ROS package in '/home/aditya/Vishwakarma_awards/src/arm_vla_pkg' with build type 'ament_python'
[0.383s] Level 1:colcon.colcon_core.shell:create_environment_hook('arm_vla_pkg', 'ament_prefix_path')
[0.383s] INFO:colcon.colcon_core.shell:Creating environment hook '/home/aditya/Vishwakarma_awards/install/arm_vla_pkg/share/arm_vla_pkg/hook/ament_prefix_path.ps1'
[0.384s] INFO:colcon.colcon_core.shell:Creating environment descriptor '/home/aditya/Vishwakarma_awards/install/arm_vla_pkg/share/arm_vla_pkg/hook/ament_prefix_path.dsv'
[0.385s] INFO:colcon.colcon_core.shell:Creating environment hook '/home/aditya/Vishwakarma_awards/install/arm_vla_pkg/share/arm_vla_pkg/hook/ament_prefix_path.sh'
[0.386s] INFO:colcon.colcon_core.shell:Skip shell extension 'powershell' for command environment: Not usable outside of PowerShell
[0.386s] DEBUG:colcon.colcon_core.shell:Skip shell extension 'dsv' for command environment
[0.397s] DEBUG:colcon.colcon_core.event_handler.log_command:Invoking command in '/home/aditya/Vishwakarma_awards/build/akabot_description': CMAKE_PREFIX_PATH=${CMAKE_PREFIX_PATH}:/home/aditya/Vishwakarma_awards/install/arm_vla_pkg:/home/aditya/Vishwakarma_awards/install/akabot_control:/opt/ros/humble /usr/bin/cmake --build /home/aditya/Vishwakarma_awards/build/akabot_description -- -j28 -l28
[0.399s] DEBUG:colcon.colcon_core.event_handler.log_command:Invoking command in '/home/aditya/Vishwakarma_awards/build/akabot_bringup': CMAKE_PREFIX_PATH=${CMAKE_PREFIX_PATH}:/home/aditya/Vishwakarma_awards/install/arm_vla_pkg:/home/aditya/Vishwakarma_awards/install/akabot_control:/opt/ros/humble /usr/bin/cmake --build /home/aditya/Vishwakarma_awards/build/akabot_bringup -- -j28 -l28
[0.402s] DEBUG:colcon.colcon_core.event_handler.log_command:Invoking command in '/home/aditya/Vishwakarma_awards/build/akabot_gazebo': CMAKE_PREFIX_PATH=${CMAKE_PREFIX_PATH}:/home/aditya/Vishwakarma_awards/install/arm_vla_pkg:/home/aditya/Vishwakarma_awards/install/akabot_control:/opt/ros/humble /usr/bin/cmake --build /home/aditya/Vishwakarma_awards/build/akabot_gazebo -- -j28 -l28
[0.683s] INFO:colcon.colcon_core.task.python.build:Building Python package in '/home/aditya/Vishwakarma_awards/src/arm_vla_pkg'
[0.683s] INFO:colcon.colcon_core.shell:Skip shell extension 'powershell' for command environment: Not usable outside of PowerShell
[0.683s] DEBUG:colcon.colcon_core.shell:Skip shell extension 'dsv' for command environment
[0.690s] DEBUG:colcon.colcon_core.event_handler.log_command:Invoked command in '/home/aditya/Vishwakarma_awards/build/akabot_description' returned '0': CMAKE_PREFIX_PATH=${CMAKE_PREFIX_PATH}:/home/aditya/Vishwakarma_awards/install/arm_vla_pkg:/home/aditya/Vishwakarma_awards/install/akabot_control:/opt/ros/humble /usr/bin/cmake --build /home/aditya/Vishwakarma_awards/build/akabot_description -- -j28 -l28
[0.703s] DEBUG:colcon.colcon_core.event_handler.log_command:Invoking command in '/home/aditya/Vishwakarma_awards/build/akabot_description': CMAKE_PREFIX_PATH=${CMAKE_PREFIX_PATH}:/home/aditya/Vishwakarma_awards/install/arm_vla_pkg:/home/aditya/Vishwakarma_awards/install/akabot_control:/opt/ros/humble /usr/bin/cmake --install /home/aditya/Vishwakarma_awards/build/akabot_description
[0.705s] DEBUG:colcon.colcon_core.event_handler.log_command:Invoked command in '/home/aditya/Vishwakarma_awards/build/akabot_gazebo' returned '0': CMAKE_PREFIX_PATH=${CMAKE_PREFIX_PATH}:/home/aditya/Vishwakarma_awards/install/arm_vla_pkg:/home/aditya/Vishwakarma_awards/install/akabot_control:/opt/ros/humble /usr/bin/cmake --build /home/aditya/Vishwakarma_awards/build/akabot_gazebo -- -j28 -l28
[0.706s] DEBUG:colcon.colcon_core.event_handler.log_command:Invoking command in '/home/aditya/Vishwakarma_awards/build/akabot_gazebo': CMAKE_PREFIX_PATH=${CMAKE_PREFIX_PATH}:/home/aditya/Vishwakarma_awards/install/arm_vla_pkg:/home/aditya/Vishwakarma_awards/install/akabot_control:/opt/ros/humble /usr/bin/cmake --install /home/aditya/Vishwakarma_awards/build/akabot_gazebo
[0.707s] DEBUG:colcon.colcon_core.event_handler.log_command:Invoked command in '/home/aditya/Vishwakarma_awards/build/akabot_bringup' returned '0': CMAKE_PREFIX_PATH=${CMAKE_PREFIX_PATH}:/home/aditya/Vishwakarma_awards/install/arm_vla_pkg:/home/aditya/Vishwakarma_awards/install/akabot_control:/opt/ros/humble /usr/bin/cmake --build /home/aditya/Vishwakarma_awards/build/akabot_bringup -- -j28 -l28
[0.709s] DEBUG:colcon.colcon_core.event_handler.log_command:Invoking command in '/home/aditya/Vishwakarma_awards/build/akabot_bringup': CMAKE_PREFIX_PATH=${CMAKE_PREFIX_PATH}:/home/aditya/Vishwakarma_awards/install/arm_vla_pkg:/home/aditya/Vishwakarma_awards/install/akabot_control:/opt/ros/humble /usr/bin/cmake --install /home/aditya/Vishwakarma_awards/build/akabot_bringup
[0.723s] Level 1:colcon.colcon_core.environment:create_environment_scripts_only(akabot_description)
[0.724s] DEBUG:colcon.colcon_core.event_handler.log_command:Invoked command in '/home/aditya/Vishwakarma_awards/build/akabot_description' returned '0': CMAKE_PREFIX_PATH=${CMAKE_PREFIX_PATH}:/home/aditya/Vishwakarma_awards/install/arm_vla_pkg:/home/aditya/Vishwakarma_awards/install/akabot_control:/opt/ros/humble /usr/bin/cmake --install /home/aditya/Vishwakarma_awards/build/akabot_description
[0.727s] Level 1:colcon.colcon_core.environment:checking '/home/aditya/Vishwakarma_awards/install/akabot_description' for CMake module files
[0.727s] Level 1:colcon.colcon_core.environment:checking '/home/aditya/Vishwakarma_awards/install/akabot_description' for CMake config files
[0.728s] Level 1:colcon.colcon_core.shell:create_environment_hook('akabot_description', 'cmake_prefix_path')
[0.728s] INFO:colcon.colcon_core.shell:Creating environment hook '/home/aditya/Vishwakarma_awards/install/akabot_description/share/akabot_description/hook/cmake_prefix_path.ps1'
[0.729s] INFO:colcon.colcon_core.shell:Creating environment descriptor '/home/aditya/Vishwakarma_awards/install/akabot_description/share/akabot_description/hook/cmake_prefix_path.dsv'
[0.729s] INFO:colcon.colcon_core.shell:Creating environment hook '/home/aditya/Vishwakarma_awards/install/akabot_description/share/akabot_description/hook/cmake_prefix_path.sh'
[0.730s] Level 1:colcon.colcon_core.environment:checking '/home/aditya/Vishwakarma_awards/install/akabot_description/bin'
[0.730s] Level 1:colcon.colcon_core.environment:checking '/home/aditya/Vishwakarma_awards/install/akabot_description/lib/pkgconfig/akabot_description.pc'
[0.731s] Level 1:colcon.colcon_core.environment:checking '/home/aditya/Vishwakarma_awards/install/akabot_description/lib/python3.10/site-packages'
[0.731s] Level 1:colcon.colcon_core.environment:checking '/home/aditya/Vishwakarma_awards/install/akabot_description/bin'
[0.732s] INFO:colcon.colcon_core.shell:Creating package script '/home/aditya/Vishwakarma_awards/install/akabot_description/share/akabot_description/package.ps1'
[0.733s] INFO:colcon.colcon_core.shell:Creating package descriptor '/home/aditya/Vishwakarma_awards/install/akabot_description/share/akabot_description/package.dsv'
[0.734s] INFO:colcon.colcon_core.shell:Creating package script '/home/aditya/Vishwakarma_awards/install/akabot_description/share/akabot_description/package.sh'
[0.735s] INFO:colcon.colcon_core.shell:Creating package script '/home/aditya/Vishwakarma_awards/install/akabot_description/share/akabot_description/package.bash'
[0.736s] INFO:colcon.colcon_core.shell:Creating package script '/home/aditya/Vishwakarma_awards/install/akabot_description/share/akabot_description/package.zsh'
[0.737s] Level 1:colcon.colcon_core.environment:create_file_with_runtime_dependencies(/home/aditya/Vishwakarma_awards/install/akabot_description/share/colcon-core/packages/akabot_description)
[0.738s] Level 1:colcon.colcon_core.environment:create_environment_scripts_only(akabot_description)
[0.738s] Level 1:colcon.colcon_core.environment:checking '/home/aditya/Vishwakarma_awards/install/akabot_description' for CMake module files
[0.739s] Level 1:colcon.colcon_core.environment:checking '/home/aditya/Vishwakarma_awards/install/akabot_description' for CMake config files
[0.739s] Level 1:colcon.colcon_core.shell:create_environment_hook('akabot_description', 'cmake_prefix_path')
[0.739s] INFO:colcon.colcon_core.shell:Creating environment hook '/home/aditya/Vishwakarma_awards/install/akabot_description/share/akabot_description/hook/cmake_prefix_path.ps1'
[0.740s] INFO:colcon.colcon_core.shell:Creating environment descriptor '/home/aditya/Vishwakarma_awards/install/akabot_description/share/akabot_description/hook/cmake_prefix_path.dsv'
[0.740s] INFO:colcon.colcon_core.shell:Creating environment hook '/home/aditya/Vishwakarma_awards/install/akabot_description/share/akabot_description/hook/cmake_prefix_path.sh'
[0.741s] Level 1:colcon.colcon_core.environment:checking '/home/aditya/Vishwakarma_awards/install/akabot_description/bin'
[0.741s] Level 1:colcon.colcon_core.environment:checking '/home/aditya/Vishwakarma_awards/install/akabot_description/lib/pkgconfig/akabot_description.pc'
[0.741s] Level 1:colcon.colcon_core.environment:checking '/home/aditya/Vishwakarma_awards/install/akabot_description/lib/python3.10/site-packages'
[0.742s] Level 1:colcon.colcon_core.environment:checking '/home/aditya/Vishwakarma_awards/install/akabot_description/bin'
[0.742s] INFO:colcon.colcon_core.shell:Creating package script '/home/aditya/Vishwakarma_awards/install/akabot_description/share/akabot_description/package.ps1'
[0.743s] INFO:colcon.colcon_core.shell:Creating package descriptor '/home/aditya/Vishwakarma_awards/install/akabot_description/share/akabot_description/package.dsv'
[0.743s] INFO:colcon.colcon_core.shell:Creating package script '/home/aditya/Vishwakarma_awards/install/akabot_description/share/akabot_description/package.sh'
[0.744s] INFO:colcon.colcon_core.shell:Creating package script '/home/aditya/Vishwakarma_awards/install/akabot_description/share/akabot_description/package.bash'
[0.744s] INFO:colcon.colcon_core.shell:Creating package script '/home/aditya/Vishwakarma_awards/install/akabot_description/share/akabot_description/package.zsh'
[0.745s] Level 1:colcon.colcon_core.environment:create_file_with_runtime_dependencies(/home/aditya/Vishwakarma_awards/install/akabot_description/share/colcon-core/packages/akabot_description)
[0.745s] INFO:colcon.colcon_ros.task.ament_cmake.build:Building ROS package in '/home/aditya/Vishwakarma_awards/src/akabot_moveit_config' with build type 'ament_cmake'
[0.745s] INFO:colcon.colcon_cmake.task.cmake.build:Building CMake package in '/home/aditya/Vishwakarma_awards/src/akabot_moveit_config'
[0.746s] INFO:colcon.colcon_core.shell:Skip shell extension 'powershell' for command environment: Not usable outside of PowerShell
[0.746s] DEBUG:colcon.colcon_core.shell:Skip shell extension 'dsv' for command environment
[0.754s] Level 1:colcon.colcon_core.environment:create_environment_scripts_only(akabot_gazebo)
[0.754s] Level 1:colcon.colcon_core.environment:checking '/home/aditya/Vishwakarma_awards/install/akabot_gazebo' for CMake module files
[0.755s] DEBUG:colcon.colcon_core.event_handler.log_command:Invoked command in '/home/aditya/Vishwakarma_awards/build/akabot_gazebo' returned '0': CMAKE_PREFIX_PATH=${CMAKE_PREFIX_PATH}:/home/aditya/Vishwakarma_awards/install/arm_vla_pkg:/home/aditya/Vishwakarma_awards/install/akabot_control:/opt/ros/humble /usr/bin/cmake --install /home/aditya/Vishwakarma_awards/build/akabot_gazebo
[0.756s] Level 1:colcon.colcon_core.environment:checking '/home/aditya/Vishwakarma_awards/install/akabot_gazebo' for CMake config files
[0.757s] Level 1:colcon.colcon_core.shell:create_environment_hook('akabot_gazebo', 'cmake_prefix_path')
[0.757s] INFO:colcon.colcon_core.shell:Creating environment hook '/home/aditya/Vishwakarma_awards/install/akabot_gazebo/share/akabot_gazebo/hook/cmake_prefix_path.ps1'
[0.758s] INFO:colcon.colcon_core.shell:Creating environment descriptor '/home/aditya/Vishwakarma_awards/install/akabot_gazebo/share/akabot_gazebo/hook/cmake_prefix_path.dsv'
[0.758s] INFO:colcon.colcon_core.shell:Creating environment hook '/home/aditya/Vishwakarma_awards/install/akabot_gazebo/share/akabot_gazebo/hook/cmake_prefix_path.sh'
[0.759s] Level 1:colcon.colcon_core.environment:checking '/home/aditya/Vishwakarma_awards/install/akabot_gazebo/bin'
[0.759s] Level 1:colcon.colcon_core.environment:checking '/home/aditya/Vishwakarma_awards/install/akabot_gazebo/lib/pkgconfig/akabot_gazebo.pc'
[0.760s] Level 1:colcon.colcon_core.environment:checking '/home/aditya/Vishwakarma_awards/install/akabot_gazebo/lib/python3.10/site-packages'
[0.760s] Level 1:colcon.colcon_core.environment:checking '/home/aditya/Vishwakarma_awards/install/akabot_gazebo/bin'
[0.761s] INFO:colcon.colcon_core.shell:Creating package script '/home/aditya/Vishwakarma_awards/install/akabot_gazebo/share/akabot_gazebo/package.ps1'
[0.761s] INFO:colcon.colcon_core.shell:Creating package descriptor '/home/aditya/Vishwakarma_awards/install/akabot_gazebo/share/akabot_gazebo/package.dsv'
[0.762s] INFO:colcon.colcon_core.shell:Creating package script '/home/aditya/Vishwakarma_awards/install/akabot_gazebo/share/akabot_gazebo/package.sh'
[0.762s] INFO:colcon.colcon_core.shell:Creating package script '/home/aditya/Vishwakarma_awards/install/akabot_gazebo/share/akabot_gazebo/package.bash'
[0.763s] INFO:colcon.colcon_core.shell:Creating package script '/home/aditya/Vishwakarma_awards/install/akabot_gazebo/share/akabot_gazebo/package.zsh'
[0.763s] Level 1:colcon.colcon_core.environment:create_file_with_runtime_dependencies(/home/aditya/Vishwakarma_awards/install/akabot_gazebo/share/colcon-core/packages/akabot_gazebo)
[0.764s] Level 1:colcon.colcon_core.environment:create_environment_scripts_only(akabot_gazebo)
[0.764s] Level 1:colcon.colcon_core.environment:checking '/home/aditya/Vishwakarma_awards/install/akabot_gazebo' for CMake module files
[0.765s] Level 1:colcon.colcon_core.environment:checking '/home/aditya/Vishwakarma_awards/install/akabot_gazebo' for CMake config files
[0.765s] Level 1:colcon.colcon_core.shell:create_environment_hook('akabot_gazebo', 'cmake_prefix_path')
[0.765s] INFO:colcon.colcon_core.shell:Creating environment hook '/home/aditya/Vishwakarma_awards/install/akabot_gazebo/share/akabot_gazebo/hook/cmake_prefix_path.ps1'
[0.766s] INFO:colcon.colcon_core.shell:Creating environment descriptor '/home/aditya/Vishwakarma_awards/install/akabot_gazebo/share/akabot_gazebo/hook/cmake_prefix_path.dsv'
[0.766s] INFO:colcon.colcon_core.shell:Creating environment hook '/home/aditya/Vishwakarma_awards/install/akabot_gazebo/share/akabot_gazebo/hook/cmake_prefix_path.sh'
[0.767s] Level 1:colcon.colcon_core.environment:checking '/home/aditya/Vishwakarma_awards/install/akabot_gazebo/bin'
[0.767s] Level 1:colcon.colcon_core.environment:checking '/home/aditya/Vishwakarma_awards/install/akabot_gazebo/lib/pkgconfig/akabot_gazebo.pc'
[0.767s] Level 1:colcon.colcon_core.environment:checking '/home/aditya/Vishwakarma_awards/install/akabot_gazebo/lib/python3.10/site-packages'
[0.768s] Level 1:colcon.colcon_core.environment:checking '/home/aditya/Vishwakarma_awards/install/akabot_gazebo/bin'
[0.768s] INFO:colcon.colcon_core.shell:Creating package script '/home/aditya/Vishwakarma_awards/install/akabot_gazebo/share/akabot_gazebo/package.ps1'
[0.769s] INFO:colcon.colcon_core.shell:Creating package descriptor '/home/aditya/Vishwakarma_awards/install/akabot_gazebo/share/akabot_gazebo/package.dsv'
[0.771s] INFO:colcon.colcon_core.shell:Creating package script '/home/aditya/Vishwakarma_awards/install/akabot_gazebo/share/akabot_gazebo/package.sh'
[0.771s] INFO:colcon.colcon_core.shell:Creating package script '/home/aditya/Vishwakarma_awards/install/akabot_gazebo/share/akabot_gazebo/package.bash'
[0.772s] INFO:colcon.colcon_core.shell:Creating package script '/home/aditya/Vishwakarma_awards/install/akabot_gazebo/share/akabot_gazebo/package.zsh'
[0.773s] Level 1:colcon.colcon_core.environment:create_file_with_runtime_dependencies(/home/aditya/Vishwakarma_awards/install/akabot_gazebo/share/colcon-core/packages/akabot_gazebo)
[0.773s] Level 1:colcon.colcon_core.environment:create_environment_scripts_only(akabot_bringup)
[0.774s] Level 1:colcon.colcon_core.environment:checking '/home/aditya/Vishwakarma_awards/install/akabot_bringup' for CMake module files
[0.776s] DEBUG:colcon.colcon_core.event_handler.log_command:Invoked command in '/home/aditya/Vishwakarma_awards/build/akabot_bringup' returned '0': CMAKE_PREFIX_PATH=${CMAKE_PREFIX_PATH}:/home/aditya/Vishwakarma_awards/install/arm_vla_pkg:/home/aditya/Vishwakarma_awards/install/akabot_control:/opt/ros/humble /usr/bin/cmake --install /home/aditya/Vishwakarma_awards/build/akabot_bringup
[0.776s] Level 1:colcon.colcon_core.environment:checking '/home/aditya/Vishwakarma_awards/install/akabot_bringup' for CMake config files
[0.777s] Level 1:colcon.colcon_core.shell:create_environment_hook('akabot_bringup', 'cmake_prefix_path')
[0.777s] INFO:colcon.colcon_core.shell:Creating environment hook '/home/aditya/Vishwakarma_awards/install/akabot_bringup/share/akabot_bringup/hook/cmake_prefix_path.ps1'
[0.778s] INFO:colcon.colcon_core.shell:Creating environment descriptor '/home/aditya/Vishwakarma_awards/install/akabot_bringup/share/akabot_bringup/hook/cmake_prefix_path.dsv'
[0.778s] INFO:colcon.colcon_core.shell:Creating environment hook '/home/aditya/Vishwakarma_awards/install/akabot_bringup/share/akabot_bringup/hook/cmake_prefix_path.sh'
[0.779s] Level 1:colcon.colcon_core.environment:checking '/home/aditya/Vishwakarma_awards/install/akabot_bringup/bin'
[0.779s] Level 1:colcon.colcon_core.environment:checking '/home/aditya/Vishwakarma_awards/install/akabot_bringup/lib/pkgconfig/akabot_bringup.pc'
[0.780s] Level 1:colcon.colcon_core.environment:checking '/home/aditya/Vishwakarma_awards/install/akabot_bringup/lib/python3.10/site-packages'
[0.780s] Level 1:colcon.colcon_core.environment:checking '/home/aditya/Vishwakarma_awards/install/akabot_bringup/bin'
[0.781s] INFO:colcon.colcon_core.shell:Creating package script '/home/aditya/Vishwakarma_awards/install/akabot_bringup/share/akabot_bringup/package.ps1'
[0.781s] INFO:colcon.colcon_core.shell:Creating package descriptor '/home/aditya/Vishwakarma_awards/install/akabot_bringup/share/akabot_bringup/package.dsv'
[0.782s] INFO:colcon.colcon_core.shell:Creating package script '/home/aditya/Vishwakarma_awards/install/akabot_bringup/share/akabot_bringup/package.sh'
[0.783s] INFO:colcon.colcon_core.shell:Creating package script '/home/aditya/Vishwakarma_awards/install/akabot_bringup/share/akabot_bringup/package.bash'
[0.784s] INFO:colcon.colcon_core.shell:Creating package script '/home/aditya/Vishwakarma_awards/install/akabot_bringup/share/akabot_bringup/package.zsh'
[0.785s] Level 1:colcon.colcon_core.environment:create_file_with_runtime_dependencies(/home/aditya/Vishwakarma_awards/install/akabot_bringup/share/colcon-core/packages/akabot_bringup)
[0.786s] Level 1:colcon.colcon_core.environment:create_environment_scripts_only(akabot_bringup)
[0.786s] Level 1:colcon.colcon_core.environment:checking '/home/aditya/Vishwakarma_awards/install/akabot_bringup' for CMake module files
[0.787s] Level 1:colcon.colcon_core.environment:checking '/home/aditya/Vishwakarma_awards/install/akabot_bringup' for CMake config files
[0.787s] Level 1:colcon.colcon_core.shell:create_environment_hook('akabot_bringup', 'cmake_prefix_path')
[0.787s] INFO:colcon.colcon_core.shell:Creating environment hook '/home/aditya/Vishwakarma_awards/install/akabot_bringup/share/akabot_bringup/hook/cmake_prefix_path.ps1'
[0.788s] INFO:colcon.colcon_core.shell:Creating environment descriptor '/home/aditya/Vishwakarma_awards/install/akabot_bringup/share/akabot_bringup/hook/cmake_prefix_path.dsv'
[0.788s] INFO:colcon.colcon_core.shell:Creating environment hook '/home/aditya/Vishwakarma_awards/install/akabot_bringup/share/akabot_bringup/hook/cmake_prefix_path.sh'
[0.789s] Level 1:colcon.colcon_core.environment:checking '/home/aditya/Vishwakarma_awards/install/akabot_bringup/bin'
[0.790s] Level 1:colcon.colcon_core.environment:checking '/home/aditya/Vishwakarma_awards/install/akabot_bringup/lib/pkgconfig/akabot_bringup.pc'
[0.790s] Level 1:colcon.colcon_core.environment:checking '/home/aditya/Vishwakarma_awards/install/akabot_bringup/lib/python3.10/site-packages'
[0.791s] Level 1:colcon.colcon_core.environment:checking '/home/aditya/Vishwakarma_awards/install/akabot_bringup/bin'
[0.791s] INFO:colcon.colcon_core.shell:Creating package script '/home/aditya/Vishwakarma_awards/install/akabot_bringup/share/akabot_bringup/package.ps1'
[0.792s] INFO:colcon.colcon_core.shell:Creating package descriptor '/home/aditya/Vishwakarma_awards/install/akabot_bringup/share/akabot_bringup/package.dsv'
[0.793s] INFO:colcon.colcon_core.shell:Creating package script '/home/aditya/Vishwakarma_awards/install/akabot_bringup/share/akabot_bringup/package.sh'
[0.794s] INFO:colcon.colcon_core.shell:Creating package script '/home/aditya/Vishwakarma_awards/install/akabot_bringup/share/akabot_bringup/package.bash'
[0.794s] INFO:colcon.colcon_core.shell:Creating package script '/home/aditya/Vishwakarma_awards/install/akabot_bringup/share/akabot_bringup/package.zsh'
[0.795s] Level 1:colcon.colcon_core.environment:create_file_with_runtime_dependencies(/home/aditya/Vishwakarma_awards/install/akabot_bringup/share/colcon-core/packages/akabot_bringup)
[0.801s] DEBUG:colcon.colcon_core.event_handler.log_command:Invoking command in '/home/aditya/Vishwakarma_awards/build/akabot_moveit_config': CMAKE_PREFIX_PATH=/home/aditya/Vishwakarma_awards/install/akabot_description:/home/aditya/Vishwakarma_awards/install/akabot_moveit_config:/home/aditya/Vishwakarma_awards/install/akabot_gazebo:/home/aditya/Vishwakarma_awards/install/akabot_bringup:/home/aditya/Vishwakarma_awards/install/arm_vla_pkg:/home/aditya/Vishwakarma_awards/install/akabot_control:/opt/ros/humble /usr/bin/cmake --build /home/aditya/Vishwakarma_awards/build/akabot_moveit_config -- -j28 -l28
[0.865s] DEBUG:colcon.colcon_core.event_handler.log_command:Invoked command in '/home/aditya/Vishwakarma_awards/build/akabot_moveit_config' returned '0': CMAKE_PREFIX_PATH=/home/aditya/Vishwakarma_awards/install/akabot_description:/home/aditya/Vishwakarma_awards/install/akabot_moveit_config:/home/aditya/Vishwakarma_awards/install/akabot_gazebo:/home/aditya/Vishwakarma_awards/install/akabot_bringup:/home/aditya/Vishwakarma_awards/install/arm_vla_pkg:/home/aditya/Vishwakarma_awards/install/akabot_control:/opt/ros/humble /usr/bin/cmake --build /home/aditya/Vishwakarma_awards/build/akabot_moveit_config -- -j28 -l28
[0.868s] DEBUG:colcon.colcon_core.event_handler.log_command:Invoking command in '/home/aditya/Vishwakarma_awards/build/akabot_moveit_config': CMAKE_PREFIX_PATH=/home/aditya/Vishwakarma_awards/install/akabot_description:/home/aditya/Vishwakarma_awards/install/akabot_moveit_config:/home/aditya/Vishwakarma_awards/install/akabot_gazebo:/home/aditya/Vishwakarma_awards/install/akabot_bringup:/home/aditya/Vishwakarma_awards/install/arm_vla_pkg:/home/aditya/Vishwakarma_awards/install/akabot_control:/opt/ros/humble /usr/bin/cmake --install /home/aditya/Vishwakarma_awards/build/akabot_moveit_config
[0.880s] Level 1:colcon.colcon_core.environment:create_environment_scripts_only(akabot_moveit_config)
[0.881s] Level 1:colcon.colcon_core.environment:checking '/home/aditya/Vishwakarma_awards/install/akabot_moveit_config' for CMake module files
[0.882s] DEBUG:colcon.colcon_core.event_handler.log_command:Invoked command in '/home/aditya/Vishwakarma_awards/build/akabot_moveit_config' returned '0': CMAKE_PREFIX_PATH=/home/aditya/Vishwakarma_awards/install/akabot_description:/home/aditya/Vishwakarma_awards/install/akabot_moveit_config:/home/aditya/Vishwakarma_awards/install/akabot_gazebo:/home/aditya/Vishwakarma_awards/install/akabot_bringup:/home/aditya/Vishwakarma_awards/install/arm_vla_pkg:/home/aditya/Vishwakarma_awards/install/akabot_control:/opt/ros/humble /usr/bin/cmake --install /home/aditya/Vishwakarma_awards/build/akabot_moveit_config
[0.882s] Level 1:colcon.colcon_core.environment:checking '/home/aditya/Vishwakarma_awards/install/akabot_moveit_config' for CMake config files
[0.882s] Level 1:colcon.colcon_core.shell:create_environment_hook('akabot_moveit_config', 'cmake_prefix_path')
[0.883s] INFO:colcon.colcon_core.shell:Creating environment hook '/home/aditya/Vishwakarma_awards/install/akabot_moveit_config/share/akabot_moveit_config/hook/cmake_prefix_path.ps1'
[0.883s] INFO:colcon.colcon_core.shell:Creating environment descriptor '/home/aditya/Vishwakarma_awards/install/akabot_moveit_config/share/akabot_moveit_config/hook/cmake_prefix_path.dsv'
[0.884s] INFO:colcon.colcon_core.shell:Creating environment hook '/home/aditya/Vishwakarma_awards/install/akabot_moveit_config/share/akabot_moveit_config/hook/cmake_prefix_path.sh'
[0.884s] Level 1:colcon.colcon_core.environment:checking '/home/aditya/Vishwakarma_awards/install/akabot_moveit_config/bin'
[0.884s] Level 1:colcon.colcon_core.environment:checking '/home/aditya/Vishwakarma_awards/install/akabot_moveit_config/lib/pkgconfig/akabot_moveit_config.pc'
[0.885s] Level 1:colcon.colcon_core.environment:checking '/home/aditya/Vishwakarma_awards/install/akabot_moveit_config/lib/python3.10/site-packages'
[0.885s] Level 1:colcon.colcon_core.environment:checking '/home/aditya/Vishwakarma_awards/install/akabot_moveit_config/bin'
[0.885s] INFO:colcon.colcon_core.shell:Creating package script '/home/aditya/Vishwakarma_awards/install/akabot_moveit_config/share/akabot_moveit_config/package.ps1'
[0.886s] INFO:colcon.colcon_core.shell:Creating package descriptor '/home/aditya/Vishwakarma_awards/install/akabot_moveit_config/share/akabot_moveit_config/package.dsv'
[0.886s] INFO:colcon.colcon_core.shell:Creating package script '/home/aditya/Vishwakarma_awards/install/akabot_moveit_config/share/akabot_moveit_config/package.sh'
[0.887s] INFO:colcon.colcon_core.shell:Creating package script '/home/aditya/Vishwakarma_awards/install/akabot_moveit_config/share/akabot_moveit_config/package.bash'
[0.887s] INFO:colcon.colcon_core.shell:Creating package script '/home/aditya/Vishwakarma_awards/install/akabot_moveit_config/share/akabot_moveit_config/package.zsh'
[0.888s] Level 1:colcon.colcon_core.environment:create_file_with_runtime_dependencies(/home/aditya/Vishwakarma_awards/install/akabot_moveit_config/share/colcon-core/packages/akabot_moveit_config)
[0.888s] Level 1:colcon.colcon_core.environment:create_environment_scripts_only(akabot_moveit_config)
[0.888s] Level 1:colcon.colcon_core.environment:checking '/home/aditya/Vishwakarma_awards/install/akabot_moveit_config' for CMake module files
[0.889s] Level 1:colcon.colcon_core.environment:checking '/home/aditya/Vishwakarma_awards/install/akabot_moveit_config' for CMake config files
[0.889s] Level 1:colcon.colcon_core.shell:create_environment_hook('akabot_moveit_config', 'cmake_prefix_path')
[0.890s] INFO:colcon.colcon_core.shell:Creating environment hook '/home/aditya/Vishwakarma_awards/install/akabot_moveit_config/share/akabot_moveit_config/hook/cmake_prefix_path.ps1'
[0.890s] INFO:colcon.colcon_core.shell:Creating environment descriptor '/home/aditya/Vishwakarma_awards/install/akabot_moveit_config/share/akabot_moveit_config/hook/cmake_prefix_path.dsv'
[0.890s] INFO:colcon.colcon_core.shell:Creating environment hook '/home/aditya/Vishwakarma_awards/install/akabot_moveit_config/share/akabot_moveit_config/hook/cmake_prefix_path.sh'
[0.891s] Level 1:colcon.colcon_core.environment:checking '/home/aditya/Vishwakarma_awards/install/akabot_moveit_config/bin'
[0.891s] Level 1:colcon.colcon_core.environment:checking '/home/aditya/Vishwakarma_awards/install/akabot_moveit_config/lib/pkgconfig/akabot_moveit_config.pc'
[0.891s] Level 1:colcon.colcon_core.environment:checking '/home/aditya/Vishwakarma_awards/install/akabot_moveit_config/lib/python3.10/site-packages'
[0.892s] Level 1:colcon.colcon_core.environment:checking '/home/aditya/Vishwakarma_awards/install/akabot_moveit_config/bin'
[0.892s] INFO:colcon.colcon_core.shell:Creating package script '/home/aditya/Vishwakarma_awards/install/akabot_moveit_config/share/akabot_moveit_config/package.ps1'
[0.893s] INFO:colcon.colcon_core.shell:Creating package descriptor '/home/aditya/Vishwakarma_awards/install/akabot_moveit_config/share/akabot_moveit_config/package.dsv'
[0.893s] INFO:colcon.colcon_core.shell:Creating package script '/home/aditya/Vishwakarma_awards/install/akabot_moveit_config/share/akabot_moveit_config/package.sh'
[0.894s] INFO:colcon.colcon_core.shell:Creating package script '/home/aditya/Vishwakarma_awards/install/akabot_moveit_config/share/akabot_moveit_config/package.bash'
[0.894s] INFO:colcon.colcon_core.shell:Creating package script '/home/aditya/Vishwakarma_awards/install/akabot_moveit_config/share/akabot_moveit_config/package.zsh'
[0.895s] Level 1:colcon.colcon_core.environment:create_file_with_runtime_dependencies(/home/aditya/Vishwakarma_awards/install/akabot_moveit_config/share/colcon-core/packages/akabot_moveit_config)
[0.895s] INFO:colcon.colcon_ros.task.ament_python.build:Building ROS package in '/home/aditya/Vishwakarma_awards/src/akabot_control' with build type 'ament_python'
[0.896s] Level 1:colcon.colcon_core.shell:create_environment_hook('akabot_control', 'ament_prefix_path')
[0.896s] INFO:colcon.colcon_core.shell:Creating environment hook '/home/aditya/Vishwakarma_awards/install/akabot_control/share/akabot_control/hook/ament_prefix_path.ps1'
[0.897s] INFO:colcon.colcon_core.shell:Creating environment descriptor '/home/aditya/Vishwakarma_awards/install/akabot_control/share/akabot_control/hook/ament_prefix_path.dsv'
[0.897s] INFO:colcon.colcon_core.shell:Creating environment hook '/home/aditya/Vishwakarma_awards/install/akabot_control/share/akabot_control/hook/ament_prefix_path.sh'
[0.898s] INFO:colcon.colcon_core.shell:Skip shell extension 'powershell' for command environment: Not usable outside of PowerShell
[0.898s] DEBUG:colcon.colcon_core.shell:Skip shell extension 'dsv' for command environment
[1.215s] INFO:colcon.colcon_core.task.python.build:Building Python package in '/home/aditya/Vishwakarma_awards/src/akabot_control'
[1.216s] INFO:colcon.colcon_core.shell:Skip shell extension 'powershell' for command environment: Not usable outside of PowerShell
[1.216s] DEBUG:colcon.colcon_core.shell:Skip shell extension 'dsv' for command environment
[1.224s] DEBUG:colcon.colcon_core.event_handler.log_command:Invoking command in '/home/aditya/Vishwakarma_awards/src/arm_vla_pkg': PYTHONPATH=/home/aditya/Vishwakarma_awards/build/arm_vla_pkg/prefix_override:/usr/lib/python3/dist-packages/colcon_core/task/python/colcon_distutils_commands:/home/aditya/Vishwakarma_awards/install/arm_vla_pkg/lib/python3.10/site-packages:${PYTHONPATH} /usr/bin/python3 -W ignore:setup.py install is deprecated -W ignore:easy_install command is deprecated setup.py egg_info --egg-base ../../build/arm_vla_pkg build --build-base /home/aditya/Vishwakarma_awards/build/arm_vla_pkg/build install --record /home/aditya/Vishwakarma_awards/build/arm_vla_pkg/install.log --single-version-externally-managed install_data
[1.567s] Level 1:colcon.colcon_core.environment:checking '/home/aditya/Vishwakarma_awards/install/arm_vla_pkg' for CMake module files
[1.568s] DEBUG:colcon.colcon_core.event_handler.log_command:Invoked command in '/home/aditya/Vishwakarma_awards/src/arm_vla_pkg' returned '0': PYTHONPATH=/home/aditya/Vishwakarma_awards/build/arm_vla_pkg/prefix_override:/usr/lib/python3/dist-packages/colcon_core/task/python/colcon_distutils_commands:/home/aditya/Vishwakarma_awards/install/arm_vla_pkg/lib/python3.10/site-packages:${PYTHONPATH} /usr/bin/python3 -W ignore:setup.py install is deprecated -W ignore:easy_install command is deprecated setup.py egg_info --egg-base ../../build/arm_vla_pkg build --build-base /home/aditya/Vishwakarma_awards/build/arm_vla_pkg/build install --record /home/aditya/Vishwakarma_awards/build/arm_vla_pkg/install.log --single-version-externally-managed install_data
[1.569s] Level 1:colcon.colcon_core.environment:checking '/home/aditya/Vishwakarma_awards/install/arm_vla_pkg' for CMake config files
[1.570s] Level 1:colcon.colcon_core.environment:checking '/home/aditya/Vishwakarma_awards/install/arm_vla_pkg/lib'
[1.570s] Level 1:colcon.colcon_core.environment:checking '/home/aditya/Vishwakarma_awards/install/arm_vla_pkg/bin'
[1.570s] Level 1:colcon.colcon_core.environment:checking '/home/aditya/Vishwakarma_awards/install/arm_vla_pkg/lib/pkgconfig/arm_vla_pkg.pc'
[1.570s] Level 1:colcon.colcon_core.environment:checking '/home/aditya/Vishwakarma_awards/install/arm_vla_pkg/lib/python3.10/site-packages'
[1.571s] Level 1:colcon.colcon_core.shell:create_environment_hook('arm_vla_pkg', 'pythonpath')
[1.571s] INFO:colcon.colcon_core.shell:Creating environment hook '/home/aditya/Vishwakarma_awards/install/arm_vla_pkg/share/arm_vla_pkg/hook/pythonpath.ps1'
[1.572s] INFO:colcon.colcon_core.shell:Creating environment descriptor '/home/aditya/Vishwakarma_awards/install/arm_vla_pkg/share/arm_vla_pkg/hook/pythonpath.dsv'
[1.573s] INFO:colcon.colcon_core.shell:Creating environment hook '/home/aditya/Vishwakarma_awards/install/arm_vla_pkg/share/arm_vla_pkg/hook/pythonpath.sh'
[1.574s] Level 1:colcon.colcon_core.environment:checking '/home/aditya/Vishwakarma_awards/install/arm_vla_pkg/bin'
[1.574s] Level 1:colcon.colcon_core.environment:create_environment_scripts_only(arm_vla_pkg)
[1.574s] INFO:colcon.colcon_core.shell:Creating package script '/home/aditya/Vishwakarma_awards/install/arm_vla_pkg/share/arm_vla_pkg/package.ps1'
[1.575s] INFO:colcon.colcon_core.shell:Creating package descriptor '/home/aditya/Vishwakarma_awards/install/arm_vla_pkg/share/arm_vla_pkg/package.dsv'
[1.575s] INFO:colcon.colcon_core.shell:Creating package script '/home/aditya/Vishwakarma_awards/install/arm_vla_pkg/share/arm_vla_pkg/package.sh'
[1.576s] INFO:colcon.colcon_core.shell:Creating package script '/home/aditya/Vishwakarma_awards/install/arm_vla_pkg/share/arm_vla_pkg/package.bash'
[1.576s] INFO:colcon.colcon_core.shell:Creating package script '/home/aditya/Vishwakarma_awards/install/arm_vla_pkg/share/arm_vla_pkg/package.zsh'
[1.576s] Level 1:colcon.colcon_core.environment:create_file_with_runtime_dependencies(/home/aditya/Vishwakarma_awards/install/arm_vla_pkg/share/colcon-core/packages/arm_vla_pkg)
[1.638s] DEBUG:colcon.colcon_core.event_handler.log_command:Invoking command in '/home/aditya/Vishwakarma_awards/src/akabot_control': CMAKE_PREFIX_PATH=/home/aditya/Vishwakarma_awards/install/akabot_moveit_config:/home/aditya/Vishwakarma_awards/install/akabot_description:/home/aditya/Vishwakarma_awards/install/akabot_gazebo:/home/aditya/Vishwakarma_awards/install/akabot_bringup PYTHONPATH=/home/aditya/Vishwakarma_awards/build/akabot_control/prefix_override:/usr/lib/python3/dist-packages/colcon_core/task/python/colcon_distutils_commands:/home/aditya/Vishwakarma_awards/install/akabot_control/lib/python3.10/site-packages:${PYTHONPATH} /usr/bin/python3 -W ignore:setup.py install is deprecated -W ignore:easy_install command is deprecated setup.py egg_info --egg-base ../../build/akabot_control build --build-base /home/aditya/Vishwakarma_awards/build/akabot_control/build install --record /home/aditya/Vishwakarma_awards/build/akabot_control/install.log --single-version-externally-managed install_data
[1.943s] Level 1:colcon.colcon_core.environment:checking '/home/aditya/Vishwakarma_awards/install/akabot_control' for CMake module files
[1.944s] DEBUG:colcon.colcon_core.event_handler.log_command:Invoked command in '/home/aditya/Vishwakarma_awards/src/akabot_control' returned '0': CMAKE_PREFIX_PATH=/home/aditya/Vishwakarma_awards/install/akabot_moveit_config:/home/aditya/Vishwakarma_awards/install/akabot_description:/home/aditya/Vishwakarma_awards/install/akabot_gazebo:/home/aditya/Vishwakarma_awards/install/akabot_bringup PYTHONPATH=/home/aditya/Vishwakarma_awards/build/akabot_control/prefix_override:/usr/lib/python3/dist-packages/colcon_core/task/python/colcon_distutils_commands:/home/aditya/Vishwakarma_awards/install/akabot_control/lib/python3.10/site-packages:${PYTHONPATH} /usr/bin/python3 -W ignore:setup.py install is deprecated -W ignore:easy_install command is deprecated setup.py egg_info --egg-base ../../build/akabot_control build --build-base /home/aditya/Vishwakarma_awards/build/akabot_control/build install --record /home/aditya/Vishwakarma_awards/build/akabot_control/install.log --single-version-externally-managed install_data
[1.944s] Level 1:colcon.colcon_core.environment:checking '/home/aditya/Vishwakarma_awards/install/akabot_control' for CMake config files
[1.945s] Level 1:colcon.colcon_core.environment:checking '/home/aditya/Vishwakarma_awards/install/akabot_control/lib'
[1.945s] Level 1:colcon.colcon_core.environment:checking '/home/aditya/Vishwakarma_awards/install/akabot_control/bin'
[1.945s] Level 1:colcon.colcon_core.environment:checking '/home/aditya/Vishwakarma_awards/install/akabot_control/lib/pkgconfig/akabot_control.pc'
[1.945s] Level 1:colcon.colcon_core.environment:checking '/home/aditya/Vishwakarma_awards/install/akabot_control/lib/python3.10/site-packages'
[1.945s] Level 1:colcon.colcon_core.shell:create_environment_hook('akabot_control', 'pythonpath')
[1.945s] INFO:colcon.colcon_core.shell:Creating environment hook '/home/aditya/Vishwakarma_awards/install/akabot_control/share/akabot_control/hook/pythonpath.ps1'
[1.946s] INFO:colcon.colcon_core.shell:Creating environment descriptor '/home/aditya/Vishwakarma_awards/install/akabot_control/share/akabot_control/hook/pythonpath.dsv'
[1.946s] INFO:colcon.colcon_core.shell:Creating environment hook '/home/aditya/Vishwakarma_awards/install/akabot_control/share/akabot_control/hook/pythonpath.sh'
[1.947s] Level 1:colcon.colcon_core.environment:checking '/home/aditya/Vishwakarma_awards/install/akabot_control/bin'
[1.947s] Level 1:colcon.colcon_core.environment:create_environment_scripts_only(akabot_control)
[1.947s] INFO:colcon.colcon_core.shell:Creating package script '/home/aditya/Vishwakarma_awards/install/akabot_control/share/akabot_control/package.ps1'
[1.948s] INFO:colcon.colcon_core.shell:Creating package descriptor '/home/aditya/Vishwakarma_awards/install/akabot_control/share/akabot_control/package.dsv'
[1.948s] INFO:colcon.colcon_core.shell:Creating package script '/home/aditya/Vishwakarma_awards/install/akabot_control/share/akabot_control/package.sh'
[1.949s] INFO:colcon.colcon_core.shell:Creating package script '/home/aditya/Vishwakarma_awards/install/akabot_control/share/akabot_control/package.bash'
[1.949s] INFO:colcon.colcon_core.shell:Creating package script '/home/aditya/Vishwakarma_awards/install/akabot_control/share/akabot_control/package.zsh'
[1.949s] Level 1:colcon.colcon_core.environment:create_file_with_runtime_dependencies(/home/aditya/Vishwakarma_awards/install/akabot_control/share/colcon-core/packages/akabot_control)
[1.949s] DEBUG:colcon.colcon_parallel_executor.executor.parallel:closing loop
[1.950s] DEBUG:colcon.colcon_parallel_executor.executor.parallel:loop closed
[1.950s] DEBUG:colcon.colcon_parallel_executor.executor.parallel:run_until_complete finished with '0'
[1.950s] DEBUG:colcon.colcon_core.event_reactor:joining thread
[1.955s] INFO:colcon.colcon_core.plugin_system:Skipping extension 'colcon_notification.desktop_notification.terminal_notifier': Not used on non-Darwin systems
[1.955s] INFO:colcon.colcon_core.plugin_system:Skipping extension 'colcon_notification.desktop_notification.win32': Not used on non-Windows systems
[1.955s] INFO:colcon.colcon_notification.desktop_notification:Sending desktop notification using 'notify2'
[1.970s] DEBUG:colcon.colcon_core.event_reactor:joined thread
[1.970s] INFO:colcon.colcon_core.shell:Creating prefix script '/home/aditya/Vishwakarma_awards/install/local_setup.ps1'
[1.971s] INFO:colcon.colcon_core.shell:Creating prefix util module '/home/aditya/Vishwakarma_awards/install/_local_setup_util_ps1.py'
[1.972s] INFO:colcon.colcon_core.shell:Creating prefix chain script '/home/aditya/Vishwakarma_awards/install/setup.ps1'
[1.974s] INFO:colcon.colcon_core.shell:Creating prefix script '/home/aditya/Vishwakarma_awards/install/local_setup.sh'
[1.974s] INFO:colcon.colcon_core.shell:Creating prefix util module '/home/aditya/Vishwakarma_awards/install/_local_setup_util_sh.py'
[1.975s] INFO:colcon.colcon_core.shell:Creating prefix chain script '/home/aditya/Vishwakarma_awards/install/setup.sh'
[1.976s] INFO:colcon.colcon_core.shell:Creating prefix script '/home/aditya/Vishwakarma_awards/install/local_setup.bash'
[1.977s] INFO:colcon.colcon_core.shell:Creating prefix chain script '/home/aditya/Vishwakarma_awards/install/setup.bash'
[1.978s] INFO:colcon.colcon_core.shell:Creating prefix script '/home/aditya/Vishwakarma_awards/install/local_setup.zsh'
[1.979s] INFO:colcon.colcon_core.shell:Creating prefix chain script '/home/aditya/Vishwakarma_awards/install/setup.zsh'
