[0.011s] Invoking command in '/home/aditya/Vishwakarma_awards/build/akabot_moveit_config': CMAKE_PREFIX_PATH=/home/aditya/Vishwakarma_awards/install/akabot_description:/home/aditya/Vishwakarma_awards/install/akabot_moveit_config:/home/aditya/Vishwakarma_awards/install/akabot_gazebo:/home/aditya/Vishwakarma_awards/install/akabot_bringup:/home/aditya/Vishwakarma_awards/install/arm_vla_pkg:/home/aditya/Vishwakarma_awards/install/akabot_control:/opt/ros/humble /usr/bin/cmake /home/aditya/Vishwakarma_awards/src/akabot_moveit_config -DCMAKE_INSTALL_PREFIX=/home/aditya/Vishwakarma_awards/install/akabot_moveit_config
[0.086s] -- The C compiler identification is GNU 11.4.0
[0.162s] -- The CXX compiler identification is GNU 11.4.0
[0.172s] -- Detecting C compiler ABI info
[0.267s] -- Detecting C compiler ABI info - done
[0.277s] -- Check for working C compiler: /usr/bin/cc - skipped
[0.277s] -- Detecting C compile features
[0.278s] -- Detecting C compile features - done
[0.282s] -- Detecting CXX compiler ABI info
[0.388s] -- Detecting CXX compiler ABI info - done
[0.398s] -- Check for working CXX compiler: /usr/bin/c++ - skipped
[0.399s] -- Detecting CXX compile features
[0.400s] -- Detecting CXX compile features - done
[0.403s] -- Found ament_cmake: 1.3.12 (/opt/ros/humble/share/ament_cmake/cmake)
[0.601s] -- Found Python3: /usr/bin/python3 (found version "3.10.12") found components: Interpreter 
[0.800s] -- Configuring done
[0.803s] -- Generating done
[0.805s] -- Build files have been written to: /home/aditya/Vishwakarma_awards/build/akabot_moveit_config
[0.810s] Invoked command in '/home/aditya/Vishwakarma_awards/build/akabot_moveit_config' returned '0': CMAKE_PREFIX_PATH=/home/aditya/Vishwakarma_awards/install/akabot_description:/home/aditya/Vishwakarma_awards/install/akabot_moveit_config:/home/aditya/Vishwakarma_awards/install/akabot_gazebo:/home/aditya/Vishwakarma_awards/install/akabot_bringup:/home/aditya/Vishwakarma_awards/install/arm_vla_pkg:/home/aditya/Vishwakarma_awards/install/akabot_control:/opt/ros/humble /usr/bin/cmake /home/aditya/Vishwakarma_awards/src/akabot_moveit_config -DCMAKE_INSTALL_PREFIX=/home/aditya/Vishwakarma_awards/install/akabot_moveit_config
[0.813s] Invoking command in '/home/aditya/Vishwakarma_awards/build/akabot_moveit_config': CMAKE_PREFIX_PATH=/home/aditya/Vishwakarma_awards/install/akabot_description:/home/aditya/Vishwakarma_awards/install/akabot_moveit_config:/home/aditya/Vishwakarma_awards/install/akabot_gazebo:/home/aditya/Vishwakarma_awards/install/akabot_bringup:/home/aditya/Vishwakarma_awards/install/arm_vla_pkg:/home/aditya/Vishwakarma_awards/install/akabot_control:/opt/ros/humble /usr/bin/cmake --build /home/aditya/Vishwakarma_awards/build/akabot_moveit_config -- -j28 -l28
[0.858s] Invoked command in '/home/aditya/Vishwakarma_awards/build/akabot_moveit_config' returned '0': CMAKE_PREFIX_PATH=/home/aditya/Vishwakarma_awards/install/akabot_description:/home/aditya/Vishwakarma_awards/install/akabot_moveit_config:/home/aditya/Vishwakarma_awards/install/akabot_gazebo:/home/aditya/Vishwakarma_awards/install/akabot_bringup:/home/aditya/Vishwakarma_awards/install/arm_vla_pkg:/home/aditya/Vishwakarma_awards/install/akabot_control:/opt/ros/humble /usr/bin/cmake --build /home/aditya/Vishwakarma_awards/build/akabot_moveit_config -- -j28 -l28
[0.861s] Invoking command in '/home/aditya/Vishwakarma_awards/build/akabot_moveit_config': CMAKE_PREFIX_PATH=/home/aditya/Vishwakarma_awards/install/akabot_description:/home/aditya/Vishwakarma_awards/install/akabot_moveit_config:/home/aditya/Vishwakarma_awards/install/akabot_gazebo:/home/aditya/Vishwakarma_awards/install/akabot_bringup:/home/aditya/Vishwakarma_awards/install/arm_vla_pkg:/home/aditya/Vishwakarma_awards/install/akabot_control:/opt/ros/humble /usr/bin/cmake --install /home/aditya/Vishwakarma_awards/build/akabot_moveit_config
[0.869s] -- Install configuration: ""
[0.869s] -- Installing: /home/aditya/Vishwakarma_awards/install/akabot_moveit_config/share/ament_index/resource_index/package_run_dependencies/akabot_moveit_config
[0.869s] -- Installing: /home/aditya/Vishwakarma_awards/install/akabot_moveit_config/share/ament_index/resource_index/parent_prefix_path/akabot_moveit_config
[0.869s] -- Installing: /home/aditya/Vishwakarma_awards/install/akabot_moveit_config/share/akabot_moveit_config/environment/ament_prefix_path.sh
[0.869s] -- Installing: /home/aditya/Vishwakarma_awards/install/akabot_moveit_config/share/akabot_moveit_config/environment/ament_prefix_path.dsv
[0.869s] -- Installing: /home/aditya/Vishwakarma_awards/install/akabot_moveit_config/share/akabot_moveit_config/environment/path.sh
[0.869s] -- Installing: /home/aditya/Vishwakarma_awards/install/akabot_moveit_config/share/akabot_moveit_config/environment/path.dsv
[0.869s] -- Installing: /home/aditya/Vishwakarma_awards/install/akabot_moveit_config/share/akabot_moveit_config/local_setup.bash
[0.870s] -- Installing: /home/aditya/Vishwakarma_awards/install/akabot_moveit_config/share/akabot_moveit_config/local_setup.sh
[0.870s] -- Installing: /home/aditya/Vishwakarma_awards/install/akabot_moveit_config/share/akabot_moveit_config/local_setup.zsh
[0.870s] -- Installing: /home/aditya/Vishwakarma_awards/install/akabot_moveit_config/share/akabot_moveit_config/local_setup.dsv
[0.870s] -- Installing: /home/aditya/Vishwakarma_awards/install/akabot_moveit_config/share/akabot_moveit_config/package.dsv
[0.870s] -- Installing: /home/aditya/Vishwakarma_awards/install/akabot_moveit_config/share/ament_index/resource_index/packages/akabot_moveit_config
[0.870s] -- Installing: /home/aditya/Vishwakarma_awards/install/akabot_moveit_config/share/akabot_moveit_config/cmake/akabot_moveit_configConfig.cmake
[0.870s] -- Installing: /home/aditya/Vishwakarma_awards/install/akabot_moveit_config/share/akabot_moveit_config/cmake/akabot_moveit_configConfig-version.cmake
[0.870s] -- Installing: /home/aditya/Vishwakarma_awards/install/akabot_moveit_config/share/akabot_moveit_config/package.xml
[0.870s] -- Installing: /home/aditya/Vishwakarma_awards/install/akabot_moveit_config/share/akabot_moveit_config/config
[0.870s] -- Installing: /home/aditya/Vishwakarma_awards/install/akabot_moveit_config/share/akabot_moveit_config/config/akabot.srdf
[0.871s] -- Installing: /home/aditya/Vishwakarma_awards/install/akabot_moveit_config/share/akabot_moveit_config/config/joint_limits.yaml
[0.871s] -- Installing: /home/aditya/Vishwakarma_awards/install/akabot_moveit_config/share/akabot_moveit_config/config/moveit_controllers.yaml
[0.871s] -- Installing: /home/aditya/Vishwakarma_awards/install/akabot_moveit_config/share/akabot_moveit_config/config/ompl_planning.yaml
[0.871s] -- Installing: /home/aditya/Vishwakarma_awards/install/akabot_moveit_config/share/akabot_moveit_config/config/kinematics.yaml
[0.871s] -- Installing: /home/aditya/Vishwakarma_awards/install/akabot_moveit_config/share/akabot_moveit_config/launch
[0.871s] -- Installing: /home/aditya/Vishwakarma_awards/install/akabot_moveit_config/share/akabot_moveit_config/launch/moveit_rviz.launch.py
[0.871s] -- Installing: /home/aditya/Vishwakarma_awards/install/akabot_moveit_config/share/akabot_moveit_config/launch/demo.launch.py
[0.871s] -- Installing: /home/aditya/Vishwakarma_awards/install/akabot_moveit_config/share/akabot_moveit_config/rviz
[0.871s] -- Installing: /home/aditya/Vishwakarma_awards/install/akabot_moveit_config/share/akabot_moveit_config/rviz/moveit.rviz
[0.871s] -- Installing: /home/aditya/Vishwakarma_awards/install/akabot_moveit_config/share/akabot_moveit_config/srdf
[0.871s] -- Installing: /home/aditya/Vishwakarma_awards/install/akabot_moveit_config/share/akabot_moveit_config/srdf/akabot.srdf
[0.872s] -- Installing: /home/aditya/Vishwakarma_awards/install/akabot_moveit_config/share/akabot_moveit_config/urdf
[0.872s] -- Installing: /home/aditya/Vishwakarma_awards/install/akabot_moveit_config/share/akabot_moveit_config/urdf/fake_akabot.urdf.xacro
[0.872s] -- Installing: /home/aditya/Vishwakarma_awards/install/akabot_moveit_config/share/akabot_moveit_config/.setup_assistant
[0.874s] Invoked command in '/home/aditya/Vishwakarma_awards/build/akabot_moveit_config' returned '0': CMAKE_PREFIX_PATH=/home/aditya/Vishwakarma_awards/install/akabot_description:/home/aditya/Vishwakarma_awards/install/akabot_moveit_config:/home/aditya/Vishwakarma_awards/install/akabot_gazebo:/home/aditya/Vishwakarma_awards/install/akabot_bringup:/home/aditya/Vishwakarma_awards/install/arm_vla_pkg:/home/aditya/Vishwakarma_awards/install/akabot_control:/opt/ros/humble /usr/bin/cmake --install /home/aditya/Vishwakarma_awards/build/akabot_moveit_config
