-- Install configuration: ""
-- Up-to-date: /home/harshit/arm_vla_ws/install/cobot_description/share/cobot_description/config
-- Up-to-date: /home/harshit/arm_vla_ws/install/cobot_description/share/cobot_description/config/initial_positions.yaml
-- Up-to-date: /home/harshit/arm_vla_ws/install/cobot_description/share/cobot_description/launch
-- Up-to-date: /home/harshit/arm_vla_ws/install/cobot_description/share/cobot_description/launch/description_launch.py
-- Up-to-date: /home/harshit/arm_vla_ws/install/cobot_description/share/cobot_description/launch/robot_state_publisher_launch.py
-- Up-to-date: /home/harshit/arm_vla_ws/install/cobot_description/share/cobot_description/meshes
-- Up-to-date: /home/harshit/arm_vla_ws/install/cobot_description/share/cobot_description/meshes/lower_arm.stl
-- Up-to-date: /home/harshit/arm_vla_ws/install/cobot_description/share/cobot_description/meshes/wrist.stl
-- Up-to-date: /home/harshit/arm_vla_ws/install/cobot_description/share/cobot_description/meshes/left_claw.stl
-- Up-to-date: /home/harshit/arm_vla_ws/install/cobot_description/share/cobot_description/meshes/claw_base.stl
-- Up-to-date: /home/harshit/arm_vla_ws/install/cobot_description/share/cobot_description/meshes/right_claw.stl
-- Up-to-date: /home/harshit/arm_vla_ws/install/cobot_description/share/cobot_description/meshes/base_cylinder.stl
-- Up-to-date: /home/harshit/arm_vla_ws/install/cobot_description/share/cobot_description/meshes/upper_arm.stl
-- Up-to-date: /home/harshit/arm_vla_ws/install/cobot_description/share/cobot_description/meshes/top_plate.stl
-- Up-to-date: /home/harshit/arm_vla_ws/install/cobot_description/share/cobot_description/meshes/d415.dae
-- Up-to-date: /home/harshit/arm_vla_ws/install/cobot_description/share/cobot_description/urdf
-- Up-to-date: /home/harshit/arm_vla_ws/install/cobot_description/share/cobot_description/urdf/cobot.urdf.xacro
-- Up-to-date: /home/harshit/arm_vla_ws/install/cobot_description/share/cobot_description/urdf/real_cobot.urdf.xacro
-- Up-to-date: /home/harshit/arm_vla_ws/install/cobot_description/share/cobot_description/urdf/cobot_gz.urdf.xacro
-- Up-to-date: /home/harshit/arm_vla_ws/install/cobot_description/share/cobot_description/urdf/depth_camera.xacro
-- Up-to-date: /home/harshit/arm_vla_ws/install/cobot_description/share/cobot_description/urdf/cobot_core.xacro
-- Up-to-date: /home/harshit/arm_vla_ws/install/cobot_description/share/cobot_description/urdf/cobot.ros2_control.xacro
-- Up-to-date: /home/harshit/arm_vla_ws/install/cobot_description/share/cobot_description/urdf/inertial_macros.xacro
-- Up-to-date: /home/harshit/arm_vla_ws/install/cobot_description/share/cobot_description/rviz
-- Up-to-date: /home/harshit/arm_vla_ws/install/cobot_description/share/cobot_description/rviz/description.rviz
-- Up-to-date: /home/harshit/arm_vla_ws/install/cobot_description/share/ament_index/resource_index/package_run_dependencies/cobot_description
-- Up-to-date: /home/harshit/arm_vla_ws/install/cobot_description/share/ament_index/resource_index/parent_prefix_path/cobot_description
-- Up-to-date: /home/harshit/arm_vla_ws/install/cobot_description/share/cobot_description/environment/ament_prefix_path.sh
-- Up-to-date: /home/harshit/arm_vla_ws/install/cobot_description/share/cobot_description/environment/ament_prefix_path.dsv
-- Up-to-date: /home/harshit/arm_vla_ws/install/cobot_description/share/cobot_description/environment/path.sh
-- Up-to-date: /home/harshit/arm_vla_ws/install/cobot_description/share/cobot_description/environment/path.dsv
-- Up-to-date: /home/harshit/arm_vla_ws/install/cobot_description/share/cobot_description/local_setup.bash
-- Up-to-date: /home/harshit/arm_vla_ws/install/cobot_description/share/cobot_description/local_setup.sh
-- Up-to-date: /home/harshit/arm_vla_ws/install/cobot_description/share/cobot_description/local_setup.zsh
-- Up-to-date: /home/harshit/arm_vla_ws/install/cobot_description/share/cobot_description/local_setup.dsv
-- Installing: /home/harshit/arm_vla_ws/install/cobot_description/share/cobot_description/package.dsv
-- Up-to-date: /home/harshit/arm_vla_ws/install/cobot_description/share/ament_index/resource_index/packages/cobot_description
-- Up-to-date: /home/harshit/arm_vla_ws/install/cobot_description/share/cobot_description/cmake/cobot_descriptionConfig.cmake
-- Up-to-date: /home/harshit/arm_vla_ws/install/cobot_description/share/cobot_description/cmake/cobot_descriptionConfig-version.cmake
-- Up-to-date: /home/harshit/arm_vla_ws/install/cobot_description/share/cobot_description/package.xml
