[0.024s] Invoking command in '/home/aditya/Vishwakarma_awards/build/akabot_moveit_config': CMAKE_PREFIX_PATH=/home/aditya/Vishwakarma_awards/install/akabot_description:/home/aditya/Vishwakarma_awards/install/akabot_moveit_config:/home/aditya/Vishwakarma_awards/install/akabot_gazebo:/home/aditya/Vishwakarma_awards/install/akabot_bringup:/home/aditya/Vishwakarma_awards/install/arm_vla_pkg:/home/aditya/Vishwakarma_awards/install/akabot_control:/opt/ros/humble /usr/bin/cmake /home/aditya/Vishwakarma_awards/src/akabot_moveit_config -DCMAKE_INSTALL_PREFIX=/home/aditya/Vishwakarma_awards/install/akabot_moveit_config
[0.167s] -- The C compiler identification is GNU 11.4.0
[0.324s] -- The CXX compiler identification is GNU 11.4.0
[0.343s] -- Detecting C compiler ABI info
[0.514s] -- Detecting C compiler ABI info - done
[0.540s] -- Check for working C compiler: /usr/bin/cc - skipped
[0.541s] -- Detecting C compile features
[0.543s] -- Detecting C compile features - done
[0.550s] -- Detecting CXX compiler ABI info
[0.716s] -- Detecting CXX compiler ABI info - done
[0.727s] -- Check for working CXX compiler: /usr/bin/c++ - skipped
[0.727s] -- Detecting CXX compile features
[0.728s] -- Detecting CXX compile features - done
[0.731s] -- Found ament_cmake: 1.3.12 (/opt/ros/humble/share/ament_cmake/cmake)
[0.957s] -- Found Python3: /usr/bin/python3 (found version "3.10.12") found components: Interpreter 
[1.184s] -- Configuring done
[1.187s] -- Generating done
[1.189s] -- Build files have been written to: /home/aditya/Vishwakarma_awards/build/akabot_moveit_config
[1.195s] Invoked command in '/home/aditya/Vishwakarma_awards/build/akabot_moveit_config' returned '0': CMAKE_PREFIX_PATH=/home/aditya/Vishwakarma_awards/install/akabot_description:/home/aditya/Vishwakarma_awards/install/akabot_moveit_config:/home/aditya/Vishwakarma_awards/install/akabot_gazebo:/home/aditya/Vishwakarma_awards/install/akabot_bringup:/home/aditya/Vishwakarma_awards/install/arm_vla_pkg:/home/aditya/Vishwakarma_awards/install/akabot_control:/opt/ros/humble /usr/bin/cmake /home/aditya/Vishwakarma_awards/src/akabot_moveit_config -DCMAKE_INSTALL_PREFIX=/home/aditya/Vishwakarma_awards/install/akabot_moveit_config
[1.197s] Invoking command in '/home/aditya/Vishwakarma_awards/build/akabot_moveit_config': CMAKE_PREFIX_PATH=/home/aditya/Vishwakarma_awards/install/akabot_description:/home/aditya/Vishwakarma_awards/install/akabot_moveit_config:/home/aditya/Vishwakarma_awards/install/akabot_gazebo:/home/aditya/Vishwakarma_awards/install/akabot_bringup:/home/aditya/Vishwakarma_awards/install/arm_vla_pkg:/home/aditya/Vishwakarma_awards/install/akabot_control:/opt/ros/humble /usr/bin/cmake --build /home/aditya/Vishwakarma_awards/build/akabot_moveit_config -- -j28 -l28
[1.257s] Invoked command in '/home/aditya/Vishwakarma_awards/build/akabot_moveit_config' returned '0': CMAKE_PREFIX_PATH=/home/aditya/Vishwakarma_awards/install/akabot_description:/home/aditya/Vishwakarma_awards/install/akabot_moveit_config:/home/aditya/Vishwakarma_awards/install/akabot_gazebo:/home/aditya/Vishwakarma_awards/install/akabot_bringup:/home/aditya/Vishwakarma_awards/install/arm_vla_pkg:/home/aditya/Vishwakarma_awards/install/akabot_control:/opt/ros/humble /usr/bin/cmake --build /home/aditya/Vishwakarma_awards/build/akabot_moveit_config -- -j28 -l28
[1.259s] Invoking command in '/home/aditya/Vishwakarma_awards/build/akabot_moveit_config': CMAKE_PREFIX_PATH=/home/aditya/Vishwakarma_awards/install/akabot_description:/home/aditya/Vishwakarma_awards/install/akabot_moveit_config:/home/aditya/Vishwakarma_awards/install/akabot_gazebo:/home/aditya/Vishwakarma_awards/install/akabot_bringup:/home/aditya/Vishwakarma_awards/install/arm_vla_pkg:/home/aditya/Vishwakarma_awards/install/akabot_control:/opt/ros/humble /usr/bin/cmake --install /home/aditya/Vishwakarma_awards/build/akabot_moveit_config
[1.272s] -- Install configuration: ""
[1.272s] -- Installing: /home/aditya/Vishwakarma_awards/install/akabot_moveit_config/share/ament_index/resource_index/package_run_dependencies/akabot_moveit_config
[1.273s] -- Installing: /home/aditya/Vishwakarma_awards/install/akabot_moveit_config/share/ament_index/resource_index/parent_prefix_path/akabot_moveit_config
[1.273s] -- Installing: /home/aditya/Vishwakarma_awards/install/akabot_moveit_config/share/akabot_moveit_config/environment/ament_prefix_path.sh
[1.273s] -- Installing: /home/aditya/Vishwakarma_awards/install/akabot_moveit_config/share/akabot_moveit_config/environment/ament_prefix_path.dsv
[1.273s] -- Installing: /home/aditya/Vishwakarma_awards/install/akabot_moveit_config/share/akabot_moveit_config/environment/path.sh
[1.273s] -- Installing: /home/aditya/Vishwakarma_awards/install/akabot_moveit_config/share/akabot_moveit_config/environment/path.dsv
[1.273s] -- Installing: /home/aditya/Vishwakarma_awards/install/akabot_moveit_config/share/akabot_moveit_config/local_setup.bash
[1.274s] -- Installing: /home/aditya/Vishwakarma_awards/install/akabot_moveit_config/share/akabot_moveit_config/local_setup.sh
[1.274s] -- Installing: /home/aditya/Vishwakarma_awards/install/akabot_moveit_config/share/akabot_moveit_config/local_setup.zsh
[1.274s] -- Installing: /home/aditya/Vishwakarma_awards/install/akabot_moveit_config/share/akabot_moveit_config/local_setup.dsv
[1.274s] -- Installing: /home/aditya/Vishwakarma_awards/install/akabot_moveit_config/share/akabot_moveit_config/package.dsv
[1.274s] -- Installing: /home/aditya/Vishwakarma_awards/install/akabot_moveit_config/share/ament_index/resource_index/packages/akabot_moveit_config
[1.274s] -- Installing: /home/aditya/Vishwakarma_awards/install/akabot_moveit_config/share/akabot_moveit_config/cmake/akabot_moveit_configConfig.cmake
[1.275s] -- Installing: /home/aditya/Vishwakarma_awards/install/akabot_moveit_config/share/akabot_moveit_config/cmake/akabot_moveit_configConfig-version.cmake
[1.275s] -- Installing: /home/aditya/Vishwakarma_awards/install/akabot_moveit_config/share/akabot_moveit_config/package.xml
[1.275s] -- Installing: /home/aditya/Vishwakarma_awards/install/akabot_moveit_config/share/akabot_moveit_config/config
[1.275s] -- Installing: /home/aditya/Vishwakarma_awards/install/akabot_moveit_config/share/akabot_moveit_config/config/joint_limits.yaml
[1.275s] -- Installing: /home/aditya/Vishwakarma_awards/install/akabot_moveit_config/share/akabot_moveit_config/config/moveit_controllers.yaml
[1.275s] -- Installing: /home/aditya/Vishwakarma_awards/install/akabot_moveit_config/share/akabot_moveit_config/config/ompl_planning.yaml
[1.275s] -- Installing: /home/aditya/Vishwakarma_awards/install/akabot_moveit_config/share/akabot_moveit_config/config/kinematics.yaml
[1.275s] -- Installing: /home/aditya/Vishwakarma_awards/install/akabot_moveit_config/share/akabot_moveit_config/launch
[1.276s] -- Installing: /home/aditya/Vishwakarma_awards/install/akabot_moveit_config/share/akabot_moveit_config/launch/moveit_rviz.launch.py
[1.276s] -- Installing: /home/aditya/Vishwakarma_awards/install/akabot_moveit_config/share/akabot_moveit_config/launch/demo.launch.py
[1.276s] -- Installing: /home/aditya/Vishwakarma_awards/install/akabot_moveit_config/share/akabot_moveit_config/rviz
[1.276s] -- Installing: /home/aditya/Vishwakarma_awards/install/akabot_moveit_config/share/akabot_moveit_config/rviz/moveit.rviz
[1.276s] -- Installing: /home/aditya/Vishwakarma_awards/install/akabot_moveit_config/share/akabot_moveit_config/srdf
[1.276s] -- Installing: /home/aditya/Vishwakarma_awards/install/akabot_moveit_config/share/akabot_moveit_config/srdf/akabot.srdf
[1.277s] -- Installing: /home/aditya/Vishwakarma_awards/install/akabot_moveit_config/share/akabot_moveit_config/urdf
[1.277s] -- Installing: /home/aditya/Vishwakarma_awards/install/akabot_moveit_config/share/akabot_moveit_config/urdf/fake_akabot.urdf.xacro
[1.277s] -- Installing: /home/aditya/Vishwakarma_awards/install/akabot_moveit_config/share/akabot_moveit_config/.setup_assistant
[1.279s] Invoked command in '/home/aditya/Vishwakarma_awards/build/akabot_moveit_config' returned '0': CMAKE_PREFIX_PATH=/home/aditya/Vishwakarma_awards/install/akabot_description:/home/aditya/Vishwakarma_awards/install/akabot_moveit_config:/home/aditya/Vishwakarma_awards/install/akabot_gazebo:/home/aditya/Vishwakarma_awards/install/akabot_bringup:/home/aditya/Vishwakarma_awards/install/arm_vla_pkg:/home/aditya/Vishwakarma_awards/install/akabot_control:/opt/ros/humble /usr/bin/cmake --install /home/aditya/Vishwakarma_awards/build/akabot_moveit_config
