[0.130s] DEBUG:colcon:Command line arguments: ['/usr/bin/colcon', 'build']
[0.130s] DEBUG:colcon:Parsed command line arguments: Namespace(log_base=None, log_level=None, verb_name='build', build_base='build', install_base='install', merge_install=False, symlink_install=False, test_result_base=None, continue_on_error=False, executor='parallel', parallel_workers=8, event_handlers=None, ignore_user_meta=False, metas=['./colcon.meta'], base_paths=['.'], packages_ignore=None, packages_ignore_regex=None, paths=None, packages_up_to=None, packages_up_to_regex=None, packages_above=None, packages_above_and_dependencies=None, packages_above_depth=None, packages_select_by_dep=None, packages_skip_by_dep=None, packages_skip_up_to=None, packages_select_build_failed=False, packages_skip_build_finished=False, packages_select_test_failures=False, packages_skip_test_passed=False, packages_select=None, packages_skip=None, packages_select_regex=None, packages_skip_regex=None, packages_start=None, packages_end=None, allow_overriding=[], cmake_args=None, cmake_target=None, cmake_target_skip_unavailable=False, cmake_clean_cache=False, cmake_clean_first=False, cmake_force_configure=False, ament_cmake_args=None, catkin_cmake_args=None, catkin_skip_building_tests=False, mixin_files=None, mixin=None, verb_parser=<colcon_mixin.mixin.mixin_argument.MixinArgumentDecorator object at 0x78c5d8331f60>, verb_extension=<colcon_core.verb.build.BuildVerb object at 0x78c5d8331ab0>, main=<bound method BuildVerb.main of <colcon_core.verb.build.BuildVerb object at 0x78c5d8331ab0>>, mixin_verb=('build',))
[0.335s] Level 1:colcon.colcon_core.package_discovery:discover_packages(colcon_meta) check parameters
[0.336s] Level 1:colcon.colcon_core.package_discovery:discover_packages(recursive) check parameters
[0.336s] Level 1:colcon.colcon_core.package_discovery:discover_packages(ignore) check parameters
[0.336s] Level 1:colcon.colcon_core.package_discovery:discover_packages(path) check parameters
[0.336s] Level 1:colcon.colcon_core.package_discovery:discover_packages(colcon_meta) discover
[0.336s] Level 1:colcon.colcon_core.package_discovery:discover_packages(recursive) discover
[0.336s] INFO:colcon.colcon_core.package_discovery:Crawling recursively for packages in '/home/harshit/arm_vla_ws'
[0.336s] Level 1:colcon.colcon_core.package_identification:_identify(.) by extensions ['ignore', 'ignore_ament_install']
[0.336s] Level 1:colcon.colcon_core.package_identification:_identify(.) by extension 'ignore'
[0.336s] Level 1:colcon.colcon_core.package_identification:_identify(.) by extension 'ignore_ament_install'
[0.336s] Level 1:colcon.colcon_core.package_identification:_identify(.) by extensions ['colcon_pkg']
[0.336s] Level 1:colcon.colcon_core.package_identification:_identify(.) by extension 'colcon_pkg'
[0.336s] Level 1:colcon.colcon_core.package_identification:_identify(.) by extensions ['colcon_meta']
[0.336s] Level 1:colcon.colcon_core.package_identification:_identify(.) by extension 'colcon_meta'
[0.337s] Level 1:colcon.colcon_core.package_identification:_identify(.) by extensions ['ros']
[0.337s] Level 1:colcon.colcon_core.package_identification:_identify(.) by extension 'ros'
[0.349s] Level 1:colcon.colcon_core.package_identification:_identify(.) by extensions ['cmake', 'python']
[0.349s] Level 1:colcon.colcon_core.package_identification:_identify(.) by extension 'cmake'
[0.349s] Level 1:colcon.colcon_core.package_identification:_identify(.) by extension 'python'
[0.350s] Level 1:colcon.colcon_core.package_identification:_identify(.) by extensions ['python_setup_py']
[0.350s] Level 1:colcon.colcon_core.package_identification:_identify(.) by extension 'python_setup_py'
[0.350s] Level 1:colcon.colcon_core.package_identification:_identify(build) by extensions ['ignore', 'ignore_ament_install']
[0.350s] Level 1:colcon.colcon_core.package_identification:_identify(build) by extension 'ignore'
[0.350s] Level 1:colcon.colcon_core.package_identification:_identify(build) ignored
[0.350s] Level 1:colcon.colcon_core.package_identification:_identify(install) by extensions ['ignore', 'ignore_ament_install']
[0.350s] Level 1:colcon.colcon_core.package_identification:_identify(install) by extension 'ignore'
[0.350s] Level 1:colcon.colcon_core.package_identification:_identify(install) ignored
[0.350s] Level 1:colcon.colcon_core.package_identification:_identify(log) by extensions ['ignore', 'ignore_ament_install']
[0.350s] Level 1:colcon.colcon_core.package_identification:_identify(log) by extension 'ignore'
[0.350s] Level 1:colcon.colcon_core.package_identification:_identify(log) ignored
[0.351s] Level 1:colcon.colcon_core.package_identification:_identify(modelfiles) by extensions ['ignore', 'ignore_ament_install']
[0.351s] Level 1:colcon.colcon_core.package_identification:_identify(modelfiles) by extension 'ignore'
[0.351s] Level 1:colcon.colcon_core.package_identification:_identify(modelfiles) by extension 'ignore_ament_install'
[0.351s] Level 1:colcon.colcon_core.package_identification:_identify(modelfiles) by extensions ['colcon_pkg']
[0.351s] Level 1:colcon.colcon_core.package_identification:_identify(modelfiles) by extension 'colcon_pkg'
[0.351s] Level 1:colcon.colcon_core.package_identification:_identify(modelfiles) by extensions ['colcon_meta']
[0.351s] Level 1:colcon.colcon_core.package_identification:_identify(modelfiles) by extension 'colcon_meta'
[0.351s] Level 1:colcon.colcon_core.package_identification:_identify(modelfiles) by extensions ['ros']
[0.351s] Level 1:colcon.colcon_core.package_identification:_identify(modelfiles) by extension 'ros'
[0.351s] Level 1:colcon.colcon_core.package_identification:_identify(modelfiles) by extensions ['cmake', 'python']
[0.351s] Level 1:colcon.colcon_core.package_identification:_identify(modelfiles) by extension 'cmake'
[0.351s] Level 1:colcon.colcon_core.package_identification:_identify(modelfiles) by extension 'python'
[0.351s] Level 1:colcon.colcon_core.package_identification:_identify(modelfiles) by extensions ['python_setup_py']
[0.351s] Level 1:colcon.colcon_core.package_identification:_identify(modelfiles) by extension 'python_setup_py'
[0.351s] Level 1:colcon.colcon_core.package_identification:_identify(src) by extensions ['ignore', 'ignore_ament_install']
[0.352s] Level 1:colcon.colcon_core.package_identification:_identify(src) by extension 'ignore'
[0.352s] Level 1:colcon.colcon_core.package_identification:_identify(src) by extension 'ignore_ament_install'
[0.352s] Level 1:colcon.colcon_core.package_identification:_identify(src) by extensions ['colcon_pkg']
[0.352s] Level 1:colcon.colcon_core.package_identification:_identify(src) by extension 'colcon_pkg'
[0.352s] Level 1:colcon.colcon_core.package_identification:_identify(src) by extensions ['colcon_meta']
[0.352s] Level 1:colcon.colcon_core.package_identification:_identify(src) by extension 'colcon_meta'
[0.352s] Level 1:colcon.colcon_core.package_identification:_identify(src) by extensions ['ros']
[0.352s] Level 1:colcon.colcon_core.package_identification:_identify(src) by extension 'ros'
[0.352s] Level 1:colcon.colcon_core.package_identification:_identify(src) by extensions ['cmake', 'python']
[0.352s] Level 1:colcon.colcon_core.package_identification:_identify(src) by extension 'cmake'
[0.352s] Level 1:colcon.colcon_core.package_identification:_identify(src) by extension 'python'
[0.352s] Level 1:colcon.colcon_core.package_identification:_identify(src) by extensions ['python_setup_py']
[0.352s] Level 1:colcon.colcon_core.package_identification:_identify(src) by extension 'python_setup_py'
[0.352s] Level 1:colcon.colcon_core.package_identification:_identify(src/akabot_bringup) by extensions ['ignore', 'ignore_ament_install']
[0.352s] Level 1:colcon.colcon_core.package_identification:_identify(src/akabot_bringup) by extension 'ignore'
[0.352s] Level 1:colcon.colcon_core.package_identification:_identify(src/akabot_bringup) by extension 'ignore_ament_install'
[0.352s] Level 1:colcon.colcon_core.package_identification:_identify(src/akabot_bringup) by extensions ['colcon_pkg']
[0.352s] Level 1:colcon.colcon_core.package_identification:_identify(src/akabot_bringup) by extension 'colcon_pkg'
[0.353s] Level 1:colcon.colcon_core.package_identification:_identify(src/akabot_bringup) by extensions ['colcon_meta']
[0.353s] Level 1:colcon.colcon_core.package_identification:_identify(src/akabot_bringup) by extension 'colcon_meta'
[0.353s] Level 1:colcon.colcon_core.package_identification:_identify(src/akabot_bringup) by extensions ['ros']
[0.353s] Level 1:colcon.colcon_core.package_identification:_identify(src/akabot_bringup) by extension 'ros'
[0.355s] DEBUG:colcon.colcon_core.package_identification:Package 'src/akabot_bringup' with type 'ros.ament_cmake' and name 'akabot_bringup'
[0.355s] Level 1:colcon.colcon_core.package_identification:_identify(src/akabot_control) by extensions ['ignore', 'ignore_ament_install']
[0.355s] Level 1:colcon.colcon_core.package_identification:_identify(src/akabot_control) by extension 'ignore'
[0.355s] Level 1:colcon.colcon_core.package_identification:_identify(src/akabot_control) by extension 'ignore_ament_install'
[0.356s] Level 1:colcon.colcon_core.package_identification:_identify(src/akabot_control) by extensions ['colcon_pkg']
[0.356s] Level 1:colcon.colcon_core.package_identification:_identify(src/akabot_control) by extension 'colcon_pkg'
[0.356s] Level 1:colcon.colcon_core.package_identification:_identify(src/akabot_control) by extensions ['colcon_meta']
[0.356s] Level 1:colcon.colcon_core.package_identification:_identify(src/akabot_control) by extension 'colcon_meta'
[0.356s] Level 1:colcon.colcon_core.package_identification:_identify(src/akabot_control) by extensions ['ros']
[0.356s] Level 1:colcon.colcon_core.package_identification:_identify(src/akabot_control) by extension 'ros'
[0.358s] DEBUG:colcon.colcon_core.package_identification:Package 'src/akabot_control' with type 'ros.ament_python' and name 'akabot_control'
[0.358s] Level 1:colcon.colcon_core.package_identification:_identify(src/akabot_description) by extensions ['ignore', 'ignore_ament_install']
[0.358s] Level 1:colcon.colcon_core.package_identification:_identify(src/akabot_description) by extension 'ignore'
[0.358s] Level 1:colcon.colcon_core.package_identification:_identify(src/akabot_description) by extension 'ignore_ament_install'
[0.358s] Level 1:colcon.colcon_core.package_identification:_identify(src/akabot_description) by extensions ['colcon_pkg']
[0.358s] Level 1:colcon.colcon_core.package_identification:_identify(src/akabot_description) by extension 'colcon_pkg'
[0.358s] Level 1:colcon.colcon_core.package_identification:_identify(src/akabot_description) by extensions ['colcon_meta']
[0.358s] Level 1:colcon.colcon_core.package_identification:_identify(src/akabot_description) by extension 'colcon_meta'
[0.358s] Level 1:colcon.colcon_core.package_identification:_identify(src/akabot_description) by extensions ['ros']
[0.358s] Level 1:colcon.colcon_core.package_identification:_identify(src/akabot_description) by extension 'ros'
[0.359s] DEBUG:colcon.colcon_core.package_identification:Package 'src/akabot_description' with type 'ros.ament_cmake' and name 'akabot_description'
[0.359s] Level 1:colcon.colcon_core.package_identification:_identify(src/akabot_gazebo) by extensions ['ignore', 'ignore_ament_install']
[0.359s] Level 1:colcon.colcon_core.package_identification:_identify(src/akabot_gazebo) by extension 'ignore'
[0.359s] Level 1:colcon.colcon_core.package_identification:_identify(src/akabot_gazebo) by extension 'ignore_ament_install'
[0.359s] Level 1:colcon.colcon_core.package_identification:_identify(src/akabot_gazebo) by extensions ['colcon_pkg']
[0.359s] Level 1:colcon.colcon_core.package_identification:_identify(src/akabot_gazebo) by extension 'colcon_pkg'
[0.359s] Level 1:colcon.colcon_core.package_identification:_identify(src/akabot_gazebo) by extensions ['colcon_meta']
[0.359s] Level 1:colcon.colcon_core.package_identification:_identify(src/akabot_gazebo) by extension 'colcon_meta'
[0.359s] Level 1:colcon.colcon_core.package_identification:_identify(src/akabot_gazebo) by extensions ['ros']
[0.359s] Level 1:colcon.colcon_core.package_identification:_identify(src/akabot_gazebo) by extension 'ros'
[0.360s] DEBUG:colcon.colcon_core.package_identification:Package 'src/akabot_gazebo' with type 'ros.ament_cmake' and name 'akabot_gazebo'
[0.360s] Level 1:colcon.colcon_core.package_identification:_identify(src/akabot_moveit_config) by extensions ['ignore', 'ignore_ament_install']
[0.360s] Level 1:colcon.colcon_core.package_identification:_identify(src/akabot_moveit_config) by extension 'ignore'
[0.360s] Level 1:colcon.colcon_core.package_identification:_identify(src/akabot_moveit_config) by extension 'ignore_ament_install'
[0.360s] Level 1:colcon.colcon_core.package_identification:_identify(src/akabot_moveit_config) by extensions ['colcon_pkg']
[0.360s] Level 1:colcon.colcon_core.package_identification:_identify(src/akabot_moveit_config) by extension 'colcon_pkg'
[0.361s] Level 1:colcon.colcon_core.package_identification:_identify(src/akabot_moveit_config) by extensions ['colcon_meta']
[0.361s] Level 1:colcon.colcon_core.package_identification:_identify(src/akabot_moveit_config) by extension 'colcon_meta'
[0.361s] Level 1:colcon.colcon_core.package_identification:_identify(src/akabot_moveit_config) by extensions ['ros']
[0.361s] Level 1:colcon.colcon_core.package_identification:_identify(src/akabot_moveit_config) by extension 'ros'
[0.362s] DEBUG:colcon.colcon_core.package_identification:Package 'src/akabot_moveit_config' with type 'ros.ament_cmake' and name 'akabot_moveit_config'
[0.362s] Level 1:colcon.colcon_core.package_identification:_identify(src/arm_vla_pkg) by extensions ['ignore', 'ignore_ament_install']
[0.362s] Level 1:colcon.colcon_core.package_identification:_identify(src/arm_vla_pkg) by extension 'ignore'
[0.362s] Level 1:colcon.colcon_core.package_identification:_identify(src/arm_vla_pkg) by extension 'ignore_ament_install'
[0.362s] Level 1:colcon.colcon_core.package_identification:_identify(src/arm_vla_pkg) by extensions ['colcon_pkg']
[0.362s] Level 1:colcon.colcon_core.package_identification:_identify(src/arm_vla_pkg) by extension 'colcon_pkg'
[0.362s] Level 1:colcon.colcon_core.package_identification:_identify(src/arm_vla_pkg) by extensions ['colcon_meta']
[0.362s] Level 1:colcon.colcon_core.package_identification:_identify(src/arm_vla_pkg) by extension 'colcon_meta'
[0.362s] Level 1:colcon.colcon_core.package_identification:_identify(src/arm_vla_pkg) by extensions ['ros']
[0.362s] Level 1:colcon.colcon_core.package_identification:_identify(src/arm_vla_pkg) by extension 'ros'
[0.363s] DEBUG:colcon.colcon_core.package_identification:Package 'src/arm_vla_pkg' with type 'ros.ament_python' and name 'arm_vla_pkg'
[0.363s] Level 1:colcon.colcon_core.package_discovery:discover_packages(recursive) using defaults
[0.364s] Level 1:colcon.colcon_core.package_discovery:discover_packages(ignore) discover
[0.364s] Level 1:colcon.colcon_core.package_discovery:discover_packages(ignore) using defaults
[0.364s] Level 1:colcon.colcon_core.package_discovery:discover_packages(path) discover
[0.364s] Level 1:colcon.colcon_core.package_discovery:discover_packages(path) using defaults
[0.410s] Level 1:colcon.colcon_core.package_discovery:discover_packages(prefix_path) check parameters
[0.411s] Level 1:colcon.colcon_core.package_discovery:discover_packages(prefix_path) discover
[0.413s] DEBUG:colcon.colcon_installed_package_information.package_discovery:Found 6 installed packages in /home/harshit/arm_vla_ws/install
[0.414s] DEBUG:colcon.colcon_installed_package_information.package_discovery:Found 7 installed packages in /home/harshit/colcon_ws/install
[0.416s] DEBUG:colcon.colcon_installed_package_information.package_discovery:Found 326 installed packages in /opt/ros/humble
[0.417s] Level 1:colcon.colcon_core.package_discovery:discover_packages(prefix_path) using defaults
[0.458s] Level 5:colcon.colcon_core.verb:set package 'akabot_bringup' build argument 'cmake_args' from command line to 'None'
[0.458s] Level 5:colcon.colcon_core.verb:set package 'akabot_bringup' build argument 'cmake_target' from command line to 'None'
[0.458s] Level 5:colcon.colcon_core.verb:set package 'akabot_bringup' build argument 'cmake_target_skip_unavailable' from command line to 'False'
[0.458s] Level 5:colcon.colcon_core.verb:set package 'akabot_bringup' build argument 'cmake_clean_cache' from command line to 'False'
[0.458s] Level 5:colcon.colcon_core.verb:set package 'akabot_bringup' build argument 'cmake_clean_first' from command line to 'False'
[0.458s] Level 5:colcon.colcon_core.verb:set package 'akabot_bringup' build argument 'cmake_force_configure' from command line to 'False'
[0.458s] Level 5:colcon.colcon_core.verb:set package 'akabot_bringup' build argument 'ament_cmake_args' from command line to 'None'
[0.458s] Level 5:colcon.colcon_core.verb:set package 'akabot_bringup' build argument 'catkin_cmake_args' from command line to 'None'
[0.458s] Level 5:colcon.colcon_core.verb:set package 'akabot_bringup' build argument 'catkin_skip_building_tests' from command line to 'False'
[0.458s] DEBUG:colcon.colcon_core.verb:Building package 'akabot_bringup' with the following arguments: {'ament_cmake_args': None, 'build_base': '/home/harshit/arm_vla_ws/build/akabot_bringup', 'catkin_cmake_args': None, 'catkin_skip_building_tests': False, 'cmake_args': None, 'cmake_clean_cache': False, 'cmake_clean_first': False, 'cmake_force_configure': False, 'cmake_target': None, 'cmake_target_skip_unavailable': False, 'install_base': '/home/harshit/arm_vla_ws/install/akabot_bringup', 'merge_install': False, 'path': '/home/harshit/arm_vla_ws/src/akabot_bringup', 'symlink_install': False, 'test_result_base': None}
[0.459s] Level 5:colcon.colcon_core.verb:set package 'akabot_description' build argument 'cmake_args' from command line to 'None'
[0.459s] Level 5:colcon.colcon_core.verb:set package 'akabot_description' build argument 'cmake_target' from command line to 'None'
[0.459s] Level 5:colcon.colcon_core.verb:set package 'akabot_description' build argument 'cmake_target_skip_unavailable' from command line to 'False'
[0.459s] Level 5:colcon.colcon_core.verb:set package 'akabot_description' build argument 'cmake_clean_cache' from command line to 'False'
[0.459s] Level 5:colcon.colcon_core.verb:set package 'akabot_description' build argument 'cmake_clean_first' from command line to 'False'
[0.459s] Level 5:colcon.colcon_core.verb:set package 'akabot_description' build argument 'cmake_force_configure' from command line to 'False'
[0.459s] Level 5:colcon.colcon_core.verb:set package 'akabot_description' build argument 'ament_cmake_args' from command line to 'None'
[0.459s] Level 5:colcon.colcon_core.verb:set package 'akabot_description' build argument 'catkin_cmake_args' from command line to 'None'
[0.459s] Level 5:colcon.colcon_core.verb:set package 'akabot_description' build argument 'catkin_skip_building_tests' from command line to 'False'
[0.459s] DEBUG:colcon.colcon_core.verb:Building package 'akabot_description' with the following arguments: {'ament_cmake_args': None, 'build_base': '/home/harshit/arm_vla_ws/build/akabot_description', 'catkin_cmake_args': None, 'catkin_skip_building_tests': False, 'cmake_args': None, 'cmake_clean_cache': False, 'cmake_clean_first': False, 'cmake_force_configure': False, 'cmake_target': None, 'cmake_target_skip_unavailable': False, 'install_base': '/home/harshit/arm_vla_ws/install/akabot_description', 'merge_install': False, 'path': '/home/harshit/arm_vla_ws/src/akabot_description', 'symlink_install': False, 'test_result_base': None}
[0.459s] Level 5:colcon.colcon_core.verb:set package 'akabot_gazebo' build argument 'cmake_args' from command line to 'None'
[0.459s] Level 5:colcon.colcon_core.verb:set package 'akabot_gazebo' build argument 'cmake_target' from command line to 'None'
[0.459s] Level 5:colcon.colcon_core.verb:set package 'akabot_gazebo' build argument 'cmake_target_skip_unavailable' from command line to 'False'
[0.459s] Level 5:colcon.colcon_core.verb:set package 'akabot_gazebo' build argument 'cmake_clean_cache' from command line to 'False'
[0.459s] Level 5:colcon.colcon_core.verb:set package 'akabot_gazebo' build argument 'cmake_clean_first' from command line to 'False'
[0.459s] Level 5:colcon.colcon_core.verb:set package 'akabot_gazebo' build argument 'cmake_force_configure' from command line to 'False'
[0.459s] Level 5:colcon.colcon_core.verb:set package 'akabot_gazebo' build argument 'ament_cmake_args' from command line to 'None'
[0.460s] Level 5:colcon.colcon_core.verb:set package 'akabot_gazebo' build argument 'catkin_cmake_args' from command line to 'None'
[0.460s] Level 5:colcon.colcon_core.verb:set package 'akabot_gazebo' build argument 'catkin_skip_building_tests' from command line to 'False'
[0.460s] DEBUG:colcon.colcon_core.verb:Building package 'akabot_gazebo' with the following arguments: {'ament_cmake_args': None, 'build_base': '/home/harshit/arm_vla_ws/build/akabot_gazebo', 'catkin_cmake_args': None, 'catkin_skip_building_tests': False, 'cmake_args': None, 'cmake_clean_cache': False, 'cmake_clean_first': False, 'cmake_force_configure': False, 'cmake_target': None, 'cmake_target_skip_unavailable': False, 'install_base': '/home/harshit/arm_vla_ws/install/akabot_gazebo', 'merge_install': False, 'path': '/home/harshit/arm_vla_ws/src/akabot_gazebo', 'symlink_install': False, 'test_result_base': None}
[0.460s] Level 5:colcon.colcon_core.verb:set package 'arm_vla_pkg' build argument 'cmake_args' from command line to 'None'
[0.460s] Level 5:colcon.colcon_core.verb:set package 'arm_vla_pkg' build argument 'cmake_target' from command line to 'None'
[0.460s] Level 5:colcon.colcon_core.verb:set package 'arm_vla_pkg' build argument 'cmake_target_skip_unavailable' from command line to 'False'
[0.460s] Level 5:colcon.colcon_core.verb:set package 'arm_vla_pkg' build argument 'cmake_clean_cache' from command line to 'False'
[0.460s] Level 5:colcon.colcon_core.verb:set package 'arm_vla_pkg' build argument 'cmake_clean_first' from command line to 'False'
[0.460s] Level 5:colcon.colcon_core.verb:set package 'arm_vla_pkg' build argument 'cmake_force_configure' from command line to 'False'
[0.460s] Level 5:colcon.colcon_core.verb:set package 'arm_vla_pkg' build argument 'ament_cmake_args' from command line to 'None'
[0.460s] Level 5:colcon.colcon_core.verb:set package 'arm_vla_pkg' build argument 'catkin_cmake_args' from command line to 'None'
[0.460s] Level 5:colcon.colcon_core.verb:set package 'arm_vla_pkg' build argument 'catkin_skip_building_tests' from command line to 'False'
[0.460s] DEBUG:colcon.colcon_core.verb:Building package 'arm_vla_pkg' with the following arguments: {'ament_cmake_args': None, 'build_base': '/home/harshit/arm_vla_ws/build/arm_vla_pkg', 'catkin_cmake_args': None, 'catkin_skip_building_tests': False, 'cmake_args': None, 'cmake_clean_cache': False, 'cmake_clean_first': False, 'cmake_force_configure': False, 'cmake_target': None, 'cmake_target_skip_unavailable': False, 'install_base': '/home/harshit/arm_vla_ws/install/arm_vla_pkg', 'merge_install': False, 'path': '/home/harshit/arm_vla_ws/src/arm_vla_pkg', 'symlink_install': False, 'test_result_base': None}
[0.460s] Level 5:colcon.colcon_core.verb:set package 'akabot_moveit_config' build argument 'cmake_args' from command line to 'None'
[0.461s] Level 5:colcon.colcon_core.verb:set package 'akabot_moveit_config' build argument 'cmake_target' from command line to 'None'
[0.461s] Level 5:colcon.colcon_core.verb:set package 'akabot_moveit_config' build argument 'cmake_target_skip_unavailable' from command line to 'False'
[0.461s] Level 5:colcon.colcon_core.verb:set package 'akabot_moveit_config' build argument 'cmake_clean_cache' from command line to 'False'
[0.461s] Level 5:colcon.colcon_core.verb:set package 'akabot_moveit_config' build argument 'cmake_clean_first' from command line to 'False'
[0.461s] Level 5:colcon.colcon_core.verb:set package 'akabot_moveit_config' build argument 'cmake_force_configure' from command line to 'False'
[0.461s] Level 5:colcon.colcon_core.verb:set package 'akabot_moveit_config' build argument 'ament_cmake_args' from command line to 'None'
[0.461s] Level 5:colcon.colcon_core.verb:set package 'akabot_moveit_config' build argument 'catkin_cmake_args' from command line to 'None'
[0.461s] Level 5:colcon.colcon_core.verb:set package 'akabot_moveit_config' build argument 'catkin_skip_building_tests' from command line to 'False'
[0.461s] DEBUG:colcon.colcon_core.verb:Building package 'akabot_moveit_config' with the following arguments: {'ament_cmake_args': None, 'build_base': '/home/harshit/arm_vla_ws/build/akabot_moveit_config', 'catkin_cmake_args': None, 'catkin_skip_building_tests': False, 'cmake_args': None, 'cmake_clean_cache': False, 'cmake_clean_first': False, 'cmake_force_configure': False, 'cmake_target': None, 'cmake_target_skip_unavailable': False, 'install_base': '/home/harshit/arm_vla_ws/install/akabot_moveit_config', 'merge_install': False, 'path': '/home/harshit/arm_vla_ws/src/akabot_moveit_config', 'symlink_install': False, 'test_result_base': None}
[0.461s] Level 5:colcon.colcon_core.verb:set package 'akabot_control' build argument 'cmake_args' from command line to 'None'
[0.461s] Level 5:colcon.colcon_core.verb:set package 'akabot_control' build argument 'cmake_target' from command line to 'None'
[0.461s] Level 5:colcon.colcon_core.verb:set package 'akabot_control' build argument 'cmake_target_skip_unavailable' from command line to 'False'
[0.461s] Level 5:colcon.colcon_core.verb:set package 'akabot_control' build argument 'cmake_clean_cache' from command line to 'False'
[0.461s] Level 5:colcon.colcon_core.verb:set package 'akabot_control' build argument 'cmake_clean_first' from command line to 'False'
[0.461s] Level 5:colcon.colcon_core.verb:set package 'akabot_control' build argument 'cmake_force_configure' from command line to 'False'
[0.461s] Level 5:colcon.colcon_core.verb:set package 'akabot_control' build argument 'ament_cmake_args' from command line to 'None'
[0.461s] Level 5:colcon.colcon_core.verb:set package 'akabot_control' build argument 'catkin_cmake_args' from command line to 'None'
[0.461s] Level 5:colcon.colcon_core.verb:set package 'akabot_control' build argument 'catkin_skip_building_tests' from command line to 'False'
[0.461s] DEBUG:colcon.colcon_core.verb:Building package 'akabot_control' with the following arguments: {'ament_cmake_args': None, 'build_base': '/home/harshit/arm_vla_ws/build/akabot_control', 'catkin_cmake_args': None, 'catkin_skip_building_tests': False, 'cmake_args': None, 'cmake_clean_cache': False, 'cmake_clean_first': False, 'cmake_force_configure': False, 'cmake_target': None, 'cmake_target_skip_unavailable': False, 'install_base': '/home/harshit/arm_vla_ws/install/akabot_control', 'merge_install': False, 'path': '/home/harshit/arm_vla_ws/src/akabot_control', 'symlink_install': False, 'test_result_base': None}
[0.461s] INFO:colcon.colcon_core.executor:Executing jobs using 'parallel' executor
[0.463s] DEBUG:colcon.colcon_parallel_executor.executor.parallel:run_until_complete
[0.463s] INFO:colcon.colcon_ros.task.ament_cmake.build:Building ROS package in '/home/harshit/arm_vla_ws/src/akabot_description' with build type 'ament_cmake'
[0.463s] INFO:colcon.colcon_cmake.task.cmake.build:Building CMake package in '/home/harshit/arm_vla_ws/src/akabot_description'
[0.466s] INFO:colcon.colcon_core.plugin_system:Skipping extension 'colcon_core.shell.bat': Not used on non-Windows systems
[0.466s] INFO:colcon.colcon_core.shell:Skip shell extension 'powershell' for command environment: Not usable outside of PowerShell
[0.466s] DEBUG:colcon.colcon_core.shell:Skip shell extension 'dsv' for command environment
[0.472s] INFO:colcon.colcon_ros.task.ament_cmake.build:Building ROS package in '/home/harshit/arm_vla_ws/src/akabot_bringup' with build type 'ament_cmake'
[0.472s] INFO:colcon.colcon_cmake.task.cmake.build:Building CMake package in '/home/harshit/arm_vla_ws/src/akabot_bringup'
[0.472s] INFO:colcon.colcon_core.shell:Skip shell extension 'powershell' for command environment: Not usable outside of PowerShell
[0.472s] DEBUG:colcon.colcon_core.shell:Skip shell extension 'dsv' for command environment
[0.479s] INFO:colcon.colcon_ros.task.ament_cmake.build:Building ROS package in '/home/harshit/arm_vla_ws/src/akabot_gazebo' with build type 'ament_cmake'
[0.479s] INFO:colcon.colcon_cmake.task.cmake.build:Building CMake package in '/home/harshit/arm_vla_ws/src/akabot_gazebo'
[0.479s] INFO:colcon.colcon_core.shell:Skip shell extension 'powershell' for command environment: Not usable outside of PowerShell
[0.479s] DEBUG:colcon.colcon_core.shell:Skip shell extension 'dsv' for command environment
[0.485s] INFO:colcon.colcon_ros.task.ament_python.build:Building ROS package in '/home/harshit/arm_vla_ws/src/arm_vla_pkg' with build type 'ament_python'
[0.485s] Level 1:colcon.colcon_core.shell:create_environment_hook('arm_vla_pkg', 'ament_prefix_path')
[0.485s] INFO:colcon.colcon_core.shell:Creating environment hook '/home/harshit/arm_vla_ws/install/arm_vla_pkg/share/arm_vla_pkg/hook/ament_prefix_path.ps1'
[0.486s] INFO:colcon.colcon_core.shell:Creating environment descriptor '/home/harshit/arm_vla_ws/install/arm_vla_pkg/share/arm_vla_pkg/hook/ament_prefix_path.dsv'
[0.487s] INFO:colcon.colcon_core.shell:Creating environment hook '/home/harshit/arm_vla_ws/install/arm_vla_pkg/share/arm_vla_pkg/hook/ament_prefix_path.sh'
[0.488s] INFO:colcon.colcon_core.shell:Skip shell extension 'powershell' for command environment: Not usable outside of PowerShell
[0.488s] DEBUG:colcon.colcon_core.shell:Skip shell extension 'dsv' for command environment
[0.503s] DEBUG:colcon.colcon_core.event_handler.log_command:Invoking command in '/home/harshit/arm_vla_ws/build/akabot_description': CMAKE_PREFIX_PATH=${CMAKE_PREFIX_PATH}:/home/harshit/arm_vla_ws/install/arm_vla_pkg:/home/harshit/arm_vla_ws/install/akabot_control:/home/harshit/colcon_ws/install/eyantra_solution:/opt/ros/humble /usr/bin/cmake --build /home/harshit/arm_vla_ws/build/akabot_description -- -j8 -l8
[0.507s] DEBUG:colcon.colcon_core.event_handler.log_command:Invoking command in '/home/harshit/arm_vla_ws/build/akabot_bringup': CMAKE_PREFIX_PATH=${CMAKE_PREFIX_PATH}:/home/harshit/arm_vla_ws/install/arm_vla_pkg:/home/harshit/arm_vla_ws/install/akabot_control:/home/harshit/colcon_ws/install/eyantra_solution:/opt/ros/humble /usr/bin/cmake --build /home/harshit/arm_vla_ws/build/akabot_bringup -- -j8 -l8
[0.513s] DEBUG:colcon.colcon_core.event_handler.log_command:Invoking command in '/home/harshit/arm_vla_ws/build/akabot_gazebo': CMAKE_PREFIX_PATH=${CMAKE_PREFIX_PATH}:/home/harshit/arm_vla_ws/install/arm_vla_pkg:/home/harshit/arm_vla_ws/install/akabot_control:/home/harshit/colcon_ws/install/eyantra_solution:/opt/ros/humble /usr/bin/cmake --build /home/harshit/arm_vla_ws/build/akabot_gazebo -- -j8 -l8
[0.837s] INFO:colcon.colcon_core.task.python.build:Building Python package in '/home/harshit/arm_vla_ws/src/arm_vla_pkg'
[0.838s] INFO:colcon.colcon_core.shell:Skip shell extension 'powershell' for command environment: Not usable outside of PowerShell
[0.838s] DEBUG:colcon.colcon_core.shell:Skip shell extension 'dsv' for command environment
[0.848s] DEBUG:colcon.colcon_core.event_handler.log_command:Invoked command in '/home/harshit/arm_vla_ws/build/akabot_description' returned '0': CMAKE_PREFIX_PATH=${CMAKE_PREFIX_PATH}:/home/harshit/arm_vla_ws/install/arm_vla_pkg:/home/harshit/arm_vla_ws/install/akabot_control:/home/harshit/colcon_ws/install/eyantra_solution:/opt/ros/humble /usr/bin/cmake --build /home/harshit/arm_vla_ws/build/akabot_description -- -j8 -l8
[0.863s] DEBUG:colcon.colcon_core.event_handler.log_command:Invoking command in '/home/harshit/arm_vla_ws/build/akabot_description': CMAKE_PREFIX_PATH=${CMAKE_PREFIX_PATH}:/home/harshit/arm_vla_ws/install/arm_vla_pkg:/home/harshit/arm_vla_ws/install/akabot_control:/home/harshit/colcon_ws/install/eyantra_solution:/opt/ros/humble /usr/bin/cmake --install /home/harshit/arm_vla_ws/build/akabot_description
[0.866s] DEBUG:colcon.colcon_core.event_handler.log_command:Invoked command in '/home/harshit/arm_vla_ws/build/akabot_gazebo' returned '0': CMAKE_PREFIX_PATH=${CMAKE_PREFIX_PATH}:/home/harshit/arm_vla_ws/install/arm_vla_pkg:/home/harshit/arm_vla_ws/install/akabot_control:/home/harshit/colcon_ws/install/eyantra_solution:/opt/ros/humble /usr/bin/cmake --build /home/harshit/arm_vla_ws/build/akabot_gazebo -- -j8 -l8
[0.868s] DEBUG:colcon.colcon_core.event_handler.log_command:Invoking command in '/home/harshit/arm_vla_ws/build/akabot_gazebo': CMAKE_PREFIX_PATH=${CMAKE_PREFIX_PATH}:/home/harshit/arm_vla_ws/install/arm_vla_pkg:/home/harshit/arm_vla_ws/install/akabot_control:/home/harshit/colcon_ws/install/eyantra_solution:/opt/ros/humble /usr/bin/cmake --install /home/harshit/arm_vla_ws/build/akabot_gazebo
[0.869s] DEBUG:colcon.colcon_core.event_handler.log_command:Invoked command in '/home/harshit/arm_vla_ws/build/akabot_bringup' returned '0': CMAKE_PREFIX_PATH=${CMAKE_PREFIX_PATH}:/home/harshit/arm_vla_ws/install/arm_vla_pkg:/home/harshit/arm_vla_ws/install/akabot_control:/home/harshit/colcon_ws/install/eyantra_solution:/opt/ros/humble /usr/bin/cmake --build /home/harshit/arm_vla_ws/build/akabot_bringup -- -j8 -l8
[0.871s] DEBUG:colcon.colcon_core.event_handler.log_command:Invoking command in '/home/harshit/arm_vla_ws/build/akabot_bringup': CMAKE_PREFIX_PATH=${CMAKE_PREFIX_PATH}:/home/harshit/arm_vla_ws/install/arm_vla_pkg:/home/harshit/arm_vla_ws/install/akabot_control:/home/harshit/colcon_ws/install/eyantra_solution:/opt/ros/humble /usr/bin/cmake --install /home/harshit/arm_vla_ws/build/akabot_bringup
[0.880s] Level 1:colcon.colcon_core.environment:create_environment_scripts_only(akabot_description)
[0.886s] DEBUG:colcon.colcon_core.event_handler.log_command:Invoked command in '/home/harshit/arm_vla_ws/build/akabot_description' returned '0': CMAKE_PREFIX_PATH=${CMAKE_PREFIX_PATH}:/home/harshit/arm_vla_ws/install/arm_vla_pkg:/home/harshit/arm_vla_ws/install/akabot_control:/home/harshit/colcon_ws/install/eyantra_solution:/opt/ros/humble /usr/bin/cmake --install /home/harshit/arm_vla_ws/build/akabot_description
[0.892s] Level 1:colcon.colcon_core.environment:checking '/home/harshit/arm_vla_ws/install/akabot_description' for CMake module files
[0.892s] Level 1:colcon.colcon_core.environment:checking '/home/harshit/arm_vla_ws/install/akabot_description' for CMake config files
[0.893s] Level 1:colcon.colcon_core.shell:create_environment_hook('akabot_description', 'cmake_prefix_path')
[0.894s] INFO:colcon.colcon_core.shell:Creating environment hook '/home/harshit/arm_vla_ws/install/akabot_description/share/akabot_description/hook/cmake_prefix_path.ps1'
[0.895s] INFO:colcon.colcon_core.shell:Creating environment descriptor '/home/harshit/arm_vla_ws/install/akabot_description/share/akabot_description/hook/cmake_prefix_path.dsv'
[0.895s] INFO:colcon.colcon_core.shell:Creating environment hook '/home/harshit/arm_vla_ws/install/akabot_description/share/akabot_description/hook/cmake_prefix_path.sh'
[0.896s] Level 1:colcon.colcon_core.environment:checking '/home/harshit/arm_vla_ws/install/akabot_description/bin'
[0.896s] Level 1:colcon.colcon_core.environment:checking '/home/harshit/arm_vla_ws/install/akabot_description/lib/pkgconfig/akabot_description.pc'
[0.896s] Level 1:colcon.colcon_core.environment:checking '/home/harshit/arm_vla_ws/install/akabot_description/lib/python3.10/site-packages'
[0.897s] Level 1:colcon.colcon_core.environment:checking '/home/harshit/arm_vla_ws/install/akabot_description/bin'
[0.897s] INFO:colcon.colcon_core.shell:Creating package script '/home/harshit/arm_vla_ws/install/akabot_description/share/akabot_description/package.ps1'
[0.898s] INFO:colcon.colcon_core.shell:Creating package descriptor '/home/harshit/arm_vla_ws/install/akabot_description/share/akabot_description/package.dsv'
[0.899s] INFO:colcon.colcon_core.shell:Creating package script '/home/harshit/arm_vla_ws/install/akabot_description/share/akabot_description/package.sh'
[0.900s] INFO:colcon.colcon_core.shell:Creating package script '/home/harshit/arm_vla_ws/install/akabot_description/share/akabot_description/package.bash'
[0.901s] INFO:colcon.colcon_core.shell:Creating package script '/home/harshit/arm_vla_ws/install/akabot_description/share/akabot_description/package.zsh'
[0.902s] Level 1:colcon.colcon_core.environment:create_file_with_runtime_dependencies(/home/harshit/arm_vla_ws/install/akabot_description/share/colcon-core/packages/akabot_description)
[0.902s] Level 1:colcon.colcon_core.environment:create_environment_scripts_only(akabot_description)
[0.903s] Level 1:colcon.colcon_core.environment:checking '/home/harshit/arm_vla_ws/install/akabot_description' for CMake module files
[0.903s] Level 1:colcon.colcon_core.environment:checking '/home/harshit/arm_vla_ws/install/akabot_description' for CMake config files
[0.904s] Level 1:colcon.colcon_core.shell:create_environment_hook('akabot_description', 'cmake_prefix_path')
[0.904s] INFO:colcon.colcon_core.shell:Creating environment hook '/home/harshit/arm_vla_ws/install/akabot_description/share/akabot_description/hook/cmake_prefix_path.ps1'
[0.904s] INFO:colcon.colcon_core.shell:Creating environment descriptor '/home/harshit/arm_vla_ws/install/akabot_description/share/akabot_description/hook/cmake_prefix_path.dsv'
[0.905s] INFO:colcon.colcon_core.shell:Creating environment hook '/home/harshit/arm_vla_ws/install/akabot_description/share/akabot_description/hook/cmake_prefix_path.sh'
[0.905s] Level 1:colcon.colcon_core.environment:checking '/home/harshit/arm_vla_ws/install/akabot_description/bin'
[0.905s] Level 1:colcon.colcon_core.environment:checking '/home/harshit/arm_vla_ws/install/akabot_description/lib/pkgconfig/akabot_description.pc'
[0.906s] Level 1:colcon.colcon_core.environment:checking '/home/harshit/arm_vla_ws/install/akabot_description/lib/python3.10/site-packages'
[0.906s] Level 1:colcon.colcon_core.environment:checking '/home/harshit/arm_vla_ws/install/akabot_description/bin'
[0.906s] INFO:colcon.colcon_core.shell:Creating package script '/home/harshit/arm_vla_ws/install/akabot_description/share/akabot_description/package.ps1'
[0.907s] INFO:colcon.colcon_core.shell:Creating package descriptor '/home/harshit/arm_vla_ws/install/akabot_description/share/akabot_description/package.dsv'
[0.907s] INFO:colcon.colcon_core.shell:Creating package script '/home/harshit/arm_vla_ws/install/akabot_description/share/akabot_description/package.sh'
[0.908s] INFO:colcon.colcon_core.shell:Creating package script '/home/harshit/arm_vla_ws/install/akabot_description/share/akabot_description/package.bash'
[0.908s] INFO:colcon.colcon_core.shell:Creating package script '/home/harshit/arm_vla_ws/install/akabot_description/share/akabot_description/package.zsh'
[0.909s] Level 1:colcon.colcon_core.environment:create_file_with_runtime_dependencies(/home/harshit/arm_vla_ws/install/akabot_description/share/colcon-core/packages/akabot_description)
[0.910s] INFO:colcon.colcon_ros.task.ament_cmake.build:Building ROS package in '/home/harshit/arm_vla_ws/src/akabot_moveit_config' with build type 'ament_cmake'
[0.910s] INFO:colcon.colcon_cmake.task.cmake.build:Building CMake package in '/home/harshit/arm_vla_ws/src/akabot_moveit_config'
[0.910s] INFO:colcon.colcon_core.shell:Skip shell extension 'powershell' for command environment: Not usable outside of PowerShell
[0.910s] DEBUG:colcon.colcon_core.shell:Skip shell extension 'dsv' for command environment
[0.917s] Level 1:colcon.colcon_core.environment:create_environment_scripts_only(akabot_gazebo)
[0.918s] Level 1:colcon.colcon_core.environment:checking '/home/harshit/arm_vla_ws/install/akabot_gazebo' for CMake module files
[0.918s] DEBUG:colcon.colcon_core.event_handler.log_command:Invoked command in '/home/harshit/arm_vla_ws/build/akabot_gazebo' returned '0': CMAKE_PREFIX_PATH=${CMAKE_PREFIX_PATH}:/home/harshit/arm_vla_ws/install/arm_vla_pkg:/home/harshit/arm_vla_ws/install/akabot_control:/home/harshit/colcon_ws/install/eyantra_solution:/opt/ros/humble /usr/bin/cmake --install /home/harshit/arm_vla_ws/build/akabot_gazebo
[0.919s] Level 1:colcon.colcon_core.environment:checking '/home/harshit/arm_vla_ws/install/akabot_gazebo' for CMake config files
[0.919s] Level 1:colcon.colcon_core.shell:create_environment_hook('akabot_gazebo', 'cmake_prefix_path')
[0.919s] INFO:colcon.colcon_core.shell:Creating environment hook '/home/harshit/arm_vla_ws/install/akabot_gazebo/share/akabot_gazebo/hook/cmake_prefix_path.ps1'
[0.920s] INFO:colcon.colcon_core.shell:Creating environment descriptor '/home/harshit/arm_vla_ws/install/akabot_gazebo/share/akabot_gazebo/hook/cmake_prefix_path.dsv'
[0.920s] INFO:colcon.colcon_core.shell:Creating environment hook '/home/harshit/arm_vla_ws/install/akabot_gazebo/share/akabot_gazebo/hook/cmake_prefix_path.sh'
[0.921s] Level 1:colcon.colcon_core.environment:checking '/home/harshit/arm_vla_ws/install/akabot_gazebo/bin'
[0.921s] Level 1:colcon.colcon_core.environment:checking '/home/harshit/arm_vla_ws/install/akabot_gazebo/lib/pkgconfig/akabot_gazebo.pc'
[0.922s] Level 1:colcon.colcon_core.environment:checking '/home/harshit/arm_vla_ws/install/akabot_gazebo/lib/python3.10/site-packages'
[0.922s] Level 1:colcon.colcon_core.environment:checking '/home/harshit/arm_vla_ws/install/akabot_gazebo/bin'
[0.923s] INFO:colcon.colcon_core.shell:Creating package script '/home/harshit/arm_vla_ws/install/akabot_gazebo/share/akabot_gazebo/package.ps1'
[0.923s] INFO:colcon.colcon_core.shell:Creating package descriptor '/home/harshit/arm_vla_ws/install/akabot_gazebo/share/akabot_gazebo/package.dsv'
[0.924s] INFO:colcon.colcon_core.shell:Creating package script '/home/harshit/arm_vla_ws/install/akabot_gazebo/share/akabot_gazebo/package.sh'
[0.925s] INFO:colcon.colcon_core.shell:Creating package script '/home/harshit/arm_vla_ws/install/akabot_gazebo/share/akabot_gazebo/package.bash'
[0.925s] INFO:colcon.colcon_core.shell:Creating package script '/home/harshit/arm_vla_ws/install/akabot_gazebo/share/akabot_gazebo/package.zsh'
[0.926s] Level 1:colcon.colcon_core.environment:create_file_with_runtime_dependencies(/home/harshit/arm_vla_ws/install/akabot_gazebo/share/colcon-core/packages/akabot_gazebo)
[0.926s] Level 1:colcon.colcon_core.environment:create_environment_scripts_only(akabot_gazebo)
[0.927s] Level 1:colcon.colcon_core.environment:checking '/home/harshit/arm_vla_ws/install/akabot_gazebo' for CMake module files
[0.928s] Level 1:colcon.colcon_core.environment:checking '/home/harshit/arm_vla_ws/install/akabot_gazebo' for CMake config files
[0.928s] Level 1:colcon.colcon_core.shell:create_environment_hook('akabot_gazebo', 'cmake_prefix_path')
[0.928s] INFO:colcon.colcon_core.shell:Creating environment hook '/home/harshit/arm_vla_ws/install/akabot_gazebo/share/akabot_gazebo/hook/cmake_prefix_path.ps1'
[0.929s] INFO:colcon.colcon_core.shell:Creating environment descriptor '/home/harshit/arm_vla_ws/install/akabot_gazebo/share/akabot_gazebo/hook/cmake_prefix_path.dsv'
[0.929s] INFO:colcon.colcon_core.shell:Creating environment hook '/home/harshit/arm_vla_ws/install/akabot_gazebo/share/akabot_gazebo/hook/cmake_prefix_path.sh'
[0.930s] Level 1:colcon.colcon_core.environment:checking '/home/harshit/arm_vla_ws/install/akabot_gazebo/bin'
[0.930s] Level 1:colcon.colcon_core.environment:checking '/home/harshit/arm_vla_ws/install/akabot_gazebo/lib/pkgconfig/akabot_gazebo.pc'
[0.930s] Level 1:colcon.colcon_core.environment:checking '/home/harshit/arm_vla_ws/install/akabot_gazebo/lib/python3.10/site-packages'
[0.931s] Level 1:colcon.colcon_core.environment:checking '/home/harshit/arm_vla_ws/install/akabot_gazebo/bin'
[0.931s] INFO:colcon.colcon_core.shell:Creating package script '/home/harshit/arm_vla_ws/install/akabot_gazebo/share/akabot_gazebo/package.ps1'
[0.932s] INFO:colcon.colcon_core.shell:Creating package descriptor '/home/harshit/arm_vla_ws/install/akabot_gazebo/share/akabot_gazebo/package.dsv'
[0.932s] INFO:colcon.colcon_core.shell:Creating package script '/home/harshit/arm_vla_ws/install/akabot_gazebo/share/akabot_gazebo/package.sh'
[0.933s] INFO:colcon.colcon_core.shell:Creating package script '/home/harshit/arm_vla_ws/install/akabot_gazebo/share/akabot_gazebo/package.bash'
[0.933s] INFO:colcon.colcon_core.shell:Creating package script '/home/harshit/arm_vla_ws/install/akabot_gazebo/share/akabot_gazebo/package.zsh'
[0.934s] Level 1:colcon.colcon_core.environment:create_file_with_runtime_dependencies(/home/harshit/arm_vla_ws/install/akabot_gazebo/share/colcon-core/packages/akabot_gazebo)
[0.934s] Level 1:colcon.colcon_core.environment:create_environment_scripts_only(akabot_bringup)
[0.934s] Level 1:colcon.colcon_core.environment:checking '/home/harshit/arm_vla_ws/install/akabot_bringup' for CMake module files
[0.935s] Level 1:colcon.colcon_core.environment:checking '/home/harshit/arm_vla_ws/install/akabot_bringup' for CMake config files
[0.936s] DEBUG:colcon.colcon_core.event_handler.log_command:Invoked command in '/home/harshit/arm_vla_ws/build/akabot_bringup' returned '0': CMAKE_PREFIX_PATH=${CMAKE_PREFIX_PATH}:/home/harshit/arm_vla_ws/install/arm_vla_pkg:/home/harshit/arm_vla_ws/install/akabot_control:/home/harshit/colcon_ws/install/eyantra_solution:/opt/ros/humble /usr/bin/cmake --install /home/harshit/arm_vla_ws/build/akabot_bringup
[0.936s] Level 1:colcon.colcon_core.shell:create_environment_hook('akabot_bringup', 'cmake_prefix_path')
[0.937s] INFO:colcon.colcon_core.shell:Creating environment hook '/home/harshit/arm_vla_ws/install/akabot_bringup/share/akabot_bringup/hook/cmake_prefix_path.ps1'
[0.937s] INFO:colcon.colcon_core.shell:Creating environment descriptor '/home/harshit/arm_vla_ws/install/akabot_bringup/share/akabot_bringup/hook/cmake_prefix_path.dsv'
[0.937s] INFO:colcon.colcon_core.shell:Creating environment hook '/home/harshit/arm_vla_ws/install/akabot_bringup/share/akabot_bringup/hook/cmake_prefix_path.sh'
[0.938s] Level 1:colcon.colcon_core.environment:checking '/home/harshit/arm_vla_ws/install/akabot_bringup/bin'
[0.938s] Level 1:colcon.colcon_core.environment:checking '/home/harshit/arm_vla_ws/install/akabot_bringup/lib/pkgconfig/akabot_bringup.pc'
[0.938s] Level 1:colcon.colcon_core.environment:checking '/home/harshit/arm_vla_ws/install/akabot_bringup/lib/python3.10/site-packages'
[0.939s] Level 1:colcon.colcon_core.environment:checking '/home/harshit/arm_vla_ws/install/akabot_bringup/bin'
[0.939s] INFO:colcon.colcon_core.shell:Creating package script '/home/harshit/arm_vla_ws/install/akabot_bringup/share/akabot_bringup/package.ps1'
[0.939s] INFO:colcon.colcon_core.shell:Creating package descriptor '/home/harshit/arm_vla_ws/install/akabot_bringup/share/akabot_bringup/package.dsv'
[0.940s] INFO:colcon.colcon_core.shell:Creating package script '/home/harshit/arm_vla_ws/install/akabot_bringup/share/akabot_bringup/package.sh'
[0.940s] INFO:colcon.colcon_core.shell:Creating package script '/home/harshit/arm_vla_ws/install/akabot_bringup/share/akabot_bringup/package.bash'
[0.941s] INFO:colcon.colcon_core.shell:Creating package script '/home/harshit/arm_vla_ws/install/akabot_bringup/share/akabot_bringup/package.zsh'
[0.941s] Level 1:colcon.colcon_core.environment:create_file_with_runtime_dependencies(/home/harshit/arm_vla_ws/install/akabot_bringup/share/colcon-core/packages/akabot_bringup)
[0.942s] Level 1:colcon.colcon_core.environment:create_environment_scripts_only(akabot_bringup)
[0.942s] Level 1:colcon.colcon_core.environment:checking '/home/harshit/arm_vla_ws/install/akabot_bringup' for CMake module files
[0.942s] Level 1:colcon.colcon_core.environment:checking '/home/harshit/arm_vla_ws/install/akabot_bringup' for CMake config files
[0.943s] Level 1:colcon.colcon_core.shell:create_environment_hook('akabot_bringup', 'cmake_prefix_path')
[0.943s] INFO:colcon.colcon_core.shell:Creating environment hook '/home/harshit/arm_vla_ws/install/akabot_bringup/share/akabot_bringup/hook/cmake_prefix_path.ps1'
[0.944s] INFO:colcon.colcon_core.shell:Creating environment descriptor '/home/harshit/arm_vla_ws/install/akabot_bringup/share/akabot_bringup/hook/cmake_prefix_path.dsv'
[0.944s] INFO:colcon.colcon_core.shell:Creating environment hook '/home/harshit/arm_vla_ws/install/akabot_bringup/share/akabot_bringup/hook/cmake_prefix_path.sh'
[0.945s] Level 1:colcon.colcon_core.environment:checking '/home/harshit/arm_vla_ws/install/akabot_bringup/bin'
[0.945s] Level 1:colcon.colcon_core.environment:checking '/home/harshit/arm_vla_ws/install/akabot_bringup/lib/pkgconfig/akabot_bringup.pc'
[0.945s] Level 1:colcon.colcon_core.environment:checking '/home/harshit/arm_vla_ws/install/akabot_bringup/lib/python3.10/site-packages'
[0.945s] Level 1:colcon.colcon_core.environment:checking '/home/harshit/arm_vla_ws/install/akabot_bringup/bin'
[0.946s] INFO:colcon.colcon_core.shell:Creating package script '/home/harshit/arm_vla_ws/install/akabot_bringup/share/akabot_bringup/package.ps1'
[0.946s] INFO:colcon.colcon_core.shell:Creating package descriptor '/home/harshit/arm_vla_ws/install/akabot_bringup/share/akabot_bringup/package.dsv'
[0.947s] INFO:colcon.colcon_core.shell:Creating package script '/home/harshit/arm_vla_ws/install/akabot_bringup/share/akabot_bringup/package.sh'
[0.947s] INFO:colcon.colcon_core.shell:Creating package script '/home/harshit/arm_vla_ws/install/akabot_bringup/share/akabot_bringup/package.bash'
[0.947s] INFO:colcon.colcon_core.shell:Creating package script '/home/harshit/arm_vla_ws/install/akabot_bringup/share/akabot_bringup/package.zsh'
[0.948s] Level 1:colcon.colcon_core.environment:create_file_with_runtime_dependencies(/home/harshit/arm_vla_ws/install/akabot_bringup/share/colcon-core/packages/akabot_bringup)
[0.952s] DEBUG:colcon.colcon_core.event_handler.log_command:Invoking command in '/home/harshit/arm_vla_ws/build/akabot_moveit_config': CMAKE_PREFIX_PATH=/home/harshit/arm_vla_ws/install/akabot_description:/home/harshit/arm_vla_ws/install/akabot_moveit_config:/home/harshit/arm_vla_ws/install/akabot_gazebo:/home/harshit/arm_vla_ws/install/akabot_bringup:/home/harshit/colcon_ws/install/ur_simulation_gz:/home/harshit/colcon_ws/install/ur_description:/home/harshit/colcon_ws/install/ur5_control:/home/harshit/colcon_ws/install/linkattacher_msgs:/home/harshit/colcon_ws/install/eyantra_warehouse:/home/harshit/colcon_ws/install/ebot_description:/home/harshit/arm_vla_ws/install/arm_vla_pkg:/home/harshit/arm_vla_ws/install/akabot_control:/home/harshit/colcon_ws/install/eyantra_solution:/opt/ros/humble /usr/bin/cmake --build /home/harshit/arm_vla_ws/build/akabot_moveit_config -- -j8 -l8
[1.010s] DEBUG:colcon.colcon_core.event_handler.log_command:Invoked command in '/home/harshit/arm_vla_ws/build/akabot_moveit_config' returned '0': CMAKE_PREFIX_PATH=/home/harshit/arm_vla_ws/install/akabot_description:/home/harshit/arm_vla_ws/install/akabot_moveit_config:/home/harshit/arm_vla_ws/install/akabot_gazebo:/home/harshit/arm_vla_ws/install/akabot_bringup:/home/harshit/colcon_ws/install/ur_simulation_gz:/home/harshit/colcon_ws/install/ur_description:/home/harshit/colcon_ws/install/ur5_control:/home/harshit/colcon_ws/install/linkattacher_msgs:/home/harshit/colcon_ws/install/eyantra_warehouse:/home/harshit/colcon_ws/install/ebot_description:/home/harshit/arm_vla_ws/install/arm_vla_pkg:/home/harshit/arm_vla_ws/install/akabot_control:/home/harshit/colcon_ws/install/eyantra_solution:/opt/ros/humble /usr/bin/cmake --build /home/harshit/arm_vla_ws/build/akabot_moveit_config -- -j8 -l8
[1.011s] DEBUG:colcon.colcon_core.event_handler.log_command:Invoking command in '/home/harshit/arm_vla_ws/build/akabot_moveit_config': CMAKE_PREFIX_PATH=/home/harshit/arm_vla_ws/install/akabot_description:/home/harshit/arm_vla_ws/install/akabot_moveit_config:/home/harshit/arm_vla_ws/install/akabot_gazebo:/home/harshit/arm_vla_ws/install/akabot_bringup:/home/harshit/colcon_ws/install/ur_simulation_gz:/home/harshit/colcon_ws/install/ur_description:/home/harshit/colcon_ws/install/ur5_control:/home/harshit/colcon_ws/install/linkattacher_msgs:/home/harshit/colcon_ws/install/eyantra_warehouse:/home/harshit/colcon_ws/install/ebot_description:/home/harshit/arm_vla_ws/install/arm_vla_pkg:/home/harshit/arm_vla_ws/install/akabot_control:/home/harshit/colcon_ws/install/eyantra_solution:/opt/ros/humble /usr/bin/cmake --install /home/harshit/arm_vla_ws/build/akabot_moveit_config
[1.026s] Level 1:colcon.colcon_core.environment:create_environment_scripts_only(akabot_moveit_config)
[1.026s] Level 1:colcon.colcon_core.environment:checking '/home/harshit/arm_vla_ws/install/akabot_moveit_config' for CMake module files
[1.027s] DEBUG:colcon.colcon_core.event_handler.log_command:Invoked command in '/home/harshit/arm_vla_ws/build/akabot_moveit_config' returned '0': CMAKE_PREFIX_PATH=/home/harshit/arm_vla_ws/install/akabot_description:/home/harshit/arm_vla_ws/install/akabot_moveit_config:/home/harshit/arm_vla_ws/install/akabot_gazebo:/home/harshit/arm_vla_ws/install/akabot_bringup:/home/harshit/colcon_ws/install/ur_simulation_gz:/home/harshit/colcon_ws/install/ur_description:/home/harshit/colcon_ws/install/ur5_control:/home/harshit/colcon_ws/install/linkattacher_msgs:/home/harshit/colcon_ws/install/eyantra_warehouse:/home/harshit/colcon_ws/install/ebot_description:/home/harshit/arm_vla_ws/install/arm_vla_pkg:/home/harshit/arm_vla_ws/install/akabot_control:/home/harshit/colcon_ws/install/eyantra_solution:/opt/ros/humble /usr/bin/cmake --install /home/harshit/arm_vla_ws/build/akabot_moveit_config
[1.027s] Level 1:colcon.colcon_core.environment:checking '/home/harshit/arm_vla_ws/install/akabot_moveit_config' for CMake config files
[1.028s] Level 1:colcon.colcon_core.shell:create_environment_hook('akabot_moveit_config', 'cmake_prefix_path')
[1.028s] INFO:colcon.colcon_core.shell:Creating environment hook '/home/harshit/arm_vla_ws/install/akabot_moveit_config/share/akabot_moveit_config/hook/cmake_prefix_path.ps1'
[1.029s] INFO:colcon.colcon_core.shell:Creating environment descriptor '/home/harshit/arm_vla_ws/install/akabot_moveit_config/share/akabot_moveit_config/hook/cmake_prefix_path.dsv'
[1.029s] INFO:colcon.colcon_core.shell:Creating environment hook '/home/harshit/arm_vla_ws/install/akabot_moveit_config/share/akabot_moveit_config/hook/cmake_prefix_path.sh'
[1.030s] Level 1:colcon.colcon_core.environment:checking '/home/harshit/arm_vla_ws/install/akabot_moveit_config/bin'
[1.030s] Level 1:colcon.colcon_core.environment:checking '/home/harshit/arm_vla_ws/install/akabot_moveit_config/lib/pkgconfig/akabot_moveit_config.pc'
[1.030s] Level 1:colcon.colcon_core.environment:checking '/home/harshit/arm_vla_ws/install/akabot_moveit_config/lib/python3.10/site-packages'
[1.030s] Level 1:colcon.colcon_core.environment:checking '/home/harshit/arm_vla_ws/install/akabot_moveit_config/bin'
[1.031s] INFO:colcon.colcon_core.shell:Creating package script '/home/harshit/arm_vla_ws/install/akabot_moveit_config/share/akabot_moveit_config/package.ps1'
[1.031s] INFO:colcon.colcon_core.shell:Creating package descriptor '/home/harshit/arm_vla_ws/install/akabot_moveit_config/share/akabot_moveit_config/package.dsv'
[1.032s] INFO:colcon.colcon_core.shell:Creating package script '/home/harshit/arm_vla_ws/install/akabot_moveit_config/share/akabot_moveit_config/package.sh'
[1.032s] INFO:colcon.colcon_core.shell:Creating package script '/home/harshit/arm_vla_ws/install/akabot_moveit_config/share/akabot_moveit_config/package.bash'
[1.033s] INFO:colcon.colcon_core.shell:Creating package script '/home/harshit/arm_vla_ws/install/akabot_moveit_config/share/akabot_moveit_config/package.zsh'
[1.033s] Level 1:colcon.colcon_core.environment:create_file_with_runtime_dependencies(/home/harshit/arm_vla_ws/install/akabot_moveit_config/share/colcon-core/packages/akabot_moveit_config)
[1.034s] Level 1:colcon.colcon_core.environment:create_environment_scripts_only(akabot_moveit_config)
[1.034s] Level 1:colcon.colcon_core.environment:checking '/home/harshit/arm_vla_ws/install/akabot_moveit_config' for CMake module files
[1.034s] Level 1:colcon.colcon_core.environment:checking '/home/harshit/arm_vla_ws/install/akabot_moveit_config' for CMake config files
[1.035s] Level 1:colcon.colcon_core.shell:create_environment_hook('akabot_moveit_config', 'cmake_prefix_path')
[1.035s] INFO:colcon.colcon_core.shell:Creating environment hook '/home/harshit/arm_vla_ws/install/akabot_moveit_config/share/akabot_moveit_config/hook/cmake_prefix_path.ps1'
[1.036s] INFO:colcon.colcon_core.shell:Creating environment descriptor '/home/harshit/arm_vla_ws/install/akabot_moveit_config/share/akabot_moveit_config/hook/cmake_prefix_path.dsv'
[1.036s] INFO:colcon.colcon_core.shell:Creating environment hook '/home/harshit/arm_vla_ws/install/akabot_moveit_config/share/akabot_moveit_config/hook/cmake_prefix_path.sh'
[1.037s] Level 1:colcon.colcon_core.environment:checking '/home/harshit/arm_vla_ws/install/akabot_moveit_config/bin'
[1.037s] Level 1:colcon.colcon_core.environment:checking '/home/harshit/arm_vla_ws/install/akabot_moveit_config/lib/pkgconfig/akabot_moveit_config.pc'
[1.037s] Level 1:colcon.colcon_core.environment:checking '/home/harshit/arm_vla_ws/install/akabot_moveit_config/lib/python3.10/site-packages'
[1.037s] Level 1:colcon.colcon_core.environment:checking '/home/harshit/arm_vla_ws/install/akabot_moveit_config/bin'
[1.038s] INFO:colcon.colcon_core.shell:Creating package script '/home/harshit/arm_vla_ws/install/akabot_moveit_config/share/akabot_moveit_config/package.ps1'
[1.038s] INFO:colcon.colcon_core.shell:Creating package descriptor '/home/harshit/arm_vla_ws/install/akabot_moveit_config/share/akabot_moveit_config/package.dsv'
[1.039s] INFO:colcon.colcon_core.shell:Creating package script '/home/harshit/arm_vla_ws/install/akabot_moveit_config/share/akabot_moveit_config/package.sh'
[1.039s] INFO:colcon.colcon_core.shell:Creating package script '/home/harshit/arm_vla_ws/install/akabot_moveit_config/share/akabot_moveit_config/package.bash'
[1.039s] INFO:colcon.colcon_core.shell:Creating package script '/home/harshit/arm_vla_ws/install/akabot_moveit_config/share/akabot_moveit_config/package.zsh'
[1.040s] Level 1:colcon.colcon_core.environment:create_file_with_runtime_dependencies(/home/harshit/arm_vla_ws/install/akabot_moveit_config/share/colcon-core/packages/akabot_moveit_config)
[1.040s] INFO:colcon.colcon_ros.task.ament_python.build:Building ROS package in '/home/harshit/arm_vla_ws/src/akabot_control' with build type 'ament_python'
[1.041s] Level 1:colcon.colcon_core.shell:create_environment_hook('akabot_control', 'ament_prefix_path')
[1.041s] INFO:colcon.colcon_core.shell:Creating environment hook '/home/harshit/arm_vla_ws/install/akabot_control/share/akabot_control/hook/ament_prefix_path.ps1'
[1.042s] INFO:colcon.colcon_core.shell:Creating environment descriptor '/home/harshit/arm_vla_ws/install/akabot_control/share/akabot_control/hook/ament_prefix_path.dsv'
[1.042s] INFO:colcon.colcon_core.shell:Creating environment hook '/home/harshit/arm_vla_ws/install/akabot_control/share/akabot_control/hook/ament_prefix_path.sh'
[1.043s] INFO:colcon.colcon_core.shell:Skip shell extension 'powershell' for command environment: Not usable outside of PowerShell
[1.043s] DEBUG:colcon.colcon_core.shell:Skip shell extension 'dsv' for command environment
[1.403s] INFO:colcon.colcon_core.task.python.build:Building Python package in '/home/harshit/arm_vla_ws/src/akabot_control'
[1.404s] INFO:colcon.colcon_core.shell:Skip shell extension 'powershell' for command environment: Not usable outside of PowerShell
[1.404s] DEBUG:colcon.colcon_core.shell:Skip shell extension 'dsv' for command environment
[1.448s] DEBUG:colcon.colcon_core.event_handler.log_command:Invoking command in '/home/harshit/arm_vla_ws/src/arm_vla_pkg': PYTHONPATH=/home/harshit/arm_vla_ws/build/arm_vla_pkg/prefix_override:/usr/lib/python3/dist-packages/colcon_core/task/python/colcon_distutils_commands:/home/harshit/arm_vla_ws/install/arm_vla_pkg/lib/python3.10/site-packages:${PYTHONPATH} /usr/bin/python3 -W ignore:setup.py install is deprecated -W ignore:easy_install command is deprecated setup.py egg_info --egg-base ../../build/arm_vla_pkg build --build-base /home/harshit/arm_vla_ws/build/arm_vla_pkg/build install --record /home/harshit/arm_vla_ws/build/arm_vla_pkg/install.log --single-version-externally-managed install_data
[1.831s] Level 1:colcon.colcon_core.environment:checking '/home/harshit/arm_vla_ws/install/arm_vla_pkg' for CMake module files
[1.832s] DEBUG:colcon.colcon_core.event_handler.log_command:Invoked command in '/home/harshit/arm_vla_ws/src/arm_vla_pkg' returned '0': PYTHONPATH=/home/harshit/arm_vla_ws/build/arm_vla_pkg/prefix_override:/usr/lib/python3/dist-packages/colcon_core/task/python/colcon_distutils_commands:/home/harshit/arm_vla_ws/install/arm_vla_pkg/lib/python3.10/site-packages:${PYTHONPATH} /usr/bin/python3 -W ignore:setup.py install is deprecated -W ignore:easy_install command is deprecated setup.py egg_info --egg-base ../../build/arm_vla_pkg build --build-base /home/harshit/arm_vla_ws/build/arm_vla_pkg/build install --record /home/harshit/arm_vla_ws/build/arm_vla_pkg/install.log --single-version-externally-managed install_data
[1.832s] Level 1:colcon.colcon_core.environment:checking '/home/harshit/arm_vla_ws/install/arm_vla_pkg' for CMake config files
[1.833s] Level 1:colcon.colcon_core.environment:checking '/home/harshit/arm_vla_ws/install/arm_vla_pkg/lib'
[1.833s] Level 1:colcon.colcon_core.environment:checking '/home/harshit/arm_vla_ws/install/arm_vla_pkg/bin'
[1.833s] Level 1:colcon.colcon_core.environment:checking '/home/harshit/arm_vla_ws/install/arm_vla_pkg/lib/pkgconfig/arm_vla_pkg.pc'
[1.834s] Level 1:colcon.colcon_core.environment:checking '/home/harshit/arm_vla_ws/install/arm_vla_pkg/lib/python3.10/site-packages'
[1.834s] Level 1:colcon.colcon_core.shell:create_environment_hook('arm_vla_pkg', 'pythonpath')
[1.834s] INFO:colcon.colcon_core.shell:Creating environment hook '/home/harshit/arm_vla_ws/install/arm_vla_pkg/share/arm_vla_pkg/hook/pythonpath.ps1'
[1.835s] INFO:colcon.colcon_core.shell:Creating environment descriptor '/home/harshit/arm_vla_ws/install/arm_vla_pkg/share/arm_vla_pkg/hook/pythonpath.dsv'
[1.835s] INFO:colcon.colcon_core.shell:Creating environment hook '/home/harshit/arm_vla_ws/install/arm_vla_pkg/share/arm_vla_pkg/hook/pythonpath.sh'
[1.836s] Level 1:colcon.colcon_core.environment:checking '/home/harshit/arm_vla_ws/install/arm_vla_pkg/bin'
[1.836s] Level 1:colcon.colcon_core.environment:create_environment_scripts_only(arm_vla_pkg)
[1.836s] INFO:colcon.colcon_core.shell:Creating package script '/home/harshit/arm_vla_ws/install/arm_vla_pkg/share/arm_vla_pkg/package.ps1'
[1.837s] INFO:colcon.colcon_core.shell:Creating package descriptor '/home/harshit/arm_vla_ws/install/arm_vla_pkg/share/arm_vla_pkg/package.dsv'
[1.837s] INFO:colcon.colcon_core.shell:Creating package script '/home/harshit/arm_vla_ws/install/arm_vla_pkg/share/arm_vla_pkg/package.sh'
[1.838s] INFO:colcon.colcon_core.shell:Creating package script '/home/harshit/arm_vla_ws/install/arm_vla_pkg/share/arm_vla_pkg/package.bash'
[1.838s] INFO:colcon.colcon_core.shell:Creating package script '/home/harshit/arm_vla_ws/install/arm_vla_pkg/share/arm_vla_pkg/package.zsh'
[1.838s] Level 1:colcon.colcon_core.environment:create_file_with_runtime_dependencies(/home/harshit/arm_vla_ws/install/arm_vla_pkg/share/colcon-core/packages/arm_vla_pkg)
[1.977s] DEBUG:colcon.colcon_core.event_handler.log_command:Invoking command in '/home/harshit/arm_vla_ws/src/akabot_control': CMAKE_PREFIX_PATH=/home/harshit/arm_vla_ws/install/akabot_moveit_config:/home/harshit/arm_vla_ws/install/akabot_description:/home/harshit/arm_vla_ws/install/akabot_gazebo:/home/harshit/arm_vla_ws/install/akabot_bringup:/home/harshit/colcon_ws/install/ur_simulation_gz:/home/harshit/colcon_ws/install/ur_description:/home/harshit/colcon_ws/install/ur5_control:/home/harshit/colcon_ws/install/linkattacher_msgs:/home/harshit/colcon_ws/install/eyantra_warehouse:/home/harshit/colcon_ws/install/ebot_description PYTHONPATH=/home/harshit/arm_vla_ws/build/akabot_control/prefix_override:/usr/lib/python3/dist-packages/colcon_core/task/python/colcon_distutils_commands:/home/harshit/arm_vla_ws/install/akabot_control/lib/python3.10/site-packages:${PYTHONPATH} /usr/bin/python3 -W ignore:setup.py install is deprecated -W ignore:easy_install command is deprecated setup.py egg_info --egg-base ../../build/akabot_control build --build-base /home/harshit/arm_vla_ws/build/akabot_control/build install --record /home/harshit/arm_vla_ws/build/akabot_control/install.log --single-version-externally-managed install_data
[2.348s] Level 1:colcon.colcon_core.environment:checking '/home/harshit/arm_vla_ws/install/akabot_control' for CMake module files
[2.349s] DEBUG:colcon.colcon_core.event_handler.log_command:Invoked command in '/home/harshit/arm_vla_ws/src/akabot_control' returned '0': CMAKE_PREFIX_PATH=/home/harshit/arm_vla_ws/install/akabot_moveit_config:/home/harshit/arm_vla_ws/install/akabot_description:/home/harshit/arm_vla_ws/install/akabot_gazebo:/home/harshit/arm_vla_ws/install/akabot_bringup:/home/harshit/colcon_ws/install/ur_simulation_gz:/home/harshit/colcon_ws/install/ur_description:/home/harshit/colcon_ws/install/ur5_control:/home/harshit/colcon_ws/install/linkattacher_msgs:/home/harshit/colcon_ws/install/eyantra_warehouse:/home/harshit/colcon_ws/install/ebot_description PYTHONPATH=/home/harshit/arm_vla_ws/build/akabot_control/prefix_override:/usr/lib/python3/dist-packages/colcon_core/task/python/colcon_distutils_commands:/home/harshit/arm_vla_ws/install/akabot_control/lib/python3.10/site-packages:${PYTHONPATH} /usr/bin/python3 -W ignore:setup.py install is deprecated -W ignore:easy_install command is deprecated setup.py egg_info --egg-base ../../build/akabot_control build --build-base /home/harshit/arm_vla_ws/build/akabot_control/build install --record /home/harshit/arm_vla_ws/build/akabot_control/install.log --single-version-externally-managed install_data
[2.349s] Level 1:colcon.colcon_core.environment:checking '/home/harshit/arm_vla_ws/install/akabot_control' for CMake config files
[2.350s] Level 1:colcon.colcon_core.environment:checking '/home/harshit/arm_vla_ws/install/akabot_control/lib'
[2.350s] Level 1:colcon.colcon_core.environment:checking '/home/harshit/arm_vla_ws/install/akabot_control/bin'
[2.350s] Level 1:colcon.colcon_core.environment:checking '/home/harshit/arm_vla_ws/install/akabot_control/lib/pkgconfig/akabot_control.pc'
[2.350s] Level 1:colcon.colcon_core.environment:checking '/home/harshit/arm_vla_ws/install/akabot_control/lib/python3.10/site-packages'
[2.350s] Level 1:colcon.colcon_core.shell:create_environment_hook('akabot_control', 'pythonpath')
[2.351s] INFO:colcon.colcon_core.shell:Creating environment hook '/home/harshit/arm_vla_ws/install/akabot_control/share/akabot_control/hook/pythonpath.ps1'
[2.351s] INFO:colcon.colcon_core.shell:Creating environment descriptor '/home/harshit/arm_vla_ws/install/akabot_control/share/akabot_control/hook/pythonpath.dsv'
[2.352s] INFO:colcon.colcon_core.shell:Creating environment hook '/home/harshit/arm_vla_ws/install/akabot_control/share/akabot_control/hook/pythonpath.sh'
[2.352s] Level 1:colcon.colcon_core.environment:checking '/home/harshit/arm_vla_ws/install/akabot_control/bin'
[2.353s] Level 1:colcon.colcon_core.environment:create_environment_scripts_only(akabot_control)
[2.353s] INFO:colcon.colcon_core.shell:Creating package script '/home/harshit/arm_vla_ws/install/akabot_control/share/akabot_control/package.ps1'
[2.353s] INFO:colcon.colcon_core.shell:Creating package descriptor '/home/harshit/arm_vla_ws/install/akabot_control/share/akabot_control/package.dsv'
[2.354s] INFO:colcon.colcon_core.shell:Creating package script '/home/harshit/arm_vla_ws/install/akabot_control/share/akabot_control/package.sh'
[2.354s] INFO:colcon.colcon_core.shell:Creating package script '/home/harshit/arm_vla_ws/install/akabot_control/share/akabot_control/package.bash'
[2.355s] INFO:colcon.colcon_core.shell:Creating package script '/home/harshit/arm_vla_ws/install/akabot_control/share/akabot_control/package.zsh'
[2.355s] Level 1:colcon.colcon_core.environment:create_file_with_runtime_dependencies(/home/harshit/arm_vla_ws/install/akabot_control/share/colcon-core/packages/akabot_control)
[2.355s] DEBUG:colcon.colcon_parallel_executor.executor.parallel:closing loop
[2.356s] DEBUG:colcon.colcon_parallel_executor.executor.parallel:loop closed
[2.356s] DEBUG:colcon.colcon_parallel_executor.executor.parallel:run_until_complete finished with '0'
[2.356s] DEBUG:colcon.colcon_core.event_reactor:joining thread
[2.363s] INFO:colcon.colcon_core.plugin_system:Skipping extension 'colcon_notification.desktop_notification.terminal_notifier': Not used on non-Darwin systems
[2.363s] INFO:colcon.colcon_core.plugin_system:Skipping extension 'colcon_notification.desktop_notification.win32': Not used on non-Windows systems
[2.363s] INFO:colcon.colcon_notification.desktop_notification:Sending desktop notification using 'notify2'
[2.377s] DEBUG:colcon.colcon_core.event_reactor:joined thread
[2.378s] INFO:colcon.colcon_core.shell:Creating prefix script '/home/harshit/arm_vla_ws/install/local_setup.ps1'
[2.379s] INFO:colcon.colcon_core.shell:Creating prefix util module '/home/harshit/arm_vla_ws/install/_local_setup_util_ps1.py'
[2.381s] INFO:colcon.colcon_core.shell:Creating prefix chain script '/home/harshit/arm_vla_ws/install/setup.ps1'
[2.382s] INFO:colcon.colcon_core.shell:Creating prefix script '/home/harshit/arm_vla_ws/install/local_setup.sh'
[2.383s] INFO:colcon.colcon_core.shell:Creating prefix util module '/home/harshit/arm_vla_ws/install/_local_setup_util_sh.py'
[2.384s] INFO:colcon.colcon_core.shell:Creating prefix chain script '/home/harshit/arm_vla_ws/install/setup.sh'
[2.386s] INFO:colcon.colcon_core.shell:Creating prefix script '/home/harshit/arm_vla_ws/install/local_setup.bash'
[2.387s] INFO:colcon.colcon_core.shell:Creating prefix chain script '/home/harshit/arm_vla_ws/install/setup.bash'
[2.389s] INFO:colcon.colcon_core.shell:Creating prefix script '/home/harshit/arm_vla_ws/install/local_setup.zsh'
[2.390s] INFO:colcon.colcon_core.shell:Creating prefix chain script '/home/harshit/arm_vla_ws/install/setup.zsh'
