-- Install configuration: ""
-- Installing: /home/aditya/Vishwakarma_awards/install/akabot_moveit_config/share/ament_index/resource_index/package_run_dependencies/akabot_moveit_config
-- Installing: /home/aditya/Vishwakarma_awards/install/akabot_moveit_config/share/ament_index/resource_index/parent_prefix_path/akabot_moveit_config
-- Installing: /home/aditya/Vishwakarma_awards/install/akabot_moveit_config/share/akabot_moveit_config/environment/ament_prefix_path.sh
-- Installing: /home/aditya/Vishwakarma_awards/install/akabot_moveit_config/share/akabot_moveit_config/environment/ament_prefix_path.dsv
-- Installing: /home/aditya/Vishwakarma_awards/install/akabot_moveit_config/share/akabot_moveit_config/environment/path.sh
-- Installing: /home/aditya/Vishwakarma_awards/install/akabot_moveit_config/share/akabot_moveit_config/environment/path.dsv
-- Installing: /home/aditya/Vishwakarma_awards/install/akabot_moveit_config/share/akabot_moveit_config/local_setup.bash
-- Installing: /home/aditya/Vishwakarma_awards/install/akabot_moveit_config/share/akabot_moveit_config/local_setup.sh
-- Installing: /home/aditya/Vishwakarma_awards/install/akabot_moveit_config/share/akabot_moveit_config/local_setup.zsh
-- Installing: /home/aditya/Vishwakarma_awards/install/akabot_moveit_config/share/akabot_moveit_config/local_setup.dsv
-- Installing: /home/aditya/Vishwakarma_awards/install/akabot_moveit_config/share/akabot_moveit_config/package.dsv
-- Installing: /home/aditya/Vishwakarma_awards/install/akabot_moveit_config/share/ament_index/resource_index/packages/akabot_moveit_config
-- Installing: /home/aditya/Vishwakarma_awards/install/akabot_moveit_config/share/akabot_moveit_config/cmake/akabot_moveit_configConfig.cmake
-- Installing: /home/aditya/Vishwakarma_awards/install/akabot_moveit_config/share/akabot_moveit_config/cmake/akabot_moveit_configConfig-version.cmake
-- Installing: /home/aditya/Vishwakarma_awards/install/akabot_moveit_config/share/akabot_moveit_config/package.xml
-- Up-to-date: /home/aditya/Vishwakarma_awards/install/akabot_moveit_config/share/akabot_moveit_config/config
-- Installing: /home/aditya/Vishwakarma_awards/install/akabot_moveit_config/share/akabot_moveit_config/config/akabot.srdf
-- Installing: /home/aditya/Vishwakarma_awards/install/akabot_moveit_config/share/akabot_moveit_config/config/joint_limits.yaml
-- Installing: /home/aditya/Vishwakarma_awards/install/akabot_moveit_config/share/akabot_moveit_config/config/moveit_controllers.yaml
-- Installing: /home/aditya/Vishwakarma_awards/install/akabot_moveit_config/share/akabot_moveit_config/config/ompl_planning.yaml
-- Installing: /home/aditya/Vishwakarma_awards/install/akabot_moveit_config/share/akabot_moveit_config/config/kinematics.yaml
-- Up-to-date: /home/aditya/Vishwakarma_awards/install/akabot_moveit_config/share/akabot_moveit_config/launch
-- Installing: /home/aditya/Vishwakarma_awards/install/akabot_moveit_config/share/akabot_moveit_config/launch/moveit_rviz.launch.py
-- Installing: /home/aditya/Vishwakarma_awards/install/akabot_moveit_config/share/akabot_moveit_config/launch/demo.launch.py
-- Up-to-date: /home/aditya/Vishwakarma_awards/install/akabot_moveit_config/share/akabot_moveit_config/rviz
-- Installing: /home/aditya/Vishwakarma_awards/install/akabot_moveit_config/share/akabot_moveit_config/rviz/moveit.rviz
-- Up-to-date: /home/aditya/Vishwakarma_awards/install/akabot_moveit_config/share/akabot_moveit_config/srdf
-- Installing: /home/aditya/Vishwakarma_awards/install/akabot_moveit_config/share/akabot_moveit_config/srdf/akabot.srdf
-- Up-to-date: /home/aditya/Vishwakarma_awards/install/akabot_moveit_config/share/akabot_moveit_config/urdf
-- Installing: /home/aditya/Vishwakarma_awards/install/akabot_moveit_config/share/akabot_moveit_config/urdf/fake_akabot.urdf.xacro
-- Installing: /home/aditya/Vishwakarma_awards/install/akabot_moveit_config/share/akabot_moveit_config/.setup_assistant
