[0.017s] Invoking command in '/home/aditya/Vishwakarma_awards/build/akabot_bringup': CMAKE_PREFIX_PATH=/opt/ros/humble /usr/bin/cmake /home/aditya/Vishwakarma_awards/src/akabot_bringup -DCMAKE_INSTALL_PREFIX=/home/aditya/Vishwakarma_awards/install/akabot_bringup
[0.091s] -- The C compiler identification is GNU 11.4.0
[0.164s] -- The CXX compiler identification is GNU 11.4.0
[0.174s] -- Detecting C compiler ABI info
[0.267s] -- Detecting C compiler ABI info - done
[0.277s] -- Check for working C compiler: /usr/bin/cc - skipped
[0.277s] -- Detecting C compile features
[0.278s] -- Detecting C compile features - done
[0.282s] -- Detecting CXX compiler ABI info
[0.390s] -- Detecting CXX compiler ABI info - done
[0.400s] -- Check for working CXX compiler: /usr/bin/c++ - skipped
[0.401s] -- Detecting CXX compile features
[0.402s] -- Detecting CXX compile features - done
[0.404s] -- Found ament_cmake: 1.3.12 (/opt/ros/humble/share/ament_cmake/cmake)
[0.607s] -- Found Python3: /usr/bin/python3 (found version "3.10.12") found components: Interpreter 
[0.816s] -- Configuring done
[0.819s] -- Generating done
[0.821s] -- Build files have been written to: /home/aditya/Vishwakarma_awards/build/akabot_bringup
[0.829s] Invoked command in '/home/aditya/Vishwakarma_awards/build/akabot_bringup' returned '0': CMAKE_PREFIX_PATH=/opt/ros/humble /usr/bin/cmake /home/aditya/Vishwakarma_awards/src/akabot_bringup -DCMAKE_INSTALL_PREFIX=/home/aditya/Vishwakarma_awards/install/akabot_bringup
[0.830s] Invoking command in '/home/aditya/Vishwakarma_awards/build/akabot_bringup': CMAKE_PREFIX_PATH=/opt/ros/humble /usr/bin/cmake --build /home/aditya/Vishwakarma_awards/build/akabot_bringup -- -j28 -l28
[0.878s] Invoked command in '/home/aditya/Vishwakarma_awards/build/akabot_bringup' returned '0': CMAKE_PREFIX_PATH=/opt/ros/humble /usr/bin/cmake --build /home/aditya/Vishwakarma_awards/build/akabot_bringup -- -j28 -l28
[0.890s] Invoking command in '/home/aditya/Vishwakarma_awards/build/akabot_bringup': CMAKE_PREFIX_PATH=/opt/ros/humble /usr/bin/cmake --install /home/aditya/Vishwakarma_awards/build/akabot_bringup
[0.900s] -- Install configuration: ""
[0.900s] -- Installing: /home/aditya/Vishwakarma_awards/install/akabot_bringup/share/akabot_bringup/config
[0.900s] -- Installing: /home/aditya/Vishwakarma_awards/install/akabot_bringup/share/akabot_bringup/config/ros2_controllers.yaml
[0.901s] -- Installing: /home/aditya/Vishwakarma_awards/install/akabot_bringup/share/ament_index/resource_index/package_run_dependencies/akabot_bringup
[0.901s] -- Installing: /home/aditya/Vishwakarma_awards/install/akabot_bringup/share/ament_index/resource_index/parent_prefix_path/akabot_bringup
[0.901s] -- Installing: /home/aditya/Vishwakarma_awards/install/akabot_bringup/share/akabot_bringup/environment/ament_prefix_path.sh
[0.901s] -- Installing: /home/aditya/Vishwakarma_awards/install/akabot_bringup/share/akabot_bringup/environment/ament_prefix_path.dsv
[0.902s] -- Installing: /home/aditya/Vishwakarma_awards/install/akabot_bringup/share/akabot_bringup/environment/path.sh
[0.902s] -- Installing: /home/aditya/Vishwakarma_awards/install/akabot_bringup/share/akabot_bringup/environment/path.dsv
[0.902s] -- Installing: /home/aditya/Vishwakarma_awards/install/akabot_bringup/share/akabot_bringup/local_setup.bash
[0.902s] -- Installing: /home/aditya/Vishwakarma_awards/install/akabot_bringup/share/akabot_bringup/local_setup.sh
[0.902s] -- Installing: /home/aditya/Vishwakarma_awards/install/akabot_bringup/share/akabot_bringup/local_setup.zsh
[0.902s] -- Installing: /home/aditya/Vishwakarma_awards/install/akabot_bringup/share/akabot_bringup/local_setup.dsv
[0.902s] -- Installing: /home/aditya/Vishwakarma_awards/install/akabot_bringup/share/akabot_bringup/package.dsv
[0.902s] -- Installing: /home/aditya/Vishwakarma_awards/install/akabot_bringup/share/ament_index/resource_index/packages/akabot_bringup
[0.902s] -- Installing: /home/aditya/Vishwakarma_awards/install/akabot_bringup/share/akabot_bringup/cmake/akabot_bringupConfig.cmake
[0.902s] -- Installing: /home/aditya/Vishwakarma_awards/install/akabot_bringup/share/akabot_bringup/cmake/akabot_bringupConfig-version.cmake
[0.902s] -- Installing: /home/aditya/Vishwakarma_awards/install/akabot_bringup/share/akabot_bringup/package.xml
[0.905s] Invoked command in '/home/aditya/Vishwakarma_awards/build/akabot_bringup' returned '0': CMAKE_PREFIX_PATH=/opt/ros/humble /usr/bin/cmake --install /home/aditya/Vishwakarma_awards/build/akabot_bringup
