[0.021s] Invoking command in '/home/aditya/Vishwakarma_awards/build/akabot_bringup': CMAKE_PREFIX_PATH=${CMAKE_PREFIX_PATH}:/home/aditya/Vishwakarma_awards/install/arm_vla_pkg:/home/aditya/Vishwakarma_awards/install/akabot_control:/opt/ros/humble /usr/bin/cmake /home/aditya/Vishwakarma_awards/src/akabot_bringup -DCMAKE_INSTALL_PREFIX=/home/aditya/Vishwakarma_awards/install/akabot_bringup
[0.094s] -- The C compiler identification is GNU 11.4.0
[0.168s] -- The CXX compiler identification is GNU 11.4.0
[0.178s] -- Detecting C compiler ABI info
[0.273s] -- Detecting C compiler ABI info - done
[0.283s] -- Check for working C compiler: /usr/bin/cc - skipped
[0.284s] -- Detecting C compile features
[0.284s] -- Detecting C compile features - done
[0.289s] -- Detecting CXX compiler ABI info
[0.403s] -- Detecting CXX compiler ABI info - done
[0.414s] -- Check for working CXX compiler: /usr/bin/c++ - skipped
[0.415s] -- Detecting CXX compile features
[0.415s] -- Detecting CXX compile features - done
[0.418s] -- Found ament_cmake: 1.3.12 (/opt/ros/humble/share/ament_cmake/cmake)
[0.627s] -- Found Python3: /usr/bin/python3 (found version "3.10.12") found components: Interpreter 
[0.847s] -- Configuring done
[0.850s] -- Generating done
[0.852s] -- Build files have been written to: /home/aditya/Vishwakarma_awards/build/akabot_bringup
[0.857s] Invoked command in '/home/aditya/Vishwakarma_awards/build/akabot_bringup' returned '0': CMAKE_PREFIX_PATH=${CMAKE_PREFIX_PATH}:/home/aditya/Vishwakarma_awards/install/arm_vla_pkg:/home/aditya/Vishwakarma_awards/install/akabot_control:/opt/ros/humble /usr/bin/cmake /home/aditya/Vishwakarma_awards/src/akabot_bringup -DCMAKE_INSTALL_PREFIX=/home/aditya/Vishwakarma_awards/install/akabot_bringup
[0.860s] Invoking command in '/home/aditya/Vishwakarma_awards/build/akabot_bringup': CMAKE_PREFIX_PATH=${CMAKE_PREFIX_PATH}:/home/aditya/Vishwakarma_awards/install/arm_vla_pkg:/home/aditya/Vishwakarma_awards/install/akabot_control:/opt/ros/humble /usr/bin/cmake --build /home/aditya/Vishwakarma_awards/build/akabot_bringup -- -j28 -l28
[0.910s] Invoked command in '/home/aditya/Vishwakarma_awards/build/akabot_bringup' returned '0': CMAKE_PREFIX_PATH=${CMAKE_PREFIX_PATH}:/home/aditya/Vishwakarma_awards/install/arm_vla_pkg:/home/aditya/Vishwakarma_awards/install/akabot_control:/opt/ros/humble /usr/bin/cmake --build /home/aditya/Vishwakarma_awards/build/akabot_bringup -- -j28 -l28
[0.925s] Invoking command in '/home/aditya/Vishwakarma_awards/build/akabot_bringup': CMAKE_PREFIX_PATH=${CMAKE_PREFIX_PATH}:/home/aditya/Vishwakarma_awards/install/arm_vla_pkg:/home/aditya/Vishwakarma_awards/install/akabot_control:/opt/ros/humble /usr/bin/cmake --install /home/aditya/Vishwakarma_awards/build/akabot_bringup
[0.935s] -- Install configuration: ""
[0.935s] -- Installing: /home/aditya/Vishwakarma_awards/install/akabot_bringup/share/akabot_bringup/config
[0.935s] -- Installing: /home/aditya/Vishwakarma_awards/install/akabot_bringup/share/akabot_bringup/config/ros2_controllers.yaml
[0.935s] -- Installing: /home/aditya/Vishwakarma_awards/install/akabot_bringup/share/ament_index/resource_index/package_run_dependencies/akabot_bringup
[0.936s] -- Installing: /home/aditya/Vishwakarma_awards/install/akabot_bringup/share/ament_index/resource_index/parent_prefix_path/akabot_bringup
[0.936s] -- Installing: /home/aditya/Vishwakarma_awards/install/akabot_bringup/share/akabot_bringup/environment/ament_prefix_path.sh
[0.936s] -- Installing: /home/aditya/Vishwakarma_awards/install/akabot_bringup/share/akabot_bringup/environment/ament_prefix_path.dsv
[0.936s] -- Installing: /home/aditya/Vishwakarma_awards/install/akabot_bringup/share/akabot_bringup/environment/path.sh
[0.936s] -- Installing: /home/aditya/Vishwakarma_awards/install/akabot_bringup/share/akabot_bringup/environment/path.dsv
[0.936s] -- Installing: /home/aditya/Vishwakarma_awards/install/akabot_bringup/share/akabot_bringup/local_setup.bash
[0.937s] -- Installing: /home/aditya/Vishwakarma_awards/install/akabot_bringup/share/akabot_bringup/local_setup.sh
[0.937s] -- Installing: /home/aditya/Vishwakarma_awards/install/akabot_bringup/share/akabot_bringup/local_setup.zsh
[0.938s] -- Installing: /home/aditya/Vishwakarma_awards/install/akabot_bringup/share/akabot_bringup/local_setup.dsv
[0.938s] -- Installing: /home/aditya/Vishwakarma_awards/install/akabot_bringup/share/akabot_bringup/package.dsv
[0.938s] -- Installing: /home/aditya/Vishwakarma_awards/install/akabot_bringup/share/ament_index/resource_index/packages/akabot_bringup
[0.938s] -- Installing: /home/aditya/Vishwakarma_awards/install/akabot_bringup/share/akabot_bringup/cmake/akabot_bringupConfig.cmake
[0.938s] -- Installing: /home/aditya/Vishwakarma_awards/install/akabot_bringup/share/akabot_bringup/cmake/akabot_bringupConfig-version.cmake
[0.938s] -- Installing: /home/aditya/Vishwakarma_awards/install/akabot_bringup/share/akabot_bringup/package.xml
[0.943s] Invoked command in '/home/aditya/Vishwakarma_awards/build/akabot_bringup' returned '0': CMAKE_PREFIX_PATH=${CMAKE_PREFIX_PATH}:/home/aditya/Vishwakarma_awards/install/arm_vla_pkg:/home/aditya/Vishwakarma_awards/install/akabot_control:/opt/ros/humble /usr/bin/cmake --install /home/aditya/Vishwakarma_awards/build/akabot_bringup
