[0.124s] DEBUG:colcon:Command line arguments: ['/usr/bin/colcon', 'build']
[0.125s] DEBUG:colcon:Parsed command line arguments: Namespace(log_base=None, log_level=None, verb_name='build', build_base='build', install_base='install', merge_install=False, symlink_install=False, test_result_base=None, continue_on_error=False, executor='parallel', parallel_workers=8, event_handlers=None, ignore_user_meta=False, metas=['./colcon.meta'], base_paths=['.'], packages_ignore=None, packages_ignore_regex=None, paths=None, packages_up_to=None, packages_up_to_regex=None, packages_above=None, packages_above_and_dependencies=None, packages_above_depth=None, packages_select_by_dep=None, packages_skip_by_dep=None, packages_skip_up_to=None, packages_select_build_failed=False, packages_skip_build_finished=False, packages_select_test_failures=False, packages_skip_test_passed=False, packages_select=None, packages_skip=None, packages_select_regex=None, packages_skip_regex=None, packages_start=None, packages_end=None, allow_overriding=[], cmake_args=None, cmake_target=None, cmake_target_skip_unavailable=False, cmake_clean_cache=False, cmake_clean_first=False, cmake_force_configure=False, ament_cmake_args=None, catkin_cmake_args=None, catkin_skip_building_tests=False, mixin_files=None, mixin=None, verb_parser=<colcon_mixin.mixin.mixin_argument.MixinArgumentDecorator object at 0x738458a25480>, verb_extension=<colcon_core.verb.build.BuildVerb object at 0x738458a24fd0>, main=<bound method BuildVerb.main of <colcon_core.verb.build.BuildVerb object at 0x738458a24fd0>>, mixin_verb=('build',))
[0.321s] Level 1:colcon.colcon_core.package_discovery:discover_packages(colcon_meta) check parameters
[0.322s] Level 1:colcon.colcon_core.package_discovery:discover_packages(recursive) check parameters
[0.322s] Level 1:colcon.colcon_core.package_discovery:discover_packages(ignore) check parameters
[0.322s] Level 1:colcon.colcon_core.package_discovery:discover_packages(path) check parameters
[0.322s] Level 1:colcon.colcon_core.package_discovery:discover_packages(colcon_meta) discover
[0.322s] Level 1:colcon.colcon_core.package_discovery:discover_packages(recursive) discover
[0.322s] INFO:colcon.colcon_core.package_discovery:Crawling recursively for packages in '/home/harshit/arm_vla_ws'
[0.322s] Level 1:colcon.colcon_core.package_identification:_identify(.) by extensions ['ignore', 'ignore_ament_install']
[0.322s] Level 1:colcon.colcon_core.package_identification:_identify(.) by extension 'ignore'
[0.322s] Level 1:colcon.colcon_core.package_identification:_identify(.) by extension 'ignore_ament_install'
[0.322s] Level 1:colcon.colcon_core.package_identification:_identify(.) by extensions ['colcon_pkg']
[0.322s] Level 1:colcon.colcon_core.package_identification:_identify(.) by extension 'colcon_pkg'
[0.322s] Level 1:colcon.colcon_core.package_identification:_identify(.) by extensions ['colcon_meta']
[0.322s] Level 1:colcon.colcon_core.package_identification:_identify(.) by extension 'colcon_meta'
[0.322s] Level 1:colcon.colcon_core.package_identification:_identify(.) by extensions ['ros']
[0.322s] Level 1:colcon.colcon_core.package_identification:_identify(.) by extension 'ros'
[0.334s] Level 1:colcon.colcon_core.package_identification:_identify(.) by extensions ['cmake', 'python']
[0.334s] Level 1:colcon.colcon_core.package_identification:_identify(.) by extension 'cmake'
[0.334s] Level 1:colcon.colcon_core.package_identification:_identify(.) by extension 'python'
[0.334s] Level 1:colcon.colcon_core.package_identification:_identify(.) by extensions ['python_setup_py']
[0.334s] Level 1:colcon.colcon_core.package_identification:_identify(.) by extension 'python_setup_py'
[0.334s] Level 1:colcon.colcon_core.package_identification:_identify(build) by extensions ['ignore', 'ignore_ament_install']
[0.335s] Level 1:colcon.colcon_core.package_identification:_identify(build) by extension 'ignore'
[0.335s] Level 1:colcon.colcon_core.package_identification:_identify(build) ignored
[0.335s] Level 1:colcon.colcon_core.package_identification:_identify(install) by extensions ['ignore', 'ignore_ament_install']
[0.335s] Level 1:colcon.colcon_core.package_identification:_identify(install) by extension 'ignore'
[0.335s] Level 1:colcon.colcon_core.package_identification:_identify(install) ignored
[0.335s] Level 1:colcon.colcon_core.package_identification:_identify(log) by extensions ['ignore', 'ignore_ament_install']
[0.335s] Level 1:colcon.colcon_core.package_identification:_identify(log) by extension 'ignore'
[0.335s] Level 1:colcon.colcon_core.package_identification:_identify(log) ignored
[0.335s] Level 1:colcon.colcon_core.package_identification:_identify(modelfiles) by extensions ['ignore', 'ignore_ament_install']
[0.335s] Level 1:colcon.colcon_core.package_identification:_identify(modelfiles) by extension 'ignore'
[0.335s] Level 1:colcon.colcon_core.package_identification:_identify(modelfiles) by extension 'ignore_ament_install'
[0.335s] Level 1:colcon.colcon_core.package_identification:_identify(modelfiles) by extensions ['colcon_pkg']
[0.335s] Level 1:colcon.colcon_core.package_identification:_identify(modelfiles) by extension 'colcon_pkg'
[0.335s] Level 1:colcon.colcon_core.package_identification:_identify(modelfiles) by extensions ['colcon_meta']
[0.335s] Level 1:colcon.colcon_core.package_identification:_identify(modelfiles) by extension 'colcon_meta'
[0.336s] Level 1:colcon.colcon_core.package_identification:_identify(modelfiles) by extensions ['ros']
[0.336s] Level 1:colcon.colcon_core.package_identification:_identify(modelfiles) by extension 'ros'
[0.336s] Level 1:colcon.colcon_core.package_identification:_identify(modelfiles) by extensions ['cmake', 'python']
[0.336s] Level 1:colcon.colcon_core.package_identification:_identify(modelfiles) by extension 'cmake'
[0.336s] Level 1:colcon.colcon_core.package_identification:_identify(modelfiles) by extension 'python'
[0.336s] Level 1:colcon.colcon_core.package_identification:_identify(modelfiles) by extensions ['python_setup_py']
[0.336s] Level 1:colcon.colcon_core.package_identification:_identify(modelfiles) by extension 'python_setup_py'
[0.336s] Level 1:colcon.colcon_core.package_identification:_identify(src) by extensions ['ignore', 'ignore_ament_install']
[0.336s] Level 1:colcon.colcon_core.package_identification:_identify(src) by extension 'ignore'
[0.336s] Level 1:colcon.colcon_core.package_identification:_identify(src) by extension 'ignore_ament_install'
[0.336s] Level 1:colcon.colcon_core.package_identification:_identify(src) by extensions ['colcon_pkg']
[0.336s] Level 1:colcon.colcon_core.package_identification:_identify(src) by extension 'colcon_pkg'
[0.336s] Level 1:colcon.colcon_core.package_identification:_identify(src) by extensions ['colcon_meta']
[0.336s] Level 1:colcon.colcon_core.package_identification:_identify(src) by extension 'colcon_meta'
[0.336s] Level 1:colcon.colcon_core.package_identification:_identify(src) by extensions ['ros']
[0.336s] Level 1:colcon.colcon_core.package_identification:_identify(src) by extension 'ros'
[0.336s] Level 1:colcon.colcon_core.package_identification:_identify(src) by extensions ['cmake', 'python']
[0.336s] Level 1:colcon.colcon_core.package_identification:_identify(src) by extension 'cmake'
[0.336s] Level 1:colcon.colcon_core.package_identification:_identify(src) by extension 'python'
[0.336s] Level 1:colcon.colcon_core.package_identification:_identify(src) by extensions ['python_setup_py']
[0.337s] Level 1:colcon.colcon_core.package_identification:_identify(src) by extension 'python_setup_py'
[0.337s] Level 1:colcon.colcon_core.package_identification:_identify(src/akabot_bringup) by extensions ['ignore', 'ignore_ament_install']
[0.337s] Level 1:colcon.colcon_core.package_identification:_identify(src/akabot_bringup) by extension 'ignore'
[0.337s] Level 1:colcon.colcon_core.package_identification:_identify(src/akabot_bringup) by extension 'ignore_ament_install'
[0.337s] Level 1:colcon.colcon_core.package_identification:_identify(src/akabot_bringup) by extensions ['colcon_pkg']
[0.337s] Level 1:colcon.colcon_core.package_identification:_identify(src/akabot_bringup) by extension 'colcon_pkg'
[0.337s] Level 1:colcon.colcon_core.package_identification:_identify(src/akabot_bringup) by extensions ['colcon_meta']
[0.337s] Level 1:colcon.colcon_core.package_identification:_identify(src/akabot_bringup) by extension 'colcon_meta'
[0.337s] Level 1:colcon.colcon_core.package_identification:_identify(src/akabot_bringup) by extensions ['ros']
[0.337s] Level 1:colcon.colcon_core.package_identification:_identify(src/akabot_bringup) by extension 'ros'
[0.340s] DEBUG:colcon.colcon_core.package_identification:Package 'src/akabot_bringup' with type 'ros.ament_cmake' and name 'akabot_bringup'
[0.340s] Level 1:colcon.colcon_core.package_identification:_identify(src/akabot_control) by extensions ['ignore', 'ignore_ament_install']
[0.340s] Level 1:colcon.colcon_core.package_identification:_identify(src/akabot_control) by extension 'ignore'
[0.340s] Level 1:colcon.colcon_core.package_identification:_identify(src/akabot_control) by extension 'ignore_ament_install'
[0.340s] Level 1:colcon.colcon_core.package_identification:_identify(src/akabot_control) by extensions ['colcon_pkg']
[0.340s] Level 1:colcon.colcon_core.package_identification:_identify(src/akabot_control) by extension 'colcon_pkg'
[0.340s] Level 1:colcon.colcon_core.package_identification:_identify(src/akabot_control) by extensions ['colcon_meta']
[0.340s] Level 1:colcon.colcon_core.package_identification:_identify(src/akabot_control) by extension 'colcon_meta'
[0.340s] Level 1:colcon.colcon_core.package_identification:_identify(src/akabot_control) by extensions ['ros']
[0.340s] Level 1:colcon.colcon_core.package_identification:_identify(src/akabot_control) by extension 'ros'
[0.342s] DEBUG:colcon.colcon_core.package_identification:Package 'src/akabot_control' with type 'ros.ament_python' and name 'akabot_control'
[0.342s] Level 1:colcon.colcon_core.package_identification:_identify(src/akabot_description) by extensions ['ignore', 'ignore_ament_install']
[0.342s] Level 1:colcon.colcon_core.package_identification:_identify(src/akabot_description) by extension 'ignore'
[0.342s] Level 1:colcon.colcon_core.package_identification:_identify(src/akabot_description) by extension 'ignore_ament_install'
[0.342s] Level 1:colcon.colcon_core.package_identification:_identify(src/akabot_description) by extensions ['colcon_pkg']
[0.342s] Level 1:colcon.colcon_core.package_identification:_identify(src/akabot_description) by extension 'colcon_pkg'
[0.342s] Level 1:colcon.colcon_core.package_identification:_identify(src/akabot_description) by extensions ['colcon_meta']
[0.342s] Level 1:colcon.colcon_core.package_identification:_identify(src/akabot_description) by extension 'colcon_meta'
[0.342s] Level 1:colcon.colcon_core.package_identification:_identify(src/akabot_description) by extensions ['ros']
[0.342s] Level 1:colcon.colcon_core.package_identification:_identify(src/akabot_description) by extension 'ros'
[0.343s] DEBUG:colcon.colcon_core.package_identification:Package 'src/akabot_description' with type 'ros.ament_cmake' and name 'akabot_description'
[0.343s] Level 1:colcon.colcon_core.package_identification:_identify(src/akabot_gazebo) by extensions ['ignore', 'ignore_ament_install']
[0.343s] Level 1:colcon.colcon_core.package_identification:_identify(src/akabot_gazebo) by extension 'ignore'
[0.343s] Level 1:colcon.colcon_core.package_identification:_identify(src/akabot_gazebo) by extension 'ignore_ament_install'
[0.343s] Level 1:colcon.colcon_core.package_identification:_identify(src/akabot_gazebo) by extensions ['colcon_pkg']
[0.343s] Level 1:colcon.colcon_core.package_identification:_identify(src/akabot_gazebo) by extension 'colcon_pkg'
[0.343s] Level 1:colcon.colcon_core.package_identification:_identify(src/akabot_gazebo) by extensions ['colcon_meta']
[0.343s] Level 1:colcon.colcon_core.package_identification:_identify(src/akabot_gazebo) by extension 'colcon_meta'
[0.344s] Level 1:colcon.colcon_core.package_identification:_identify(src/akabot_gazebo) by extensions ['ros']
[0.344s] Level 1:colcon.colcon_core.package_identification:_identify(src/akabot_gazebo) by extension 'ros'
[0.344s] DEBUG:colcon.colcon_core.package_identification:Package 'src/akabot_gazebo' with type 'ros.ament_cmake' and name 'akabot_gazebo'
[0.344s] Level 1:colcon.colcon_core.package_identification:_identify(src/akabot_moveit_config) by extensions ['ignore', 'ignore_ament_install']
[0.345s] Level 1:colcon.colcon_core.package_identification:_identify(src/akabot_moveit_config) by extension 'ignore'
[0.345s] Level 1:colcon.colcon_core.package_identification:_identify(src/akabot_moveit_config) by extension 'ignore_ament_install'
[0.345s] Level 1:colcon.colcon_core.package_identification:_identify(src/akabot_moveit_config) by extensions ['colcon_pkg']
[0.345s] Level 1:colcon.colcon_core.package_identification:_identify(src/akabot_moveit_config) by extension 'colcon_pkg'
[0.345s] Level 1:colcon.colcon_core.package_identification:_identify(src/akabot_moveit_config) by extensions ['colcon_meta']
[0.345s] Level 1:colcon.colcon_core.package_identification:_identify(src/akabot_moveit_config) by extension 'colcon_meta'
[0.345s] Level 1:colcon.colcon_core.package_identification:_identify(src/akabot_moveit_config) by extensions ['ros']
[0.345s] Level 1:colcon.colcon_core.package_identification:_identify(src/akabot_moveit_config) by extension 'ros'
[0.346s] DEBUG:colcon.colcon_core.package_identification:Package 'src/akabot_moveit_config' with type 'ros.ament_cmake' and name 'akabot_moveit_config'
[0.346s] Level 1:colcon.colcon_core.package_identification:_identify(src/arm_vla_pkg) by extensions ['ignore', 'ignore_ament_install']
[0.346s] Level 1:colcon.colcon_core.package_identification:_identify(src/arm_vla_pkg) by extension 'ignore'
[0.346s] Level 1:colcon.colcon_core.package_identification:_identify(src/arm_vla_pkg) by extension 'ignore_ament_install'
[0.346s] Level 1:colcon.colcon_core.package_identification:_identify(src/arm_vla_pkg) by extensions ['colcon_pkg']
[0.346s] Level 1:colcon.colcon_core.package_identification:_identify(src/arm_vla_pkg) by extension 'colcon_pkg'
[0.346s] Level 1:colcon.colcon_core.package_identification:_identify(src/arm_vla_pkg) by extensions ['colcon_meta']
[0.346s] Level 1:colcon.colcon_core.package_identification:_identify(src/arm_vla_pkg) by extension 'colcon_meta'
[0.346s] Level 1:colcon.colcon_core.package_identification:_identify(src/arm_vla_pkg) by extensions ['ros']
[0.346s] Level 1:colcon.colcon_core.package_identification:_identify(src/arm_vla_pkg) by extension 'ros'
[0.347s] DEBUG:colcon.colcon_core.package_identification:Package 'src/arm_vla_pkg' with type 'ros.ament_python' and name 'arm_vla_pkg'
[0.347s] Level 1:colcon.colcon_core.package_discovery:discover_packages(recursive) using defaults
[0.347s] Level 1:colcon.colcon_core.package_discovery:discover_packages(ignore) discover
[0.347s] Level 1:colcon.colcon_core.package_discovery:discover_packages(ignore) using defaults
[0.347s] Level 1:colcon.colcon_core.package_discovery:discover_packages(path) discover
[0.347s] Level 1:colcon.colcon_core.package_discovery:discover_packages(path) using defaults
[0.388s] Level 1:colcon.colcon_core.package_discovery:discover_packages(prefix_path) check parameters
[0.388s] Level 1:colcon.colcon_core.package_discovery:discover_packages(prefix_path) discover
[0.390s] DEBUG:colcon.colcon_installed_package_information.package_discovery:Found 6 installed packages in /home/harshit/arm_vla_ws/install
[0.392s] DEBUG:colcon.colcon_installed_package_information.package_discovery:Found 326 installed packages in /opt/ros/humble
[0.393s] Level 1:colcon.colcon_core.package_discovery:discover_packages(prefix_path) using defaults
[0.434s] Level 5:colcon.colcon_core.verb:set package 'akabot_bringup' build argument 'cmake_args' from command line to 'None'
[0.434s] Level 5:colcon.colcon_core.verb:set package 'akabot_bringup' build argument 'cmake_target' from command line to 'None'
[0.434s] Level 5:colcon.colcon_core.verb:set package 'akabot_bringup' build argument 'cmake_target_skip_unavailable' from command line to 'False'
[0.434s] Level 5:colcon.colcon_core.verb:set package 'akabot_bringup' build argument 'cmake_clean_cache' from command line to 'False'
[0.434s] Level 5:colcon.colcon_core.verb:set package 'akabot_bringup' build argument 'cmake_clean_first' from command line to 'False'
[0.434s] Level 5:colcon.colcon_core.verb:set package 'akabot_bringup' build argument 'cmake_force_configure' from command line to 'False'
[0.434s] Level 5:colcon.colcon_core.verb:set package 'akabot_bringup' build argument 'ament_cmake_args' from command line to 'None'
[0.434s] Level 5:colcon.colcon_core.verb:set package 'akabot_bringup' build argument 'catkin_cmake_args' from command line to 'None'
[0.434s] Level 5:colcon.colcon_core.verb:set package 'akabot_bringup' build argument 'catkin_skip_building_tests' from command line to 'False'
[0.434s] DEBUG:colcon.colcon_core.verb:Building package 'akabot_bringup' with the following arguments: {'ament_cmake_args': None, 'build_base': '/home/harshit/arm_vla_ws/build/akabot_bringup', 'catkin_cmake_args': None, 'catkin_skip_building_tests': False, 'cmake_args': None, 'cmake_clean_cache': False, 'cmake_clean_first': False, 'cmake_force_configure': False, 'cmake_target': None, 'cmake_target_skip_unavailable': False, 'install_base': '/home/harshit/arm_vla_ws/install/akabot_bringup', 'merge_install': False, 'path': '/home/harshit/arm_vla_ws/src/akabot_bringup', 'symlink_install': False, 'test_result_base': None}
[0.435s] Level 5:colcon.colcon_core.verb:set package 'akabot_description' build argument 'cmake_args' from command line to 'None'
[0.435s] Level 5:colcon.colcon_core.verb:set package 'akabot_description' build argument 'cmake_target' from command line to 'None'
[0.435s] Level 5:colcon.colcon_core.verb:set package 'akabot_description' build argument 'cmake_target_skip_unavailable' from command line to 'False'
[0.435s] Level 5:colcon.colcon_core.verb:set package 'akabot_description' build argument 'cmake_clean_cache' from command line to 'False'
[0.435s] Level 5:colcon.colcon_core.verb:set package 'akabot_description' build argument 'cmake_clean_first' from command line to 'False'
[0.435s] Level 5:colcon.colcon_core.verb:set package 'akabot_description' build argument 'cmake_force_configure' from command line to 'False'
[0.435s] Level 5:colcon.colcon_core.verb:set package 'akabot_description' build argument 'ament_cmake_args' from command line to 'None'
[0.435s] Level 5:colcon.colcon_core.verb:set package 'akabot_description' build argument 'catkin_cmake_args' from command line to 'None'
[0.435s] Level 5:colcon.colcon_core.verb:set package 'akabot_description' build argument 'catkin_skip_building_tests' from command line to 'False'
[0.435s] DEBUG:colcon.colcon_core.verb:Building package 'akabot_description' with the following arguments: {'ament_cmake_args': None, 'build_base': '/home/harshit/arm_vla_ws/build/akabot_description', 'catkin_cmake_args': None, 'catkin_skip_building_tests': False, 'cmake_args': None, 'cmake_clean_cache': False, 'cmake_clean_first': False, 'cmake_force_configure': False, 'cmake_target': None, 'cmake_target_skip_unavailable': False, 'install_base': '/home/harshit/arm_vla_ws/install/akabot_description', 'merge_install': False, 'path': '/home/harshit/arm_vla_ws/src/akabot_description', 'symlink_install': False, 'test_result_base': None}
[0.435s] Level 5:colcon.colcon_core.verb:set package 'akabot_gazebo' build argument 'cmake_args' from command line to 'None'
[0.435s] Level 5:colcon.colcon_core.verb:set package 'akabot_gazebo' build argument 'cmake_target' from command line to 'None'
[0.435s] Level 5:colcon.colcon_core.verb:set package 'akabot_gazebo' build argument 'cmake_target_skip_unavailable' from command line to 'False'
[0.435s] Level 5:colcon.colcon_core.verb:set package 'akabot_gazebo' build argument 'cmake_clean_cache' from command line to 'False'
[0.435s] Level 5:colcon.colcon_core.verb:set package 'akabot_gazebo' build argument 'cmake_clean_first' from command line to 'False'
[0.435s] Level 5:colcon.colcon_core.verb:set package 'akabot_gazebo' build argument 'cmake_force_configure' from command line to 'False'
[0.435s] Level 5:colcon.colcon_core.verb:set package 'akabot_gazebo' build argument 'ament_cmake_args' from command line to 'None'
[0.435s] Level 5:colcon.colcon_core.verb:set package 'akabot_gazebo' build argument 'catkin_cmake_args' from command line to 'None'
[0.436s] Level 5:colcon.colcon_core.verb:set package 'akabot_gazebo' build argument 'catkin_skip_building_tests' from command line to 'False'
[0.436s] DEBUG:colcon.colcon_core.verb:Building package 'akabot_gazebo' with the following arguments: {'ament_cmake_args': None, 'build_base': '/home/harshit/arm_vla_ws/build/akabot_gazebo', 'catkin_cmake_args': None, 'catkin_skip_building_tests': False, 'cmake_args': None, 'cmake_clean_cache': False, 'cmake_clean_first': False, 'cmake_force_configure': False, 'cmake_target': None, 'cmake_target_skip_unavailable': False, 'install_base': '/home/harshit/arm_vla_ws/install/akabot_gazebo', 'merge_install': False, 'path': '/home/harshit/arm_vla_ws/src/akabot_gazebo', 'symlink_install': False, 'test_result_base': None}
[0.436s] Level 5:colcon.colcon_core.verb:set package 'arm_vla_pkg' build argument 'cmake_args' from command line to 'None'
[0.436s] Level 5:colcon.colcon_core.verb:set package 'arm_vla_pkg' build argument 'cmake_target' from command line to 'None'
[0.436s] Level 5:colcon.colcon_core.verb:set package 'arm_vla_pkg' build argument 'cmake_target_skip_unavailable' from command line to 'False'
[0.436s] Level 5:colcon.colcon_core.verb:set package 'arm_vla_pkg' build argument 'cmake_clean_cache' from command line to 'False'
[0.436s] Level 5:colcon.colcon_core.verb:set package 'arm_vla_pkg' build argument 'cmake_clean_first' from command line to 'False'
[0.436s] Level 5:colcon.colcon_core.verb:set package 'arm_vla_pkg' build argument 'cmake_force_configure' from command line to 'False'
[0.436s] Level 5:colcon.colcon_core.verb:set package 'arm_vla_pkg' build argument 'ament_cmake_args' from command line to 'None'
[0.436s] Level 5:colcon.colcon_core.verb:set package 'arm_vla_pkg' build argument 'catkin_cmake_args' from command line to 'None'
[0.436s] Level 5:colcon.colcon_core.verb:set package 'arm_vla_pkg' build argument 'catkin_skip_building_tests' from command line to 'False'
[0.436s] DEBUG:colcon.colcon_core.verb:Building package 'arm_vla_pkg' with the following arguments: {'ament_cmake_args': None, 'build_base': '/home/harshit/arm_vla_ws/build/arm_vla_pkg', 'catkin_cmake_args': None, 'catkin_skip_building_tests': False, 'cmake_args': None, 'cmake_clean_cache': False, 'cmake_clean_first': False, 'cmake_force_configure': False, 'cmake_target': None, 'cmake_target_skip_unavailable': False, 'install_base': '/home/harshit/arm_vla_ws/install/arm_vla_pkg', 'merge_install': False, 'path': '/home/harshit/arm_vla_ws/src/arm_vla_pkg', 'symlink_install': False, 'test_result_base': None}
[0.436s] Level 5:colcon.colcon_core.verb:set package 'akabot_moveit_config' build argument 'cmake_args' from command line to 'None'
[0.436s] Level 5:colcon.colcon_core.verb:set package 'akabot_moveit_config' build argument 'cmake_target' from command line to 'None'
[0.436s] Level 5:colcon.colcon_core.verb:set package 'akabot_moveit_config' build argument 'cmake_target_skip_unavailable' from command line to 'False'
[0.437s] Level 5:colcon.colcon_core.verb:set package 'akabot_moveit_config' build argument 'cmake_clean_cache' from command line to 'False'
[0.437s] Level 5:colcon.colcon_core.verb:set package 'akabot_moveit_config' build argument 'cmake_clean_first' from command line to 'False'
[0.437s] Level 5:colcon.colcon_core.verb:set package 'akabot_moveit_config' build argument 'cmake_force_configure' from command line to 'False'
[0.437s] Level 5:colcon.colcon_core.verb:set package 'akabot_moveit_config' build argument 'ament_cmake_args' from command line to 'None'
[0.437s] Level 5:colcon.colcon_core.verb:set package 'akabot_moveit_config' build argument 'catkin_cmake_args' from command line to 'None'
[0.437s] Level 5:colcon.colcon_core.verb:set package 'akabot_moveit_config' build argument 'catkin_skip_building_tests' from command line to 'False'
[0.437s] DEBUG:colcon.colcon_core.verb:Building package 'akabot_moveit_config' with the following arguments: {'ament_cmake_args': None, 'build_base': '/home/harshit/arm_vla_ws/build/akabot_moveit_config', 'catkin_cmake_args': None, 'catkin_skip_building_tests': False, 'cmake_args': None, 'cmake_clean_cache': False, 'cmake_clean_first': False, 'cmake_force_configure': False, 'cmake_target': None, 'cmake_target_skip_unavailable': False, 'install_base': '/home/harshit/arm_vla_ws/install/akabot_moveit_config', 'merge_install': False, 'path': '/home/harshit/arm_vla_ws/src/akabot_moveit_config', 'symlink_install': False, 'test_result_base': None}
[0.437s] Level 5:colcon.colcon_core.verb:set package 'akabot_control' build argument 'cmake_args' from command line to 'None'
[0.437s] Level 5:colcon.colcon_core.verb:set package 'akabot_control' build argument 'cmake_target' from command line to 'None'
[0.437s] Level 5:colcon.colcon_core.verb:set package 'akabot_control' build argument 'cmake_target_skip_unavailable' from command line to 'False'
[0.437s] Level 5:colcon.colcon_core.verb:set package 'akabot_control' build argument 'cmake_clean_cache' from command line to 'False'
[0.437s] Level 5:colcon.colcon_core.verb:set package 'akabot_control' build argument 'cmake_clean_first' from command line to 'False'
[0.437s] Level 5:colcon.colcon_core.verb:set package 'akabot_control' build argument 'cmake_force_configure' from command line to 'False'
[0.437s] Level 5:colcon.colcon_core.verb:set package 'akabot_control' build argument 'ament_cmake_args' from command line to 'None'
[0.437s] Level 5:colcon.colcon_core.verb:set package 'akabot_control' build argument 'catkin_cmake_args' from command line to 'None'
[0.437s] Level 5:colcon.colcon_core.verb:set package 'akabot_control' build argument 'catkin_skip_building_tests' from command line to 'False'
[0.437s] DEBUG:colcon.colcon_core.verb:Building package 'akabot_control' with the following arguments: {'ament_cmake_args': None, 'build_base': '/home/harshit/arm_vla_ws/build/akabot_control', 'catkin_cmake_args': None, 'catkin_skip_building_tests': False, 'cmake_args': None, 'cmake_clean_cache': False, 'cmake_clean_first': False, 'cmake_force_configure': False, 'cmake_target': None, 'cmake_target_skip_unavailable': False, 'install_base': '/home/harshit/arm_vla_ws/install/akabot_control', 'merge_install': False, 'path': '/home/harshit/arm_vla_ws/src/akabot_control', 'symlink_install': False, 'test_result_base': None}
[0.437s] INFO:colcon.colcon_core.executor:Executing jobs using 'parallel' executor
[0.439s] DEBUG:colcon.colcon_parallel_executor.executor.parallel:run_until_complete
[0.439s] INFO:colcon.colcon_ros.task.ament_cmake.build:Building ROS package in '/home/harshit/arm_vla_ws/src/akabot_description' with build type 'ament_cmake'
[0.439s] INFO:colcon.colcon_cmake.task.cmake.build:Building CMake package in '/home/harshit/arm_vla_ws/src/akabot_description'
[0.442s] INFO:colcon.colcon_core.plugin_system:Skipping extension 'colcon_core.shell.bat': Not used on non-Windows systems
[0.442s] INFO:colcon.colcon_core.shell:Skip shell extension 'powershell' for command environment: Not usable outside of PowerShell
[0.442s] DEBUG:colcon.colcon_core.shell:Skip shell extension 'dsv' for command environment
[0.447s] INFO:colcon.colcon_ros.task.ament_cmake.build:Building ROS package in '/home/harshit/arm_vla_ws/src/akabot_bringup' with build type 'ament_cmake'
[0.447s] INFO:colcon.colcon_cmake.task.cmake.build:Building CMake package in '/home/harshit/arm_vla_ws/src/akabot_bringup'
[0.448s] INFO:colcon.colcon_core.shell:Skip shell extension 'powershell' for command environment: Not usable outside of PowerShell
[0.448s] DEBUG:colcon.colcon_core.shell:Skip shell extension 'dsv' for command environment
[0.452s] INFO:colcon.colcon_ros.task.ament_cmake.build:Building ROS package in '/home/harshit/arm_vla_ws/src/akabot_gazebo' with build type 'ament_cmake'
[0.452s] INFO:colcon.colcon_cmake.task.cmake.build:Building CMake package in '/home/harshit/arm_vla_ws/src/akabot_gazebo'
[0.453s] INFO:colcon.colcon_core.shell:Skip shell extension 'powershell' for command environment: Not usable outside of PowerShell
[0.453s] DEBUG:colcon.colcon_core.shell:Skip shell extension 'dsv' for command environment
[0.458s] INFO:colcon.colcon_ros.task.ament_python.build:Building ROS package in '/home/harshit/arm_vla_ws/src/arm_vla_pkg' with build type 'ament_python'
[0.458s] Level 1:colcon.colcon_core.shell:create_environment_hook('arm_vla_pkg', 'ament_prefix_path')
[0.459s] INFO:colcon.colcon_core.shell:Creating environment hook '/home/harshit/arm_vla_ws/install/arm_vla_pkg/share/arm_vla_pkg/hook/ament_prefix_path.ps1'
[0.460s] INFO:colcon.colcon_core.shell:Creating environment descriptor '/home/harshit/arm_vla_ws/install/arm_vla_pkg/share/arm_vla_pkg/hook/ament_prefix_path.dsv'
[0.461s] INFO:colcon.colcon_core.shell:Creating environment hook '/home/harshit/arm_vla_ws/install/arm_vla_pkg/share/arm_vla_pkg/hook/ament_prefix_path.sh'
[0.461s] INFO:colcon.colcon_core.shell:Skip shell extension 'powershell' for command environment: Not usable outside of PowerShell
[0.461s] DEBUG:colcon.colcon_core.shell:Skip shell extension 'dsv' for command environment
[0.472s] DEBUG:colcon.colcon_core.event_handler.log_command:Invoking command in '/home/harshit/arm_vla_ws/build/akabot_description': CMAKE_PREFIX_PATH=${CMAKE_PREFIX_PATH}:/home/harshit/arm_vla_ws/install/arm_vla_pkg:/home/harshit/arm_vla_ws/install/akabot_control:/opt/ros/humble /usr/bin/cmake --build /home/harshit/arm_vla_ws/build/akabot_description -- -j8 -l8
[0.477s] DEBUG:colcon.colcon_core.event_handler.log_command:Invoking command in '/home/harshit/arm_vla_ws/build/akabot_bringup': CMAKE_PREFIX_PATH=${CMAKE_PREFIX_PATH}:/home/harshit/arm_vla_ws/install/arm_vla_pkg:/home/harshit/arm_vla_ws/install/akabot_control:/opt/ros/humble /usr/bin/cmake --build /home/harshit/arm_vla_ws/build/akabot_bringup -- -j8 -l8
[0.481s] DEBUG:colcon.colcon_core.event_handler.log_command:Invoking command in '/home/harshit/arm_vla_ws/build/akabot_gazebo': CMAKE_PREFIX_PATH=${CMAKE_PREFIX_PATH}:/home/harshit/arm_vla_ws/install/arm_vla_pkg:/home/harshit/arm_vla_ws/install/akabot_control:/opt/ros/humble /usr/bin/cmake --build /home/harshit/arm_vla_ws/build/akabot_gazebo -- -j8 -l8
[0.700s] INFO:colcon.colcon_core.task.python.build:Building Python package in '/home/harshit/arm_vla_ws/src/arm_vla_pkg'
[0.701s] INFO:colcon.colcon_core.shell:Skip shell extension 'powershell' for command environment: Not usable outside of PowerShell
[0.701s] DEBUG:colcon.colcon_core.shell:Skip shell extension 'dsv' for command environment
[0.706s] DEBUG:colcon.colcon_core.event_handler.log_command:Invoked command in '/home/harshit/arm_vla_ws/build/akabot_bringup' returned '0': CMAKE_PREFIX_PATH=${CMAKE_PREFIX_PATH}:/home/harshit/arm_vla_ws/install/arm_vla_pkg:/home/harshit/arm_vla_ws/install/akabot_control:/opt/ros/humble /usr/bin/cmake --build /home/harshit/arm_vla_ws/build/akabot_bringup -- -j8 -l8
[0.717s] DEBUG:colcon.colcon_core.event_handler.log_command:Invoking command in '/home/harshit/arm_vla_ws/build/akabot_bringup': CMAKE_PREFIX_PATH=${CMAKE_PREFIX_PATH}:/home/harshit/arm_vla_ws/install/arm_vla_pkg:/home/harshit/arm_vla_ws/install/akabot_control:/opt/ros/humble /usr/bin/cmake --install /home/harshit/arm_vla_ws/build/akabot_bringup
[0.717s] DEBUG:colcon.colcon_core.event_handler.log_command:Invoked command in '/home/harshit/arm_vla_ws/build/akabot_description' returned '0': CMAKE_PREFIX_PATH=${CMAKE_PREFIX_PATH}:/home/harshit/arm_vla_ws/install/arm_vla_pkg:/home/harshit/arm_vla_ws/install/akabot_control:/opt/ros/humble /usr/bin/cmake --build /home/harshit/arm_vla_ws/build/akabot_description -- -j8 -l8
[0.718s] DEBUG:colcon.colcon_core.event_handler.log_command:Invoking command in '/home/harshit/arm_vla_ws/build/akabot_description': CMAKE_PREFIX_PATH=${CMAKE_PREFIX_PATH}:/home/harshit/arm_vla_ws/install/arm_vla_pkg:/home/harshit/arm_vla_ws/install/akabot_control:/opt/ros/humble /usr/bin/cmake --install /home/harshit/arm_vla_ws/build/akabot_description
[0.720s] DEBUG:colcon.colcon_core.event_handler.log_command:Invoked command in '/home/harshit/arm_vla_ws/build/akabot_gazebo' returned '0': CMAKE_PREFIX_PATH=${CMAKE_PREFIX_PATH}:/home/harshit/arm_vla_ws/install/arm_vla_pkg:/home/harshit/arm_vla_ws/install/akabot_control:/opt/ros/humble /usr/bin/cmake --build /home/harshit/arm_vla_ws/build/akabot_gazebo -- -j8 -l8
[0.722s] DEBUG:colcon.colcon_core.event_handler.log_command:Invoking command in '/home/harshit/arm_vla_ws/build/akabot_gazebo': CMAKE_PREFIX_PATH=${CMAKE_PREFIX_PATH}:/home/harshit/arm_vla_ws/install/arm_vla_pkg:/home/harshit/arm_vla_ws/install/akabot_control:/opt/ros/humble /usr/bin/cmake --install /home/harshit/arm_vla_ws/build/akabot_gazebo
[0.729s] Level 1:colcon.colcon_core.environment:create_environment_scripts_only(akabot_bringup)
[0.733s] DEBUG:colcon.colcon_core.event_handler.log_command:Invoked command in '/home/harshit/arm_vla_ws/build/akabot_bringup' returned '0': CMAKE_PREFIX_PATH=${CMAKE_PREFIX_PATH}:/home/harshit/arm_vla_ws/install/arm_vla_pkg:/home/harshit/arm_vla_ws/install/akabot_control:/opt/ros/humble /usr/bin/cmake --install /home/harshit/arm_vla_ws/build/akabot_bringup
[0.735s] Level 1:colcon.colcon_core.environment:checking '/home/harshit/arm_vla_ws/install/akabot_bringup' for CMake module files
[0.735s] Level 1:colcon.colcon_core.environment:checking '/home/harshit/arm_vla_ws/install/akabot_bringup' for CMake config files
[0.736s] Level 1:colcon.colcon_core.shell:create_environment_hook('akabot_bringup', 'cmake_prefix_path')
[0.736s] INFO:colcon.colcon_core.shell:Creating environment hook '/home/harshit/arm_vla_ws/install/akabot_bringup/share/akabot_bringup/hook/cmake_prefix_path.ps1'
[0.736s] INFO:colcon.colcon_core.shell:Creating environment descriptor '/home/harshit/arm_vla_ws/install/akabot_bringup/share/akabot_bringup/hook/cmake_prefix_path.dsv'
[0.736s] INFO:colcon.colcon_core.shell:Creating environment hook '/home/harshit/arm_vla_ws/install/akabot_bringup/share/akabot_bringup/hook/cmake_prefix_path.sh'
[0.737s] Level 1:colcon.colcon_core.environment:checking '/home/harshit/arm_vla_ws/install/akabot_bringup/bin'
[0.737s] Level 1:colcon.colcon_core.environment:checking '/home/harshit/arm_vla_ws/install/akabot_bringup/lib/pkgconfig/akabot_bringup.pc'
[0.737s] Level 1:colcon.colcon_core.environment:checking '/home/harshit/arm_vla_ws/install/akabot_bringup/lib/python3.10/site-packages'
[0.738s] Level 1:colcon.colcon_core.environment:checking '/home/harshit/arm_vla_ws/install/akabot_bringup/bin'
[0.738s] INFO:colcon.colcon_core.shell:Creating package script '/home/harshit/arm_vla_ws/install/akabot_bringup/share/akabot_bringup/package.ps1'
[0.738s] INFO:colcon.colcon_core.shell:Creating package descriptor '/home/harshit/arm_vla_ws/install/akabot_bringup/share/akabot_bringup/package.dsv'
[0.739s] INFO:colcon.colcon_core.shell:Creating package script '/home/harshit/arm_vla_ws/install/akabot_bringup/share/akabot_bringup/package.sh'
[0.740s] INFO:colcon.colcon_core.shell:Creating package script '/home/harshit/arm_vla_ws/install/akabot_bringup/share/akabot_bringup/package.bash'
[0.740s] INFO:colcon.colcon_core.shell:Creating package script '/home/harshit/arm_vla_ws/install/akabot_bringup/share/akabot_bringup/package.zsh'
[0.741s] Level 1:colcon.colcon_core.environment:create_file_with_runtime_dependencies(/home/harshit/arm_vla_ws/install/akabot_bringup/share/colcon-core/packages/akabot_bringup)
[0.741s] Level 1:colcon.colcon_core.environment:create_environment_scripts_only(akabot_bringup)
[0.741s] Level 1:colcon.colcon_core.environment:checking '/home/harshit/arm_vla_ws/install/akabot_bringup' for CMake module files
[0.742s] Level 1:colcon.colcon_core.environment:checking '/home/harshit/arm_vla_ws/install/akabot_bringup' for CMake config files
[0.742s] Level 1:colcon.colcon_core.shell:create_environment_hook('akabot_bringup', 'cmake_prefix_path')
[0.742s] INFO:colcon.colcon_core.shell:Creating environment hook '/home/harshit/arm_vla_ws/install/akabot_bringup/share/akabot_bringup/hook/cmake_prefix_path.ps1'
[0.742s] INFO:colcon.colcon_core.shell:Creating environment descriptor '/home/harshit/arm_vla_ws/install/akabot_bringup/share/akabot_bringup/hook/cmake_prefix_path.dsv'
[0.743s] INFO:colcon.colcon_core.shell:Creating environment hook '/home/harshit/arm_vla_ws/install/akabot_bringup/share/akabot_bringup/hook/cmake_prefix_path.sh'
[0.743s] Level 1:colcon.colcon_core.environment:checking '/home/harshit/arm_vla_ws/install/akabot_bringup/bin'
[0.743s] Level 1:colcon.colcon_core.environment:checking '/home/harshit/arm_vla_ws/install/akabot_bringup/lib/pkgconfig/akabot_bringup.pc'
[0.743s] Level 1:colcon.colcon_core.environment:checking '/home/harshit/arm_vla_ws/install/akabot_bringup/lib/python3.10/site-packages'
[0.743s] Level 1:colcon.colcon_core.environment:checking '/home/harshit/arm_vla_ws/install/akabot_bringup/bin'
[0.744s] INFO:colcon.colcon_core.shell:Creating package script '/home/harshit/arm_vla_ws/install/akabot_bringup/share/akabot_bringup/package.ps1'
[0.744s] INFO:colcon.colcon_core.shell:Creating package descriptor '/home/harshit/arm_vla_ws/install/akabot_bringup/share/akabot_bringup/package.dsv'
[0.744s] INFO:colcon.colcon_core.shell:Creating package script '/home/harshit/arm_vla_ws/install/akabot_bringup/share/akabot_bringup/package.sh'
[0.745s] INFO:colcon.colcon_core.shell:Creating package script '/home/harshit/arm_vla_ws/install/akabot_bringup/share/akabot_bringup/package.bash'
[0.745s] INFO:colcon.colcon_core.shell:Creating package script '/home/harshit/arm_vla_ws/install/akabot_bringup/share/akabot_bringup/package.zsh'
[0.745s] Level 1:colcon.colcon_core.environment:create_file_with_runtime_dependencies(/home/harshit/arm_vla_ws/install/akabot_bringup/share/colcon-core/packages/akabot_bringup)
[0.746s] Level 1:colcon.colcon_core.environment:create_environment_scripts_only(akabot_gazebo)
[0.747s] Level 1:colcon.colcon_core.environment:checking '/home/harshit/arm_vla_ws/install/akabot_gazebo' for CMake module files
[0.747s] DEBUG:colcon.colcon_core.event_handler.log_command:Invoked command in '/home/harshit/arm_vla_ws/build/akabot_gazebo' returned '0': CMAKE_PREFIX_PATH=${CMAKE_PREFIX_PATH}:/home/harshit/arm_vla_ws/install/arm_vla_pkg:/home/harshit/arm_vla_ws/install/akabot_control:/opt/ros/humble /usr/bin/cmake --install /home/harshit/arm_vla_ws/build/akabot_gazebo
[0.748s] Level 1:colcon.colcon_core.environment:checking '/home/harshit/arm_vla_ws/install/akabot_gazebo' for CMake config files
[0.748s] Level 1:colcon.colcon_core.shell:create_environment_hook('akabot_gazebo', 'cmake_prefix_path')
[0.748s] INFO:colcon.colcon_core.shell:Creating environment hook '/home/harshit/arm_vla_ws/install/akabot_gazebo/share/akabot_gazebo/hook/cmake_prefix_path.ps1'
[0.748s] INFO:colcon.colcon_core.shell:Creating environment descriptor '/home/harshit/arm_vla_ws/install/akabot_gazebo/share/akabot_gazebo/hook/cmake_prefix_path.dsv'
[0.749s] INFO:colcon.colcon_core.shell:Creating environment hook '/home/harshit/arm_vla_ws/install/akabot_gazebo/share/akabot_gazebo/hook/cmake_prefix_path.sh'
[0.749s] Level 1:colcon.colcon_core.environment:checking '/home/harshit/arm_vla_ws/install/akabot_gazebo/bin'
[0.749s] Level 1:colcon.colcon_core.environment:checking '/home/harshit/arm_vla_ws/install/akabot_gazebo/lib/pkgconfig/akabot_gazebo.pc'
[0.749s] Level 1:colcon.colcon_core.environment:checking '/home/harshit/arm_vla_ws/install/akabot_gazebo/lib/python3.10/site-packages'
[0.750s] Level 1:colcon.colcon_core.environment:checking '/home/harshit/arm_vla_ws/install/akabot_gazebo/bin'
[0.750s] INFO:colcon.colcon_core.shell:Creating package script '/home/harshit/arm_vla_ws/install/akabot_gazebo/share/akabot_gazebo/package.ps1'
[0.750s] INFO:colcon.colcon_core.shell:Creating package descriptor '/home/harshit/arm_vla_ws/install/akabot_gazebo/share/akabot_gazebo/package.dsv'
[0.750s] INFO:colcon.colcon_core.shell:Creating package script '/home/harshit/arm_vla_ws/install/akabot_gazebo/share/akabot_gazebo/package.sh'
[0.751s] INFO:colcon.colcon_core.shell:Creating package script '/home/harshit/arm_vla_ws/install/akabot_gazebo/share/akabot_gazebo/package.bash'
[0.751s] INFO:colcon.colcon_core.shell:Creating package script '/home/harshit/arm_vla_ws/install/akabot_gazebo/share/akabot_gazebo/package.zsh'
[0.751s] Level 1:colcon.colcon_core.environment:create_file_with_runtime_dependencies(/home/harshit/arm_vla_ws/install/akabot_gazebo/share/colcon-core/packages/akabot_gazebo)
[0.752s] Level 1:colcon.colcon_core.environment:create_environment_scripts_only(akabot_gazebo)
[0.752s] Level 1:colcon.colcon_core.environment:checking '/home/harshit/arm_vla_ws/install/akabot_gazebo' for CMake module files
[0.752s] Level 1:colcon.colcon_core.environment:checking '/home/harshit/arm_vla_ws/install/akabot_gazebo' for CMake config files
[0.753s] Level 1:colcon.colcon_core.shell:create_environment_hook('akabot_gazebo', 'cmake_prefix_path')
[0.753s] INFO:colcon.colcon_core.shell:Creating environment hook '/home/harshit/arm_vla_ws/install/akabot_gazebo/share/akabot_gazebo/hook/cmake_prefix_path.ps1'
[0.753s] INFO:colcon.colcon_core.shell:Creating environment descriptor '/home/harshit/arm_vla_ws/install/akabot_gazebo/share/akabot_gazebo/hook/cmake_prefix_path.dsv'
[0.754s] INFO:colcon.colcon_core.shell:Creating environment hook '/home/harshit/arm_vla_ws/install/akabot_gazebo/share/akabot_gazebo/hook/cmake_prefix_path.sh'
[0.754s] Level 1:colcon.colcon_core.environment:checking '/home/harshit/arm_vla_ws/install/akabot_gazebo/bin'
[0.754s] Level 1:colcon.colcon_core.environment:checking '/home/harshit/arm_vla_ws/install/akabot_gazebo/lib/pkgconfig/akabot_gazebo.pc'
[0.754s] Level 1:colcon.colcon_core.environment:checking '/home/harshit/arm_vla_ws/install/akabot_gazebo/lib/python3.10/site-packages'
[0.754s] Level 1:colcon.colcon_core.environment:checking '/home/harshit/arm_vla_ws/install/akabot_gazebo/bin'
[0.755s] INFO:colcon.colcon_core.shell:Creating package script '/home/harshit/arm_vla_ws/install/akabot_gazebo/share/akabot_gazebo/package.ps1'
[0.755s] INFO:colcon.colcon_core.shell:Creating package descriptor '/home/harshit/arm_vla_ws/install/akabot_gazebo/share/akabot_gazebo/package.dsv'
[0.755s] INFO:colcon.colcon_core.shell:Creating package script '/home/harshit/arm_vla_ws/install/akabot_gazebo/share/akabot_gazebo/package.sh'
[0.756s] INFO:colcon.colcon_core.shell:Creating package script '/home/harshit/arm_vla_ws/install/akabot_gazebo/share/akabot_gazebo/package.bash'
[0.756s] INFO:colcon.colcon_core.shell:Creating package script '/home/harshit/arm_vla_ws/install/akabot_gazebo/share/akabot_gazebo/package.zsh'
[0.756s] Level 1:colcon.colcon_core.environment:create_file_with_runtime_dependencies(/home/harshit/arm_vla_ws/install/akabot_gazebo/share/colcon-core/packages/akabot_gazebo)
[0.757s] Level 1:colcon.colcon_core.environment:create_environment_scripts_only(akabot_description)
[0.757s] Level 1:colcon.colcon_core.environment:checking '/home/harshit/arm_vla_ws/install/akabot_description' for CMake module files
[0.758s] Level 1:colcon.colcon_core.environment:checking '/home/harshit/arm_vla_ws/install/akabot_description' for CMake config files
[0.758s] DEBUG:colcon.colcon_core.event_handler.log_command:Invoked command in '/home/harshit/arm_vla_ws/build/akabot_description' returned '0': CMAKE_PREFIX_PATH=${CMAKE_PREFIX_PATH}:/home/harshit/arm_vla_ws/install/arm_vla_pkg:/home/harshit/arm_vla_ws/install/akabot_control:/opt/ros/humble /usr/bin/cmake --install /home/harshit/arm_vla_ws/build/akabot_description
[0.758s] Level 1:colcon.colcon_core.shell:create_environment_hook('akabot_description', 'cmake_prefix_path')
[0.759s] INFO:colcon.colcon_core.shell:Creating environment hook '/home/harshit/arm_vla_ws/install/akabot_description/share/akabot_description/hook/cmake_prefix_path.ps1'
[0.759s] INFO:colcon.colcon_core.shell:Creating environment descriptor '/home/harshit/arm_vla_ws/install/akabot_description/share/akabot_description/hook/cmake_prefix_path.dsv'
[0.759s] INFO:colcon.colcon_core.shell:Creating environment hook '/home/harshit/arm_vla_ws/install/akabot_description/share/akabot_description/hook/cmake_prefix_path.sh'
[0.760s] Level 1:colcon.colcon_core.environment:checking '/home/harshit/arm_vla_ws/install/akabot_description/bin'
[0.760s] Level 1:colcon.colcon_core.environment:checking '/home/harshit/arm_vla_ws/install/akabot_description/lib/pkgconfig/akabot_description.pc'
[0.760s] Level 1:colcon.colcon_core.environment:checking '/home/harshit/arm_vla_ws/install/akabot_description/lib/python3.10/site-packages'
[0.760s] Level 1:colcon.colcon_core.environment:checking '/home/harshit/arm_vla_ws/install/akabot_description/bin'
[0.760s] INFO:colcon.colcon_core.shell:Creating package script '/home/harshit/arm_vla_ws/install/akabot_description/share/akabot_description/package.ps1'
[0.761s] INFO:colcon.colcon_core.shell:Creating package descriptor '/home/harshit/arm_vla_ws/install/akabot_description/share/akabot_description/package.dsv'
[0.761s] INFO:colcon.colcon_core.shell:Creating package script '/home/harshit/arm_vla_ws/install/akabot_description/share/akabot_description/package.sh'
[0.761s] INFO:colcon.colcon_core.shell:Creating package script '/home/harshit/arm_vla_ws/install/akabot_description/share/akabot_description/package.bash'
[0.761s] INFO:colcon.colcon_core.shell:Creating package script '/home/harshit/arm_vla_ws/install/akabot_description/share/akabot_description/package.zsh'
[0.762s] Level 1:colcon.colcon_core.environment:create_file_with_runtime_dependencies(/home/harshit/arm_vla_ws/install/akabot_description/share/colcon-core/packages/akabot_description)
[0.762s] Level 1:colcon.colcon_core.environment:create_environment_scripts_only(akabot_description)
[0.763s] Level 1:colcon.colcon_core.environment:checking '/home/harshit/arm_vla_ws/install/akabot_description' for CMake module files
[0.763s] Level 1:colcon.colcon_core.environment:checking '/home/harshit/arm_vla_ws/install/akabot_description' for CMake config files
[0.763s] Level 1:colcon.colcon_core.shell:create_environment_hook('akabot_description', 'cmake_prefix_path')
[0.763s] INFO:colcon.colcon_core.shell:Creating environment hook '/home/harshit/arm_vla_ws/install/akabot_description/share/akabot_description/hook/cmake_prefix_path.ps1'
[0.764s] INFO:colcon.colcon_core.shell:Creating environment descriptor '/home/harshit/arm_vla_ws/install/akabot_description/share/akabot_description/hook/cmake_prefix_path.dsv'
[0.764s] INFO:colcon.colcon_core.shell:Creating environment hook '/home/harshit/arm_vla_ws/install/akabot_description/share/akabot_description/hook/cmake_prefix_path.sh'
[0.765s] Level 1:colcon.colcon_core.environment:checking '/home/harshit/arm_vla_ws/install/akabot_description/bin'
[0.765s] Level 1:colcon.colcon_core.environment:checking '/home/harshit/arm_vla_ws/install/akabot_description/lib/pkgconfig/akabot_description.pc'
[0.765s] Level 1:colcon.colcon_core.environment:checking '/home/harshit/arm_vla_ws/install/akabot_description/lib/python3.10/site-packages'
[0.765s] Level 1:colcon.colcon_core.environment:checking '/home/harshit/arm_vla_ws/install/akabot_description/bin'
[0.766s] INFO:colcon.colcon_core.shell:Creating package script '/home/harshit/arm_vla_ws/install/akabot_description/share/akabot_description/package.ps1'
[0.766s] INFO:colcon.colcon_core.shell:Creating package descriptor '/home/harshit/arm_vla_ws/install/akabot_description/share/akabot_description/package.dsv'
[0.766s] INFO:colcon.colcon_core.shell:Creating package script '/home/harshit/arm_vla_ws/install/akabot_description/share/akabot_description/package.sh'
[0.767s] INFO:colcon.colcon_core.shell:Creating package script '/home/harshit/arm_vla_ws/install/akabot_description/share/akabot_description/package.bash'
[0.767s] INFO:colcon.colcon_core.shell:Creating package script '/home/harshit/arm_vla_ws/install/akabot_description/share/akabot_description/package.zsh'
[0.767s] Level 1:colcon.colcon_core.environment:create_file_with_runtime_dependencies(/home/harshit/arm_vla_ws/install/akabot_description/share/colcon-core/packages/akabot_description)
[0.768s] INFO:colcon.colcon_ros.task.ament_cmake.build:Building ROS package in '/home/harshit/arm_vla_ws/src/akabot_moveit_config' with build type 'ament_cmake'
[0.768s] INFO:colcon.colcon_cmake.task.cmake.build:Building CMake package in '/home/harshit/arm_vla_ws/src/akabot_moveit_config'
[0.768s] INFO:colcon.colcon_core.shell:Skip shell extension 'powershell' for command environment: Not usable outside of PowerShell
[0.768s] DEBUG:colcon.colcon_core.shell:Skip shell extension 'dsv' for command environment
[0.779s] DEBUG:colcon.colcon_core.event_handler.log_command:Invoking command in '/home/harshit/arm_vla_ws/build/akabot_moveit_config': CMAKE_PREFIX_PATH=/home/harshit/arm_vla_ws/install/akabot_description:/home/harshit/arm_vla_ws/install/akabot_moveit_config:/home/harshit/arm_vla_ws/install/akabot_gazebo:/home/harshit/arm_vla_ws/install/akabot_bringup:/home/harshit/arm_vla_ws/install/arm_vla_pkg:/home/harshit/arm_vla_ws/install/akabot_control:/opt/ros/humble /usr/bin/cmake --build /home/harshit/arm_vla_ws/build/akabot_moveit_config -- -j8 -l8
[0.819s] DEBUG:colcon.colcon_core.event_handler.log_command:Invoked command in '/home/harshit/arm_vla_ws/build/akabot_moveit_config' returned '0': CMAKE_PREFIX_PATH=/home/harshit/arm_vla_ws/install/akabot_description:/home/harshit/arm_vla_ws/install/akabot_moveit_config:/home/harshit/arm_vla_ws/install/akabot_gazebo:/home/harshit/arm_vla_ws/install/akabot_bringup:/home/harshit/arm_vla_ws/install/arm_vla_pkg:/home/harshit/arm_vla_ws/install/akabot_control:/opt/ros/humble /usr/bin/cmake --build /home/harshit/arm_vla_ws/build/akabot_moveit_config -- -j8 -l8
[0.820s] DEBUG:colcon.colcon_core.event_handler.log_command:Invoking command in '/home/harshit/arm_vla_ws/build/akabot_moveit_config': CMAKE_PREFIX_PATH=/home/harshit/arm_vla_ws/install/akabot_description:/home/harshit/arm_vla_ws/install/akabot_moveit_config:/home/harshit/arm_vla_ws/install/akabot_gazebo:/home/harshit/arm_vla_ws/install/akabot_bringup:/home/harshit/arm_vla_ws/install/arm_vla_pkg:/home/harshit/arm_vla_ws/install/akabot_control:/opt/ros/humble /usr/bin/cmake --install /home/harshit/arm_vla_ws/build/akabot_moveit_config
[0.831s] Level 1:colcon.colcon_core.environment:create_environment_scripts_only(akabot_moveit_config)
[0.831s] DEBUG:colcon.colcon_core.event_handler.log_command:Invoked command in '/home/harshit/arm_vla_ws/build/akabot_moveit_config' returned '0': CMAKE_PREFIX_PATH=/home/harshit/arm_vla_ws/install/akabot_description:/home/harshit/arm_vla_ws/install/akabot_moveit_config:/home/harshit/arm_vla_ws/install/akabot_gazebo:/home/harshit/arm_vla_ws/install/akabot_bringup:/home/harshit/arm_vla_ws/install/arm_vla_pkg:/home/harshit/arm_vla_ws/install/akabot_control:/opt/ros/humble /usr/bin/cmake --install /home/harshit/arm_vla_ws/build/akabot_moveit_config
[0.831s] Level 1:colcon.colcon_core.environment:checking '/home/harshit/arm_vla_ws/install/akabot_moveit_config' for CMake module files
[0.832s] Level 1:colcon.colcon_core.environment:checking '/home/harshit/arm_vla_ws/install/akabot_moveit_config' for CMake config files
[0.832s] Level 1:colcon.colcon_core.shell:create_environment_hook('akabot_moveit_config', 'cmake_prefix_path')
[0.832s] INFO:colcon.colcon_core.shell:Creating environment hook '/home/harshit/arm_vla_ws/install/akabot_moveit_config/share/akabot_moveit_config/hook/cmake_prefix_path.ps1'
[0.833s] INFO:colcon.colcon_core.shell:Creating environment descriptor '/home/harshit/arm_vla_ws/install/akabot_moveit_config/share/akabot_moveit_config/hook/cmake_prefix_path.dsv'
[0.833s] INFO:colcon.colcon_core.shell:Creating environment hook '/home/harshit/arm_vla_ws/install/akabot_moveit_config/share/akabot_moveit_config/hook/cmake_prefix_path.sh'
[0.834s] Level 1:colcon.colcon_core.environment:checking '/home/harshit/arm_vla_ws/install/akabot_moveit_config/bin'
[0.834s] Level 1:colcon.colcon_core.environment:checking '/home/harshit/arm_vla_ws/install/akabot_moveit_config/lib/pkgconfig/akabot_moveit_config.pc'
[0.834s] Level 1:colcon.colcon_core.environment:checking '/home/harshit/arm_vla_ws/install/akabot_moveit_config/lib/python3.10/site-packages'
[0.834s] Level 1:colcon.colcon_core.environment:checking '/home/harshit/arm_vla_ws/install/akabot_moveit_config/bin'
[0.835s] INFO:colcon.colcon_core.shell:Creating package script '/home/harshit/arm_vla_ws/install/akabot_moveit_config/share/akabot_moveit_config/package.ps1'
[0.835s] INFO:colcon.colcon_core.shell:Creating package descriptor '/home/harshit/arm_vla_ws/install/akabot_moveit_config/share/akabot_moveit_config/package.dsv'
[0.835s] INFO:colcon.colcon_core.shell:Creating package script '/home/harshit/arm_vla_ws/install/akabot_moveit_config/share/akabot_moveit_config/package.sh'
[0.835s] INFO:colcon.colcon_core.shell:Creating package script '/home/harshit/arm_vla_ws/install/akabot_moveit_config/share/akabot_moveit_config/package.bash'
[0.836s] INFO:colcon.colcon_core.shell:Creating package script '/home/harshit/arm_vla_ws/install/akabot_moveit_config/share/akabot_moveit_config/package.zsh'
[0.836s] Level 1:colcon.colcon_core.environment:create_file_with_runtime_dependencies(/home/harshit/arm_vla_ws/install/akabot_moveit_config/share/colcon-core/packages/akabot_moveit_config)
[0.836s] Level 1:colcon.colcon_core.environment:create_environment_scripts_only(akabot_moveit_config)
[0.837s] Level 1:colcon.colcon_core.environment:checking '/home/harshit/arm_vla_ws/install/akabot_moveit_config' for CMake module files
[0.837s] Level 1:colcon.colcon_core.environment:checking '/home/harshit/arm_vla_ws/install/akabot_moveit_config' for CMake config files
[0.837s] Level 1:colcon.colcon_core.shell:create_environment_hook('akabot_moveit_config', 'cmake_prefix_path')
[0.837s] INFO:colcon.colcon_core.shell:Creating environment hook '/home/harshit/arm_vla_ws/install/akabot_moveit_config/share/akabot_moveit_config/hook/cmake_prefix_path.ps1'
[0.837s] INFO:colcon.colcon_core.shell:Creating environment descriptor '/home/harshit/arm_vla_ws/install/akabot_moveit_config/share/akabot_moveit_config/hook/cmake_prefix_path.dsv'
[0.838s] INFO:colcon.colcon_core.shell:Creating environment hook '/home/harshit/arm_vla_ws/install/akabot_moveit_config/share/akabot_moveit_config/hook/cmake_prefix_path.sh'
[0.838s] Level 1:colcon.colcon_core.environment:checking '/home/harshit/arm_vla_ws/install/akabot_moveit_config/bin'
[0.838s] Level 1:colcon.colcon_core.environment:checking '/home/harshit/arm_vla_ws/install/akabot_moveit_config/lib/pkgconfig/akabot_moveit_config.pc'
[0.838s] Level 1:colcon.colcon_core.environment:checking '/home/harshit/arm_vla_ws/install/akabot_moveit_config/lib/python3.10/site-packages'
[0.838s] Level 1:colcon.colcon_core.environment:checking '/home/harshit/arm_vla_ws/install/akabot_moveit_config/bin'
[0.839s] INFO:colcon.colcon_core.shell:Creating package script '/home/harshit/arm_vla_ws/install/akabot_moveit_config/share/akabot_moveit_config/package.ps1'
[0.839s] INFO:colcon.colcon_core.shell:Creating package descriptor '/home/harshit/arm_vla_ws/install/akabot_moveit_config/share/akabot_moveit_config/package.dsv'
[0.840s] INFO:colcon.colcon_core.shell:Creating package script '/home/harshit/arm_vla_ws/install/akabot_moveit_config/share/akabot_moveit_config/package.sh'
[0.840s] INFO:colcon.colcon_core.shell:Creating package script '/home/harshit/arm_vla_ws/install/akabot_moveit_config/share/akabot_moveit_config/package.bash'
[0.840s] INFO:colcon.colcon_core.shell:Creating package script '/home/harshit/arm_vla_ws/install/akabot_moveit_config/share/akabot_moveit_config/package.zsh'
[0.840s] Level 1:colcon.colcon_core.environment:create_file_with_runtime_dependencies(/home/harshit/arm_vla_ws/install/akabot_moveit_config/share/colcon-core/packages/akabot_moveit_config)
[0.841s] INFO:colcon.colcon_ros.task.ament_python.build:Building ROS package in '/home/harshit/arm_vla_ws/src/akabot_control' with build type 'ament_python'
[0.841s] Level 1:colcon.colcon_core.shell:create_environment_hook('akabot_control', 'ament_prefix_path')
[0.841s] INFO:colcon.colcon_core.shell:Creating environment hook '/home/harshit/arm_vla_ws/install/akabot_control/share/akabot_control/hook/ament_prefix_path.ps1'
[0.842s] INFO:colcon.colcon_core.shell:Creating environment descriptor '/home/harshit/arm_vla_ws/install/akabot_control/share/akabot_control/hook/ament_prefix_path.dsv'
[0.842s] INFO:colcon.colcon_core.shell:Creating environment hook '/home/harshit/arm_vla_ws/install/akabot_control/share/akabot_control/hook/ament_prefix_path.sh'
[0.842s] INFO:colcon.colcon_core.shell:Skip shell extension 'powershell' for command environment: Not usable outside of PowerShell
[0.842s] DEBUG:colcon.colcon_core.shell:Skip shell extension 'dsv' for command environment
[1.079s] INFO:colcon.colcon_core.task.python.build:Building Python package in '/home/harshit/arm_vla_ws/src/akabot_control'
[1.079s] INFO:colcon.colcon_core.shell:Skip shell extension 'powershell' for command environment: Not usable outside of PowerShell
[1.079s] DEBUG:colcon.colcon_core.shell:Skip shell extension 'dsv' for command environment
[1.142s] DEBUG:colcon.colcon_core.event_handler.log_command:Invoking command in '/home/harshit/arm_vla_ws/src/arm_vla_pkg': PYTHONPATH=/home/harshit/arm_vla_ws/build/arm_vla_pkg/prefix_override:/usr/lib/python3/dist-packages/colcon_core/task/python/colcon_distutils_commands:/home/harshit/arm_vla_ws/install/arm_vla_pkg/lib/python3.10/site-packages:${PYTHONPATH} /usr/bin/python3 -W ignore:setup.py install is deprecated -W ignore:easy_install command is deprecated setup.py egg_info --egg-base ../../build/arm_vla_pkg build --build-base /home/harshit/arm_vla_ws/build/arm_vla_pkg/build install --record /home/harshit/arm_vla_ws/build/arm_vla_pkg/install.log --single-version-externally-managed install_data
[1.404s] Level 1:colcon.colcon_core.environment:checking '/home/harshit/arm_vla_ws/install/arm_vla_pkg' for CMake module files
[1.404s] DEBUG:colcon.colcon_core.event_handler.log_command:Invoked command in '/home/harshit/arm_vla_ws/src/arm_vla_pkg' returned '0': PYTHONPATH=/home/harshit/arm_vla_ws/build/arm_vla_pkg/prefix_override:/usr/lib/python3/dist-packages/colcon_core/task/python/colcon_distutils_commands:/home/harshit/arm_vla_ws/install/arm_vla_pkg/lib/python3.10/site-packages:${PYTHONPATH} /usr/bin/python3 -W ignore:setup.py install is deprecated -W ignore:easy_install command is deprecated setup.py egg_info --egg-base ../../build/arm_vla_pkg build --build-base /home/harshit/arm_vla_ws/build/arm_vla_pkg/build install --record /home/harshit/arm_vla_ws/build/arm_vla_pkg/install.log --single-version-externally-managed install_data
[1.405s] Level 1:colcon.colcon_core.environment:checking '/home/harshit/arm_vla_ws/install/arm_vla_pkg' for CMake config files
[1.405s] Level 1:colcon.colcon_core.environment:checking '/home/harshit/arm_vla_ws/install/arm_vla_pkg/lib'
[1.405s] Level 1:colcon.colcon_core.environment:checking '/home/harshit/arm_vla_ws/install/arm_vla_pkg/bin'
[1.405s] Level 1:colcon.colcon_core.environment:checking '/home/harshit/arm_vla_ws/install/arm_vla_pkg/lib/pkgconfig/arm_vla_pkg.pc'
[1.406s] Level 1:colcon.colcon_core.environment:checking '/home/harshit/arm_vla_ws/install/arm_vla_pkg/lib/python3.10/site-packages'
[1.406s] Level 1:colcon.colcon_core.shell:create_environment_hook('arm_vla_pkg', 'pythonpath')
[1.406s] INFO:colcon.colcon_core.shell:Creating environment hook '/home/harshit/arm_vla_ws/install/arm_vla_pkg/share/arm_vla_pkg/hook/pythonpath.ps1'
[1.406s] INFO:colcon.colcon_core.shell:Creating environment descriptor '/home/harshit/arm_vla_ws/install/arm_vla_pkg/share/arm_vla_pkg/hook/pythonpath.dsv'
[1.406s] INFO:colcon.colcon_core.shell:Creating environment hook '/home/harshit/arm_vla_ws/install/arm_vla_pkg/share/arm_vla_pkg/hook/pythonpath.sh'
[1.407s] Level 1:colcon.colcon_core.environment:checking '/home/harshit/arm_vla_ws/install/arm_vla_pkg/bin'
[1.407s] Level 1:colcon.colcon_core.environment:create_environment_scripts_only(arm_vla_pkg)
[1.407s] INFO:colcon.colcon_core.shell:Creating package script '/home/harshit/arm_vla_ws/install/arm_vla_pkg/share/arm_vla_pkg/package.ps1'
[1.408s] INFO:colcon.colcon_core.shell:Creating package descriptor '/home/harshit/arm_vla_ws/install/arm_vla_pkg/share/arm_vla_pkg/package.dsv'
[1.408s] INFO:colcon.colcon_core.shell:Creating package script '/home/harshit/arm_vla_ws/install/arm_vla_pkg/share/arm_vla_pkg/package.sh'
[1.408s] INFO:colcon.colcon_core.shell:Creating package script '/home/harshit/arm_vla_ws/install/arm_vla_pkg/share/arm_vla_pkg/package.bash'
[1.409s] INFO:colcon.colcon_core.shell:Creating package script '/home/harshit/arm_vla_ws/install/arm_vla_pkg/share/arm_vla_pkg/package.zsh'
[1.409s] Level 1:colcon.colcon_core.environment:create_file_with_runtime_dependencies(/home/harshit/arm_vla_ws/install/arm_vla_pkg/share/colcon-core/packages/arm_vla_pkg)
[1.491s] DEBUG:colcon.colcon_core.event_handler.log_command:Invoking command in '/home/harshit/arm_vla_ws/src/akabot_control': CMAKE_PREFIX_PATH=/home/harshit/arm_vla_ws/install/akabot_moveit_config:/home/harshit/arm_vla_ws/install/akabot_description:/home/harshit/arm_vla_ws/install/akabot_gazebo:/home/harshit/arm_vla_ws/install/akabot_bringup PYTHONPATH=/home/harshit/arm_vla_ws/build/akabot_control/prefix_override:/usr/lib/python3/dist-packages/colcon_core/task/python/colcon_distutils_commands:/home/harshit/arm_vla_ws/install/akabot_control/lib/python3.10/site-packages:${PYTHONPATH} /usr/bin/python3 -W ignore:setup.py install is deprecated -W ignore:easy_install command is deprecated setup.py egg_info --egg-base ../../build/akabot_control build --build-base /home/harshit/arm_vla_ws/build/akabot_control/build install --record /home/harshit/arm_vla_ws/build/akabot_control/install.log --single-version-externally-managed install_data
[1.737s] Level 1:colcon.colcon_core.environment:checking '/home/harshit/arm_vla_ws/install/akabot_control' for CMake module files
[1.737s] DEBUG:colcon.colcon_core.event_handler.log_command:Invoked command in '/home/harshit/arm_vla_ws/src/akabot_control' returned '0': CMAKE_PREFIX_PATH=/home/harshit/arm_vla_ws/install/akabot_moveit_config:/home/harshit/arm_vla_ws/install/akabot_description:/home/harshit/arm_vla_ws/install/akabot_gazebo:/home/harshit/arm_vla_ws/install/akabot_bringup PYTHONPATH=/home/harshit/arm_vla_ws/build/akabot_control/prefix_override:/usr/lib/python3/dist-packages/colcon_core/task/python/colcon_distutils_commands:/home/harshit/arm_vla_ws/install/akabot_control/lib/python3.10/site-packages:${PYTHONPATH} /usr/bin/python3 -W ignore:setup.py install is deprecated -W ignore:easy_install command is deprecated setup.py egg_info --egg-base ../../build/akabot_control build --build-base /home/harshit/arm_vla_ws/build/akabot_control/build install --record /home/harshit/arm_vla_ws/build/akabot_control/install.log --single-version-externally-managed install_data
[1.738s] Level 1:colcon.colcon_core.environment:checking '/home/harshit/arm_vla_ws/install/akabot_control' for CMake config files
[1.738s] Level 1:colcon.colcon_core.environment:checking '/home/harshit/arm_vla_ws/install/akabot_control/lib'
[1.738s] Level 1:colcon.colcon_core.environment:checking '/home/harshit/arm_vla_ws/install/akabot_control/bin'
[1.738s] Level 1:colcon.colcon_core.environment:checking '/home/harshit/arm_vla_ws/install/akabot_control/lib/pkgconfig/akabot_control.pc'
[1.738s] Level 1:colcon.colcon_core.environment:checking '/home/harshit/arm_vla_ws/install/akabot_control/lib/python3.10/site-packages'
[1.738s] Level 1:colcon.colcon_core.shell:create_environment_hook('akabot_control', 'pythonpath')
[1.739s] INFO:colcon.colcon_core.shell:Creating environment hook '/home/harshit/arm_vla_ws/install/akabot_control/share/akabot_control/hook/pythonpath.ps1'
[1.739s] INFO:colcon.colcon_core.shell:Creating environment descriptor '/home/harshit/arm_vla_ws/install/akabot_control/share/akabot_control/hook/pythonpath.dsv'
[1.739s] INFO:colcon.colcon_core.shell:Creating environment hook '/home/harshit/arm_vla_ws/install/akabot_control/share/akabot_control/hook/pythonpath.sh'
[1.740s] Level 1:colcon.colcon_core.environment:checking '/home/harshit/arm_vla_ws/install/akabot_control/bin'
[1.740s] Level 1:colcon.colcon_core.environment:create_environment_scripts_only(akabot_control)
[1.740s] INFO:colcon.colcon_core.shell:Creating package script '/home/harshit/arm_vla_ws/install/akabot_control/share/akabot_control/package.ps1'
[1.740s] INFO:colcon.colcon_core.shell:Creating package descriptor '/home/harshit/arm_vla_ws/install/akabot_control/share/akabot_control/package.dsv'
[1.741s] INFO:colcon.colcon_core.shell:Creating package script '/home/harshit/arm_vla_ws/install/akabot_control/share/akabot_control/package.sh'
[1.741s] INFO:colcon.colcon_core.shell:Creating package script '/home/harshit/arm_vla_ws/install/akabot_control/share/akabot_control/package.bash'
[1.741s] INFO:colcon.colcon_core.shell:Creating package script '/home/harshit/arm_vla_ws/install/akabot_control/share/akabot_control/package.zsh'
[1.742s] Level 1:colcon.colcon_core.environment:create_file_with_runtime_dependencies(/home/harshit/arm_vla_ws/install/akabot_control/share/colcon-core/packages/akabot_control)
[1.742s] DEBUG:colcon.colcon_parallel_executor.executor.parallel:closing loop
[1.742s] DEBUG:colcon.colcon_parallel_executor.executor.parallel:loop closed
[1.742s] DEBUG:colcon.colcon_parallel_executor.executor.parallel:run_until_complete finished with '0'
[1.742s] DEBUG:colcon.colcon_core.event_reactor:joining thread
[1.748s] INFO:colcon.colcon_core.plugin_system:Skipping extension 'colcon_notification.desktop_notification.terminal_notifier': Not used on non-Darwin systems
[1.748s] INFO:colcon.colcon_core.plugin_system:Skipping extension 'colcon_notification.desktop_notification.win32': Not used on non-Windows systems
[1.748s] INFO:colcon.colcon_notification.desktop_notification:Sending desktop notification using 'notify2'
[1.759s] DEBUG:colcon.colcon_core.event_reactor:joined thread
[1.759s] INFO:colcon.colcon_core.shell:Creating prefix script '/home/harshit/arm_vla_ws/install/local_setup.ps1'
[1.760s] INFO:colcon.colcon_core.shell:Creating prefix util module '/home/harshit/arm_vla_ws/install/_local_setup_util_ps1.py'
[1.762s] INFO:colcon.colcon_core.shell:Creating prefix chain script '/home/harshit/arm_vla_ws/install/setup.ps1'
[1.763s] INFO:colcon.colcon_core.shell:Creating prefix script '/home/harshit/arm_vla_ws/install/local_setup.sh'
[1.764s] INFO:colcon.colcon_core.shell:Creating prefix util module '/home/harshit/arm_vla_ws/install/_local_setup_util_sh.py'
[1.764s] INFO:colcon.colcon_core.shell:Creating prefix chain script '/home/harshit/arm_vla_ws/install/setup.sh'
[1.766s] INFO:colcon.colcon_core.shell:Creating prefix script '/home/harshit/arm_vla_ws/install/local_setup.bash'
[1.766s] INFO:colcon.colcon_core.shell:Creating prefix chain script '/home/harshit/arm_vla_ws/install/setup.bash'
[1.768s] INFO:colcon.colcon_core.shell:Creating prefix script '/home/harshit/arm_vla_ws/install/local_setup.zsh'
[1.768s] INFO:colcon.colcon_core.shell:Creating prefix chain script '/home/harshit/arm_vla_ws/install/setup.zsh'
