[0.756s] Invoking command in '/home/harshit/arm_vla_ws/src/arm_vla_pkg': PYTHONPATH=/home/harshit/arm_vla_ws/build/arm_vla_pkg/prefix_override:/usr/lib/python3/dist-packages/colcon_core/task/python/colcon_distutils_commands:/home/harshit/arm_vla_ws/install/arm_vla_pkg/lib/python3.10/site-packages:${PYTHONPATH} /usr/bin/python3 -W ignore:setup.py install is deprecated -W ignore:easy_install command is deprecated setup.py egg_info --egg-base ../../build/arm_vla_pkg build --build-base /home/harshit/arm_vla_ws/build/arm_vla_pkg/build install --record /home/harshit/arm_vla_ws/build/arm_vla_pkg/install.log --single-version-externally-managed install_data
[0.955s] running egg_info
[0.955s] creating ../../build/arm_vla_pkg/arm_vla_pkg.egg-info
[0.955s] writing ../../build/arm_vla_pkg/arm_vla_pkg.egg-info/PKG-INFO
[0.956s] writing dependency_links to ../../build/arm_vla_pkg/arm_vla_pkg.egg-info/dependency_links.txt
[0.956s] writing entry points to ../../build/arm_vla_pkg/arm_vla_pkg.egg-info/entry_points.txt
[0.956s] writing requirements to ../../build/arm_vla_pkg/arm_vla_pkg.egg-info/requires.txt
[0.956s] writing top-level names to ../../build/arm_vla_pkg/arm_vla_pkg.egg-info/top_level.txt
[0.956s] writing manifest file '../../build/arm_vla_pkg/arm_vla_pkg.egg-info/SOURCES.txt'
[0.958s] reading manifest file '../../build/arm_vla_pkg/arm_vla_pkg.egg-info/SOURCES.txt'
[0.958s] writing manifest file '../../build/arm_vla_pkg/arm_vla_pkg.egg-info/SOURCES.txt'
[0.959s] running build
[0.959s] running build_py
[0.959s] creating /home/harshit/arm_vla_ws/build/arm_vla_pkg/build
[0.959s] creating /home/harshit/arm_vla_ws/build/arm_vla_pkg/build/lib
[0.959s] creating /home/harshit/arm_vla_ws/build/arm_vla_pkg/build/lib/arm_vla_pkg
[0.959s] copying arm_vla_pkg/__init__.py -> /home/harshit/arm_vla_ws/build/arm_vla_pkg/build/lib/arm_vla_pkg
[0.959s] creating /home/harshit/arm_vla_ws/build/arm_vla_pkg/build/lib/arm_vla_pkg/nodes
[0.959s] copying arm_vla_pkg/nodes/brain_node.py -> /home/harshit/arm_vla_ws/build/arm_vla_pkg/build/lib/arm_vla_pkg/nodes
[0.959s] copying arm_vla_pkg/nodes/speech_node.py -> /home/harshit/arm_vla_ws/build/arm_vla_pkg/build/lib/arm_vla_pkg/nodes
[0.959s] copying arm_vla_pkg/nodes/__init__.py -> /home/harshit/arm_vla_ws/build/arm_vla_pkg/build/lib/arm_vla_pkg/nodes
[0.959s] copying arm_vla_pkg/nodes/action_node.py -> /home/harshit/arm_vla_ws/build/arm_vla_pkg/build/lib/arm_vla_pkg/nodes
[0.959s] copying arm_vla_pkg/nodes/vision_node.py -> /home/harshit/arm_vla_ws/build/arm_vla_pkg/build/lib/arm_vla_pkg/nodes
[0.959s] running install
[0.960s] running install_lib
[0.962s] creating /home/harshit/arm_vla_ws/install/arm_vla_pkg/lib/python3.10/site-packages/arm_vla_pkg
[0.962s] copying /home/harshit/arm_vla_ws/build/arm_vla_pkg/build/lib/arm_vla_pkg/__init__.py -> /home/harshit/arm_vla_ws/install/arm_vla_pkg/lib/python3.10/site-packages/arm_vla_pkg
[0.962s] creating /home/harshit/arm_vla_ws/install/arm_vla_pkg/lib/python3.10/site-packages/arm_vla_pkg/nodes
[0.962s] copying /home/harshit/arm_vla_ws/build/arm_vla_pkg/build/lib/arm_vla_pkg/nodes/brain_node.py -> /home/harshit/arm_vla_ws/install/arm_vla_pkg/lib/python3.10/site-packages/arm_vla_pkg/nodes
[0.963s] copying /home/harshit/arm_vla_ws/build/arm_vla_pkg/build/lib/arm_vla_pkg/nodes/speech_node.py -> /home/harshit/arm_vla_ws/install/arm_vla_pkg/lib/python3.10/site-packages/arm_vla_pkg/nodes
[0.963s] copying /home/harshit/arm_vla_ws/build/arm_vla_pkg/build/lib/arm_vla_pkg/nodes/__init__.py -> /home/harshit/arm_vla_ws/install/arm_vla_pkg/lib/python3.10/site-packages/arm_vla_pkg/nodes
[0.963s] copying /home/harshit/arm_vla_ws/build/arm_vla_pkg/build/lib/arm_vla_pkg/nodes/action_node.py -> /home/harshit/arm_vla_ws/install/arm_vla_pkg/lib/python3.10/site-packages/arm_vla_pkg/nodes
[0.963s] copying /home/harshit/arm_vla_ws/build/arm_vla_pkg/build/lib/arm_vla_pkg/nodes/vision_node.py -> /home/harshit/arm_vla_ws/install/arm_vla_pkg/lib/python3.10/site-packages/arm_vla_pkg/nodes
[0.963s] byte-compiling /home/harshit/arm_vla_ws/install/arm_vla_pkg/lib/python3.10/site-packages/arm_vla_pkg/__init__.py to __init__.cpython-310.pyc
[0.963s] byte-compiling /home/harshit/arm_vla_ws/install/arm_vla_pkg/lib/python3.10/site-packages/arm_vla_pkg/nodes/brain_node.py to brain_node.cpython-310.pyc
[0.964s] byte-compiling /home/harshit/arm_vla_ws/install/arm_vla_pkg/lib/python3.10/site-packages/arm_vla_pkg/nodes/speech_node.py to speech_node.cpython-310.pyc
[0.965s] byte-compiling /home/harshit/arm_vla_ws/install/arm_vla_pkg/lib/python3.10/site-packages/arm_vla_pkg/nodes/__init__.py to __init__.cpython-310.pyc
[0.965s] byte-compiling /home/harshit/arm_vla_ws/install/arm_vla_pkg/lib/python3.10/site-packages/arm_vla_pkg/nodes/action_node.py to action_node.cpython-310.pyc
[0.965s] byte-compiling /home/harshit/arm_vla_ws/install/arm_vla_pkg/lib/python3.10/site-packages/arm_vla_pkg/nodes/vision_node.py to vision_node.cpython-310.pyc
[0.966s] running install_data
[0.966s] creating /home/harshit/arm_vla_ws/install/arm_vla_pkg/share/ament_index
[0.966s] creating /home/harshit/arm_vla_ws/install/arm_vla_pkg/share/ament_index/resource_index
[0.966s] creating /home/harshit/arm_vla_ws/install/arm_vla_pkg/share/ament_index/resource_index/packages
[0.966s] copying resource/arm_vla_pkg -> /home/harshit/arm_vla_ws/install/arm_vla_pkg/share/ament_index/resource_index/packages
[0.966s] copying package.xml -> /home/harshit/arm_vla_ws/install/arm_vla_pkg/share/arm_vla_pkg
[0.966s] creating /home/harshit/arm_vla_ws/install/arm_vla_pkg/share/arm_vla_pkg/launch
[0.966s] copying launch/vla_main.launch.py -> /home/harshit/arm_vla_ws/install/arm_vla_pkg/share/arm_vla_pkg/launch
[0.966s] running install_egg_info
[0.968s] Copying ../../build/arm_vla_pkg/arm_vla_pkg.egg-info to /home/harshit/arm_vla_ws/install/arm_vla_pkg/lib/python3.10/site-packages/arm_vla_pkg-0.0.0-py3.10.egg-info
[0.969s] running install_scripts
[0.988s] Installing action_node script to /home/harshit/arm_vla_ws/install/arm_vla_pkg/lib/arm_vla_pkg
[0.989s] Installing brain_node script to /home/harshit/arm_vla_ws/install/arm_vla_pkg/lib/arm_vla_pkg
[0.989s] Installing speech_node script to /home/harshit/arm_vla_ws/install/arm_vla_pkg/lib/arm_vla_pkg
[0.989s] Installing vision_node script to /home/harshit/arm_vla_ws/install/arm_vla_pkg/lib/arm_vla_pkg
[0.989s] writing list of installed files to '/home/harshit/arm_vla_ws/build/arm_vla_pkg/install.log'
[1.038s] Invoked command in '/home/harshit/arm_vla_ws/src/arm_vla_pkg' returned '0': PYTHONPATH=/home/harshit/arm_vla_ws/build/arm_vla_pkg/prefix_override:/usr/lib/python3/dist-packages/colcon_core/task/python/colcon_distutils_commands:/home/harshit/arm_vla_ws/install/arm_vla_pkg/lib/python3.10/site-packages:${PYTHONPATH} /usr/bin/python3 -W ignore:setup.py install is deprecated -W ignore:easy_install command is deprecated setup.py egg_info --egg-base ../../build/arm_vla_pkg build --build-base /home/harshit/arm_vla_ws/build/arm_vla_pkg/build install --record /home/harshit/arm_vla_ws/build/arm_vla_pkg/install.log --single-version-externally-managed install_data
