[0.793s] Invoking command in '/home/aditya/Vishwakarma_awards/src/akabot_control': CMAKE_PREFIX_PATH=/home/aditya/Vishwakarma_awards/install/akabot_moveit_config:/home/aditya/Vishwakarma_awards/install/akabot_description:/home/aditya/Vishwakarma_awards/install/akabot_gazebo:/home/aditya/Vishwakarma_awards/install/akabot_bringup PYTHONPATH=/home/aditya/Vishwakarma_awards/build/akabot_control/prefix_override:/usr/lib/python3/dist-packages/colcon_core/task/python/colcon_distutils_commands:/home/aditya/Vishwakarma_awards/install/akabot_control/lib/python3.10/site-packages:${PYTHONPATH} /usr/bin/python3 -W ignore:setup.py install is deprecated -W ignore:easy_install command is deprecated setup.py egg_info --egg-base ../../build/akabot_control build --build-base /home/aditya/Vishwakarma_awards/build/akabot_control/build install --record /home/aditya/Vishwakarma_awards/build/akabot_control/install.log --single-version-externally-managed install_data
[1.088s] running egg_info
[1.089s] writing ../../build/akabot_control/akabot_control.egg-info/PKG-INFO
[1.089s] writing dependency_links to ../../build/akabot_control/akabot_control.egg-info/dependency_links.txt
[1.089s] writing entry points to ../../build/akabot_control/akabot_control.egg-info/entry_points.txt
[1.090s] writing requirements to ../../build/akabot_control/akabot_control.egg-info/requires.txt
[1.090s] writing top-level names to ../../build/akabot_control/akabot_control.egg-info/top_level.txt
[1.092s] reading manifest file '../../build/akabot_control/akabot_control.egg-info/SOURCES.txt'
[1.093s] writing manifest file '../../build/akabot_control/akabot_control.egg-info/SOURCES.txt'
[1.093s] running build
[1.093s] running build_py
[1.094s] copying akabot_control/akabot_controller.py -> /home/aditya/Vishwakarma_awards/build/akabot_control/build/lib/akabot_control
[1.094s] running install
[1.094s] running install_lib
[1.096s] copying /home/aditya/Vishwakarma_awards/build/akabot_control/build/lib/akabot_control/akabot_controller.py -> /home/aditya/Vishwakarma_awards/install/akabot_control/lib/python3.10/site-packages/akabot_control
[1.097s] byte-compiling /home/aditya/Vishwakarma_awards/install/akabot_control/lib/python3.10/site-packages/akabot_control/akabot_controller.py to akabot_controller.cpython-310.pyc
[1.099s] running install_data
[1.100s] running install_egg_info
[1.102s] removing '/home/aditya/Vishwakarma_awards/install/akabot_control/lib/python3.10/site-packages/akabot_control-1.0.0-py3.10.egg-info' (and everything under it)
[1.102s] Copying ../../build/akabot_control/akabot_control.egg-info to /home/aditya/Vishwakarma_awards/install/akabot_control/lib/python3.10/site-packages/akabot_control-1.0.0-py3.10.egg-info
[1.103s] running install_scripts
[1.129s] Installing akabot_controller script to /home/aditya/Vishwakarma_awards/install/akabot_control/lib/akabot_control
[1.130s] Installing interactive_control script to /home/aditya/Vishwakarma_awards/install/akabot_control/lib/akabot_control
[1.130s] writing list of installed files to '/home/aditya/Vishwakarma_awards/build/akabot_control/install.log'
[1.159s] Invoked command in '/home/aditya/Vishwakarma_awards/src/akabot_control' returned '0': CMAKE_PREFIX_PATH=/home/aditya/Vishwakarma_awards/install/akabot_moveit_config:/home/aditya/Vishwakarma_awards/install/akabot_description:/home/aditya/Vishwakarma_awards/install/akabot_gazebo:/home/aditya/Vishwakarma_awards/install/akabot_bringup PYTHONPATH=/home/aditya/Vishwakarma_awards/build/akabot_control/prefix_override:/usr/lib/python3/dist-packages/colcon_core/task/python/colcon_distutils_commands:/home/aditya/Vishwakarma_awards/install/akabot_control/lib/python3.10/site-packages:${PYTHONPATH} /usr/bin/python3 -W ignore:setup.py install is deprecated -W ignore:easy_install command is deprecated setup.py egg_info --egg-base ../../build/akabot_control build --build-base /home/aditya/Vishwakarma_awards/build/akabot_control/build install --record /home/aditya/Vishwakarma_awards/build/akabot_control/install.log --single-version-externally-managed install_data
