[0.755s] Invoking command in '/home/aditya/Vishwakarma_awards/src/akabot_control': CMAKE_PREFIX_PATH=/home/aditya/Vishwakarma_awards/install/akabot_moveit_config:/home/aditya/Vishwakarma_awards/install/akabot_description:/home/aditya/Vishwakarma_awards/install/akabot_gazebo:/home/aditya/Vishwakarma_awards/install/akabot_bringup PYTHONPATH=/home/aditya/Vishwakarma_awards/build/akabot_control/prefix_override:/usr/lib/python3/dist-packages/colcon_core/task/python/colcon_distutils_commands:/home/aditya/Vishwakarma_awards/install/akabot_control/lib/python3.10/site-packages:${PYTHONPATH} /usr/bin/python3 -W ignore:setup.py install is deprecated -W ignore:easy_install command is deprecated setup.py egg_info --egg-base ../../build/akabot_control build --build-base /home/aditya/Vishwakarma_awards/build/akabot_control/build install --record /home/aditya/Vishwakarma_awards/build/akabot_control/install.log --single-version-externally-managed install_data
[1.013s] running egg_info
[1.014s] writing ../../build/akabot_control/akabot_control.egg-info/PKG-INFO
[1.014s] writing dependency_links to ../../build/akabot_control/akabot_control.egg-info/dependency_links.txt
[1.014s] writing entry points to ../../build/akabot_control/akabot_control.egg-info/entry_points.txt
[1.014s] writing requirements to ../../build/akabot_control/akabot_control.egg-info/requires.txt
[1.014s] writing top-level names to ../../build/akabot_control/akabot_control.egg-info/top_level.txt
[1.016s] reading manifest file '../../build/akabot_control/akabot_control.egg-info/SOURCES.txt'
[1.017s] writing manifest file '../../build/akabot_control/akabot_control.egg-info/SOURCES.txt'
[1.017s] running build
[1.017s] running build_py
[1.018s] running install
[1.019s] running install_lib
[1.020s] running install_data
[1.021s] running install_egg_info
[1.023s] removing '/home/aditya/Vishwakarma_awards/install/akabot_control/lib/python3.10/site-packages/akabot_control-1.0.0-py3.10.egg-info' (and everything under it)
[1.023s] Copying ../../build/akabot_control/akabot_control.egg-info to /home/aditya/Vishwakarma_awards/install/akabot_control/lib/python3.10/site-packages/akabot_control-1.0.0-py3.10.egg-info
[1.024s] running install_scripts
[1.048s] Installing advanced_ball_picker script to /home/aditya/Vishwakarma_awards/install/akabot_control/lib/akabot_control
[1.049s] Installing akabot_controller script to /home/aditya/Vishwakarma_awards/install/akabot_control/lib/akabot_control
[1.049s] Installing ball_picker_moveit script to /home/aditya/Vishwakarma_awards/install/akabot_control/lib/akabot_control
[1.049s] Installing dual_camera_picker script to /home/aditya/Vishwakarma_awards/install/akabot_control/lib/akabot_control
[1.049s] Installing interactive_control script to /home/aditya/Vishwakarma_awards/install/akabot_control/lib/akabot_control
[1.049s] Installing publish_tf script to /home/aditya/Vishwakarma_awards/install/akabot_control/lib/akabot_control
[1.049s] Installing scanning_vision_pick_place script to /home/aditya/Vishwakarma_awards/install/akabot_control/lib/akabot_control
[1.049s] Installing simple_ball_detector script to /home/aditya/Vishwakarma_awards/install/akabot_control/lib/akabot_control
[1.049s] Installing test_ee_camera script to /home/aditya/Vishwakarma_awards/install/akabot_control/lib/akabot_control
[1.050s] Installing vision_pick_place script to /home/aditya/Vishwakarma_awards/install/akabot_control/lib/akabot_control
[1.050s] writing list of installed files to '/home/aditya/Vishwakarma_awards/build/akabot_control/install.log'
[1.075s] Invoked command in '/home/aditya/Vishwakarma_awards/src/akabot_control' returned '0': CMAKE_PREFIX_PATH=/home/aditya/Vishwakarma_awards/install/akabot_moveit_config:/home/aditya/Vishwakarma_awards/install/akabot_description:/home/aditya/Vishwakarma_awards/install/akabot_gazebo:/home/aditya/Vishwakarma_awards/install/akabot_bringup PYTHONPATH=/home/aditya/Vishwakarma_awards/build/akabot_control/prefix_override:/usr/lib/python3/dist-packages/colcon_core/task/python/colcon_distutils_commands:/home/aditya/Vishwakarma_awards/install/akabot_control/lib/python3.10/site-packages:${PYTHONPATH} /usr/bin/python3 -W ignore:setup.py install is deprecated -W ignore:easy_install command is deprecated setup.py egg_info --egg-base ../../build/akabot_control build --build-base /home/aditya/Vishwakarma_awards/build/akabot_control/build install --record /home/aditya/Vishwakarma_awards/build/akabot_control/install.log --single-version-externally-managed install_data
