running egg_info
creating ../../build/akabot_control/akabot_control.egg-info
writing ../../build/akabot_control/akabot_control.egg-info/PKG-INFO
writing dependency_links to ../../build/akabot_control/akabot_control.egg-info/dependency_links.txt
writing entry points to ../../build/akabot_control/akabot_control.egg-info/entry_points.txt
writing requirements to ../../build/akabot_control/akabot_control.egg-info/requires.txt
writing top-level names to ../../build/akabot_control/akabot_control.egg-info/top_level.txt
writing manifest file '../../build/akabot_control/akabot_control.egg-info/SOURCES.txt'
reading manifest file '../../build/akabot_control/akabot_control.egg-info/SOURCES.txt'
writing manifest file '../../build/akabot_control/akabot_control.egg-info/SOURCES.txt'
running build
running build_py
creating /home/harshit/arm_vla_ws/build/akabot_control/build
creating /home/harshit/arm_vla_ws/build/akabot_control/build/lib
creating /home/harshit/arm_vla_ws/build/akabot_control/build/lib/akabot_control
copying akabot_control/__init__.py -> /home/harshit/arm_vla_ws/build/akabot_control/build/lib/akabot_control
copying akabot_control/simple_ball_detector.py -> /home/harshit/arm_vla_ws/build/akabot_control/build/lib/akabot_control
copying akabot_control/publish_tf.py -> /home/harshit/arm_vla_ws/build/akabot_control/build/lib/akabot_control
copying akabot_control/akabot_controller.py -> /home/harshit/arm_vla_ws/build/akabot_control/build/lib/akabot_control
copying akabot_control/test_ee_camera.py -> /home/harshit/arm_vla_ws/build/akabot_control/build/lib/akabot_control
copying akabot_control/interactive_control.py -> /home/harshit/arm_vla_ws/build/akabot_control/build/lib/akabot_control
copying akabot_control/vision_pick_place.py -> /home/harshit/arm_vla_ws/build/akabot_control/build/lib/akabot_control
copying akabot_control/scanning_vision_pick_place.py -> /home/harshit/arm_vla_ws/build/akabot_control/build/lib/akabot_control
copying akabot_control/dual_camera_picker.py -> /home/harshit/arm_vla_ws/build/akabot_control/build/lib/akabot_control
running install
running install_lib
creating /home/harshit/arm_vla_ws/install/akabot_control/lib/python3.10/site-packages/akabot_control
copying /home/harshit/arm_vla_ws/build/akabot_control/build/lib/akabot_control/__init__.py -> /home/harshit/arm_vla_ws/install/akabot_control/lib/python3.10/site-packages/akabot_control
copying /home/harshit/arm_vla_ws/build/akabot_control/build/lib/akabot_control/simple_ball_detector.py -> /home/harshit/arm_vla_ws/install/akabot_control/lib/python3.10/site-packages/akabot_control
copying /home/harshit/arm_vla_ws/build/akabot_control/build/lib/akabot_control/publish_tf.py -> /home/harshit/arm_vla_ws/install/akabot_control/lib/python3.10/site-packages/akabot_control
copying /home/harshit/arm_vla_ws/build/akabot_control/build/lib/akabot_control/akabot_controller.py -> /home/harshit/arm_vla_ws/install/akabot_control/lib/python3.10/site-packages/akabot_control
copying /home/harshit/arm_vla_ws/build/akabot_control/build/lib/akabot_control/test_ee_camera.py -> /home/harshit/arm_vla_ws/install/akabot_control/lib/python3.10/site-packages/akabot_control
copying /home/harshit/arm_vla_ws/build/akabot_control/build/lib/akabot_control/interactive_control.py -> /home/harshit/arm_vla_ws/install/akabot_control/lib/python3.10/site-packages/akabot_control
copying /home/harshit/arm_vla_ws/build/akabot_control/build/lib/akabot_control/vision_pick_place.py -> /home/harshit/arm_vla_ws/install/akabot_control/lib/python3.10/site-packages/akabot_control
copying /home/harshit/arm_vla_ws/build/akabot_control/build/lib/akabot_control/scanning_vision_pick_place.py -> /home/harshit/arm_vla_ws/install/akabot_control/lib/python3.10/site-packages/akabot_control
copying /home/harshit/arm_vla_ws/build/akabot_control/build/lib/akabot_control/dual_camera_picker.py -> /home/harshit/arm_vla_ws/install/akabot_control/lib/python3.10/site-packages/akabot_control
byte-compiling /home/harshit/arm_vla_ws/install/akabot_control/lib/python3.10/site-packages/akabot_control/__init__.py to __init__.cpython-310.pyc
byte-compiling /home/harshit/arm_vla_ws/install/akabot_control/lib/python3.10/site-packages/akabot_control/simple_ball_detector.py to simple_ball_detector.cpython-310.pyc
byte-compiling /home/harshit/arm_vla_ws/install/akabot_control/lib/python3.10/site-packages/akabot_control/publish_tf.py to publish_tf.cpython-310.pyc
byte-compiling /home/harshit/arm_vla_ws/install/akabot_control/lib/python3.10/site-packages/akabot_control/akabot_controller.py to akabot_controller.cpython-310.pyc
byte-compiling /home/harshit/arm_vla_ws/install/akabot_control/lib/python3.10/site-packages/akabot_control/test_ee_camera.py to test_ee_camera.cpython-310.pyc
byte-compiling /home/harshit/arm_vla_ws/install/akabot_control/lib/python3.10/site-packages/akabot_control/interactive_control.py to interactive_control.cpython-310.pyc
byte-compiling /home/harshit/arm_vla_ws/install/akabot_control/lib/python3.10/site-packages/akabot_control/vision_pick_place.py to vision_pick_place.cpython-310.pyc
byte-compiling /home/harshit/arm_vla_ws/install/akabot_control/lib/python3.10/site-packages/akabot_control/scanning_vision_pick_place.py to scanning_vision_pick_place.cpython-310.pyc
byte-compiling /home/harshit/arm_vla_ws/install/akabot_control/lib/python3.10/site-packages/akabot_control/dual_camera_picker.py to dual_camera_picker.cpython-310.pyc
running install_data
creating /home/harshit/arm_vla_ws/install/akabot_control/share/ament_index
creating /home/harshit/arm_vla_ws/install/akabot_control/share/ament_index/resource_index
creating /home/harshit/arm_vla_ws/install/akabot_control/share/ament_index/resource_index/packages
copying resource/akabot_control -> /home/harshit/arm_vla_ws/install/akabot_control/share/ament_index/resource_index/packages
copying package.xml -> /home/harshit/arm_vla_ws/install/akabot_control/share/akabot_control
creating /home/harshit/arm_vla_ws/install/akabot_control/share/akabot_control/launch
copying launch/vision_pick_place.launch.py -> /home/harshit/arm_vla_ws/install/akabot_control/share/akabot_control/launch
copying launch/control.launch.py -> /home/harshit/arm_vla_ws/install/akabot_control/share/akabot_control/launch
copying launch/final_arm.launch.py -> /home/harshit/arm_vla_ws/install/akabot_control/share/akabot_control/launch
copying launch/dual_camera.launch.py -> /home/harshit/arm_vla_ws/install/akabot_control/share/akabot_control/launch
copying launch/scanning_vision_pick_place.launch.py -> /home/harshit/arm_vla_ws/install/akabot_control/share/akabot_control/launch
copying launch/gazebo_control.launch.py -> /home/harshit/arm_vla_ws/install/akabot_control/share/akabot_control/launch
copying launch/test_camera.launch.py -> /home/harshit/arm_vla_ws/install/akabot_control/share/akabot_control/launch
copying launch/system.launch.py -> /home/harshit/arm_vla_ws/install/akabot_control/share/akabot_control/launch
copying launch/demo.launch.py -> /home/harshit/arm_vla_ws/install/akabot_control/share/akabot_control/launch
creating /home/harshit/arm_vla_ws/install/akabot_control/share/akabot_control/config
copying config/controller_params.yaml -> /home/harshit/arm_vla_ws/install/akabot_control/share/akabot_control/config
creating /home/harshit/arm_vla_ws/install/akabot_control/share/akabot_control/scripts
copying scripts/test_poses.py -> /home/harshit/arm_vla_ws/install/akabot_control/share/akabot_control/scripts
running install_egg_info
Copying ../../build/akabot_control/akabot_control.egg-info to /home/harshit/arm_vla_ws/install/akabot_control/lib/python3.10/site-packages/akabot_control-1.0.0-py3.10.egg-info
running install_scripts
Installing akabot_controller script to /home/harshit/arm_vla_ws/install/akabot_control/lib/akabot_control
Installing dual_camera_picker script to /home/harshit/arm_vla_ws/install/akabot_control/lib/akabot_control
Installing interactive_control script to /home/harshit/arm_vla_ws/install/akabot_control/lib/akabot_control
Installing publish_tf script to /home/harshit/arm_vla_ws/install/akabot_control/lib/akabot_control
Installing scanning_vision_pick_place script to /home/harshit/arm_vla_ws/install/akabot_control/lib/akabot_control
Installing simple_ball_detector script to /home/harshit/arm_vla_ws/install/akabot_control/lib/akabot_control
Installing test_ee_camera script to /home/harshit/arm_vla_ws/install/akabot_control/lib/akabot_control
Installing vision_pick_place script to /home/harshit/arm_vla_ws/install/akabot_control/lib/akabot_control
writing list of installed files to '/home/harshit/arm_vla_ws/build/akabot_control/install.log'
